2017-11-01 12:29:02,717 [9] DEBUG  - Total de Transacciones: 19
2017-11-01 12:29:10,747 [9] DEBUG  - Contruyendo encabezado
2017-11-01 12:29:11,154 [9] DEBUG  - Creacion de numero de batch SFFA111201712
2017-11-01 12:29:14,309 [9] DEBUG  - Se obtiene el cliente de GP 1-201-291
2017-11-01 12:30:04,299 [9] DEBUG  - Cuenta por cobrar: 6104-02-000-0000-00-00-000-00013-02
2017-11-01 12:30:04,726 [9] DEBUG  - Cuenta de producto: 6104-02-000-0000-00-00-000-00043-01
2017-11-01 12:30:04,727 [9] DEBUG  - Cuenta de impuestos: 6101-00-000-0000-00-00-000-00029-01
2017-11-01 12:30:05,592 [9] DEBUG  - Cuenta de comisiones GASTO 6104-02-000-0000-00-00-000-00053-02
2017-11-01 12:30:05,599 [9] DEBUG  - Cuenta de comisiones PAGO 6101-00-000-0000-00-00-000-00029-02
2017-11-01 12:30:05,599 [9] DEBUG  - Porcentaje Reserva Riesgos en curso: 40
2017-11-01 12:30:06,015 [9] DEBUG  - Cuenta para RRC GASTO: 6106-02-000-0000-00-00-000-00053-11
2017-11-01 12:30:06,421 [9] DEBUG  - Cuenta para RRC PASIVO: 6104-01-000-0000-00-00-000-00022-01
2017-11-01 12:30:51,466 [9] DEBUG  - Cuenta por cobrar: 1302-02-203-1623-00-05-174-10002-00
2017-11-01 12:30:51,467 [9] DEBUG  - Cuenta de producto: 4301-02-203-1623-00-05-174-10002-36
2017-11-01 12:30:51,467 [9] DEBUG  - Cuenta de producto: 4301-02-203-1623-00-05-174-10002-69
2017-11-01 12:30:51,467 [9] DEBUG  - Cuenta de producto: 4301-02-203-1623-00-05-174-10002-69
2017-11-01 12:30:51,467 [9] DEBUG  - Cuenta de producto: 4301-02-203-1623-00-05-174-10002-35
2017-11-01 12:30:51,467 [9] DEBUG  - Cuenta de producto: 4301-02-203-1623-00-05-174-10002-34
2017-11-01 12:30:51,467 [9] DEBUG  - Cuenta de producto: 4301-02-203-1623-00-05-174-10002-33
2017-11-01 12:30:51,467 [9] DEBUG  - Cuenta de producto: 4301-02-203-1623-00-05-174-10002-32
2017-11-01 12:30:51,467 [9] DEBUG  - Cuenta de producto: 4301-02-203-1623-00-05-174-10002-29
2017-11-01 12:30:51,467 [9] DEBUG  - Cuenta de producto: 4301-02-203-1623-00-05-174-10002-25
2017-11-01 12:30:51,467 [9] DEBUG  - Cuenta de producto: 4301-02-203-1623-00-05-174-10002-30
2017-11-01 12:30:51,467 [9] DEBUG  - Cuenta de producto: 4301-02-203-1623-00-05-174-10002-31
2017-11-01 12:30:51,467 [9] DEBUG  - Cuenta de producto: 4301-02-203-1623-00-05-174-10002-76
2017-11-01 12:30:51,467 [9] DEBUG  - Cuenta de producto: 4301-02-203-1623-00-05-174-10002-26
2017-11-01 12:30:51,467 [9] DEBUG  - Cuenta de producto: 4301-02-203-1623-00-05-174-10002-EC
2017-11-01 12:30:52,651 [9] DEBUG  - Cuenta de impuestos: 2901-00-000-0000-00-00-171-00001-00
2017-11-01 12:30:54,148 [9] DEBUG  - Cuenta de comisiones GASTO 5302-02-203-1623-00-05-174-10002-36
2017-11-01 12:30:55,314 [9] DEBUG  - Cuenta de comisiones GASTO 5302-02-203-1623-00-05-174-10002-69
2017-11-01 12:30:56,429 [9] DEBUG  - Cuenta de comisiones GASTO 5302-02-203-1623-00-05-174-10002-69
2017-11-01 12:30:57,584 [9] DEBUG  - Cuenta de comisiones GASTO 5302-02-203-1623-00-05-174-10002-35
2017-11-01 12:30:58,667 [9] DEBUG  - Cuenta de comisiones GASTO 5302-02-203-1623-00-05-174-10002-34
2017-11-01 12:30:59,788 [9] DEBUG  - Cuenta de comisiones GASTO 5302-02-203-1623-00-05-174-10002-33
2017-11-01 12:31:00,880 [9] DEBUG  - Cuenta de comisiones GASTO 5302-02-203-1623-00-05-174-10002-32
2017-11-01 12:31:01,992 [9] DEBUG  - Cuenta de comisiones GASTO 5302-02-203-1623-00-05-174-10002-29
2017-11-01 12:31:03,062 [9] DEBUG  - Cuenta de comisiones GASTO 5302-02-203-1623-00-05-174-10002-25
2017-11-01 12:31:04,164 [9] DEBUG  - Cuenta de comisiones GASTO 5302-02-203-1623-00-05-174-10002-30
2017-11-01 12:31:05,236 [9] DEBUG  - Cuenta de comisiones GASTO 5302-02-203-1623-00-05-174-10002-31
2017-11-01 12:31:06,355 [9] DEBUG  - Cuenta de comisiones GASTO 5302-02-203-1623-00-05-174-10002-76
2017-11-01 12:31:07,459 [9] DEBUG  - Cuenta de comisiones GASTO 5302-02-203-1623-00-05-174-10002-26
2017-11-01 12:31:08,540 [9] DEBUG  - Cuenta de comisiones GASTO 5302-02-203-1623-00-05-174-10002-EC
2017-11-01 12:31:19,381 [9] DEBUG  - Cuenta de comisiones PAGO 2902-00-203-1623-00-05-174-10002-00
2017-11-01 12:31:19,381 [9] DEBUG  - Porcentaje Reserva Riesgos en curso: 40
2017-11-01 12:31:20,115 [9] DEBUG  - Cuenta para RRC GASTO: 5311-02-203-1623-00-05-174-10002-36
2017-11-01 12:31:20,860 [9] DEBUG  - Cuenta para RRC GASTO: 5311-02-203-1623-00-05-174-10002-69
2017-11-01 12:31:21,583 [9] DEBUG  - Cuenta para RRC GASTO: 5311-02-203-1623-00-05-174-10002-69
2017-11-01 12:31:22,303 [9] DEBUG  - Cuenta para RRC GASTO: 5311-02-203-1623-00-05-174-10002-35
2017-11-01 12:31:23,027 [9] DEBUG  - Cuenta para RRC GASTO: 5311-02-203-1623-00-05-174-10002-34
2017-11-01 12:31:23,764 [9] DEBUG  - Cuenta para RRC GASTO: 5311-02-203-1623-00-05-174-10002-33
2017-11-01 12:31:24,535 [9] DEBUG  - Cuenta para RRC GASTO: 5311-02-203-1623-00-05-174-10002-32
2017-11-01 12:31:25,281 [9] DEBUG  - Cuenta para RRC GASTO: 5311-02-203-1623-00-05-174-10002-29
2017-11-01 12:31:26,027 [9] DEBUG  - Cuenta para RRC GASTO: 5311-02-203-1623-00-05-174-10002-25
2017-11-01 12:31:26,751 [9] DEBUG  - Cuenta para RRC GASTO: 5311-02-203-1623-00-05-174-10002-30
2017-11-01 12:31:27,519 [9] DEBUG  - Cuenta para RRC GASTO: 5311-02-203-1623-00-05-174-10002-31
2017-11-01 12:31:28,247 [9] DEBUG  - Cuenta para RRC GASTO: 5311-02-203-1623-00-05-174-10002-76
2017-11-01 12:31:28,980 [9] DEBUG  - Cuenta para RRC GASTO: 5311-02-203-1623-00-05-174-10002-26
2017-11-01 12:31:29,726 [9] DEBUG  - Cuenta para RRC GASTO: 5311-02-203-1623-00-05-174-10002-EC
2017-11-01 12:31:30,420 [9] DEBUG  - Cuenta para RRC PASIVO: 2202-00-203-1623-00-05-174-10002-00
2017-11-01 12:32:05,565 [9] DEBUG  - Contruyendo encabezado
2017-11-01 12:32:05,565 [9] DEBUG  - Creacion de numero de batch SFFA111201712
2017-11-01 12:32:06,474 [9] DEBUG  - Se obtiene el cliente de GP 1-05-380877
2017-11-01 12:32:27,274 [9] DEBUG  - Cuenta por cobrar: 6104-06-000-0000-00-00-000-00013-02
2017-11-01 12:32:27,899 [9] DEBUG  - Cuenta de producto: 6104-06-000-0000-00-00-000-00043-01
2017-11-01 12:32:27,899 [9] DEBUG  - Cuenta de impuestos: 6101-00-000-0000-00-00-000-00029-01
2017-11-01 12:32:29,620 [9] DEBUG  - Cuenta de comisiones GASTO 6104-06-000-0000-00-00-000-00053-02
2017-11-01 12:32:29,620 [9] DEBUG  - Cuenta de comisiones PAGO 6101-00-000-0000-00-00-000-00029-02
2017-11-01 12:32:29,620 [9] DEBUG  - Porcentaje Reserva Riesgos en curso: 40
2017-11-01 12:32:30,197 [9] DEBUG  - Cuenta para RRC GASTO: 6106-06-000-0000-00-00-000-00053-11
2017-11-01 12:32:30,773 [9] DEBUG  - Cuenta para RRC PASIVO: 6104-06-000-0000-00-00-000-00022-06
2017-11-01 12:33:00,715 [9] DEBUG  - Cuenta por cobrar: 1302-06-201-0301-00-03-174-10052-00
2017-11-01 12:33:00,715 [9] DEBUG  - Cuenta de producto: 4301-06-201-0301-00-03-174-10052-65
2017-11-01 12:33:00,715 [9] DEBUG  - Cuenta de producto: 4301-06-201-0301-00-03-174-10052-02
2017-11-01 12:33:00,715 [9] DEBUG  - Cuenta de producto: 4301-06-201-0301-00-03-174-10052-13
2017-11-01 12:33:00,715 [9] DEBUG  - Cuenta de producto: 4301-06-201-0301-00-03-174-10052-09
2017-11-01 12:33:00,715 [9] DEBUG  - Cuenta de producto: 4301-06-201-0301-00-03-174-10052-12
2017-11-01 12:33:02,429 [9] DEBUG  - Cuenta de impuestos: 2901-00-000-0000-00-00-171-00001-00
2017-11-01 12:33:07,861 [9] DEBUG  - Cuenta de comisiones GASTO 5302-06-201-0301-00-03-174-10052-65
2017-11-01 12:33:09,181 [9] DEBUG  - Cuenta de comisiones GASTO 5302-06-201-0301-00-03-174-10052-02
2017-11-01 12:33:10,514 [9] DEBUG  - Cuenta de comisiones GASTO 5302-06-201-0301-00-03-174-10052-13
2017-11-01 12:33:11,861 [9] DEBUG  - Cuenta de comisiones GASTO 5302-06-201-0301-00-03-174-10052-09
2017-11-01 12:33:13,185 [9] DEBUG  - Cuenta de comisiones GASTO 5302-06-201-0301-00-03-174-10052-12
2017-11-01 12:33:17,202 [9] DEBUG  - Cuenta de comisiones PAGO 2902-00-201-0301-00-03-174-10052-00
2017-11-01 12:33:17,202 [9] DEBUG  - Porcentaje Reserva Riesgos en curso: 40
2017-11-01 12:33:18,295 [9] DEBUG  - Cuenta para RRC GASTO: 5311-06-201-0301-00-03-174-10052-65
2017-11-01 12:33:19,561 [9] DEBUG  - Cuenta para RRC GASTO: 5311-06-201-0301-00-03-174-10052-02
2017-11-01 12:33:20,558 [9] DEBUG  - Cuenta para RRC GASTO: 5311-06-201-0301-00-03-174-10052-13
2017-11-01 12:33:21,547 [9] DEBUG  - Cuenta para RRC GASTO: 5311-06-201-0301-00-03-174-10052-09
2017-11-01 12:33:22,515 [9] DEBUG  - Cuenta para RRC GASTO: 5311-06-201-0301-00-03-174-10052-12
2017-11-01 12:33:23,416 [9] DEBUG  - Cuenta para RRC PASIVO: 2206-00-201-0301-00-03-174-10052-00
2017-11-01 12:33:40,805 [9] DEBUG  - Contruyendo encabezado
2017-11-01 12:33:40,805 [9] DEBUG  - Creacion de numero de batch SFFA111201712
2017-11-01 12:33:41,877 [9] DEBUG  - Se obtiene el cliente de GP 4-05-442719
2017-11-01 12:33:49,190 [9] DEBUG  - Cuenta por cobrar: 6104-06-000-0000-00-00-000-00013-02
2017-11-01 12:33:49,838 [9] DEBUG  - Cuenta de producto: 6104-06-000-0000-00-00-000-00043-01
2017-11-01 12:33:49,838 [9] DEBUG  - Cuenta de impuestos: 6101-00-000-0000-00-00-000-00029-01
2017-11-01 12:33:51,195 [9] DEBUG  - Cuenta de comisiones GASTO 6104-06-000-0000-00-00-000-00053-02
2017-11-01 12:33:51,195 [9] DEBUG  - Cuenta de comisiones PAGO 6101-00-000-0000-00-00-000-00029-02
2017-11-01 12:33:51,195 [9] DEBUG  - Porcentaje Reserva Riesgos en curso: 40
2017-11-01 12:33:51,812 [9] DEBUG  - Cuenta para RRC GASTO: 6106-06-000-0000-00-00-000-00053-11
2017-11-01 12:33:52,482 [9] DEBUG  - Cuenta para RRC PASIVO: 6104-06-000-0000-00-00-000-00022-06
2017-11-01 12:34:00,673 [9] DEBUG  - Cuenta por cobrar: 1302-06-201-0201-00-05-174-10002-00
2017-11-01 12:34:00,673 [9] DEBUG  - Cuenta de producto: 4301-06-201-0201-00-05-174-10002-65
2017-11-01 12:34:00,673 [9] DEBUG  - Cuenta de producto: 4301-06-201-0201-00-05-174-10002-02
2017-11-01 12:34:00,673 [9] DEBUG  - Cuenta de producto: 4301-06-201-0201-00-05-174-10002-13
2017-11-01 12:34:00,673 [9] DEBUG  - Cuenta de producto: 4301-06-201-0201-00-05-174-10002-09
2017-11-01 12:34:00,673 [9] DEBUG  - Cuenta de producto: 4301-06-201-0201-00-05-174-10002-12
2017-11-01 12:34:00,673 [9] DEBUG  - Cuenta de impuestos: 2901-00-000-0000-00-00-171-00001-00
2017-11-01 12:34:01,913 [9] DEBUG  - Cuenta de comisiones GASTO 5302-06-201-0201-00-05-174-10002-65
2017-11-01 12:34:03,241 [9] DEBUG  - Cuenta de comisiones GASTO 5302-06-201-0201-00-05-174-10002-02
2017-11-01 12:34:04,589 [9] DEBUG  - Cuenta de comisiones GASTO 5302-06-201-0201-00-05-174-10002-13
2017-11-01 12:34:05,962 [9] DEBUG  - Cuenta de comisiones GASTO 5302-06-201-0201-00-05-174-10002-09
2017-11-01 12:34:07,304 [9] DEBUG  - Cuenta de comisiones GASTO 5302-06-201-0201-00-05-174-10002-12
2017-11-01 12:34:08,408 [9] DEBUG  - Cuenta de comisiones PAGO 2902-00-201-0201-00-05-174-10002-00
2017-11-01 12:34:08,408 [9] DEBUG  - Porcentaje Reserva Riesgos en curso: 40
2017-11-01 12:34:09,392 [9] DEBUG  - Cuenta para RRC GASTO: 5311-06-201-0201-00-05-174-10002-65
2017-11-01 12:34:10,406 [9] DEBUG  - Cuenta para RRC GASTO: 5311-06-201-0201-00-05-174-10002-02
2017-11-01 12:34:11,374 [9] DEBUG  - Cuenta para RRC GASTO: 5311-06-201-0201-00-05-174-10002-13
2017-11-01 12:34:12,392 [9] DEBUG  - Cuenta para RRC GASTO: 5311-06-201-0201-00-05-174-10002-09
2017-11-01 12:34:13,379 [9] DEBUG  - Cuenta para RRC GASTO: 5311-06-201-0201-00-05-174-10002-12
2017-11-01 12:34:14,712 [9] DEBUG  - Cuenta para RRC PASIVO: 2206-00-201-0201-00-05-174-10002-00
2017-11-01 12:34:29,834 [9] DEBUG  - Contruyendo encabezado
2017-11-01 12:34:29,834 [9] DEBUG  - Creacion de numero de batch SFFA111201712
2017-11-01 12:34:31,088 [9] DEBUG  - Se obtiene el cliente de GP 1-05-436269
2017-11-01 12:34:44,217 [9] DEBUG  - Cuenta por cobrar: 6104-06-000-0000-00-00-000-00013-02
2017-11-01 12:34:44,856 [9] DEBUG  - Cuenta de producto: 6104-06-000-0000-00-00-000-00043-01
2017-11-01 12:34:44,856 [9] DEBUG  - Cuenta de impuestos: 6101-00-000-0000-00-00-000-00029-01
2017-11-01 12:34:46,089 [9] DEBUG  - Cuenta de comisiones GASTO 6104-06-000-0000-00-00-000-00053-02
2017-11-01 12:34:46,090 [9] DEBUG  - Cuenta de comisiones PAGO 6101-00-000-0000-00-00-000-00029-02
2017-11-01 12:34:46,090 [9] DEBUG  - Porcentaje Reserva Riesgos en curso: 40
2017-11-01 12:34:46,732 [9] DEBUG  - Cuenta para RRC GASTO: 6106-06-000-0000-00-00-000-00053-11
2017-11-01 12:34:47,413 [9] DEBUG  - Cuenta para RRC PASIVO: 6104-06-000-0000-00-00-000-00022-06
2017-11-01 12:34:52,410 [9] DEBUG  - Reaseguradores Comision por Reaseguro: 6106-06-000-0000-00-00-000-00043-02
2017-11-01 12:34:52,410 [9] DEBUG  - Reaseguro Contractual: 6106-06-000-0000-00-00-000-00053-06
2017-11-01 12:34:53,027 [9] DEBUG  - Reaseguradores del exterior – cuenta corriente: 6106-06-000-0000-00-00-000-00043-02
2017-11-01 12:34:53,645 [9] DEBUG  - Reaseguradores Comision por Reaseguro Pasivo: 6103-00-000-0000-00-00-000-00024-02
2017-11-01 12:34:54,262 [9] DEBUG  - RRC para reaseguro INGRESO: 6106-06-000-0000-00-00-000-00043-11
2017-11-01 12:34:54,896 [9] DEBUG  - RRC para reaseguro PASIVO: 6104-06-000-0000-00-00-000-00022-06
2017-11-01 12:35:12,861 [9] DEBUG  - Cuenta por cobrar: 1302-06-201-0205-00-05-175-10002-00
2017-11-01 12:35:12,861 [9] DEBUG  - Cuenta de producto: 4301-06-201-0205-00-05-175-10002-65
2017-11-01 12:35:12,861 [9] DEBUG  - Cuenta de producto: 4301-06-201-0205-00-05-175-10002-24
2017-11-01 12:35:12,861 [9] DEBUG  - Cuenta de producto: 4301-06-201-0205-00-05-175-10002-15
2017-11-01 12:35:12,861 [9] DEBUG  - Cuenta de producto: 4301-06-201-0205-00-05-175-10002-04
2017-11-01 12:35:12,861 [9] DEBUG  - Cuenta de producto: 4301-06-201-0205-00-05-175-10002-02
2017-11-01 12:35:12,861 [9] DEBUG  - Cuenta de producto: 4301-06-201-0205-00-05-175-10002-13
2017-11-01 12:35:12,861 [9] DEBUG  - Cuenta de producto: 4301-06-201-0205-00-05-175-10002-06
2017-11-01 12:35:12,861 [9] DEBUG  - Cuenta de producto: 4301-06-201-0205-00-05-175-10002-09
2017-11-01 12:35:12,861 [9] DEBUG  - Cuenta de producto: 4301-06-201-0205-00-05-175-10002-12
2017-11-01 12:35:12,861 [9] DEBUG  - Cuenta de producto: 4301-06-201-0205-00-05-175-10002-07
2017-11-01 12:35:12,861 [9] DEBUG  - Cuenta de producto: 4301-06-201-0205-00-05-175-10002-05
2017-11-01 12:35:12,861 [9] DEBUG  - Cuenta de producto: 4301-06-201-0205-00-05-175-10002-48
2017-11-01 12:35:12,861 [9] DEBUG  - Cuenta de impuestos: 2901-00-000-0000-00-00-171-00001-00
2017-11-01 12:35:14,030 [9] DEBUG  - Cuenta de comisiones GASTO 5302-06-201-0205-00-05-175-10002-65
2017-11-01 12:35:15,422 [9] DEBUG  - Cuenta de comisiones GASTO 5302-06-201-0205-00-05-175-10002-24
2017-11-01 12:35:16,755 [9] DEBUG  - Cuenta de comisiones GASTO 5302-06-201-0205-00-05-175-10002-15
2017-11-01 12:35:18,073 [9] DEBUG  - Cuenta de comisiones GASTO 5302-06-201-0205-00-05-175-10002-04
2017-11-01 12:35:19,397 [9] DEBUG  - Cuenta de comisiones GASTO 5302-06-201-0205-00-05-175-10002-02
2017-11-01 12:35:20,748 [9] DEBUG  - Cuenta de comisiones GASTO 5302-06-201-0205-00-05-175-10002-13
2017-11-01 12:35:22,097 [9] DEBUG  - Cuenta de comisiones GASTO 5302-06-201-0205-00-05-175-10002-06
2017-11-01 12:35:23,484 [9] DEBUG  - Cuenta de comisiones GASTO 5302-06-201-0205-00-05-175-10002-09
2017-11-01 12:35:24,799 [9] DEBUG  - Cuenta de comisiones GASTO 5302-06-201-0205-00-05-175-10002-12
2017-11-01 12:35:26,122 [9] DEBUG  - Cuenta de comisiones GASTO 5302-06-201-0205-00-05-175-10002-07
2017-11-01 12:35:27,452 [9] DEBUG  - Cuenta de comisiones GASTO 5302-06-201-0205-00-05-175-10002-05
2017-11-01 12:35:28,775 [9] DEBUG  - Cuenta de comisiones GASTO 5302-06-201-0205-00-05-175-10002-48
2017-11-01 12:35:29,829 [9] DEBUG  - Cuenta de comisiones PAGO 2902-00-201-0205-00-05-175-10002-00
2017-11-01 12:35:29,829 [9] DEBUG  - Porcentaje Reserva Riesgos en curso: 40
2017-11-01 12:35:30,793 [9] DEBUG  - Cuenta para RRC GASTO: 5311-06-201-0205-00-05-175-10002-65
2017-11-01 12:35:31,759 [9] DEBUG  - Cuenta para RRC GASTO: 5311-06-201-0205-00-05-175-10002-24
2017-11-01 12:35:33,048 [9] DEBUG  - Cuenta para RRC GASTO: 5311-06-201-0205-00-05-175-10002-15
2017-11-01 12:35:34,013 [9] DEBUG  - Cuenta para RRC GASTO: 5311-06-201-0205-00-05-175-10002-04
2017-11-01 12:35:35,014 [9] DEBUG  - Cuenta para RRC GASTO: 5311-06-201-0205-00-05-175-10002-02
2017-11-01 12:35:36,021 [9] DEBUG  - Cuenta para RRC GASTO: 5311-06-201-0205-00-05-175-10002-13
2017-11-01 12:35:36,998 [9] DEBUG  - Cuenta para RRC GASTO: 5311-06-201-0205-00-05-175-10002-06
2017-11-01 12:35:37,969 [9] DEBUG  - Cuenta para RRC GASTO: 5311-06-201-0205-00-05-175-10002-09
2017-11-01 12:35:38,943 [9] DEBUG  - Cuenta para RRC GASTO: 5311-06-201-0205-00-05-175-10002-12
2017-11-01 12:35:39,911 [9] DEBUG  - Cuenta para RRC GASTO: 5311-06-201-0205-00-05-175-10002-07
2017-11-01 12:35:40,879 [9] DEBUG  - Cuenta para RRC GASTO: 5311-06-201-0205-00-05-175-10002-05
2017-11-01 12:35:41,848 [9] DEBUG  - Cuenta para RRC GASTO: 5311-06-201-0205-00-05-175-10002-48
2017-11-01 12:35:42,726 [9] DEBUG  - Cuenta para RRC PASIVO: 2206-00-201-0205-00-05-175-10002-00
2017-11-01 12:35:43,709 [9] DEBUG  - Reaseguro Contractual: 5306-06-201-0205-00-05-175-10002-04
2017-11-01 12:35:44,682 [9] DEBUG  - Reaseguradores Comision por Reaseguro: 4302-06-201-0205-00-05-175-10002-04
2017-11-01 12:35:45,648 [9] DEBUG  - Reaseguro Contractual: 5306-06-201-0205-00-05-175-10002-06
2017-11-01 12:35:46,643 [9] DEBUG  - Reaseguradores Comision por Reaseguro: 4302-06-201-0205-00-05-175-10002-06
2017-11-01 12:35:47,636 [9] DEBUG  - Reaseguro Contractual: 5306-06-201-0205-00-05-175-10002-07
2017-11-01 12:35:48,610 [9] DEBUG  - Reaseguradores Comision por Reaseguro: 4302-06-201-0205-00-05-175-10002-07
2017-11-01 12:35:49,583 [9] DEBUG  - Reaseguro Contractual: 5306-06-201-0205-00-05-175-10002-05
2017-11-01 12:35:50,563 [9] DEBUG  - Reaseguradores Comision por Reaseguro: 4302-06-201-0205-00-05-175-10002-05
2017-11-01 12:35:51,448 [9] DEBUG  - Reaseguradores - cuenta corriente: 2402-00-201-0205-00-05-175-10002-00
2017-11-01 12:35:52,341 [9] DEBUG  - Reaseguradores Comision por Reaseguro: 2402-00-201-0205-00-05-175-10002-00
2017-11-01 12:35:53,307 [9] DEBUG  - RRC para reaseguro INGRESO: 4311-06-201-0205-00-05-175-10002-04
2017-11-01 12:35:54,745 [9] DEBUG  - RRC para reaseguro INGRESO: 4311-06-201-0205-00-05-175-10002-06
2017-11-01 12:35:55,750 [9] DEBUG  - RRC para reaseguro INGRESO: 4311-06-201-0205-00-05-175-10002-07
2017-11-01 12:35:56,735 [9] DEBUG  - RRC para reaseguro INGRESO: 4311-06-201-0205-00-05-175-10002-05
2017-11-01 12:35:57,620 [9] DEBUG  - RRC para reaseguro PASIVO: 2206-00-201-0205-00-05-175-10002-00
2017-11-01 12:36:19,359 [9] DEBUG  - Contruyendo encabezado
2017-11-01 12:36:19,359 [9] DEBUG  - Creacion de numero de batch SFFA111201712
2017-11-01 12:36:19,484 [9] DEBUG  - Se obtiene el cliente de GP 05-351839-2014
2017-11-01 12:36:25,278 [9] DEBUG  - Cuenta por cobrar: 6104-06-000-0000-00-00-000-00013-02
2017-11-01 12:36:25,930 [9] DEBUG  - Cuenta de producto: 6104-06-000-0000-00-00-000-00043-01
2017-11-01 12:36:25,930 [9] DEBUG  - Cuenta de impuestos: 6101-00-000-0000-00-00-000-00029-01
2017-11-01 12:36:27,232 [9] DEBUG  - Cuenta de comisiones GASTO 6104-06-000-0000-00-00-000-00053-02
2017-11-01 12:36:27,232 [9] DEBUG  - Cuenta de comisiones PAGO 6101-00-000-0000-00-00-000-00029-02
2017-11-01 12:36:27,232 [9] DEBUG  - Porcentaje Reserva Riesgos en curso: 40
2017-11-01 12:36:27,867 [9] DEBUG  - Cuenta para RRC GASTO: 6106-06-000-0000-00-00-000-00053-11
2017-11-01 12:36:28,491 [9] DEBUG  - Cuenta para RRC PASIVO: 6104-06-000-0000-00-00-000-00022-06
2017-11-01 12:36:36,043 [9] DEBUG  - Cuenta por cobrar: 1302-06-201-0201-00-05-176-10051-00
2017-11-01 12:36:36,043 [9] DEBUG  - Cuenta de producto: 4301-06-201-0201-00-05-176-10051-65
2017-11-01 12:36:36,043 [9] DEBUG  - Cuenta de producto: 4301-06-201-0201-00-05-176-10051-02
2017-11-01 12:36:36,043 [9] DEBUG  - Cuenta de producto: 4301-06-201-0201-00-05-176-10051-13
2017-11-01 12:36:36,043 [9] DEBUG  - Cuenta de producto: 4301-06-201-0201-00-05-176-10051-09
2017-11-01 12:36:36,043 [9] DEBUG  - Cuenta de producto: 4301-06-201-0201-00-05-176-10051-12
2017-11-01 12:36:36,043 [9] DEBUG  - Cuenta de impuestos: 2901-00-000-0000-00-00-171-00001-00
2017-11-01 12:36:37,247 [9] DEBUG  - Cuenta de comisiones GASTO 5302-06-201-0201-00-05-176-10051-65
2017-11-01 12:36:38,578 [9] DEBUG  - Cuenta de comisiones GASTO 5302-06-201-0201-00-05-176-10051-02
2017-11-01 12:36:39,918 [9] DEBUG  - Cuenta de comisiones GASTO 5302-06-201-0201-00-05-176-10051-13
2017-11-01 12:36:41,299 [9] DEBUG  - Cuenta de comisiones GASTO 5302-06-201-0201-00-05-176-10051-09
2017-11-01 12:36:42,974 [9] DEBUG  - Cuenta de comisiones GASTO 5302-06-201-0201-00-05-176-10051-12
2017-11-01 12:36:44,031 [9] DEBUG  - Cuenta de comisiones PAGO 2902-00-201-0201-00-05-176-10051-00
2017-11-01 12:36:44,031 [9] DEBUG  - Porcentaje Reserva Riesgos en curso: 40
2017-11-01 12:36:45,018 [9] DEBUG  - Cuenta para RRC GASTO: 5311-06-201-0201-00-05-176-10051-65
2017-11-01 12:36:45,998 [9] DEBUG  - Cuenta para RRC GASTO: 5311-06-201-0201-00-05-176-10051-02
2017-11-01 12:36:46,966 [9] DEBUG  - Cuenta para RRC GASTO: 5311-06-201-0201-00-05-176-10051-13
2017-11-01 12:36:48,326 [9] DEBUG  - Cuenta para RRC GASTO: 5311-06-201-0201-00-05-176-10051-09
2017-11-01 12:36:49,411 [9] DEBUG  - Cuenta para RRC GASTO: 5311-06-201-0201-00-05-176-10051-12
2017-11-01 12:36:50,363 [9] DEBUG  - Cuenta para RRC PASIVO: 2206-00-201-0201-00-05-176-10051-00
2017-11-01 12:36:56,217 [9] DEBUG  - Contruyendo encabezado
2017-11-01 12:36:56,217 [9] DEBUG  - Creacion de numero de batch SFFA111201712
2017-11-01 12:36:57,350 [9] DEBUG  - Se obtiene el cliente de GP 1-05-419976
2017-11-01 12:37:05,842 [9] DEBUG  - Cuenta por cobrar: 6104-06-000-0000-00-00-000-00013-02
2017-11-01 12:37:06,474 [9] DEBUG  - Cuenta de producto: 6104-06-000-0000-00-00-000-00043-01
2017-11-01 12:37:06,475 [9] DEBUG  - Cuenta de impuestos: 6101-00-000-0000-00-00-000-00029-01
2017-11-01 12:37:07,923 [9] DEBUG  - Cuenta de comisiones GASTO 6104-06-000-0000-00-00-000-00053-02
2017-11-01 12:37:07,923 [9] DEBUG  - Cuenta de comisiones PAGO 6101-00-000-0000-00-00-000-00029-02
2017-11-01 12:37:07,923 [9] DEBUG  - Porcentaje Reserva Riesgos en curso: 40
2017-11-01 12:37:08,505 [9] DEBUG  - Cuenta para RRC GASTO: 6106-06-000-0000-00-00-000-00053-11
2017-11-01 12:37:09,100 [9] DEBUG  - Cuenta para RRC PASIVO: 6104-06-000-0000-00-00-000-00022-06
2017-11-01 12:37:18,526 [9] DEBUG  - Cuenta por cobrar: 1302-06-201-0401-00-03-176-10055-00
2017-11-01 12:37:18,526 [9] DEBUG  - Cuenta de producto: 4301-06-201-0401-00-03-176-10055-65
2017-11-01 12:37:18,526 [9] DEBUG  - Cuenta de producto: 4301-06-201-0401-00-03-176-10055-24
2017-11-01 12:37:18,526 [9] DEBUG  - Cuenta de producto: 4301-06-201-0401-00-03-176-10055-02
2017-11-01 12:37:18,526 [9] DEBUG  - Cuenta de producto: 4301-06-201-0401-00-03-176-10055-13
2017-11-01 12:37:18,526 [9] DEBUG  - Cuenta de producto: 4301-06-201-0401-00-03-176-10055-09
2017-11-01 12:37:18,526 [9] DEBUG  - Cuenta de producto: 4301-06-201-0401-00-03-176-10055-12
2017-11-01 12:37:18,526 [9] DEBUG  - Cuenta de impuestos: 2901-00-000-0000-00-00-171-00001-00
2017-11-01 12:37:19,665 [9] DEBUG  - Cuenta de comisiones GASTO 5302-06-201-0401-00-03-176-10055-65
2017-11-01 12:37:20,905 [9] DEBUG  - Cuenta de comisiones GASTO 5302-06-201-0401-00-03-176-10055-24
2017-11-01 12:37:22,148 [9] DEBUG  - Cuenta de comisiones GASTO 5302-06-201-0401-00-03-176-10055-02
2017-11-01 12:37:23,369 [9] DEBUG  - Cuenta de comisiones GASTO 5302-06-201-0401-00-03-176-10055-13
2017-11-01 12:37:24,608 [9] DEBUG  - Cuenta de comisiones GASTO 5302-06-201-0401-00-03-176-10055-09
2017-11-01 12:37:25,840 [9] DEBUG  - Cuenta de comisiones GASTO 5302-06-201-0401-00-03-176-10055-12
2017-11-01 12:37:26,844 [9] DEBUG  - Cuenta de comisiones PAGO 2902-00-201-0401-00-03-176-10055-00
2017-11-01 12:37:26,844 [9] DEBUG  - Porcentaje Reserva Riesgos en curso: 40
2017-11-01 12:37:27,758 [9] DEBUG  - Cuenta para RRC GASTO: 5311-06-201-0401-00-03-176-10055-65
2017-11-01 12:37:28,664 [9] DEBUG  - Cuenta para RRC GASTO: 5311-06-201-0401-00-03-176-10055-24
2017-11-01 12:37:29,603 [9] DEBUG  - Cuenta para RRC GASTO: 5311-06-201-0401-00-03-176-10055-02
2017-11-01 12:37:30,513 [9] DEBUG  - Cuenta para RRC GASTO: 5311-06-201-0401-00-03-176-10055-13
2017-11-01 12:37:31,427 [9] DEBUG  - Cuenta para RRC GASTO: 5311-06-201-0401-00-03-176-10055-09
2017-11-01 12:37:32,349 [9] DEBUG  - Cuenta para RRC GASTO: 5311-06-201-0401-00-03-176-10055-12
2017-11-01 12:37:33,609 [9] DEBUG  - Cuenta para RRC PASIVO: 2206-00-201-0401-00-03-176-10055-00
2017-11-01 12:37:39,674 [9] DEBUG  - Contruyendo encabezado
2017-11-01 12:37:39,674 [9] DEBUG  - Creacion de numero de batch SFFA111201712
2017-11-01 12:37:40,749 [9] DEBUG  - Se obtiene el cliente de GP 1-05-433277
2017-11-01 12:37:47,470 [9] DEBUG  - Cuenta por cobrar: 6104-06-000-0000-00-00-000-00013-02
2017-11-01 12:37:48,077 [9] DEBUG  - Cuenta de producto: 6104-06-000-0000-00-00-000-00043-01
2017-11-01 12:37:48,077 [9] DEBUG  - Cuenta de impuestos: 6101-00-000-0000-00-00-000-00029-01
2017-11-01 12:37:49,241 [9] DEBUG  - Cuenta de comisiones GASTO 6104-06-000-0000-00-00-000-00053-02
2017-11-01 12:37:49,241 [9] DEBUG  - Cuenta de comisiones PAGO 6101-00-000-0000-00-00-000-00029-02
2017-11-01 12:37:49,241 [9] DEBUG  - Porcentaje Reserva Riesgos en curso: 40
2017-11-01 12:37:49,815 [9] DEBUG  - Cuenta para RRC GASTO: 6106-06-000-0000-00-00-000-00053-11
2017-11-01 12:37:50,391 [9] DEBUG  - Cuenta para RRC PASIVO: 6104-06-000-0000-00-00-000-00022-06
2017-11-01 12:37:58,165 [9] DEBUG  - Cuenta por cobrar: 1302-06-201-0301-00-05-176-10051-00
2017-11-01 12:37:58,165 [9] DEBUG  - Cuenta de producto: 4301-06-201-0301-00-05-176-10051-65
2017-11-01 12:37:58,165 [9] DEBUG  - Cuenta de producto: 4301-06-201-0301-00-05-176-10051-02
2017-11-01 12:37:58,165 [9] DEBUG  - Cuenta de producto: 4301-06-201-0301-00-05-176-10051-13
2017-11-01 12:37:58,165 [9] DEBUG  - Cuenta de producto: 4301-06-201-0301-00-05-176-10051-09
2017-11-01 12:37:58,165 [9] DEBUG  - Cuenta de producto: 4301-06-201-0301-00-05-176-10051-12
2017-11-01 12:37:58,165 [9] DEBUG  - Cuenta de impuestos: 2901-00-000-0000-00-00-171-00001-00
2017-11-01 12:37:59,262 [9] DEBUG  - Cuenta de comisiones GASTO 5302-06-201-0301-00-05-176-10051-65
2017-11-01 12:38:00,506 [9] DEBUG  - Cuenta de comisiones GASTO 5302-06-201-0301-00-05-176-10051-02
2017-11-01 12:38:01,748 [9] DEBUG  - Cuenta de comisiones GASTO 5302-06-201-0301-00-05-176-10051-13
2017-11-01 12:38:02,971 [9] DEBUG  - Cuenta de comisiones GASTO 5302-06-201-0301-00-05-176-10051-09
2017-11-01 12:38:04,202 [9] DEBUG  - Cuenta de comisiones GASTO 5302-06-201-0301-00-05-176-10051-12
2017-11-01 12:38:05,212 [9] DEBUG  - Cuenta de comisiones PAGO 2902-00-201-0301-00-05-176-10051-00
2017-11-01 12:38:05,212 [9] DEBUG  - Porcentaje Reserva Riesgos en curso: 40
2017-11-01 12:38:06,129 [9] DEBUG  - Cuenta para RRC GASTO: 5311-06-201-0301-00-05-176-10051-65
2017-11-01 12:38:07,030 [9] DEBUG  - Cuenta para RRC GASTO: 5311-06-201-0301-00-05-176-10051-02
2017-11-01 12:38:07,929 [9] DEBUG  - Cuenta para RRC GASTO: 5311-06-201-0301-00-05-176-10051-13
2017-11-01 12:38:08,827 [9] DEBUG  - Cuenta para RRC GASTO: 5311-06-201-0301-00-05-176-10051-09
2017-11-01 12:38:09,726 [9] DEBUG  - Cuenta para RRC GASTO: 5311-06-201-0301-00-05-176-10051-12
2017-11-01 12:38:10,543 [9] DEBUG  - Cuenta para RRC PASIVO: 2206-00-201-0301-00-05-176-10051-00
2017-11-01 12:38:15,776 [9] DEBUG  - Contruyendo encabezado
2017-11-01 12:38:15,776 [9] DEBUG  - Creacion de numero de batch SFFA111201712
2017-11-01 12:38:16,477 [9] DEBUG  - Se obtiene el cliente de GP 1-05-427589
2017-11-01 12:38:23,517 [9] DEBUG  - Cuenta por cobrar: 6104-06-000-0000-00-00-000-00013-02
2017-11-01 12:38:24,089 [9] DEBUG  - Cuenta de producto: 6104-06-000-0000-00-00-000-00043-01
2017-11-01 12:38:24,089 [9] DEBUG  - Cuenta de impuestos: 6101-00-000-0000-00-00-000-00029-01
2017-11-01 12:38:25,239 [9] DEBUG  - Cuenta de comisiones GASTO 6104-06-000-0000-00-00-000-00053-02
2017-11-01 12:38:25,239 [9] DEBUG  - Cuenta de comisiones PAGO 6101-00-000-0000-00-00-000-00029-02
2017-11-01 12:38:25,239 [9] DEBUG  - Porcentaje Reserva Riesgos en curso: 40
2017-11-01 12:38:25,814 [9] DEBUG  - Cuenta para RRC GASTO: 6106-06-000-0000-00-00-000-00053-11
2017-11-01 12:38:26,387 [9] DEBUG  - Cuenta para RRC PASIVO: 6104-06-000-0000-00-00-000-00022-06
2017-11-01 12:38:33,742 [9] DEBUG  - Cuenta por cobrar: 1302-06-201-0201-00-05-177-10011-00
2017-11-01 12:38:33,742 [9] DEBUG  - Cuenta de producto: 4301-06-201-0201-00-05-177-10011-65
2017-11-01 12:38:33,742 [9] DEBUG  - Cuenta de producto: 4301-06-201-0201-00-05-177-10011-02
2017-11-01 12:38:33,742 [9] DEBUG  - Cuenta de producto: 4301-06-201-0201-00-05-177-10011-13
2017-11-01 12:38:33,742 [9] DEBUG  - Cuenta de producto: 4301-06-201-0201-00-05-177-10011-09
2017-11-01 12:38:33,742 [9] DEBUG  - Cuenta de producto: 4301-06-201-0201-00-05-177-10011-12
2017-11-01 12:38:33,742 [9] DEBUG  - Cuenta de impuestos: 2901-00-000-0000-00-00-171-00001-00
2017-11-01 12:38:34,933 [9] DEBUG  - Cuenta de comisiones GASTO 5302-06-201-0201-00-05-177-10011-65
2017-11-01 12:38:36,205 [9] DEBUG  - Cuenta de comisiones GASTO 5302-06-201-0201-00-05-177-10011-02
2017-11-01 12:38:37,489 [9] DEBUG  - Cuenta de comisiones GASTO 5302-06-201-0201-00-05-177-10011-13
2017-11-01 12:38:39,045 [9] DEBUG  - Cuenta de comisiones GASTO 5302-06-201-0201-00-05-177-10011-09
2017-11-01 12:38:40,277 [9] DEBUG  - Cuenta de comisiones GASTO 5302-06-201-0201-00-05-177-10011-12
2017-11-01 12:38:41,269 [9] DEBUG  - Cuenta de comisiones PAGO 2902-00-201-0201-00-05-177-10011-00
2017-11-01 12:38:41,269 [9] DEBUG  - Porcentaje Reserva Riesgos en curso: 40
2017-11-01 12:38:42,176 [9] DEBUG  - Cuenta para RRC GASTO: 5311-06-201-0201-00-05-177-10011-65
2017-11-01 12:38:43,078 [9] DEBUG  - Cuenta para RRC GASTO: 5311-06-201-0201-00-05-177-10011-02
2017-11-01 12:38:43,976 [9] DEBUG  - Cuenta para RRC GASTO: 5311-06-201-0201-00-05-177-10011-13
2017-11-01 12:38:44,879 [9] DEBUG  - Cuenta para RRC GASTO: 5311-06-201-0201-00-05-177-10011-09
2017-11-01 12:38:45,807 [9] DEBUG  - Cuenta para RRC GASTO: 5311-06-201-0201-00-05-177-10011-12
2017-11-01 12:38:46,644 [9] DEBUG  - Cuenta para RRC PASIVO: 2206-00-201-0201-00-05-177-10011-00
2017-11-01 12:38:51,717 [9] DEBUG  - Contruyendo encabezado
2017-11-01 12:38:51,717 [9] DEBUG  - Creacion de numero de batch SFFA111201712
2017-11-01 12:38:52,825 [9] DEBUG  - Se obtiene el cliente de GP 1-05-434479
2017-11-01 12:39:05,004 [9] DEBUG  - Cuenta por cobrar: 6104-06-000-0000-00-00-000-00013-02
2017-11-01 12:39:05,575 [9] DEBUG  - Cuenta de producto: 6104-06-000-0000-00-00-000-00043-01
2017-11-01 12:39:05,575 [9] DEBUG  - Cuenta de impuestos: 6101-00-000-0000-00-00-000-00029-01
2017-11-01 12:39:06,731 [9] DEBUG  - Cuenta de comisiones GASTO 6104-06-000-0000-00-00-000-00053-02
2017-11-01 12:39:06,731 [9] DEBUG  - Cuenta de comisiones PAGO 6101-00-000-0000-00-00-000-00029-02
2017-11-01 12:39:06,731 [9] DEBUG  - Porcentaje Reserva Riesgos en curso: 40
2017-11-01 12:39:07,317 [9] DEBUG  - Cuenta para RRC GASTO: 6106-06-000-0000-00-00-000-00053-11
2017-11-01 12:39:07,887 [9] DEBUG  - Cuenta para RRC PASIVO: 6104-06-000-0000-00-00-000-00022-06
2017-11-01 12:39:12,486 [9] DEBUG  - Reaseguradores Comision por Reaseguro: 6106-06-000-0000-00-00-000-00043-02
2017-11-01 12:39:12,486 [9] DEBUG  - Reaseguro Contractual: 6106-06-000-0000-00-00-000-00053-06
2017-11-01 12:39:13,059 [9] DEBUG  - Reaseguradores del exterior – cuenta corriente: 6106-06-000-0000-00-00-000-00043-02
2017-11-01 12:39:13,633 [9] DEBUG  - Reaseguradores Comision por Reaseguro Pasivo: 6103-00-000-0000-00-00-000-00024-02
2017-11-01 12:39:14,204 [9] DEBUG  - RRC para reaseguro INGRESO: 6106-06-000-0000-00-00-000-00043-11
2017-11-01 12:39:14,922 [9] DEBUG  - RRC para reaseguro PASIVO: 6104-06-000-0000-00-00-000-00022-06
2017-11-01 12:39:32,130 [9] DEBUG  - Cuenta por cobrar: 1302-06-201-0205-00-05-176-10002-00
2017-11-01 12:39:32,130 [9] DEBUG  - Cuenta de producto: 4301-06-201-0205-00-05-176-10002-65
2017-11-01 12:39:32,130 [9] DEBUG  - Cuenta de producto: 4301-06-201-0205-00-05-176-10002-24
2017-11-01 12:39:32,130 [9] DEBUG  - Cuenta de producto: 4301-06-201-0205-00-05-176-10002-15
2017-11-01 12:39:32,130 [9] DEBUG  - Cuenta de producto: 4301-06-201-0205-00-05-176-10002-04
2017-11-01 12:39:32,130 [9] DEBUG  - Cuenta de producto: 4301-06-201-0205-00-05-176-10002-02
2017-11-01 12:39:32,130 [9] DEBUG  - Cuenta de producto: 4301-06-201-0205-00-05-176-10002-13
2017-11-01 12:39:32,130 [9] DEBUG  - Cuenta de producto: 4301-06-201-0205-00-05-176-10002-06
2017-11-01 12:39:32,130 [9] DEBUG  - Cuenta de producto: 4301-06-201-0205-00-05-176-10002-09
2017-11-01 12:39:32,130 [9] DEBUG  - Cuenta de producto: 4301-06-201-0205-00-05-176-10002-12
2017-11-01 12:39:32,130 [9] DEBUG  - Cuenta de producto: 4301-06-201-0205-00-05-176-10002-07
2017-11-01 12:39:32,130 [9] DEBUG  - Cuenta de producto: 4301-06-201-0205-00-05-176-10002-05
2017-11-01 12:39:32,130 [9] DEBUG  - Cuenta de producto: 4301-06-201-0205-00-05-176-10002-49
2017-11-01 12:39:32,130 [9] DEBUG  - Cuenta de impuestos: 2901-00-000-0000-00-00-171-00001-00
2017-11-01 12:39:33,215 [9] DEBUG  - Cuenta de comisiones GASTO 5302-06-201-0205-00-05-176-10002-65
2017-11-01 12:39:34,674 [9] DEBUG  - Cuenta de comisiones GASTO 5302-06-201-0205-00-05-176-10002-24
2017-11-01 12:39:35,922 [9] DEBUG  - Cuenta de comisiones GASTO 5302-06-201-0205-00-05-176-10002-15
2017-11-01 12:39:37,459 [9] DEBUG  - Cuenta de comisiones GASTO 5302-06-201-0205-00-05-176-10002-04
2017-11-01 12:39:38,691 [9] DEBUG  - Cuenta de comisiones GASTO 5302-06-201-0205-00-05-176-10002-02
2017-11-01 12:39:39,921 [9] DEBUG  - Cuenta de comisiones GASTO 5302-06-201-0205-00-05-176-10002-13
2017-11-01 12:39:41,185 [9] DEBUG  - Cuenta de comisiones GASTO 5302-06-201-0205-00-05-176-10002-06
2017-11-01 12:39:42,801 [9] DEBUG  - Cuenta de comisiones GASTO 5302-06-201-0205-00-05-176-10002-09
2017-11-01 12:39:44,113 [9] DEBUG  - Cuenta de comisiones GASTO 5302-06-201-0205-00-05-176-10002-12
2017-11-01 12:39:45,358 [9] DEBUG  - Cuenta de comisiones GASTO 5302-06-201-0205-00-05-176-10002-07
2017-11-01 12:39:46,661 [9] DEBUG  - Cuenta de comisiones GASTO 5302-06-201-0205-00-05-176-10002-05
2017-11-01 12:39:47,963 [9] DEBUG  - Cuenta de comisiones GASTO 5302-06-201-0205-00-05-176-10002-49
2017-11-01 12:39:48,965 [9] DEBUG  - Cuenta de comisiones PAGO 2902-00-201-0205-00-05-176-10002-00
2017-11-01 12:39:48,965 [9] DEBUG  - Porcentaje Reserva Riesgos en curso: 40
2017-11-01 12:39:49,864 [9] DEBUG  - Cuenta para RRC GASTO: 5311-06-201-0205-00-05-176-10002-65
2017-11-01 12:39:50,762 [9] DEBUG  - Cuenta para RRC GASTO: 5311-06-201-0205-00-05-176-10002-24
2017-11-01 12:39:51,673 [9] DEBUG  - Cuenta para RRC GASTO: 5311-06-201-0205-00-05-176-10002-15
2017-11-01 12:39:52,571 [9] DEBUG  - Cuenta para RRC GASTO: 5311-06-201-0205-00-05-176-10002-04
2017-11-01 12:39:53,471 [9] DEBUG  - Cuenta para RRC GASTO: 5311-06-201-0205-00-05-176-10002-02
2017-11-01 12:39:54,368 [9] DEBUG  - Cuenta para RRC GASTO: 5311-06-201-0205-00-05-176-10002-13
2017-11-01 12:39:55,277 [9] DEBUG  - Cuenta para RRC GASTO: 5311-06-201-0205-00-05-176-10002-06
2017-11-01 12:39:56,181 [9] DEBUG  - Cuenta para RRC GASTO: 5311-06-201-0205-00-05-176-10002-09
2017-11-01 12:39:57,076 [9] DEBUG  - Cuenta para RRC GASTO: 5311-06-201-0205-00-05-176-10002-12
2017-11-01 12:39:57,975 [9] DEBUG  - Cuenta para RRC GASTO: 5311-06-201-0205-00-05-176-10002-07
2017-11-01 12:39:58,871 [9] DEBUG  - Cuenta para RRC GASTO: 5311-06-201-0205-00-05-176-10002-05
2017-11-01 12:39:59,797 [9] DEBUG  - Cuenta para RRC GASTO: 5311-06-201-0205-00-05-176-10002-49
2017-11-01 12:40:00,830 [9] DEBUG  - Cuenta para RRC PASIVO: 2206-00-201-0205-00-05-176-10002-00
2017-11-01 12:40:01,798 [9] DEBUG  - Reaseguro Contractual: 5306-06-201-0205-00-05-176-10002-04
2017-11-01 12:40:02,744 [9] DEBUG  - Reaseguradores Comision por Reaseguro: 4302-06-201-0205-00-05-176-10002-04
2017-11-01 12:40:03,657 [9] DEBUG  - Reaseguro Contractual: 5306-06-201-0205-00-05-176-10002-06
2017-11-01 12:40:04,557 [9] DEBUG  - Reaseguradores Comision por Reaseguro: 4302-06-201-0205-00-05-176-10002-06
2017-11-01 12:40:05,454 [9] DEBUG  - Reaseguro Contractual: 5306-06-201-0205-00-05-176-10002-07
2017-11-01 12:40:06,366 [9] DEBUG  - Reaseguradores Comision por Reaseguro: 4302-06-201-0205-00-05-176-10002-07
2017-11-01 12:40:07,261 [9] DEBUG  - Reaseguro Contractual: 5306-06-201-0205-00-05-176-10002-05
2017-11-01 12:40:08,167 [9] DEBUG  - Reaseguradores Comision por Reaseguro: 4302-06-201-0205-00-05-176-10002-05
2017-11-01 12:40:08,985 [9] DEBUG  - Reaseguradores - cuenta corriente: 2402-00-201-0205-00-05-176-10002-00
2017-11-01 12:40:09,808 [9] DEBUG  - Reaseguradores Comision por Reaseguro: 2402-00-201-0205-00-05-176-10002-00
2017-11-01 12:40:10,756 [9] DEBUG  - RRC para reaseguro INGRESO: 4311-06-201-0205-00-05-176-10002-04
2017-11-01 12:40:11,678 [9] DEBUG  - RRC para reaseguro INGRESO: 4311-06-201-0205-00-05-176-10002-06
2017-11-01 12:40:12,576 [9] DEBUG  - RRC para reaseguro INGRESO: 4311-06-201-0205-00-05-176-10002-07
2017-11-01 12:40:13,474 [9] DEBUG  - RRC para reaseguro INGRESO: 4311-06-201-0205-00-05-176-10002-05
2017-11-01 12:40:14,602 [9] DEBUG  - RRC para reaseguro PASIVO: 2206-00-201-0205-00-05-176-10002-00
2017-11-01 12:40:28,934 [9] DEBUG  - Contruyendo encabezado
2017-11-01 12:40:28,934 [9] DEBUG  - Creacion de numero de batch SFFA111201712
2017-11-01 12:40:30,108 [9] DEBUG  - Se obtiene el cliente de GP 1-05-436347
2017-11-01 12:40:41,425 [9] DEBUG  - Cuenta por cobrar: 6104-06-000-0000-00-00-000-00013-02
2017-11-01 12:40:41,999 [9] DEBUG  - Cuenta de producto: 6104-06-000-0000-00-00-000-00043-01
2017-11-01 12:40:41,999 [9] DEBUG  - Cuenta de impuestos: 6101-00-000-0000-00-00-000-00029-01
2017-11-01 12:40:43,155 [9] DEBUG  - Cuenta de comisiones GASTO 6104-06-000-0000-00-00-000-00053-02
2017-11-01 12:40:43,155 [9] DEBUG  - Cuenta de comisiones PAGO 6101-00-000-0000-00-00-000-00029-02
2017-11-01 12:40:43,155 [9] DEBUG  - Porcentaje Reserva Riesgos en curso: 40
2017-11-01 12:40:43,728 [9] DEBUG  - Cuenta para RRC GASTO: 6106-06-000-0000-00-00-000-00053-11
2017-11-01 12:40:44,303 [9] DEBUG  - Cuenta para RRC PASIVO: 6104-06-000-0000-00-00-000-00022-06
2017-11-01 12:40:48,899 [9] DEBUG  - Reaseguradores Comision por Reaseguro: 6106-06-000-0000-00-00-000-00043-02
2017-11-01 12:40:48,899 [9] DEBUG  - Reaseguro Contractual: 6106-06-000-0000-00-00-000-00053-06
2017-11-01 12:40:49,491 [9] DEBUG  - Reaseguradores del exterior – cuenta corriente: 6106-06-000-0000-00-00-000-00043-02
2017-11-01 12:40:50,079 [9] DEBUG  - Reaseguradores Comision por Reaseguro Pasivo: 6103-00-000-0000-00-00-000-00024-02
2017-11-01 12:40:50,652 [9] DEBUG  - RRC para reaseguro INGRESO: 6106-06-000-0000-00-00-000-00043-11
2017-11-01 12:40:51,226 [9] DEBUG  - RRC para reaseguro PASIVO: 6104-06-000-0000-00-00-000-00022-06
2017-11-01 12:41:05,515 [9] DEBUG  - Cuenta por cobrar: 1302-06-201-0405-00-05-175-10002-00
2017-11-01 12:41:05,515 [9] DEBUG  - Cuenta de producto: 4301-06-201-0405-00-05-175-10002-65
2017-11-01 12:41:05,515 [9] DEBUG  - Cuenta de producto: 4301-06-201-0405-00-05-175-10002-24
2017-11-01 12:41:05,515 [9] DEBUG  - Cuenta de producto: 4301-06-201-0405-00-05-175-10002-15
2017-11-01 12:41:05,515 [9] DEBUG  - Cuenta de producto: 4301-06-201-0405-00-05-175-10002-04
2017-11-01 12:41:05,515 [9] DEBUG  - Cuenta de producto: 4301-06-201-0405-00-05-175-10002-02
2017-11-01 12:41:05,515 [9] DEBUG  - Cuenta de producto: 4301-06-201-0405-00-05-175-10002-13
2017-11-01 12:41:05,515 [9] DEBUG  - Cuenta de producto: 4301-06-201-0405-00-05-175-10002-06
2017-11-01 12:41:05,515 [9] DEBUG  - Cuenta de producto: 4301-06-201-0405-00-05-175-10002-09
2017-11-01 12:41:05,515 [9] DEBUG  - Cuenta de producto: 4301-06-201-0405-00-05-175-10002-12
2017-11-01 12:41:05,515 [9] DEBUG  - Cuenta de producto: 4301-06-201-0405-00-05-175-10002-07
2017-11-01 12:41:05,515 [9] DEBUG  - Cuenta de producto: 4301-06-201-0405-00-05-175-10002-05
2017-11-01 12:41:05,515 [9] DEBUG  - Cuenta de producto: 4301-06-201-0405-00-05-175-10002-48
2017-11-01 12:41:05,515 [9] DEBUG  - Cuenta de impuestos: 2901-00-000-0000-00-00-171-00001-00
2017-11-01 12:41:06,891 [9] DEBUG  - Cuenta de comisiones GASTO 5302-06-201-0405-00-05-175-10002-65
2017-11-01 12:41:08,118 [9] DEBUG  - Cuenta de comisiones GASTO 5302-06-201-0405-00-05-175-10002-24
2017-11-01 12:41:09,383 [9] DEBUG  - Cuenta de comisiones GASTO 5302-06-201-0405-00-05-175-10002-15
2017-11-01 12:41:10,605 [9] DEBUG  - Cuenta de comisiones GASTO 5302-06-201-0405-00-05-175-10002-04
2017-11-01 12:41:11,833 [9] DEBUG  - Cuenta de comisiones GASTO 5302-06-201-0405-00-05-175-10002-02
2017-11-01 12:41:13,064 [9] DEBUG  - Cuenta de comisiones GASTO 5302-06-201-0405-00-05-175-10002-13
2017-11-01 12:41:14,303 [9] DEBUG  - Cuenta de comisiones GASTO 5302-06-201-0405-00-05-175-10002-06
2017-11-01 12:41:15,568 [9] DEBUG  - Cuenta de comisiones GASTO 5302-06-201-0405-00-05-175-10002-09
2017-11-01 12:41:16,821 [9] DEBUG  - Cuenta de comisiones GASTO 5302-06-201-0405-00-05-175-10002-12
2017-11-01 12:41:18,058 [9] DEBUG  - Cuenta de comisiones GASTO 5302-06-201-0405-00-05-175-10002-07
2017-11-01 12:41:19,407 [9] DEBUG  - Cuenta de comisiones GASTO 5302-06-201-0405-00-05-175-10002-05
2017-11-01 12:41:20,747 [9] DEBUG  - Cuenta de comisiones GASTO 5302-06-201-0405-00-05-175-10002-48
2017-11-01 12:41:21,827 [9] DEBUG  - Cuenta de comisiones PAGO 2902-00-201-0405-00-05-175-10002-00
2017-11-01 12:41:21,827 [9] DEBUG  - Porcentaje Reserva Riesgos en curso: 40
2017-11-01 12:41:22,862 [9] DEBUG  - Cuenta para RRC GASTO: 5311-06-201-0405-00-05-175-10002-65
2017-11-01 12:41:23,901 [9] DEBUG  - Cuenta para RRC GASTO: 5311-06-201-0405-00-05-175-10002-24
2017-11-01 12:41:24,871 [9] DEBUG  - Cuenta para RRC GASTO: 5311-06-201-0405-00-05-175-10002-15
2017-11-01 12:41:25,874 [9] DEBUG  - Cuenta para RRC GASTO: 5311-06-201-0405-00-05-175-10002-04
2017-11-01 12:41:26,824 [9] DEBUG  - Cuenta para RRC GASTO: 5311-06-201-0405-00-05-175-10002-02
2017-11-01 12:41:27,765 [9] DEBUG  - Cuenta para RRC GASTO: 5311-06-201-0405-00-05-175-10002-13
2017-11-01 12:41:28,742 [9] DEBUG  - Cuenta para RRC GASTO: 5311-06-201-0405-00-05-175-10002-06
2017-11-01 12:41:29,790 [9] DEBUG  - Cuenta para RRC GASTO: 5311-06-201-0405-00-05-175-10002-09
2017-11-01 12:41:30,736 [9] DEBUG  - Cuenta para RRC GASTO: 5311-06-201-0405-00-05-175-10002-12
2017-11-01 12:41:31,633 [9] DEBUG  - Cuenta para RRC GASTO: 5311-06-201-0405-00-05-175-10002-07
2017-11-01 12:41:32,530 [9] DEBUG  - Cuenta para RRC GASTO: 5311-06-201-0405-00-05-175-10002-05
2017-11-01 12:41:33,428 [9] DEBUG  - Cuenta para RRC GASTO: 5311-06-201-0405-00-05-175-10002-48
2017-11-01 12:41:34,245 [9] DEBUG  - Cuenta para RRC PASIVO: 2206-00-201-0405-00-05-175-10002-00
2017-11-01 12:41:35,163 [9] DEBUG  - Reaseguro Contractual: 5306-06-201-0405-00-05-175-10002-04
2017-11-01 12:41:36,072 [9] DEBUG  - Reaseguradores Comision por Reaseguro: 4302-06-201-0405-00-05-175-10002-04
2017-11-01 12:41:36,965 [9] DEBUG  - Reaseguro Contractual: 5306-06-201-0405-00-05-175-10002-06
2017-11-01 12:41:37,863 [9] DEBUG  - Reaseguradores Comision por Reaseguro: 4302-06-201-0405-00-05-175-10002-06
2017-11-01 12:41:38,779 [9] DEBUG  - Reaseguro Contractual: 5306-06-201-0405-00-05-175-10002-07
2017-11-01 12:41:39,677 [9] DEBUG  - Reaseguradores Comision por Reaseguro: 4302-06-201-0405-00-05-175-10002-07
2017-11-01 12:41:40,948 [9] DEBUG  - Reaseguro Contractual: 5306-06-201-0405-00-05-175-10002-05
2017-11-01 12:41:41,931 [9] DEBUG  - Reaseguradores Comision por Reaseguro: 4302-06-201-0405-00-05-175-10002-05
2017-11-01 12:41:43,027 [9] DEBUG  - Reaseguradores - cuenta corriente: 2402-00-201-0405-00-05-175-10002-00
2017-11-01 12:41:44,130 [9] DEBUG  - Reaseguradores Comision por Reaseguro: 2402-00-201-0405-00-05-175-10002-00
2017-11-01 12:41:45,142 [9] DEBUG  - RRC para reaseguro INGRESO: 4311-06-201-0405-00-05-175-10002-04
2017-11-01 12:41:46,165 [9] DEBUG  - RRC para reaseguro INGRESO: 4311-06-201-0405-00-05-175-10002-06
2017-11-01 12:41:47,295 [9] DEBUG  - RRC para reaseguro INGRESO: 4311-06-201-0405-00-05-175-10002-07
2017-11-01 12:41:48,641 [9] DEBUG  - RRC para reaseguro INGRESO: 4311-06-201-0405-00-05-175-10002-05
2017-11-01 12:41:49,842 [9] DEBUG  - RRC para reaseguro PASIVO: 2206-00-201-0405-00-05-175-10002-00
2017-11-01 12:42:05,375 [9] DEBUG  - Contruyendo encabezado
2017-11-01 12:42:05,375 [9] DEBUG  - Creacion de numero de batch SFFA111201712
2017-11-01 12:42:06,844 [9] DEBUG  - Se obtiene el cliente de GP 1-05-433597
2017-11-01 12:42:18,458 [9] DEBUG  - Cuenta por cobrar: 6104-06-000-0000-00-00-000-00013-02
2017-11-01 12:42:19,030 [9] DEBUG  - Cuenta de producto: 6104-06-000-0000-00-00-000-00043-01
2017-11-01 12:42:19,030 [9] DEBUG  - Cuenta de impuestos: 6101-00-000-0000-00-00-000-00029-01
2017-11-01 12:42:20,181 [9] DEBUG  - Cuenta de comisiones GASTO 6104-06-000-0000-00-00-000-00053-02
2017-11-01 12:42:20,181 [9] DEBUG  - Cuenta de comisiones PAGO 6101-00-000-0000-00-00-000-00029-02
2017-11-01 12:42:20,181 [9] DEBUG  - Porcentaje Reserva Riesgos en curso: 40
2017-11-01 12:42:20,752 [9] DEBUG  - Cuenta para RRC GASTO: 6106-06-000-0000-00-00-000-00053-11
2017-11-01 12:42:21,326 [9] DEBUG  - Cuenta para RRC PASIVO: 6104-06-000-0000-00-00-000-00022-06
2017-11-01 12:42:26,233 [9] DEBUG  - Reaseguradores Comision por Reaseguro: 6106-06-000-0000-00-00-000-00043-02
2017-11-01 12:42:26,233 [9] DEBUG  - Reaseguro Contractual: 6106-06-000-0000-00-00-000-00053-06
2017-11-01 12:42:26,809 [9] DEBUG  - Reaseguradores del exterior – cuenta corriente: 6106-06-000-0000-00-00-000-00043-02
2017-11-01 12:42:27,383 [9] DEBUG  - Reaseguradores Comision por Reaseguro Pasivo: 6103-00-000-0000-00-00-000-00024-02
2017-11-01 12:42:27,954 [9] DEBUG  - RRC para reaseguro INGRESO: 6106-06-000-0000-00-00-000-00043-11
2017-11-01 12:42:28,526 [9] DEBUG  - RRC para reaseguro PASIVO: 6104-06-000-0000-00-00-000-00022-06
2017-11-01 12:42:42,850 [9] DEBUG  - Cuenta por cobrar: 1302-06-201-0405-00-05-175-10002-00
2017-11-01 12:42:42,850 [9] DEBUG  - Cuenta de producto: 4301-06-201-0405-00-05-175-10002-65
2017-11-01 12:42:42,850 [9] DEBUG  - Cuenta de producto: 4301-06-201-0405-00-05-175-10002-24
2017-11-01 12:42:42,850 [9] DEBUG  - Cuenta de producto: 4301-06-201-0405-00-05-175-10002-15
2017-11-01 12:42:42,850 [9] DEBUG  - Cuenta de producto: 4301-06-201-0405-00-05-175-10002-04
2017-11-01 12:42:42,850 [9] DEBUG  - Cuenta de producto: 4301-06-201-0405-00-05-175-10002-02
2017-11-01 12:42:42,850 [9] DEBUG  - Cuenta de producto: 4301-06-201-0405-00-05-175-10002-13
2017-11-01 12:42:42,850 [9] DEBUG  - Cuenta de producto: 4301-06-201-0405-00-05-175-10002-06
2017-11-01 12:42:42,850 [9] DEBUG  - Cuenta de producto: 4301-06-201-0405-00-05-175-10002-09
2017-11-01 12:42:42,850 [9] DEBUG  - Cuenta de producto: 4301-06-201-0405-00-05-175-10002-12
2017-11-01 12:42:42,850 [9] DEBUG  - Cuenta de producto: 4301-06-201-0405-00-05-175-10002-07
2017-11-01 12:42:42,851 [9] DEBUG  - Cuenta de producto: 4301-06-201-0405-00-05-175-10002-05
2017-11-01 12:42:42,851 [9] DEBUG  - Cuenta de producto: 4301-06-201-0405-00-05-175-10002-48
2017-11-01 12:42:42,851 [9] DEBUG  - Cuenta de impuestos: 2901-00-000-0000-00-00-171-00001-00
2017-11-01 12:42:44,130 [9] DEBUG  - Cuenta de comisiones GASTO 5302-06-201-0405-00-05-175-10002-65
2017-11-01 12:42:45,425 [9] DEBUG  - Cuenta de comisiones GASTO 5302-06-201-0405-00-05-175-10002-24
2017-11-01 12:42:46,703 [9] DEBUG  - Cuenta de comisiones GASTO 5302-06-201-0405-00-05-175-10002-15
2017-11-01 12:42:47,952 [9] DEBUG  - Cuenta de comisiones GASTO 5302-06-201-0405-00-05-175-10002-04
2017-11-01 12:42:49,500 [9] DEBUG  - Cuenta de comisiones GASTO 5302-06-201-0405-00-05-175-10002-02
2017-11-01 12:42:50,728 [9] DEBUG  - Cuenta de comisiones GASTO 5302-06-201-0405-00-05-175-10002-13
2017-11-01 12:42:51,956 [9] DEBUG  - Cuenta de comisiones GASTO 5302-06-201-0405-00-05-175-10002-06
2017-11-01 12:42:53,184 [9] DEBUG  - Cuenta de comisiones GASTO 5302-06-201-0405-00-05-175-10002-09
2017-11-01 12:42:54,408 [9] DEBUG  - Cuenta de comisiones GASTO 5302-06-201-0405-00-05-175-10002-12
2017-11-01 12:42:55,634 [9] DEBUG  - Cuenta de comisiones GASTO 5302-06-201-0405-00-05-175-10002-07
2017-11-01 12:42:56,863 [9] DEBUG  - Cuenta de comisiones GASTO 5302-06-201-0405-00-05-175-10002-05
2017-11-01 12:42:58,115 [9] DEBUG  - Cuenta de comisiones GASTO 5302-06-201-0405-00-05-175-10002-48
2017-11-01 12:42:59,091 [9] DEBUG  - Cuenta de comisiones PAGO 2902-00-201-0405-00-05-175-10002-00
2017-11-01 12:42:59,091 [9] DEBUG  - Porcentaje Reserva Riesgos en curso: 40
2017-11-01 12:42:59,993 [9] DEBUG  - Cuenta para RRC GASTO: 5311-06-201-0405-00-05-175-10002-65
2017-11-01 12:43:00,897 [9] DEBUG  - Cuenta para RRC GASTO: 5311-06-201-0405-00-05-175-10002-24
2017-11-01 12:43:01,802 [9] DEBUG  - Cuenta para RRC GASTO: 5311-06-201-0405-00-05-175-10002-15
2017-11-01 12:43:02,725 [9] DEBUG  - Cuenta para RRC GASTO: 5311-06-201-0405-00-05-175-10002-04
2017-11-01 12:43:03,625 [9] DEBUG  - Cuenta para RRC GASTO: 5311-06-201-0405-00-05-175-10002-02
2017-11-01 12:43:04,529 [9] DEBUG  - Cuenta para RRC GASTO: 5311-06-201-0405-00-05-175-10002-13
2017-11-01 12:43:05,438 [9] DEBUG  - Cuenta para RRC GASTO: 5311-06-201-0405-00-05-175-10002-06
2017-11-01 12:43:06,353 [9] DEBUG  - Cuenta para RRC GASTO: 5311-06-201-0405-00-05-175-10002-09
2017-11-01 12:43:07,251 [9] DEBUG  - Cuenta para RRC GASTO: 5311-06-201-0405-00-05-175-10002-12
2017-11-01 12:43:08,171 [9] DEBUG  - Cuenta para RRC GASTO: 5311-06-201-0405-00-05-175-10002-07
2017-11-01 12:43:09,069 [9] DEBUG  - Cuenta para RRC GASTO: 5311-06-201-0405-00-05-175-10002-05
2017-11-01 12:43:09,978 [9] DEBUG  - Cuenta para RRC GASTO: 5311-06-201-0405-00-05-175-10002-48
2017-11-01 12:43:10,798 [9] DEBUG  - Cuenta para RRC PASIVO: 2206-00-201-0405-00-05-175-10002-00
2017-11-01 12:43:11,705 [9] DEBUG  - Reaseguro Contractual: 5306-06-201-0405-00-05-175-10002-04
2017-11-01 12:43:12,606 [9] DEBUG  - Reaseguradores Comision por Reaseguro: 4302-06-201-0405-00-05-175-10002-04
2017-11-01 12:43:13,525 [9] DEBUG  - Reaseguro Contractual: 5306-06-201-0405-00-05-175-10002-06
2017-11-01 12:43:14,423 [9] DEBUG  - Reaseguradores Comision por Reaseguro: 4302-06-201-0405-00-05-175-10002-06
2017-11-01 12:43:15,319 [9] DEBUG  - Reaseguro Contractual: 5306-06-201-0405-00-05-175-10002-07
2017-11-01 12:43:16,218 [9] DEBUG  - Reaseguradores Comision por Reaseguro: 4302-06-201-0405-00-05-175-10002-07
2017-11-01 12:43:17,116 [9] DEBUG  - Reaseguro Contractual: 5306-06-201-0405-00-05-175-10002-05
2017-11-01 12:43:18,018 [9] DEBUG  - Reaseguradores Comision por Reaseguro: 4302-06-201-0405-00-05-175-10002-05
2017-11-01 12:43:18,848 [9] DEBUG  - Reaseguradores - cuenta corriente: 2402-00-201-0405-00-05-175-10002-00
2017-11-01 12:43:19,670 [9] DEBUG  - Reaseguradores Comision por Reaseguro: 2402-00-201-0405-00-05-175-10002-00
2017-11-01 12:43:20,569 [9] DEBUG  - RRC para reaseguro INGRESO: 4311-06-201-0405-00-05-175-10002-04
2017-11-01 12:43:21,483 [9] DEBUG  - RRC para reaseguro INGRESO: 4311-06-201-0405-00-05-175-10002-06
2017-11-01 12:43:22,383 [9] DEBUG  - RRC para reaseguro INGRESO: 4311-06-201-0405-00-05-175-10002-07
2017-11-01 12:43:23,296 [9] DEBUG  - RRC para reaseguro INGRESO: 4311-06-201-0405-00-05-175-10002-05
2017-11-01 12:43:24,113 [9] DEBUG  - RRC para reaseguro PASIVO: 2206-00-201-0405-00-05-175-10002-00
2017-11-01 12:43:38,548 [9] DEBUG  - Contruyendo encabezado
2017-11-01 12:43:38,548 [9] DEBUG  - Creacion de numero de batch SFFA111201712
2017-11-01 12:43:39,674 [9] DEBUG  - Se obtiene el cliente de GP 1-05-435029
2017-11-01 12:43:49,162 [9] DEBUG  - Cuenta por cobrar: 6104-06-000-0000-00-00-000-00013-02
2017-11-01 12:43:49,735 [9] DEBUG  - Cuenta de producto: 6104-06-000-0000-00-00-000-00043-01
2017-11-01 12:43:49,735 [9] DEBUG  - Cuenta de impuestos: 6101-00-000-0000-00-00-000-00029-01
2017-11-01 12:43:50,881 [9] DEBUG  - Cuenta de comisiones GASTO 6104-06-000-0000-00-00-000-00053-02
2017-11-01 12:43:50,881 [9] DEBUG  - Cuenta de comisiones PAGO 6101-00-000-0000-00-00-000-00029-02
2017-11-01 12:43:50,881 [9] DEBUG  - Porcentaje Reserva Riesgos en curso: 40
2017-11-01 12:43:51,472 [9] DEBUG  - Cuenta para RRC GASTO: 6106-06-000-0000-00-00-000-00053-11
2017-11-01 12:43:52,059 [9] DEBUG  - Cuenta para RRC PASIVO: 6104-06-000-0000-00-00-000-00022-06
2017-11-01 12:43:56,646 [9] DEBUG  - Reaseguradores Comision por Reaseguro: 6106-06-000-0000-00-00-000-00043-02
2017-11-01 12:43:56,646 [9] DEBUG  - Reaseguro Contractual: 6106-06-000-0000-00-00-000-00053-06
2017-11-01 12:43:57,219 [9] DEBUG  - Reaseguradores del exterior – cuenta corriente: 6106-06-000-0000-00-00-000-00043-02
2017-11-01 12:43:57,791 [9] DEBUG  - Reaseguradores Comision por Reaseguro Pasivo: 6103-00-000-0000-00-00-000-00024-02
2017-11-01 12:43:58,362 [9] DEBUG  - RRC para reaseguro INGRESO: 6106-06-000-0000-00-00-000-00043-11
2017-11-01 12:43:58,944 [9] DEBUG  - RRC para reaseguro PASIVO: 6104-06-000-0000-00-00-000-00022-06
2017-11-01 12:44:11,291 [9] DEBUG  - Cuenta por cobrar: 1302-06-201-0505-00-05-175-10002-00
2017-11-01 12:44:11,291 [9] DEBUG  - Cuenta de producto: 4301-06-201-0505-00-05-175-10002-65
2017-11-01 12:44:11,291 [9] DEBUG  - Cuenta de producto: 4301-06-201-0505-00-05-175-10002-15
2017-11-01 12:44:11,291 [9] DEBUG  - Cuenta de producto: 4301-06-201-0505-00-05-175-10002-04
2017-11-01 12:44:11,291 [9] DEBUG  - Cuenta de producto: 4301-06-201-0505-00-05-175-10002-02
2017-11-01 12:44:11,291 [9] DEBUG  - Cuenta de producto: 4301-06-201-0505-00-05-175-10002-13
2017-11-01 12:44:11,291 [9] DEBUG  - Cuenta de producto: 4301-06-201-0505-00-05-175-10002-06
2017-11-01 12:44:11,291 [9] DEBUG  - Cuenta de producto: 4301-06-201-0505-00-05-175-10002-09
2017-11-01 12:44:11,291 [9] DEBUG  - Cuenta de producto: 4301-06-201-0505-00-05-175-10002-12
2017-11-01 12:44:11,291 [9] DEBUG  - Cuenta de producto: 4301-06-201-0505-00-05-175-10002-07
2017-11-01 12:44:11,291 [9] DEBUG  - Cuenta de producto: 4301-06-201-0505-00-05-175-10002-05
2017-11-01 12:44:11,291 [9] DEBUG  - Cuenta de impuestos: 2901-00-000-0000-00-00-171-00001-00
2017-11-01 12:44:13,316 [9] DEBUG  - Cuenta de comisiones GASTO 5302-06-201-0505-00-05-175-10002-65
2017-11-01 12:44:14,946 [9] DEBUG  - Cuenta de comisiones GASTO 5302-06-201-0505-00-05-175-10002-15
2017-11-01 12:44:16,548 [9] DEBUG  - Cuenta de comisiones GASTO 5302-06-201-0505-00-05-175-10002-04
2017-11-01 12:44:18,128 [9] DEBUG  - Cuenta de comisiones GASTO 5302-06-201-0505-00-05-175-10002-02
2017-11-01 12:44:19,728 [9] DEBUG  - Cuenta de comisiones GASTO 5302-06-201-0505-00-05-175-10002-13
2017-11-01 12:44:21,321 [9] DEBUG  - Cuenta de comisiones GASTO 5302-06-201-0505-00-05-175-10002-06
2017-11-01 12:44:22,932 [9] DEBUG  - Cuenta de comisiones GASTO 5302-06-201-0505-00-05-175-10002-09
2017-11-01 12:44:24,527 [9] DEBUG  - Cuenta de comisiones GASTO 5302-06-201-0505-00-05-175-10002-12
2017-11-01 12:44:26,171 [9] DEBUG  - Cuenta de comisiones GASTO 5302-06-201-0505-00-05-175-10002-07
2017-11-01 12:44:27,849 [9] DEBUG  - Cuenta de comisiones GASTO 5302-06-201-0505-00-05-175-10002-05
2017-11-01 12:44:28,838 [9] DEBUG  - Cuenta de comisiones PAGO 2902-00-201-0505-00-05-175-10002-00
2017-11-01 12:44:28,838 [9] DEBUG  - Porcentaje Reserva Riesgos en curso: 40
2017-11-01 12:44:29,756 [9] DEBUG  - Cuenta para RRC GASTO: 5311-06-201-0505-00-05-175-10002-65
2017-11-01 12:44:30,659 [9] DEBUG  - Cuenta para RRC GASTO: 5311-06-201-0505-00-05-175-10002-15
2017-11-01 12:44:31,557 [9] DEBUG  - Cuenta para RRC GASTO: 5311-06-201-0505-00-05-175-10002-04
2017-11-01 12:44:32,476 [9] DEBUG  - Cuenta para RRC GASTO: 5311-06-201-0505-00-05-175-10002-02
2017-11-01 12:44:33,375 [9] DEBUG  - Cuenta para RRC GASTO: 5311-06-201-0505-00-05-175-10002-13
2017-11-01 12:44:34,269 [9] DEBUG  - Cuenta para RRC GASTO: 5311-06-201-0505-00-05-175-10002-06
2017-11-01 12:44:35,193 [9] DEBUG  - Cuenta para RRC GASTO: 5311-06-201-0505-00-05-175-10002-09
2017-11-01 12:44:36,092 [9] DEBUG  - Cuenta para RRC GASTO: 5311-06-201-0505-00-05-175-10002-12
2017-11-01 12:44:36,994 [9] DEBUG  - Cuenta para RRC GASTO: 5311-06-201-0505-00-05-175-10002-07
2017-11-01 12:44:37,915 [9] DEBUG  - Cuenta para RRC GASTO: 5311-06-201-0505-00-05-175-10002-05
2017-11-01 12:44:38,748 [9] DEBUG  - Cuenta para RRC PASIVO: 2206-00-201-0505-00-05-175-10002-00
2017-11-01 12:44:39,656 [9] DEBUG  - Reaseguro Contractual: 5306-06-201-0505-00-05-175-10002-04
2017-11-01 12:44:40,616 [9] DEBUG  - Reaseguradores Comision por Reaseguro: 4302-06-201-0505-00-05-175-10002-04
2017-11-01 12:44:41,518 [9] DEBUG  - Reaseguro Contractual: 5306-06-201-0505-00-05-175-10002-06
2017-11-01 12:44:42,420 [9] DEBUG  - Reaseguradores Comision por Reaseguro: 4302-06-201-0505-00-05-175-10002-06
2017-11-01 12:44:43,358 [9] DEBUG  - Reaseguro Contractual: 5306-06-201-0505-00-05-175-10002-07
2017-11-01 12:44:44,256 [9] DEBUG  - Reaseguradores Comision por Reaseguro: 4302-06-201-0505-00-05-175-10002-07
2017-11-01 12:44:45,151 [9] DEBUG  - Reaseguro Contractual: 5306-06-201-0505-00-05-175-10002-05
2017-11-01 12:44:46,075 [9] DEBUG  - Reaseguradores Comision por Reaseguro: 4302-06-201-0505-00-05-175-10002-05
2017-11-01 12:44:46,912 [9] DEBUG  - Reaseguradores - cuenta corriente: 2402-00-201-0505-00-05-175-10002-00
2017-11-01 12:44:47,730 [9] DEBUG  - Reaseguradores Comision por Reaseguro: 2402-00-201-0505-00-05-175-10002-00
2017-11-01 12:44:48,670 [9] DEBUG  - RRC para reaseguro INGRESO: 4311-06-201-0505-00-05-175-10002-04
2017-11-01 12:44:49,569 [9] DEBUG  - RRC para reaseguro INGRESO: 4311-06-201-0505-00-05-175-10002-06
2017-11-01 12:44:50,482 [9] DEBUG  - RRC para reaseguro INGRESO: 4311-06-201-0505-00-05-175-10002-07
2017-11-01 12:44:51,387 [9] DEBUG  - RRC para reaseguro INGRESO: 4311-06-201-0505-00-05-175-10002-05
2017-11-01 12:44:52,218 [9] DEBUG  - RRC para reaseguro PASIVO: 2206-00-201-0505-00-05-175-10002-00
2017-11-01 12:45:05,421 [9] DEBUG  - Contruyendo encabezado
2017-11-01 12:45:05,421 [9] DEBUG  - Creacion de numero de batch SFFA111201712
2017-11-01 12:45:06,400 [9] DEBUG  - Se obtiene el cliente de GP 1-05-434205
2017-11-01 12:45:24,649 [9] DEBUG  - Cuenta por cobrar: 6104-06-000-0000-00-00-000-00013-02
2017-11-01 12:45:25,220 [9] DEBUG  - Cuenta de producto: 6104-06-000-0000-00-00-000-00043-01
2017-11-01 12:45:25,220 [9] DEBUG  - Cuenta de impuestos: 6101-00-000-0000-00-00-000-00029-01
2017-11-01 12:45:26,373 [9] DEBUG  - Cuenta de comisiones GASTO 6104-06-000-0000-00-00-000-00053-02
2017-11-01 12:45:26,373 [9] DEBUG  - Cuenta de comisiones PAGO 6101-00-000-0000-00-00-000-00029-02
2017-11-01 12:45:26,373 [9] DEBUG  - Porcentaje Reserva Riesgos en curso: 40
2017-11-01 12:45:26,964 [9] DEBUG  - Cuenta para RRC GASTO: 6106-06-000-0000-00-00-000-00053-11
2017-11-01 12:45:27,545 [9] DEBUG  - Cuenta para RRC PASIVO: 6104-06-000-0000-00-00-000-00022-06
2017-11-01 12:45:32,219 [9] DEBUG  - Reaseguradores Comision por Reaseguro: 6106-06-000-0000-00-00-000-00043-02
2017-11-01 12:45:32,219 [9] DEBUG  - Reaseguro Contractual: 6106-06-000-0000-00-00-000-00053-06
2017-11-01 12:45:32,792 [9] DEBUG  - Reaseguradores del exterior – cuenta corriente: 6106-06-000-0000-00-00-000-00043-02
2017-11-01 12:45:33,364 [9] DEBUG  - Reaseguradores Comision por Reaseguro Pasivo: 6103-00-000-0000-00-00-000-00024-02
2017-11-01 12:45:33,934 [9] DEBUG  - RRC para reaseguro INGRESO: 6106-06-000-0000-00-00-000-00043-11
2017-11-01 12:45:34,516 [9] DEBUG  - RRC para reaseguro PASIVO: 6104-06-000-0000-00-00-000-00022-06
2017-11-01 12:45:56,060 [9] DEBUG  - Cuenta por cobrar: 1302-06-201-0505-00-05-177-10002-00
2017-11-01 12:45:56,060 [9] DEBUG  - Cuenta de producto: 4301-06-201-0505-00-05-177-10002-65
2017-11-01 12:45:56,060 [9] DEBUG  - Cuenta de producto: 4301-06-201-0505-00-05-177-10002-24
2017-11-01 12:45:56,060 [9] DEBUG  - Cuenta de producto: 4301-06-201-0505-00-05-177-10002-15
2017-11-01 12:45:56,060 [9] DEBUG  - Cuenta de producto: 4301-06-201-0505-00-05-177-10002-04
2017-11-01 12:45:56,060 [9] DEBUG  - Cuenta de producto: 4301-06-201-0505-00-05-177-10002-02
2017-11-01 12:45:56,060 [9] DEBUG  - Cuenta de producto: 4301-06-201-0505-00-05-177-10002-13
2017-11-01 12:45:56,060 [9] DEBUG  - Cuenta de producto: 4301-06-201-0505-00-05-177-10002-06
2017-11-01 12:45:56,060 [9] DEBUG  - Cuenta de producto: 4301-06-201-0505-00-05-177-10002-09
2017-11-01 12:45:56,060 [9] DEBUG  - Cuenta de producto: 4301-06-201-0505-00-05-177-10002-12
2017-11-01 12:45:56,060 [9] DEBUG  - Cuenta de producto: 4301-06-201-0505-00-05-177-10002-07
2017-11-01 12:45:56,060 [9] DEBUG  - Cuenta de producto: 4301-06-201-0505-00-05-177-10002-05
2017-11-01 12:45:56,060 [9] DEBUG  - Cuenta de producto: 4301-06-201-0505-00-05-177-10002-49
2017-11-01 12:45:56,060 [9] DEBUG  - Cuenta de impuestos: 2901-00-000-0000-00-00-171-00001-00
2017-11-01 12:45:57,135 [9] DEBUG  - Cuenta de comisiones GASTO 5302-06-201-0505-00-05-177-10002-65
2017-11-01 12:45:58,363 [9] DEBUG  - Cuenta de comisiones GASTO 5302-06-201-0505-00-05-177-10002-24
2017-11-01 12:45:59,646 [9] DEBUG  - Cuenta de comisiones GASTO 5302-06-201-0505-00-05-177-10002-15
2017-11-01 12:46:00,878 [9] DEBUG  - Cuenta de comisiones GASTO 5302-06-201-0505-00-05-177-10002-04
2017-11-01 12:46:02,112 [9] DEBUG  - Cuenta de comisiones GASTO 5302-06-201-0505-00-05-177-10002-02
2017-11-01 12:46:03,340 [9] DEBUG  - Cuenta de comisiones GASTO 5302-06-201-0505-00-05-177-10002-13
2017-11-01 12:46:04,592 [9] DEBUG  - Cuenta de comisiones GASTO 5302-06-201-0505-00-05-177-10002-06
2017-11-01 12:46:05,820 [9] DEBUG  - Cuenta de comisiones GASTO 5302-06-201-0505-00-05-177-10002-09
2017-11-01 12:46:07,055 [9] DEBUG  - Cuenta de comisiones GASTO 5302-06-201-0505-00-05-177-10002-12
2017-11-01 12:46:08,295 [9] DEBUG  - Cuenta de comisiones GASTO 5302-06-201-0505-00-05-177-10002-07
2017-11-01 12:46:09,540 [9] DEBUG  - Cuenta de comisiones GASTO 5302-06-201-0505-00-05-177-10002-05
2017-11-01 12:46:11,072 [9] DEBUG  - Cuenta de comisiones GASTO 5302-06-201-0505-00-05-177-10002-49
2017-11-01 12:46:12,087 [9] DEBUG  - Cuenta de comisiones PAGO 2902-00-201-0505-00-05-177-10002-00
2017-11-01 12:46:12,087 [9] DEBUG  - Porcentaje Reserva Riesgos en curso: 40
2017-11-01 12:46:13,302 [9] DEBUG  - Cuenta para RRC GASTO: 5311-06-201-0505-00-05-177-10002-65
2017-11-01 12:46:14,210 [9] DEBUG  - Cuenta para RRC GASTO: 5311-06-201-0505-00-05-177-10002-24
2017-11-01 12:46:15,129 [9] DEBUG  - Cuenta para RRC GASTO: 5311-06-201-0505-00-05-177-10002-15
2017-11-01 12:46:16,034 [9] DEBUG  - Cuenta para RRC GASTO: 5311-06-201-0505-00-05-177-10002-04
2017-11-01 12:46:16,947 [9] DEBUG  - Cuenta para RRC GASTO: 5311-06-201-0505-00-05-177-10002-02
2017-11-01 12:46:17,861 [9] DEBUG  - Cuenta para RRC GASTO: 5311-06-201-0505-00-05-177-10002-13
2017-11-01 12:46:18,753 [9] DEBUG  - Cuenta para RRC GASTO: 5311-06-201-0505-00-05-177-10002-06
2017-11-01 12:46:19,670 [9] DEBUG  - Cuenta para RRC GASTO: 5311-06-201-0505-00-05-177-10002-09
2017-11-01 12:46:20,572 [9] DEBUG  - Cuenta para RRC GASTO: 5311-06-201-0505-00-05-177-10002-12
2017-11-01 12:46:21,933 [9] DEBUG  - Cuenta para RRC GASTO: 5311-06-201-0505-00-05-177-10002-07
2017-11-01 12:46:22,854 [9] DEBUG  - Cuenta para RRC GASTO: 5311-06-201-0505-00-05-177-10002-05
2017-11-01 12:46:23,750 [9] DEBUG  - Cuenta para RRC GASTO: 5311-06-201-0505-00-05-177-10002-49
2017-11-01 12:46:24,578 [9] DEBUG  - Cuenta para RRC PASIVO: 2206-00-201-0505-00-05-177-10002-00
2017-11-01 12:46:25,486 [9] DEBUG  - Reaseguro Contractual: 5306-06-201-0505-00-05-177-10002-04
2017-11-01 12:46:26,445 [9] DEBUG  - Reaseguradores Comision por Reaseguro: 4302-06-201-0505-00-05-177-10002-04
2017-11-01 12:46:27,462 [9] DEBUG  - Reaseguro Contractual: 5306-06-201-0505-00-05-177-10002-06
2017-11-01 12:46:28,431 [9] DEBUG  - Reaseguradores Comision por Reaseguro: 4302-06-201-0505-00-05-177-10002-06
2017-11-01 12:46:29,456 [9] DEBUG  - Reaseguro Contractual: 5306-06-201-0505-00-05-177-10002-07
2017-11-01 12:46:30,364 [9] DEBUG  - Reaseguradores Comision por Reaseguro: 4302-06-201-0505-00-05-177-10002-07
2017-11-01 12:46:31,260 [9] DEBUG  - Reaseguro Contractual: 5306-06-201-0505-00-05-177-10002-05
2017-11-01 12:46:32,163 [9] DEBUG  - Reaseguradores Comision por Reaseguro: 4302-06-201-0505-00-05-177-10002-05
2017-11-01 12:46:32,997 [9] DEBUG  - Reaseguradores - cuenta corriente: 2402-00-201-0505-00-05-177-10002-00
2017-11-01 12:46:33,817 [9] DEBUG  - Reaseguradores Comision por Reaseguro: 2402-00-201-0505-00-05-177-10002-00
2017-11-01 12:46:34,720 [9] DEBUG  - RRC para reaseguro INGRESO: 4311-06-201-0505-00-05-177-10002-04
2017-11-01 12:46:35,615 [9] DEBUG  - RRC para reaseguro INGRESO: 4311-06-201-0505-00-05-177-10002-06
2017-11-01 12:46:36,512 [9] DEBUG  - RRC para reaseguro INGRESO: 4311-06-201-0505-00-05-177-10002-07
2017-11-01 12:46:37,409 [9] DEBUG  - RRC para reaseguro INGRESO: 4311-06-201-0505-00-05-177-10002-05
2017-11-01 12:46:38,233 [9] DEBUG  - RRC para reaseguro PASIVO: 2206-00-201-0505-00-05-177-10002-00
2017-11-01 12:46:53,360 [9] DEBUG  - Contruyendo encabezado
2017-11-01 12:46:53,360 [9] DEBUG  - Creacion de numero de batch SFFA111201712
2017-11-01 12:46:54,516 [9] DEBUG  - Se obtiene el cliente de GP 1-05-434855
2017-11-01 12:47:08,595 [9] DEBUG  - Cuenta por cobrar: 6104-06-000-0000-00-00-000-00013-02
2017-11-01 12:47:09,314 [9] DEBUG  - Cuenta de producto: 6104-06-000-0000-00-00-000-00043-01
2017-11-01 12:47:09,314 [9] DEBUG  - Cuenta de impuestos: 6101-00-000-0000-00-00-000-00029-01
2017-11-01 12:47:10,681 [9] DEBUG  - Cuenta de comisiones GASTO 6104-06-000-0000-00-00-000-00053-02
2017-11-01 12:47:10,681 [9] DEBUG  - Cuenta de comisiones PAGO 6101-00-000-0000-00-00-000-00029-02
2017-11-01 12:47:10,681 [9] DEBUG  - Porcentaje Reserva Riesgos en curso: 40
2017-11-01 12:47:11,319 [9] DEBUG  - Cuenta para RRC GASTO: 6106-06-000-0000-00-00-000-00053-11
2017-11-01 12:47:11,960 [9] DEBUG  - Cuenta para RRC PASIVO: 6104-06-000-0000-00-00-000-00022-06
2017-11-01 12:47:17,495 [9] DEBUG  - Reaseguradores Comision por Reaseguro: 6106-06-000-0000-00-00-000-00043-02
2017-11-01 12:47:17,495 [9] DEBUG  - Reaseguro Contractual: 6106-06-000-0000-00-00-000-00053-06
2017-11-01 12:47:18,059 [9] DEBUG  - Reaseguradores del exterior – cuenta corriente: 6106-06-000-0000-00-00-000-00043-02
2017-11-01 12:47:18,634 [9] DEBUG  - Reaseguradores Comision por Reaseguro Pasivo: 6103-00-000-0000-00-00-000-00024-02
2017-11-01 12:47:19,201 [9] DEBUG  - RRC para reaseguro INGRESO: 6106-06-000-0000-00-00-000-00043-11
2017-11-01 12:47:19,772 [9] DEBUG  - RRC para reaseguro PASIVO: 6104-06-000-0000-00-00-000-00022-06
2017-11-01 12:47:32,051 [9] DEBUG  - Cuenta por cobrar: 1302-06-201-0305-00-05-174-10051-00
2017-11-01 12:47:32,051 [9] DEBUG  - Cuenta de producto: 4301-06-201-0305-00-05-174-10051-65
2017-11-01 12:47:32,051 [9] DEBUG  - Cuenta de producto: 4301-06-201-0305-00-05-174-10051-24
2017-11-01 12:47:32,051 [9] DEBUG  - Cuenta de producto: 4301-06-201-0305-00-05-174-10051-15
2017-11-01 12:47:32,051 [9] DEBUG  - Cuenta de producto: 4301-06-201-0305-00-05-174-10051-04
2017-11-01 12:47:32,051 [9] DEBUG  - Cuenta de producto: 4301-06-201-0305-00-05-174-10051-02
2017-11-01 12:47:32,051 [9] DEBUG  - Cuenta de producto: 4301-06-201-0305-00-05-174-10051-13
2017-11-01 12:47:32,051 [9] DEBUG  - Cuenta de producto: 4301-06-201-0305-00-05-174-10051-09
2017-11-01 12:47:32,051 [9] DEBUG  - Cuenta de producto: 4301-06-201-0305-00-05-174-10051-12
2017-11-01 12:47:32,051 [9] DEBUG  - Cuenta de producto: 4301-06-201-0305-00-05-174-10051-49
2017-11-01 12:47:32,051 [9] DEBUG  - Cuenta de impuestos: 2901-00-000-0000-00-00-171-00001-00
2017-11-01 12:47:33,106 [9] DEBUG  - Cuenta de comisiones GASTO 5302-06-201-0305-00-05-174-10051-65
2017-11-01 12:47:34,337 [9] DEBUG  - Cuenta de comisiones GASTO 5302-06-201-0305-00-05-174-10051-24
2017-11-01 12:47:35,568 [9] DEBUG  - Cuenta de comisiones GASTO 5302-06-201-0305-00-05-174-10051-15
2017-11-01 12:47:36,780 [9] DEBUG  - Cuenta de comisiones GASTO 5302-06-201-0305-00-05-174-10051-04
2017-11-01 12:47:37,992 [9] DEBUG  - Cuenta de comisiones GASTO 5302-06-201-0305-00-05-174-10051-02
2017-11-01 12:47:39,204 [9] DEBUG  - Cuenta de comisiones GASTO 5302-06-201-0305-00-05-174-10051-13
2017-11-01 12:47:40,416 [9] DEBUG  - Cuenta de comisiones GASTO 5302-06-201-0305-00-05-174-10051-09
2017-11-01 12:47:41,628 [9] DEBUG  - Cuenta de comisiones GASTO 5302-06-201-0305-00-05-174-10051-12
2017-11-01 12:47:42,841 [9] DEBUG  - Cuenta de comisiones GASTO 5302-06-201-0305-00-05-174-10051-49
2017-11-01 12:47:43,819 [9] DEBUG  - Cuenta de comisiones PAGO 2902-00-201-0305-00-05-174-10051-00
2017-11-01 12:47:43,819 [9] DEBUG  - Porcentaje Reserva Riesgos en curso: 40
2017-11-01 12:47:44,731 [9] DEBUG  - Cuenta para RRC GASTO: 5311-06-201-0305-00-05-174-10051-65
2017-11-01 12:47:45,630 [9] DEBUG  - Cuenta para RRC GASTO: 5311-06-201-0305-00-05-174-10051-24
2017-11-01 12:47:46,534 [9] DEBUG  - Cuenta para RRC GASTO: 5311-06-201-0305-00-05-174-10051-15
2017-11-01 12:47:47,421 [9] DEBUG  - Cuenta para RRC GASTO: 5311-06-201-0305-00-05-174-10051-04
2017-11-01 12:47:48,309 [9] DEBUG  - Cuenta para RRC GASTO: 5311-06-201-0305-00-05-174-10051-02
2017-11-01 12:47:49,508 [9] DEBUG  - Cuenta para RRC GASTO: 5311-06-201-0305-00-05-174-10051-13
2017-11-01 12:47:50,407 [9] DEBUG  - Cuenta para RRC GASTO: 5311-06-201-0305-00-05-174-10051-09
2017-11-01 12:47:51,351 [9] DEBUG  - Cuenta para RRC GASTO: 5311-06-201-0305-00-05-174-10051-12
2017-11-01 12:47:52,262 [9] DEBUG  - Cuenta para RRC GASTO: 5311-06-201-0305-00-05-174-10051-49
2017-11-01 12:47:53,076 [9] DEBUG  - Cuenta para RRC PASIVO: 2206-00-201-0305-00-05-174-10051-00
2017-11-01 12:47:53,991 [9] DEBUG  - Reaseguro Contractual: 5306-06-201-0305-00-05-174-10051-04
2017-11-01 12:47:54,905 [9] DEBUG  - Reaseguradores Comision por Reaseguro: 4302-06-201-0305-00-05-174-10051-04
2017-11-01 12:47:55,809 [9] DEBUG  - Reaseguro Contractual: 5306-06-201-0305-00-05-174-10051-06
2017-11-01 12:47:56,703 [9] DEBUG  - Reaseguradores Comision por Reaseguro: 4302-06-201-0305-00-05-174-10051-06
2017-11-01 12:47:57,599 [9] DEBUG  - Reaseguro Contractual: 5306-06-201-0305-00-05-174-10051-07
2017-11-01 12:47:58,491 [9] DEBUG  - Reaseguradores Comision por Reaseguro: 4302-06-201-0305-00-05-174-10051-07
2017-11-01 12:47:59,683 [9] DEBUG  - Reaseguro Contractual: 5306-06-201-0305-00-05-174-10051-05
2017-11-01 12:48:00,575 [9] DEBUG  - Reaseguradores Comision por Reaseguro: 4302-06-201-0305-00-05-174-10051-05
2017-11-01 12:48:01,396 [9] DEBUG  - Reaseguradores - cuenta corriente: 2402-00-201-0305-00-05-174-10051-00
2017-11-01 12:48:02,210 [9] DEBUG  - Reaseguradores Comision por Reaseguro: 2402-00-201-0305-00-05-174-10051-00
2017-11-01 12:48:03,121 [9] DEBUG  - RRC para reaseguro INGRESO: 4311-06-201-0305-00-05-174-10051-04
2017-11-01 12:48:04,014 [9] DEBUG  - RRC para reaseguro INGRESO: 4311-06-201-0305-00-05-174-10051-06
2017-11-01 12:48:04,947 [9] DEBUG  - RRC para reaseguro INGRESO: 4311-06-201-0305-00-05-174-10051-07
2017-11-01 12:48:05,851 [9] DEBUG  - RRC para reaseguro INGRESO: 4311-06-201-0305-00-05-174-10051-05
2017-11-01 12:48:06,661 [9] DEBUG  - RRC para reaseguro PASIVO: 2206-00-201-0305-00-05-174-10051-00
2017-11-01 12:48:18,340 [9] DEBUG  - Contruyendo encabezado
2017-11-01 12:48:18,340 [9] DEBUG  - Creacion de numero de batch SFFA111201712
2017-11-01 12:48:19,480 [9] DEBUG  - Se obtiene el cliente de GP 1-05-441426
2017-11-01 12:48:27,054 [9] DEBUG  - Cuenta por cobrar: 6104-06-000-0000-00-00-000-00013-02
2017-11-01 12:48:27,628 [9] DEBUG  - Cuenta de producto: 6104-06-000-0000-00-00-000-00043-01
2017-11-01 12:48:27,628 [9] DEBUG  - Cuenta de impuestos: 6101-00-000-0000-00-00-000-00029-01
2017-11-01 12:48:28,784 [9] DEBUG  - Cuenta de comisiones GASTO 6104-06-000-0000-00-00-000-00053-02
2017-11-01 12:48:28,784 [9] DEBUG  - Cuenta de comisiones PAGO 6101-00-000-0000-00-00-000-00029-02
2017-11-01 12:48:28,784 [9] DEBUG  - Porcentaje Reserva Riesgos en curso: 40
2017-11-01 12:48:29,353 [9] DEBUG  - Cuenta para RRC GASTO: 6106-06-000-0000-00-00-000-00053-11
2017-11-01 12:48:29,923 [9] DEBUG  - Cuenta para RRC PASIVO: 6104-06-000-0000-00-00-000-00022-06
2017-11-01 12:48:37,571 [9] DEBUG  - Cuenta por cobrar: 1302-06-201-0401-00-05-174-10011-00
2017-11-01 12:48:37,571 [9] DEBUG  - Cuenta de producto: 4301-06-201-0401-00-05-174-10011-65
2017-11-01 12:48:37,571 [9] DEBUG  - Cuenta de producto: 4301-06-201-0401-00-05-174-10011-02
2017-11-01 12:48:37,571 [9] DEBUG  - Cuenta de producto: 4301-06-201-0401-00-05-174-10011-13
2017-11-01 12:48:37,571 [9] DEBUG  - Cuenta de producto: 4301-06-201-0401-00-05-174-10011-09
2017-11-01 12:48:37,571 [9] DEBUG  - Cuenta de producto: 4301-06-201-0401-00-05-174-10011-12
2017-11-01 12:48:37,571 [9] DEBUG  - Cuenta de producto: 4301-06-201-0401-00-05-174-10011-16
2017-11-01 12:48:37,571 [9] DEBUG  - Cuenta de impuestos: 2901-00-000-0000-00-00-171-00001-00
2017-11-01 12:48:38,701 [9] DEBUG  - Cuenta de comisiones GASTO 5302-06-201-0401-00-05-174-10011-65
2017-11-01 12:48:40,036 [9] DEBUG  - Cuenta de comisiones GASTO 5302-06-201-0401-00-05-174-10011-02
2017-11-01 12:48:41,396 [9] DEBUG  - Cuenta de comisiones GASTO 5302-06-201-0401-00-05-174-10011-13
2017-11-01 12:48:42,660 [9] DEBUG  - Cuenta de comisiones GASTO 5302-06-201-0401-00-05-174-10011-09
2017-11-01 12:48:43,871 [9] DEBUG  - Cuenta de comisiones GASTO 5302-06-201-0401-00-05-174-10011-12
2017-11-01 12:48:45,102 [9] DEBUG  - Cuenta de comisiones GASTO 5302-06-201-0401-00-05-174-10011-16
2017-11-01 12:48:46,084 [9] DEBUG  - Cuenta de comisiones PAGO 2902-00-201-0401-00-05-174-10011-00
2017-11-01 12:48:46,084 [9] DEBUG  - Porcentaje Reserva Riesgos en curso: 40
2017-11-01 12:48:46,967 [9] DEBUG  - Cuenta para RRC GASTO: 5311-06-201-0401-00-05-174-10011-65
2017-11-01 12:48:47,858 [9] DEBUG  - Cuenta para RRC GASTO: 5311-06-201-0401-00-05-174-10011-02
2017-11-01 12:48:48,751 [9] DEBUG  - Cuenta para RRC GASTO: 5311-06-201-0401-00-05-174-10011-13
2017-11-01 12:48:49,655 [9] DEBUG  - Cuenta para RRC GASTO: 5311-06-201-0401-00-05-174-10011-09
2017-11-01 12:48:50,582 [9] DEBUG  - Cuenta para RRC GASTO: 5311-06-201-0401-00-05-174-10011-12
2017-11-01 12:48:51,520 [9] DEBUG  - Cuenta para RRC GASTO: 5311-06-201-0401-00-05-174-10011-16
2017-11-01 12:48:52,356 [9] DEBUG  - Cuenta para RRC PASIVO: 2206-00-201-0401-00-05-174-10011-00
2017-11-01 12:48:58,876 [9] DEBUG  - Contruyendo encabezado
2017-11-01 12:48:58,876 [9] DEBUG  - Creacion de numero de batch SFFA111201712
2017-11-01 12:48:59,598 [9] DEBUG  - Se obtiene el cliente de GP 1-05-435909
2017-11-01 12:49:15,744 [9] WARN  - No se encontró configuracion para el canal Ventas Directas e Itemnumbr: TOTAL PLUS (FULL)
2017-11-01 12:49:15,752 [9] ERROR  - Ocurrió un error: 
System.NullReferenceException: Object reference not set to an instance of an object.
   at InvoiceSync.DAL.InvoiceDAL.GetCommission(String salesperson, String itemnmbr, String channel, Decimal amount) in C:\VSProjects\SysflexIntegration\InvoiceSync\DAL\InvoiceDAL.cs:line 279
2017-11-01 12:49:15,767 [9] ERROR  - Ocurrió un error: 
System.NullReferenceException: Object reference not set to an instance of an object.
   at InvoiceSync.DAL.InvoiceDAL.GetCommission(String salesperson, String itemnmbr, String channel, Decimal amount) in C:\VSProjects\SysflexIntegration\InvoiceSync\DAL\InvoiceDAL.cs:line 296
   at InvoiceSync.BL.InvoiceBL.CreateCommissions(SYSFLEX_POLICY policyInfo, TRANSACTION_INVOICE policyTransaction, SOPHeader header, SOPDetail[] detail, List`1 transactionbyCoverage) in C:\VSProjects\SysflexIntegration\InvoiceSync\BL\InvoiceBL.cs:line 676
2017-11-01 12:49:15,770 [9] ERROR  - Ocurrió un error al generar el invoice para la poliza 1-05-435909
System.NullReferenceException: Object reference not set to an instance of an object.
   at InvoiceSync.DAL.InvoiceDAL.GetCommission(String salesperson, String itemnmbr, String channel, Decimal amount) in C:\VSProjects\SysflexIntegration\InvoiceSync\DAL\InvoiceDAL.cs:line 296
   at InvoiceSync.BL.InvoiceBL.CreateCommissions(SYSFLEX_POLICY policyInfo, TRANSACTION_INVOICE policyTransaction, SOPHeader header, SOPDetail[] detail, List`1 transactionbyCoverage) in C:\VSProjects\SysflexIntegration\InvoiceSync\BL\InvoiceBL.cs:line 698
   at InvoiceSync.InvoiceSyncTaskRenew.Process() in C:\VSProjects\SysflexIntegration\InvoiceSync\InvoiceSyncRenew.cs:line 83
2017-11-01 12:49:16,243 [9] DEBUG  - Contruyendo encabezado
2017-11-01 12:49:16,243 [9] DEBUG  - Creacion de numero de batch SFFA111201712
2017-11-01 12:49:18,176 [9] DEBUG  - Se obtiene el cliente de GP 1-05-433204
2017-11-01 12:49:35,869 [9] DEBUG  - Cuenta por cobrar: 6104-06-000-0000-00-00-000-00013-02
2017-11-01 12:49:36,587 [9] DEBUG  - Cuenta de producto: 6104-06-000-0000-00-00-000-00043-01
2017-11-01 12:49:36,587 [9] DEBUG  - Cuenta de impuestos: 6101-00-000-0000-00-00-000-00029-01
2017-11-01 12:49:37,874 [9] DEBUG  - Cuenta de comisiones GASTO 6104-06-000-0000-00-00-000-00053-02
2017-11-01 12:49:37,874 [9] DEBUG  - Cuenta de comisiones PAGO 6101-00-000-0000-00-00-000-00029-02
2017-11-01 12:49:37,874 [9] DEBUG  - Porcentaje Reserva Riesgos en curso: 40
2017-11-01 12:49:38,792 [9] DEBUG  - Cuenta para RRC GASTO: 6106-06-000-0000-00-00-000-00053-11
2017-11-01 12:49:39,777 [9] DEBUG  - Cuenta para RRC PASIVO: 6104-06-000-0000-00-00-000-00022-06
2017-11-01 12:49:47,549 [9] DEBUG  - Reaseguradores Comision por Reaseguro: 6106-06-000-0000-00-00-000-00043-02
2017-11-01 12:49:47,549 [9] DEBUG  - Reaseguro Contractual: 6106-06-000-0000-00-00-000-00053-06
2017-11-01 12:49:48,606 [9] DEBUG  - Reaseguradores del exterior – cuenta corriente: 6106-06-000-0000-00-00-000-00043-02
2017-11-01 12:49:49,658 [9] DEBUG  - Reaseguradores Comision por Reaseguro Pasivo: 6103-00-000-0000-00-00-000-00024-02
2017-11-01 12:49:50,648 [9] DEBUG  - RRC para reaseguro INGRESO: 6106-06-000-0000-00-00-000-00043-11
2017-11-01 12:49:51,318 [9] DEBUG  - RRC para reaseguro PASIVO: 6104-06-000-0000-00-00-000-00022-06
2017-11-01 12:50:17,839 [9] DEBUG  - Cuenta por cobrar: 1302-06-201-0405-00-04-175-10039-00
2017-11-01 12:50:17,839 [9] DEBUG  - Cuenta de producto: 4301-06-201-0405-00-04-175-10039-65
2017-11-01 12:50:17,839 [9] DEBUG  - Cuenta de producto: 4301-06-201-0405-00-04-175-10039-24
2017-11-01 12:50:17,839 [9] DEBUG  - Cuenta de producto: 4301-06-201-0405-00-04-175-10039-15
2017-11-01 12:50:17,839 [9] DEBUG  - Cuenta de producto: 4301-06-201-0405-00-04-175-10039-04
2017-11-01 12:50:17,839 [9] DEBUG  - Cuenta de producto: 4301-06-201-0405-00-04-175-10039-02
2017-11-01 12:50:17,839 [9] DEBUG  - Cuenta de producto: 4301-06-201-0405-00-04-175-10039-13
2017-11-01 12:50:17,839 [9] DEBUG  - Cuenta de producto: 4301-06-201-0405-00-04-175-10039-06
2017-11-01 12:50:17,839 [9] DEBUG  - Cuenta de producto: 4301-06-201-0405-00-04-175-10039-09
2017-11-01 12:50:17,839 [9] DEBUG  - Cuenta de producto: 4301-06-201-0405-00-04-175-10039-12
2017-11-01 12:50:17,839 [9] DEBUG  - Cuenta de producto: 4301-06-201-0405-00-04-175-10039-07
2017-11-01 12:50:17,839 [9] DEBUG  - Cuenta de producto: 4301-06-201-0405-00-04-175-10039-05
2017-11-01 12:50:17,839 [9] DEBUG  - Cuenta de producto: 4301-06-201-0405-00-04-175-10039-48
2017-11-01 12:50:17,839 [9] DEBUG  - Cuenta de impuestos: 2901-00-000-0000-00-00-171-00001-00
2017-11-01 12:50:19,573 [9] DEBUG  - Cuenta de comisiones GASTO 5302-06-201-0405-00-04-175-10039-65
2017-11-01 12:50:21,675 [9] DEBUG  - Cuenta de comisiones GASTO 5302-06-201-0405-00-04-175-10039-24
2017-11-01 12:50:23,230 [9] DEBUG  - Cuenta de comisiones GASTO 5302-06-201-0405-00-04-175-10039-15
2017-11-01 12:50:25,566 [9] DEBUG  - Cuenta de comisiones GASTO 5302-06-201-0405-00-04-175-10039-04
2017-11-01 12:50:27,150 [9] DEBUG  - Cuenta de comisiones GASTO 5302-06-201-0405-00-04-175-10039-02
2017-11-01 12:50:28,509 [9] DEBUG  - Cuenta de comisiones GASTO 5302-06-201-0405-00-04-175-10039-13
2017-11-01 12:50:29,732 [9] DEBUG  - Cuenta de comisiones GASTO 5302-06-201-0405-00-04-175-10039-06
2017-11-01 12:50:30,948 [9] DEBUG  - Cuenta de comisiones GASTO 5302-06-201-0405-00-04-175-10039-09
2017-11-01 12:50:32,173 [9] DEBUG  - Cuenta de comisiones GASTO 5302-06-201-0405-00-04-175-10039-12
2017-11-01 12:50:33,390 [9] DEBUG  - Cuenta de comisiones GASTO 5302-06-201-0405-00-04-175-10039-07
2017-11-01 12:50:34,600 [9] DEBUG  - Cuenta de comisiones GASTO 5302-06-201-0405-00-04-175-10039-05
2017-11-01 12:50:35,844 [9] DEBUG  - Cuenta de comisiones GASTO 5302-06-201-0405-00-04-175-10039-48
2017-11-01 12:50:36,858 [9] DEBUG  - Cuenta de comisiones PAGO 2902-00-201-0405-00-04-175-10039-00
2017-11-01 12:50:36,859 [9] DEBUG  - Porcentaje Reserva Riesgos en curso: 40
2017-11-01 12:50:37,769 [9] DEBUG  - Cuenta para RRC GASTO: 5311-06-201-0405-00-04-175-10039-65
2017-11-01 12:50:38,658 [9] DEBUG  - Cuenta para RRC GASTO: 5311-06-201-0405-00-04-175-10039-24
2017-11-01 12:50:39,550 [9] DEBUG  - Cuenta para RRC GASTO: 5311-06-201-0405-00-04-175-10039-15
2017-11-01 12:50:40,462 [9] DEBUG  - Cuenta para RRC GASTO: 5311-06-201-0405-00-04-175-10039-04
2017-11-01 12:50:41,352 [9] DEBUG  - Cuenta para RRC GASTO: 5311-06-201-0405-00-04-175-10039-02
2017-11-01 12:50:42,251 [9] DEBUG  - Cuenta para RRC GASTO: 5311-06-201-0405-00-04-175-10039-13
2017-11-01 12:50:43,139 [9] DEBUG  - Cuenta para RRC GASTO: 5311-06-201-0405-00-04-175-10039-06
2017-11-01 12:50:44,024 [9] DEBUG  - Cuenta para RRC GASTO: 5311-06-201-0405-00-04-175-10039-09
2017-11-01 12:50:44,940 [9] DEBUG  - Cuenta para RRC GASTO: 5311-06-201-0405-00-04-175-10039-12
2017-11-01 12:50:45,840 [9] DEBUG  - Cuenta para RRC GASTO: 5311-06-201-0405-00-04-175-10039-07
2017-11-01 12:50:46,732 [9] DEBUG  - Cuenta para RRC GASTO: 5311-06-201-0405-00-04-175-10039-05
2017-11-01 12:50:47,714 [9] DEBUG  - Cuenta para RRC GASTO: 5311-06-201-0405-00-04-175-10039-48
2017-11-01 12:50:48,554 [9] DEBUG  - Cuenta para RRC PASIVO: 2206-00-201-0405-00-04-175-10039-00
2017-11-01 12:50:49,469 [9] DEBUG  - Reaseguro Contractual: 5306-06-201-0405-00-04-175-10039-04
2017-11-01 12:50:50,356 [9] DEBUG  - Reaseguradores Comision por Reaseguro: 4302-06-201-0405-00-04-175-10039-04
2017-11-01 12:50:51,242 [9] DEBUG  - Reaseguro Contractual: 5306-06-201-0405-00-04-175-10039-06
2017-11-01 12:50:52,138 [9] DEBUG  - Reaseguradores Comision por Reaseguro: 4302-06-201-0405-00-04-175-10039-06
2017-11-01 12:50:53,325 [9] DEBUG  - Reaseguro Contractual: 5306-06-201-0405-00-04-175-10039-07
2017-11-01 12:50:54,218 [9] DEBUG  - Reaseguradores Comision por Reaseguro: 4302-06-201-0405-00-04-175-10039-07
2017-11-01 12:50:55,104 [9] DEBUG  - Reaseguro Contractual: 5306-06-201-0405-00-04-175-10039-05
2017-11-01 12:50:56,311 [9] DEBUG  - Reaseguradores Comision por Reaseguro: 4302-06-201-0405-00-04-175-10039-05
2017-11-01 12:50:57,553 [9] DEBUG  - Reaseguradores - cuenta corriente: 2402-00-201-0405-00-04-175-10039-00
2017-11-01 12:50:58,357 [9] DEBUG  - Reaseguradores Comision por Reaseguro: 2402-00-201-0405-00-04-175-10039-00
2017-11-01 12:50:59,237 [9] DEBUG  - RRC para reaseguro INGRESO: 4311-06-201-0405-00-04-175-10039-04
2017-11-01 12:51:00,135 [9] DEBUG  - RRC para reaseguro INGRESO: 4311-06-201-0405-00-04-175-10039-06
2017-11-01 12:51:01,024 [9] DEBUG  - RRC para reaseguro INGRESO: 4311-06-201-0405-00-04-175-10039-07
2017-11-01 12:51:01,922 [9] DEBUG  - RRC para reaseguro INGRESO: 4311-06-201-0405-00-04-175-10039-05
2017-11-01 12:51:02,755 [9] DEBUG  - RRC para reaseguro PASIVO: 2206-00-201-0405-00-04-175-10039-00
2017-11-01 12:51:23,283 [9] DEBUG  - Contruyendo encabezado
2017-11-01 12:51:23,283 [9] DEBUG  - Creacion de numero de batch SFFA111201712
2017-11-01 12:51:24,433 [9] DEBUG  - Se obtiene el cliente de GP 1-05-432590
2017-11-01 12:51:32,594 [9] DEBUG  - Cuenta por cobrar: 6104-06-000-0000-00-00-000-00013-02
2017-11-01 12:51:33,242 [9] DEBUG  - Cuenta de producto: 6104-06-000-0000-00-00-000-00043-01
2017-11-01 12:51:33,242 [9] DEBUG  - Cuenta de impuestos: 6101-00-000-0000-00-00-000-00029-01
2017-11-01 12:51:34,959 [9] DEBUG  - Cuenta de comisiones GASTO 6104-06-000-0000-00-00-000-00053-02
2017-11-01 12:51:34,959 [9] DEBUG  - Cuenta de comisiones PAGO 6101-00-000-0000-00-00-000-00029-02
2017-11-01 12:51:34,959 [9] DEBUG  - Porcentaje Reserva Riesgos en curso: 40
2017-11-01 12:51:38,657 [9] DEBUG  - Cuenta para RRC GASTO: 6106-06-000-0000-00-00-000-00053-11
2017-11-01 12:51:39,359 [9] DEBUG  - Cuenta para RRC PASIVO: 6104-06-000-0000-00-00-000-00022-06
2017-11-01 12:51:50,380 [9] DEBUG  - Cuenta por cobrar: 1302-06-201-0201-00-03-174-10052-00
2017-11-01 12:51:50,380 [9] DEBUG  - Cuenta de producto: 4301-06-201-0201-00-03-174-10052-65
2017-11-01 12:51:50,380 [9] DEBUG  - Cuenta de producto: 4301-06-201-0201-00-03-174-10052-02
2017-11-01 12:51:50,380 [9] DEBUG  - Cuenta de producto: 4301-06-201-0201-00-03-174-10052-13
2017-11-01 12:51:50,380 [9] DEBUG  - Cuenta de producto: 4301-06-201-0201-00-03-174-10052-09
2017-11-01 12:51:50,380 [9] DEBUG  - Cuenta de producto: 4301-06-201-0201-00-03-174-10052-12
2017-11-01 12:51:50,380 [9] DEBUG  - Cuenta de impuestos: 2901-00-000-0000-00-00-171-00001-00
2017-11-01 12:51:51,854 [9] DEBUG  - Cuenta de comisiones GASTO 5302-06-201-0201-00-03-174-10052-65
2017-11-01 12:51:53,194 [9] DEBUG  - Cuenta de comisiones GASTO 5302-06-201-0201-00-03-174-10052-02
2017-11-01 12:51:54,494 [9] DEBUG  - Cuenta de comisiones GASTO 5302-06-201-0201-00-03-174-10052-13
2017-11-01 12:51:55,719 [9] DEBUG  - Cuenta de comisiones GASTO 5302-06-201-0201-00-03-174-10052-09
2017-11-01 12:51:56,952 [9] DEBUG  - Cuenta de comisiones GASTO 5302-06-201-0201-00-03-174-10052-12
2017-11-01 12:51:57,928 [9] DEBUG  - Cuenta de comisiones PAGO 2902-00-201-0201-00-03-174-10052-00
2017-11-01 12:51:57,928 [9] DEBUG  - Porcentaje Reserva Riesgos en curso: 40
2017-11-01 12:51:58,826 [9] DEBUG  - Cuenta para RRC GASTO: 5311-06-201-0201-00-03-174-10052-65
2017-11-01 12:51:59,750 [9] DEBUG  - Cuenta para RRC GASTO: 5311-06-201-0201-00-03-174-10052-02
2017-11-01 12:52:00,655 [9] DEBUG  - Cuenta para RRC GASTO: 5311-06-201-0201-00-03-174-10052-13
2017-11-01 12:52:01,627 [9] DEBUG  - Cuenta para RRC GASTO: 5311-06-201-0201-00-03-174-10052-09
2017-11-01 12:52:02,688 [9] DEBUG  - Cuenta para RRC GASTO: 5311-06-201-0201-00-03-174-10052-12
2017-11-01 12:52:03,692 [9] DEBUG  - Cuenta para RRC PASIVO: 2206-00-201-0201-00-03-174-10052-00
2017-11-01 12:52:09,564 [9] DEBUG  - Contruyendo encabezado
2017-11-01 12:52:09,564 [9] DEBUG  - Creacion de numero de batch SFFA111201712
2017-11-01 12:52:10,302 [9] DEBUG  - Se obtiene el cliente de GP 1-05-428309
2017-11-01 12:52:16,978 [9] DEBUG  - Cuenta por cobrar: 6104-06-000-0000-00-00-000-00013-02
2017-11-01 12:52:17,559 [9] DEBUG  - Cuenta de producto: 6104-06-000-0000-00-00-000-00043-01
2017-11-01 12:52:17,559 [9] DEBUG  - Cuenta de impuestos: 6101-00-000-0000-00-00-000-00029-01
2017-11-01 12:52:18,686 [9] DEBUG  - Cuenta de comisiones GASTO 6104-06-000-0000-00-00-000-00053-02
2017-11-01 12:52:18,687 [9] DEBUG  - Cuenta de comisiones PAGO 6101-00-000-0000-00-00-000-00029-02
2017-11-01 12:52:18,687 [9] DEBUG  - Porcentaje Reserva Riesgos en curso: 40
2017-11-01 12:52:19,254 [9] DEBUG  - Cuenta para RRC GASTO: 6106-06-000-0000-00-00-000-00053-11
2017-11-01 12:52:19,822 [9] DEBUG  - Cuenta para RRC PASIVO: 6104-06-000-0000-00-00-000-00022-06
2017-11-01 12:52:27,388 [9] DEBUG  - Cuenta por cobrar: 1302-06-201-0201-00-05-177-10002-00
2017-11-01 12:52:27,388 [9] DEBUG  - Cuenta de producto: 4301-06-201-0201-00-05-177-10002-65
2017-11-01 12:52:27,388 [9] DEBUG  - Cuenta de producto: 4301-06-201-0201-00-05-177-10002-02
2017-11-01 12:52:27,388 [9] DEBUG  - Cuenta de producto: 4301-06-201-0201-00-05-177-10002-13
2017-11-01 12:52:27,388 [9] DEBUG  - Cuenta de producto: 4301-06-201-0201-00-05-177-10002-09
2017-11-01 12:52:27,388 [9] DEBUG  - Cuenta de producto: 4301-06-201-0201-00-05-177-10002-12
2017-11-01 12:52:27,388 [9] DEBUG  - Cuenta de impuestos: 2901-00-000-0000-00-00-171-00001-00
2017-11-01 12:52:28,474 [9] DEBUG  - Cuenta de comisiones GASTO 5302-06-201-0201-00-05-177-10002-65
2017-11-01 12:52:29,686 [9] DEBUG  - Cuenta de comisiones GASTO 5302-06-201-0201-00-05-177-10002-02
2017-11-01 12:52:31,065 [9] DEBUG  - Cuenta de comisiones GASTO 5302-06-201-0201-00-05-177-10002-13
2017-11-01 12:52:32,734 [9] DEBUG  - Cuenta de comisiones GASTO 5302-06-201-0201-00-05-177-10002-09
2017-11-01 12:52:34,045 [9] DEBUG  - Cuenta de comisiones GASTO 5302-06-201-0201-00-05-177-10002-12
2017-11-01 12:52:35,019 [9] DEBUG  - Cuenta de comisiones PAGO 2902-00-201-0201-00-05-177-10002-00
2017-11-01 12:52:35,019 [9] DEBUG  - Porcentaje Reserva Riesgos en curso: 40
2017-11-01 12:52:35,942 [9] DEBUG  - Cuenta para RRC GASTO: 5311-06-201-0201-00-05-177-10002-65
2017-11-01 12:52:36,870 [9] DEBUG  - Cuenta para RRC GASTO: 5311-06-201-0201-00-05-177-10002-02
2017-11-01 12:52:37,764 [9] DEBUG  - Cuenta para RRC GASTO: 5311-06-201-0201-00-05-177-10002-13
2017-11-01 12:52:38,717 [9] DEBUG  - Cuenta para RRC GASTO: 5311-06-201-0201-00-05-177-10002-09
2017-11-01 12:52:39,667 [9] DEBUG  - Cuenta para RRC GASTO: 5311-06-201-0201-00-05-177-10002-12
2017-11-01 12:52:40,481 [9] DEBUG  - Cuenta para RRC PASIVO: 2206-00-201-0201-00-05-177-10002-00
