2018-07-03 19:16:05,370 [8] DEBUG  - Total de Transacciones: 3
2018-07-03 19:16:09,088 [8] DEBUG  - Contruyendo encabezado
2018-07-03 19:16:09,089 [8] DEBUG  - Creacion de numero de batch SFFA2252018
2018-07-03 19:16:09,939 [8] DEBUG  - Se obtiene el cliente de GP 05-371823-2015
2018-07-03 19:16:35,002 [8] DEBUG  - Cuenta por cobrar: 6104-06-000-0000-00-00-000-00013-02
2018-07-03 19:16:35,694 [8] DEBUG  - Cuenta de producto: 6104-06-000-0000-00-00-000-00043-01
2018-07-03 19:16:35,694 [8] DEBUG  - Cuenta de impuestos: 6101-00-000-0000-00-00-000-00029-01
2018-07-03 19:16:37,148 [8] DEBUG  - Cuenta de comisiones GASTO 6104-06-000-0000-00-00-000-00053-02
2018-07-03 19:16:37,156 [8] DEBUG  - Cuenta de comisiones PAGO 6101-00-000-0000-00-00-000-00029-02
2018-07-03 19:16:37,156 [8] DEBUG  - Porcentaje Reserva Riesgos en curso: 40
2018-07-03 19:16:37,868 [8] DEBUG  - Cuenta para RRC GASTO: 6106-06-000-0000-00-00-000-00053-11
2018-07-03 19:16:38,557 [8] DEBUG  - Cuenta para RRC PASIVO: 6104-06-000-0000-00-00-000-00022-06
2018-07-03 19:16:42,715 [8] DEBUG  - Reaseguradores Comision por Reaseguro: 6106-06-000-0000-00-00-000-00043-02
2018-07-03 19:16:42,715 [8] DEBUG  - Reaseguro Contractual: 6106-06-000-0000-00-00-000-00053-06
2018-07-03 19:16:43,412 [8] DEBUG  - Reaseguradores del exterior – cuenta corriente: 6106-06-000-0000-00-00-000-00043-02
2018-07-03 19:16:44,101 [8] DEBUG  - Reaseguradores Comision por Reaseguro Pasivo: 6103-00-000-0000-00-00-000-00024-02
2018-07-03 19:16:44,787 [8] DEBUG  - RRC para reaseguro INGRESO: 6106-06-000-0000-00-00-000-00043-11
2018-07-03 19:16:45,487 [8] DEBUG  - RRC para reaseguro PASIVO: 6104-06-000-0000-00-00-000-00022-06
2018-07-03 19:17:09,940 [8] DEBUG  - Cuenta por cobrar: 1302-06-201-0600-00-01-174-10112-00
2018-07-03 19:17:09,940 [8] DEBUG  - Cuenta de producto: 4301-06-201-0403-00-01-174-10112-65
2018-07-03 19:17:09,940 [8] DEBUG  - Cuenta de producto: 4301-06-201-0403-00-01-174-10112-04
2018-07-03 19:17:09,940 [8] DEBUG  - Cuenta de producto: 4301-06-201-0403-00-01-174-10112-02
2018-07-03 19:17:09,940 [8] DEBUG  - Cuenta de producto: 4301-06-201-0403-00-01-174-10112-13
2018-07-03 19:17:09,940 [8] DEBUG  - Cuenta de producto: 4301-06-201-0403-00-01-174-10112-06
2018-07-03 19:17:09,940 [8] DEBUG  - Cuenta de producto: 4301-06-201-0403-00-01-174-10112-09
2018-07-03 19:17:09,941 [8] DEBUG  - Cuenta de producto: 4301-06-201-0403-00-01-174-10112-12
2018-07-03 19:17:09,941 [8] DEBUG  - Cuenta de producto: 4301-06-201-0403-00-01-174-10112-05
2018-07-03 19:17:09,941 [8] DEBUG  - Cuenta de producto: 4301-06-201-0403-00-01-174-10112-16
2018-07-03 19:17:09,941 [8] DEBUG  - Cuenta de impuestos: 2901-00-000-0000-00-00-171-00001-00
2018-07-03 19:17:11,264 [8] DEBUG  - Cuenta de comisiones GASTO 5302-06-201-0403-00-01-174-10112-65
2018-07-03 19:17:13,067 [8] DEBUG  - Cuenta de comisiones GASTO 5302-06-201-0403-00-01-174-10112-04
2018-07-03 19:17:14,529 [8] DEBUG  - Cuenta de comisiones GASTO 5302-06-201-0403-00-01-174-10112-02
2018-07-03 19:17:15,994 [8] DEBUG  - Cuenta de comisiones GASTO 5302-06-201-0403-00-01-174-10112-13
2018-07-03 19:17:17,448 [8] DEBUG  - Cuenta de comisiones GASTO 5302-06-201-0403-00-01-174-10112-06
2018-07-03 19:17:18,912 [8] DEBUG  - Cuenta de comisiones GASTO 5302-06-201-0403-00-01-174-10112-09
2018-07-03 19:17:20,368 [8] DEBUG  - Cuenta de comisiones GASTO 5302-06-201-0403-00-01-174-10112-12
2018-07-03 19:17:21,815 [8] DEBUG  - Cuenta de comisiones GASTO 5302-06-201-0403-00-01-174-10112-05
2018-07-03 19:17:23,272 [8] DEBUG  - Cuenta de comisiones GASTO 5302-06-201-0403-00-01-174-10112-16
2018-07-03 19:17:24,439 [8] DEBUG  - Cuenta de comisiones PAGO 2902-00-201-0403-00-01-174-10112-00
2018-07-03 19:17:24,439 [8] DEBUG  - Porcentaje Reserva Riesgos en curso: 40
2018-07-03 19:17:25,534 [8] DEBUG  - Cuenta para RRC GASTO: 5311-06-201-0403-00-01-174-10112-65
2018-07-03 19:17:26,610 [8] DEBUG  - Cuenta para RRC GASTO: 5311-06-201-0403-00-01-174-10112-04
2018-07-03 19:17:27,706 [8] DEBUG  - Cuenta para RRC GASTO: 5311-06-201-0403-00-01-174-10112-02
2018-07-03 19:17:28,808 [8] DEBUG  - Cuenta para RRC GASTO: 5311-06-201-0403-00-01-174-10112-13
2018-07-03 19:17:29,913 [8] DEBUG  - Cuenta para RRC GASTO: 5311-06-201-0403-00-01-174-10112-06
2018-07-03 19:17:31,597 [8] DEBUG  - Cuenta para RRC GASTO: 5311-06-201-0403-00-01-174-10112-09
2018-07-03 19:17:32,662 [8] DEBUG  - Cuenta para RRC GASTO: 5311-06-201-0403-00-01-174-10112-12
2018-07-03 19:17:33,728 [8] DEBUG  - Cuenta para RRC GASTO: 5311-06-201-0403-00-01-174-10112-05
2018-07-03 19:17:34,798 [8] DEBUG  - Cuenta para RRC GASTO: 5311-06-201-0403-00-01-174-10112-16
2018-07-03 19:17:35,835 [8] DEBUG  - Cuenta para RRC PASIVO: 2206-00-201-0403-00-01-174-10112-00
2018-07-03 19:17:37,000 [8] DEBUG  - Reaseguro Contractual: 5306-06-201-0403-00-01-174-10112-04
2018-07-03 19:17:38,125 [8] DEBUG  - Reaseguradores Comision por Reaseguro: 4302-06-201-0403-00-01-174-10112-04
2018-07-03 19:17:39,228 [8] DEBUG  - Reaseguro Contractual: 5306-06-201-0403-00-01-174-10112-06
2018-07-03 19:17:40,302 [8] DEBUG  - Reaseguradores Comision por Reaseguro: 4302-06-201-0403-00-01-174-10112-06
2018-07-03 19:17:41,382 [8] DEBUG  - Reaseguro Contractual: 5306-06-201-0403-00-01-174-10112-05
2018-07-03 19:17:42,450 [8] DEBUG  - Reaseguradores Comision por Reaseguro: 4302-06-201-0403-00-01-174-10112-05
2018-07-03 19:17:43,422 [8] DEBUG  - Reaseguradores - cuenta corriente: 2402-00-201-0403-00-01-174-10112-00
2018-07-03 19:17:44,395 [8] DEBUG  - Reaseguradores Comision por Reaseguro: 2402-00-201-0403-00-01-174-10112-00
2018-07-03 19:17:45,787 [8] DEBUG  - RRC para reaseguro INGRESO: 4311-06-201-0403-00-01-174-10112-04
2018-07-03 19:17:46,863 [8] DEBUG  - RRC para reaseguro INGRESO: 4311-06-201-0403-00-01-174-10112-06
2018-07-03 19:17:47,940 [8] DEBUG  - RRC para reaseguro INGRESO: 4311-06-201-0403-00-01-174-10112-05
2018-07-03 19:17:48,935 [8] DEBUG  - RRC para reaseguro PASIVO: 2206-00-201-0403-00-01-174-10112-00
2018-07-03 19:18:02,727 [8] DEBUG  - Contruyendo encabezado
2018-07-03 19:18:02,727 [8] DEBUG  - Creacion de numero de batch SFFA2552018
2018-07-03 19:18:03,540 [8] DEBUG  - Se obtiene el cliente de GP 2-05-478248
2018-07-03 19:18:29,214 [8] DEBUG  - Cuenta por cobrar: 6104-06-000-0000-00-00-000-00013-02
2018-07-03 19:18:29,889 [8] DEBUG  - Cuenta de producto: 6104-06-000-0000-00-00-000-00043-01
2018-07-03 19:18:29,889 [8] DEBUG  - Cuenta de impuestos: 6101-00-000-0000-00-00-000-00029-01
2018-07-03 19:18:31,264 [8] DEBUG  - Cuenta de comisiones GASTO 6104-06-000-0000-00-00-000-00053-02
2018-07-03 19:18:31,264 [8] DEBUG  - Cuenta de comisiones PAGO 6101-00-000-0000-00-00-000-00029-02
2018-07-03 19:18:31,264 [8] DEBUG  - Porcentaje Reserva Riesgos en curso: 40
2018-07-03 19:18:31,936 [8] DEBUG  - Cuenta para RRC GASTO: 6106-06-000-0000-00-00-000-00053-11
2018-07-03 19:18:32,639 [8] DEBUG  - Cuenta para RRC PASIVO: 6104-06-000-0000-00-00-000-00022-06
2018-07-03 19:18:42,308 [8] DEBUG  - Reaseguradores Comision por Reaseguro: 6106-06-000-0000-00-00-000-00043-02
2018-07-03 19:18:42,308 [8] DEBUG  - Reaseguro Contractual: 6106-06-000-0000-00-00-000-00053-06
2018-07-03 19:18:43,011 [8] DEBUG  - Reaseguradores del exterior – cuenta corriente: 6106-06-000-0000-00-00-000-00043-02
2018-07-03 19:18:43,683 [8] DEBUG  - Reaseguradores Comision por Reaseguro Pasivo: 6103-00-000-0000-00-00-000-00024-02
2018-07-03 19:18:44,355 [8] DEBUG  - RRC para reaseguro INGRESO: 6106-06-000-0000-00-00-000-00043-11
2018-07-03 19:18:45,042 [8] DEBUG  - RRC para reaseguro PASIVO: 6104-06-000-0000-00-00-000-00022-06
2018-07-03 19:19:13,928 [8] DEBUG  - Cuenta por cobrar: 1302-06-201-0600-00-03-174-10052-00
2018-07-03 19:19:13,928 [8] DEBUG  - Cuenta de producto: 4301-06-201-0203-00-03-174-10052-65
2018-07-03 19:19:13,928 [8] DEBUG  - Cuenta de producto: 4301-06-201-0203-00-03-174-10052-24
2018-07-03 19:19:13,928 [8] DEBUG  - Cuenta de producto: 4301-06-201-0203-00-03-174-10052-04
2018-07-03 19:19:13,928 [8] DEBUG  - Cuenta de producto: 4301-06-201-0203-00-03-174-10052-02
2018-07-03 19:19:13,928 [8] DEBUG  - Cuenta de producto: 4301-06-201-0203-00-03-174-10052-13
2018-07-03 19:19:13,928 [8] DEBUG  - Cuenta de producto: 4301-06-201-0203-00-03-174-10052-06
2018-07-03 19:19:13,928 [8] DEBUG  - Cuenta de producto: 4301-06-201-0203-00-03-174-10052-09
2018-07-03 19:19:13,928 [8] DEBUG  - Cuenta de producto: 4301-06-201-0203-00-03-174-10052-12
2018-07-03 19:19:13,928 [8] DEBUG  - Cuenta de producto: 4301-06-201-0203-00-03-174-10052-05
2018-07-03 19:19:13,928 [8] DEBUG  - Cuenta de producto: 4301-06-201-0203-00-03-174-10052-16
2018-07-03 19:19:13,928 [8] DEBUG  - Cuenta de producto: 4301-06-201-0205-00-03-174-10052-65
2018-07-03 19:19:13,928 [8] DEBUG  - Cuenta de producto: 4301-06-201-0205-00-03-174-10052-24
2018-07-03 19:19:13,928 [8] DEBUG  - Cuenta de producto: 4301-06-201-0205-00-03-174-10052-15
2018-07-03 19:19:13,928 [8] DEBUG  - Cuenta de producto: 4301-06-201-0205-00-03-174-10052-04
2018-07-03 19:19:13,928 [8] DEBUG  - Cuenta de producto: 4301-06-201-0205-00-03-174-10052-02
2018-07-03 19:19:13,928 [8] DEBUG  - Cuenta de producto: 4301-06-201-0205-00-03-174-10052-13
2018-07-03 19:19:13,928 [8] DEBUG  - Cuenta de producto: 4301-06-201-0205-00-03-174-10052-06
2018-07-03 19:19:13,928 [8] DEBUG  - Cuenta de producto: 4301-06-201-0205-00-03-174-10052-09
2018-07-03 19:19:13,928 [8] DEBUG  - Cuenta de producto: 4301-06-201-0205-00-03-174-10052-12
2018-07-03 19:19:13,928 [8] DEBUG  - Cuenta de producto: 4301-06-201-0205-00-03-174-10052-07
2018-07-03 19:19:13,928 [8] DEBUG  - Cuenta de producto: 4301-06-201-0205-00-03-174-10052-05
2018-07-03 19:19:13,928 [8] DEBUG  - Cuenta de impuestos: 2901-00-000-0000-00-00-171-00001-00
2018-07-03 19:19:15,225 [8] DEBUG  - Cuenta de comisiones GASTO 5302-06-201-0203-00-03-174-10052-65
2018-07-03 19:19:16,693 [8] DEBUG  - Cuenta de comisiones GASTO 5302-06-201-0203-00-03-174-10052-24
2018-07-03 19:19:18,209 [8] DEBUG  - Cuenta de comisiones GASTO 5302-06-201-0203-00-03-174-10052-04
2018-07-03 19:19:19,724 [8] DEBUG  - Cuenta de comisiones GASTO 5302-06-201-0203-00-03-174-10052-02
2018-07-03 19:19:21,177 [8] DEBUG  - Cuenta de comisiones GASTO 5302-06-201-0203-00-03-174-10052-13
2018-07-03 19:19:22,958 [8] DEBUG  - Cuenta de comisiones GASTO 5302-06-201-0203-00-03-174-10052-06
2018-07-03 19:19:24,426 [8] DEBUG  - Cuenta de comisiones GASTO 5302-06-201-0203-00-03-174-10052-09
2018-07-03 19:19:25,879 [8] DEBUG  - Cuenta de comisiones GASTO 5302-06-201-0203-00-03-174-10052-12
2018-07-03 19:19:27,347 [8] DEBUG  - Cuenta de comisiones GASTO 5302-06-201-0203-00-03-174-10052-05
2018-07-03 19:19:28,810 [8] DEBUG  - Cuenta de comisiones GASTO 5302-06-201-0203-00-03-174-10052-16
2018-07-03 19:19:30,294 [8] DEBUG  - Cuenta de comisiones GASTO 5302-06-201-0205-00-03-174-10052-65
2018-07-03 19:19:32,262 [8] DEBUG  - Cuenta de comisiones GASTO 5302-06-201-0205-00-03-174-10052-24
2018-07-03 19:19:33,715 [8] DEBUG  - Cuenta de comisiones GASTO 5302-06-201-0205-00-03-174-10052-15
2018-07-03 19:19:35,165 [8] DEBUG  - Cuenta de comisiones GASTO 5302-06-201-0205-00-03-174-10052-04
2018-07-03 19:19:36,625 [8] DEBUG  - Cuenta de comisiones GASTO 5302-06-201-0205-00-03-174-10052-02
2018-07-03 19:19:38,095 [8] DEBUG  - Cuenta de comisiones GASTO 5302-06-201-0205-00-03-174-10052-13
2018-07-03 19:19:39,534 [8] DEBUG  - Cuenta de comisiones GASTO 5302-06-201-0205-00-03-174-10052-06
2018-07-03 19:19:40,987 [8] DEBUG  - Cuenta de comisiones GASTO 5302-06-201-0205-00-03-174-10052-09
2018-07-03 19:19:42,440 [8] DEBUG  - Cuenta de comisiones GASTO 5302-06-201-0205-00-03-174-10052-12
2018-07-03 19:19:43,893 [8] DEBUG  - Cuenta de comisiones GASTO 5302-06-201-0205-00-03-174-10052-07
2018-07-03 19:19:45,345 [8] DEBUG  - Cuenta de comisiones GASTO 5302-06-201-0205-00-03-174-10052-05
2018-07-03 19:19:46,532 [8] DEBUG  - Cuenta de comisiones PAGO 2902-00-201-0203-00-03-174-10052-00
2018-07-03 19:19:47,486 [8] DEBUG  - Cuenta de comisiones PAGO 2902-00-201-0205-00-03-174-10052-00
2018-07-03 19:19:47,486 [8] DEBUG  - Porcentaje Reserva Riesgos en curso: 40
2018-07-03 19:19:48,907 [8] DEBUG  - Cuenta para RRC GASTO: 5311-06-201-0203-00-03-174-10052-65
2018-07-03 19:19:49,985 [8] DEBUG  - Cuenta para RRC GASTO: 5311-06-201-0203-00-03-174-10052-24
2018-07-03 19:19:51,047 [8] DEBUG  - Cuenta para RRC GASTO: 5311-06-201-0203-00-03-174-10052-04
2018-07-03 19:19:52,125 [8] DEBUG  - Cuenta para RRC GASTO: 5311-06-201-0203-00-03-174-10052-02
2018-07-03 19:19:53,480 [8] DEBUG  - Cuenta para RRC GASTO: 5311-06-201-0203-00-03-174-10052-13
2018-07-03 19:19:54,557 [8] DEBUG  - Cuenta para RRC GASTO: 5311-06-201-0203-00-03-174-10052-06
2018-07-03 19:19:55,620 [8] DEBUG  - Cuenta para RRC GASTO: 5311-06-201-0203-00-03-174-10052-09
2018-07-03 19:19:56,682 [8] DEBUG  - Cuenta para RRC GASTO: 5311-06-201-0203-00-03-174-10052-12
2018-07-03 19:19:57,744 [8] DEBUG  - Cuenta para RRC GASTO: 5311-06-201-0203-00-03-174-10052-05
2018-07-03 19:19:58,822 [8] DEBUG  - Cuenta para RRC GASTO: 5311-06-201-0203-00-03-174-10052-16
2018-07-03 19:19:59,900 [8] DEBUG  - Cuenta para RRC GASTO: 5311-06-201-0205-00-03-174-10052-65
2018-07-03 19:20:00,962 [8] DEBUG  - Cuenta para RRC GASTO: 5311-06-201-0205-00-03-174-10052-24
2018-07-03 19:20:02,070 [8] DEBUG  - Cuenta para RRC GASTO: 5311-06-201-0205-00-03-174-10052-15
2018-07-03 19:20:03,194 [8] DEBUG  - Cuenta para RRC GASTO: 5311-06-201-0205-00-03-174-10052-04
2018-07-03 19:20:04,444 [8] DEBUG  - Cuenta para RRC GASTO: 5311-06-201-0205-00-03-174-10052-02
2018-07-03 19:20:05,631 [8] DEBUG  - Cuenta para RRC GASTO: 5311-06-201-0205-00-03-174-10052-13
2018-07-03 19:20:06,740 [8] DEBUG  - Cuenta para RRC GASTO: 5311-06-201-0205-00-03-174-10052-06
2018-07-03 19:20:07,818 [8] DEBUG  - Cuenta para RRC GASTO: 5311-06-201-0205-00-03-174-10052-09
2018-07-03 19:20:08,896 [8] DEBUG  - Cuenta para RRC GASTO: 5311-06-201-0205-00-03-174-10052-12
2018-07-03 19:20:09,990 [8] DEBUG  - Cuenta para RRC GASTO: 5311-06-201-0205-00-03-174-10052-07
2018-07-03 19:20:11,103 [8] DEBUG  - Cuenta para RRC GASTO: 5311-06-201-0205-00-03-174-10052-05
2018-07-03 19:20:12,103 [8] DEBUG  - Cuenta para RRC PASIVO: 2206-00-201-0203-00-03-174-10052-00
2018-07-03 19:20:13,087 [8] DEBUG  - Cuenta para RRC PASIVO: 2206-00-201-0205-00-03-174-10052-00
2018-07-03 19:20:14,181 [8] DEBUG  - Reaseguro Contractual: 5306-06-201-0205-00-03-174-10052-04
2018-07-03 19:20:15,274 [8] DEBUG  - Reaseguradores Comision por Reaseguro: 4302-06-201-0205-00-03-174-10052-04
2018-07-03 19:20:16,368 [8] DEBUG  - Reaseguro Contractual: 5306-06-201-0205-00-03-174-10052-06
2018-07-03 19:20:17,446 [8] DEBUG  - Reaseguradores Comision por Reaseguro: 4302-06-201-0205-00-03-174-10052-06
2018-07-03 19:20:18,508 [8] DEBUG  - Reaseguro Contractual: 5306-06-201-0205-00-03-174-10052-07
2018-07-03 19:20:19,586 [8] DEBUG  - Reaseguradores Comision por Reaseguro: 4302-06-201-0205-00-03-174-10052-07
2018-07-03 19:20:20,658 [8] DEBUG  - Reaseguro Contractual: 5306-06-201-0205-00-03-174-10052-05
2018-07-03 19:20:21,720 [8] DEBUG  - Reaseguradores Comision por Reaseguro: 4302-06-201-0205-00-03-174-10052-05
2018-07-03 19:20:22,814 [8] DEBUG  - Reaseguro Contractual: 5306-06-201-0203-00-03-174-10052-04
2018-07-03 19:20:23,891 [8] DEBUG  - Reaseguradores Comision por Reaseguro: 4302-06-201-0203-00-03-174-10052-04
2018-07-03 19:20:24,954 [8] DEBUG  - Reaseguro Contractual: 5306-06-201-0203-00-03-174-10052-06
2018-07-03 19:20:26,016 [8] DEBUG  - Reaseguradores Comision por Reaseguro: 4302-06-201-0203-00-03-174-10052-06
2018-07-03 19:20:27,078 [8] DEBUG  - Reaseguro Contractual: 5306-06-201-0203-00-03-174-10052-05
2018-07-03 19:20:28,141 [8] DEBUG  - Reaseguradores Comision por Reaseguro: 4302-06-201-0203-00-03-174-10052-05
2018-07-03 19:20:29,109 [8] DEBUG  - Reaseguradores - cuenta corriente: 2402-00-201-0205-00-03-174-10052-00
2018-07-03 19:20:30,109 [8] DEBUG  - Reaseguradores - cuenta corriente: 2402-00-201-0203-00-03-174-10052-00
2018-07-03 19:20:31,078 [8] DEBUG  - Reaseguradores Comision por Reaseguro: 2402-00-201-0205-00-03-174-10052-00
2018-07-03 19:20:32,077 [8] DEBUG  - Reaseguradores Comision por Reaseguro: 2402-00-201-0203-00-03-174-10052-00
2018-07-03 19:20:33,171 [8] DEBUG  - RRC para reaseguro INGRESO: 4311-06-201-0205-00-03-174-10052-04
2018-07-03 19:20:34,264 [8] DEBUG  - RRC para reaseguro INGRESO: 4311-06-201-0205-00-03-174-10052-06
2018-07-03 19:20:35,380 [8] DEBUG  - RRC para reaseguro INGRESO: 4311-06-201-0205-00-03-174-10052-07
2018-07-03 19:20:36,483 [8] DEBUG  - RRC para reaseguro INGRESO: 4311-06-201-0205-00-03-174-10052-05
2018-07-03 19:20:37,623 [8] DEBUG  - RRC para reaseguro INGRESO: 4311-06-201-0203-00-03-174-10052-04
2018-07-03 19:20:38,717 [8] DEBUG  - RRC para reaseguro INGRESO: 4311-06-201-0203-00-03-174-10052-06
2018-07-03 19:20:39,795 [8] DEBUG  - RRC para reaseguro INGRESO: 4311-06-201-0203-00-03-174-10052-05
2018-07-03 19:20:40,779 [8] DEBUG  - RRC para reaseguro PASIVO: 2206-00-201-0205-00-03-174-10052-00
2018-07-03 19:20:41,747 [8] DEBUG  - RRC para reaseguro PASIVO: 2206-00-201-0203-00-03-174-10052-00
2018-07-03 19:21:11,233 [8] DEBUG  - Contruyendo encabezado
2018-07-03 19:21:11,233 [8] DEBUG  - Creacion de numero de batch SFFA2852018
2018-07-03 19:21:12,045 [8] DEBUG  - Se obtiene el cliente de GP 1-05-419045
2018-07-03 19:21:21,914 [8] DEBUG  - Cuenta por cobrar: 6104-06-000-0000-00-00-000-00013-02
2018-07-03 19:21:22,599 [8] DEBUG  - Cuenta de producto: 6104-06-000-0000-00-00-000-00043-01
2018-07-03 19:21:22,599 [8] DEBUG  - Cuenta de impuestos: 6101-00-000-0000-00-00-000-00029-01
2018-07-03 19:21:22,599 [8] DEBUG  - Porcentaje Reserva Riesgos en curso: 40
2018-07-03 19:21:23,270 [8] DEBUG  - Cuenta para RRC GASTO: 6106-06-000-0000-00-00-000-00053-11
2018-07-03 19:21:23,957 [8] DEBUG  - Cuenta para RRC PASIVO: 6104-06-000-0000-00-00-000-00022-06
2018-07-03 19:21:28,068 [8] DEBUG  - Reaseguradores Comision por Reaseguro: 6106-06-000-0000-00-00-000-00043-02
2018-07-03 19:21:28,068 [8] DEBUG  - Reaseguro Contractual: 6106-06-000-0000-00-00-000-00053-06
2018-07-03 19:21:28,787 [8] DEBUG  - Reaseguradores del exterior – cuenta corriente: 6106-06-000-0000-00-00-000-00043-02
2018-07-03 19:21:29,521 [8] DEBUG  - Reaseguradores Comision por Reaseguro Pasivo: 6103-00-000-0000-00-00-000-00024-02
2018-07-03 19:21:30,256 [8] DEBUG  - RRC para reaseguro INGRESO: 6106-06-000-0000-00-00-000-00043-11
2018-07-03 19:21:30,974 [8] DEBUG  - RRC para reaseguro PASIVO: 6104-06-000-0000-00-00-000-00022-06
2018-07-03 19:21:46,112 [8] DEBUG  - Cuenta por cobrar: 1302-06-201-0203-00-08-179-10096-00
2018-07-03 19:21:46,112 [8] DEBUG  - Cuenta de producto: 4301-06-201-0203-00-08-179-10096-65
2018-07-03 19:21:46,112 [8] DEBUG  - Cuenta de producto: 4301-06-201-0203-00-08-179-10096-04
2018-07-03 19:21:46,112 [8] DEBUG  - Cuenta de producto: 4301-06-201-0203-00-08-179-10096-02
2018-07-03 19:21:46,112 [8] DEBUG  - Cuenta de producto: 4301-06-201-0203-00-08-179-10096-13
2018-07-03 19:21:46,112 [8] DEBUG  - Cuenta de producto: 4301-06-201-0203-00-08-179-10096-06
2018-07-03 19:21:46,112 [8] DEBUG  - Cuenta de producto: 4301-06-201-0203-00-08-179-10096-09
2018-07-03 19:21:46,112 [8] DEBUG  - Cuenta de producto: 4301-06-201-0203-00-08-179-10096-12
2018-07-03 19:21:46,112 [8] DEBUG  - Cuenta de producto: 4301-06-201-0203-00-08-179-10096-05
2018-07-03 19:21:46,112 [8] DEBUG  - Cuenta de producto: 4301-06-201-0203-00-08-179-10096-16
2018-07-03 19:21:46,112 [8] DEBUG  - Cuenta de impuestos: 2901-00-000-0000-00-00-171-00001-00
2018-07-03 19:21:46,112 [8] DEBUG  - Porcentaje Reserva Riesgos en curso: 40
2018-07-03 19:21:47,190 [8] DEBUG  - Cuenta para RRC GASTO: 5311-06-201-0203-00-08-179-10096-65
2018-07-03 19:21:48,252 [8] DEBUG  - Cuenta para RRC GASTO: 5311-06-201-0203-00-08-179-10096-04
2018-07-03 19:21:49,346 [8] DEBUG  - Cuenta para RRC GASTO: 5311-06-201-0203-00-08-179-10096-02
2018-07-03 19:21:50,455 [8] DEBUG  - Cuenta para RRC GASTO: 5311-06-201-0203-00-08-179-10096-13
2018-07-03 19:21:52,161 [8] DEBUG  - Cuenta para RRC GASTO: 5311-06-201-0203-00-08-179-10096-06
2018-07-03 19:21:53,238 [8] DEBUG  - Cuenta para RRC GASTO: 5311-06-201-0203-00-08-179-10096-09
2018-07-03 19:21:54,301 [8] DEBUG  - Cuenta para RRC GASTO: 5311-06-201-0203-00-08-179-10096-12
2018-07-03 19:21:55,816 [8] DEBUG  - Cuenta para RRC GASTO: 5311-06-201-0203-00-08-179-10096-05
2018-07-03 19:21:56,878 [8] DEBUG  - Cuenta para RRC GASTO: 5311-06-201-0203-00-08-179-10096-16
2018-07-03 19:21:57,847 [8] DEBUG  - Cuenta para RRC PASIVO: 2206-00-201-0203-00-08-179-10096-00
2018-07-03 19:21:58,925 [8] DEBUG  - Reaseguro Contractual: 5306-06-201-0203-00-08-179-10096-04
2018-07-03 19:21:59,996 [8] DEBUG  - Reaseguradores Comision por Reaseguro: 4302-06-201-0203-00-08-179-10096-04
2018-07-03 19:22:01,672 [8] DEBUG  - Reaseguro Contractual: 5306-06-201-0203-00-08-179-10096-06
2018-07-03 19:22:03,296 [8] DEBUG  - Reaseguradores Comision por Reaseguro: 4302-06-201-0203-00-08-179-10096-06
2018-07-03 19:22:04,789 [8] DEBUG  - Reaseguro Contractual: 5306-06-201-0203-00-08-179-10096-05
2018-07-03 19:22:06,301 [8] DEBUG  - Reaseguradores Comision por Reaseguro: 4302-06-201-0203-00-08-179-10096-05
2018-07-03 19:22:07,320 [8] DEBUG  - Reaseguradores - cuenta corriente: 2402-00-201-0203-00-08-179-10096-00
2018-07-03 19:22:08,347 [8] DEBUG  - Reaseguradores Comision por Reaseguro: 2402-00-201-0203-00-08-179-10096-00
2018-07-03 19:22:09,474 [8] DEBUG  - RRC para reaseguro INGRESO: 4311-06-201-0203-00-08-179-10096-04
2018-07-03 19:22:11,078 [8] DEBUG  - RRC para reaseguro INGRESO: 4311-06-201-0203-00-08-179-10096-06
2018-07-03 19:22:12,557 [8] DEBUG  - RRC para reaseguro INGRESO: 4311-06-201-0203-00-08-179-10096-05
2018-07-03 19:22:13,573 [8] DEBUG  - RRC para reaseguro PASIVO: 2206-00-201-0203-00-08-179-10096-00
