2018-02-03 12:13:29,276 [9] DEBUG  - Total de Transacciones: 2
2018-02-03 12:13:31,785 [9] DEBUG  - Contruyendo encabezado
2018-02-03 12:13:31,786 [9] DEBUG  - Creacion de numero de batch SFFA32201812
2018-02-03 12:13:33,077 [9] DEBUG  - Se obtiene el cliente de GP 1-CMAR-327
2018-02-03 12:13:56,464 [9] DEBUG  - Cuenta por cobrar: 1302-03-203-1966-00-05-176-10011-00
2018-02-03 12:13:56,479 [9] DEBUG  - Cuenta de producto: 4301-03-203-1966-00-05-176-10011-FH
2018-02-03 12:13:56,479 [9] DEBUG  - Cuenta de producto: 4301-03-203-1966-00-05-176-10011-FP
2018-02-03 12:13:56,479 [9] DEBUG  - Cuenta de producto: 4301-03-203-1966-00-05-176-10011-63
2018-02-03 12:13:56,501 [9] DEBUG  - Cuenta de producto: 4301-03-203-1966-00-05-176-10011-FI
2018-02-03 12:13:56,501 [9] DEBUG  - Cuenta de producto: 4301-03-203-1966-00-05-176-10011-FJ
2018-02-03 12:13:56,501 [9] DEBUG  - Cuenta de producto: 4301-03-203-1966-00-05-176-10011-FK
2018-02-03 12:13:56,501 [9] DEBUG  - Cuenta de impuestos: 2901-00-000-0000-00-00-171-00001-00
2018-02-03 12:13:57,818 [9] DEBUG  - Cuenta de comisiones GASTO 5302-03-203-1966-00-05-176-10011-FH
2018-02-03 12:13:58,665 [9] DEBUG  - Cuenta de comisiones GASTO 5302-03-203-1966-00-05-176-10011-FP
2018-02-03 12:13:59,804 [9] DEBUG  - Cuenta de comisiones GASTO 5302-03-203-1966-00-05-176-10011-63
2018-02-03 12:14:00,652 [9] DEBUG  - Cuenta de comisiones GASTO 5302-03-203-1966-00-05-176-10011-FI
2018-02-03 12:14:02,108 [9] DEBUG  - Cuenta de comisiones GASTO 5302-03-203-1966-00-05-176-10011-FJ
2018-02-03 12:14:02,956 [9] DEBUG  - Cuenta de comisiones GASTO 5302-03-203-1966-00-05-176-10011-FK
2018-02-03 12:14:03,593 [9] DEBUG  - Cuenta de comisiones PAGO 2902-00-203-1966-00-05-176-10011-00
2018-02-03 12:14:03,593 [9] DEBUG  - Porcentaje Reserva Riesgos en curso: 40
2018-02-03 12:14:04,172 [9] DEBUG  - Cuenta para RRC GASTO: 5311-03-203-1966-00-05-176-10011-FH
2018-02-03 12:14:04,758 [9] DEBUG  - Cuenta para RRC GASTO: 5311-03-203-1966-00-05-176-10011-FP
2018-02-03 12:14:05,342 [9] DEBUG  - Cuenta para RRC GASTO: 5311-03-203-1966-00-05-176-10011-63
2018-02-03 12:14:05,927 [9] DEBUG  - Cuenta para RRC GASTO: 5311-03-203-1966-00-05-176-10011-FI
2018-02-03 12:14:06,497 [9] DEBUG  - Cuenta para RRC GASTO: 5311-03-203-1966-00-05-176-10011-FJ
2018-02-03 12:14:07,093 [9] DEBUG  - Cuenta para RRC GASTO: 5311-03-203-1966-00-05-176-10011-FK
2018-02-03 12:14:07,914 [9] DEBUG  - Cuenta para RRC PASIVO: 2203-00-203-1966-00-05-176-10011-00
2018-02-03 12:14:08,499 [9] DEBUG  - Reaseguro Contractual: 5306-03-203-1966-00-05-176-10011-FL
2018-02-03 12:14:09,096 [9] DEBUG  - Reaseguradores Comision por Reaseguro: 4302-03-203-1966-00-05-176-10011-FL
2018-02-03 12:14:09,677 [9] DEBUG  - Reaseguro Contractual: 5306-03-203-1966-00-05-176-10011-FO
2018-02-03 12:14:10,563 [9] DEBUG  - Reaseguradores Comision por Reaseguro: 4302-03-203-1966-00-05-176-10011-FO
2018-02-03 12:14:11,433 [9] DEBUG  - Reaseguro Contractual: 5306-03-203-1966-00-05-176-10011-FH
2018-02-03 12:14:12,018 [9] DEBUG  - Reaseguradores Comision por Reaseguro: 4302-03-203-1966-00-05-176-10011-FH
2018-02-03 12:14:12,603 [9] DEBUG  - Reaseguro Contractual: 5306-03-203-1966-00-05-176-10011-FP
2018-02-03 12:14:13,181 [9] DEBUG  - Reaseguradores Comision por Reaseguro: 4302-03-203-1966-00-05-176-10011-FP
2018-02-03 12:14:13,767 [9] DEBUG  - Reaseguro Contractual: 5306-03-203-1966-00-05-176-10011-63
2018-02-03 12:14:14,352 [9] DEBUG  - Reaseguradores Comision por Reaseguro: 4302-03-203-1966-00-05-176-10011-63
2018-02-03 12:14:15,237 [9] DEBUG  - Reaseguro Contractual: 5306-03-203-1966-00-05-176-10011-FI
2018-02-03 12:14:15,821 [9] DEBUG  - Reaseguradores Comision por Reaseguro: 4302-03-203-1966-00-05-176-10011-FI
2018-02-03 12:14:16,405 [9] DEBUG  - Reaseguro Contractual: 5306-03-203-1966-00-05-176-10011-FJ
2018-02-03 12:14:16,984 [9] DEBUG  - Reaseguradores Comision por Reaseguro: 4302-03-203-1966-00-05-176-10011-FJ
2018-02-03 12:14:17,569 [9] DEBUG  - Reaseguro Contractual: 5306-03-203-1966-00-05-176-10011-FK
2018-02-03 12:14:18,153 [9] DEBUG  - Reaseguradores Comision por Reaseguro: 4302-03-203-1966-00-05-176-10011-FK
2018-02-03 12:14:18,670 [9] DEBUG  - Reaseguradores - cuenta corriente: 2402-00-203-1966-00-05-176-10011-00
2018-02-03 12:14:19,185 [9] DEBUG  - Reaseguradores Comision por Reaseguro: 2402-00-203-1966-00-05-176-10011-00
2018-02-03 12:14:19,771 [9] DEBUG  - RRC para reaseguro INGRESO: 4311-03-203-1966-00-05-176-10011-FL
2018-02-03 12:14:20,355 [9] DEBUG  - RRC para reaseguro INGRESO: 4311-03-203-1966-00-05-176-10011-FO
2018-02-03 12:14:20,940 [9] DEBUG  - RRC para reaseguro INGRESO: 4311-03-203-1966-00-05-176-10011-FH
2018-02-03 12:14:21,524 [9] DEBUG  - RRC para reaseguro INGRESO: 4311-03-203-1966-00-05-176-10011-FP
2018-02-03 12:14:22,107 [9] DEBUG  - RRC para reaseguro INGRESO: 4311-03-203-1966-00-05-176-10011-63
2018-02-03 12:14:22,688 [9] DEBUG  - RRC para reaseguro INGRESO: 4311-03-203-1966-00-05-176-10011-FI
2018-02-03 12:14:23,707 [9] DEBUG  - RRC para reaseguro INGRESO: 4311-03-203-1966-00-05-176-10011-FJ
2018-02-03 12:14:24,275 [9] DEBUG  - RRC para reaseguro INGRESO: 4311-03-203-1966-00-05-176-10011-FK
2018-02-03 12:14:24,807 [9] DEBUG  - RRC para reaseguro PASIVO: 2203-00-203-1966-00-05-176-10011-00
2018-02-03 12:14:39,606 [9] DEBUG  - Cuenta por cobrar: 1302-03-203-1966-00-05-176-10011-00
2018-02-03 12:14:39,606 [9] DEBUG  - Cuenta de producto: 4301-03-203-1966-00-05-176-10011-FH
2018-02-03 12:14:39,606 [9] DEBUG  - Cuenta de producto: 4301-03-203-1966-00-05-176-10011-FP
2018-02-03 12:14:39,606 [9] DEBUG  - Cuenta de producto: 4301-03-203-1966-00-05-176-10011-63
2018-02-03 12:14:39,606 [9] DEBUG  - Cuenta de producto: 4301-03-203-1966-00-05-176-10011-FI
2018-02-03 12:14:39,606 [9] DEBUG  - Cuenta de producto: 4301-03-203-1966-00-05-176-10011-FJ
2018-02-03 12:14:39,606 [9] DEBUG  - Cuenta de producto: 4301-03-203-1966-00-05-176-10011-FK
2018-02-03 12:14:39,606 [9] DEBUG  - Cuenta de impuestos: 2901-00-000-0000-00-00-171-00001-00
2018-02-03 12:14:40,629 [9] DEBUG  - Cuenta de comisiones GASTO 5302-03-203-1966-00-05-176-10011-FH
2018-02-03 12:14:41,778 [9] DEBUG  - Cuenta de comisiones GASTO 5302-03-203-1966-00-05-176-10011-FP
2018-02-03 12:14:42,631 [9] DEBUG  - Cuenta de comisiones GASTO 5302-03-203-1966-00-05-176-10011-63
2018-02-03 12:14:43,464 [9] DEBUG  - Cuenta de comisiones GASTO 5302-03-203-1966-00-05-176-10011-FI
2018-02-03 12:14:44,611 [9] DEBUG  - Cuenta de comisiones GASTO 5302-03-203-1966-00-05-176-10011-FJ
2018-02-03 12:14:45,465 [9] DEBUG  - Cuenta de comisiones GASTO 5302-03-203-1966-00-05-176-10011-FK
2018-02-03 12:14:46,413 [9] DEBUG  - Cuenta de comisiones PAGO 2902-00-203-1966-00-05-176-10011-00
2018-02-03 12:14:46,413 [9] DEBUG  - Porcentaje Reserva Riesgos en curso: 40
2018-02-03 12:14:46,997 [9] DEBUG  - Cuenta para RRC GASTO: 5311-03-203-1966-00-05-176-10011-FH
2018-02-03 12:14:47,582 [9] DEBUG  - Cuenta para RRC GASTO: 5311-03-203-1966-00-05-176-10011-FP
2018-02-03 12:14:48,152 [9] DEBUG  - Cuenta para RRC GASTO: 5311-03-203-1966-00-05-176-10011-63
2018-02-03 12:14:49,054 [9] DEBUG  - Cuenta para RRC GASTO: 5311-03-203-1966-00-05-176-10011-FI
2018-02-03 12:14:49,637 [9] DEBUG  - Cuenta para RRC GASTO: 5311-03-203-1966-00-05-176-10011-FJ
2018-02-03 12:14:50,217 [9] DEBUG  - Cuenta para RRC GASTO: 5311-03-203-1966-00-05-176-10011-FK
2018-02-03 12:14:50,737 [9] DEBUG  - Cuenta para RRC PASIVO: 2203-00-203-1966-00-05-176-10011-00
2018-02-03 12:14:51,619 [9] DEBUG  - Reaseguro Contractual: 5306-03-203-1966-00-05-176-10011-FL
2018-02-03 12:14:52,519 [9] DEBUG  - Reaseguradores Comision por Reaseguro: 4302-03-203-1966-00-05-176-10011-FL
2018-02-03 12:14:53,104 [9] DEBUG  - Reaseguro Contractual: 5306-03-203-1966-00-05-176-10011-FO
2018-02-03 12:14:53,689 [9] DEBUG  - Reaseguradores Comision por Reaseguro: 4302-03-203-1966-00-05-176-10011-FO
2018-02-03 12:14:55,005 [9] DEBUG  - Reaseguro Contractual: 5306-03-203-1966-00-05-176-10011-FH
2018-02-03 12:14:55,590 [9] DEBUG  - Reaseguradores Comision por Reaseguro: 4302-03-203-1966-00-05-176-10011-FH
2018-02-03 12:14:56,475 [9] DEBUG  - Reaseguro Contractual: 5306-03-203-1966-00-05-176-10011-FP
2018-02-03 12:14:57,061 [9] DEBUG  - Reaseguradores Comision por Reaseguro: 4302-03-203-1966-00-05-176-10011-FP
2018-02-03 12:14:57,645 [9] DEBUG  - Reaseguro Contractual: 5306-03-203-1966-00-05-176-10011-63
2018-02-03 12:14:58,224 [9] DEBUG  - Reaseguradores Comision por Reaseguro: 4302-03-203-1966-00-05-176-10011-63
2018-02-03 12:14:58,825 [9] DEBUG  - Reaseguro Contractual: 5306-03-203-1966-00-05-176-10011-FI
2018-02-03 12:14:59,694 [9] DEBUG  - Reaseguradores Comision por Reaseguro: 4302-03-203-1966-00-05-176-10011-FI
2018-02-03 12:15:00,410 [9] DEBUG  - Reaseguro Contractual: 5306-03-203-1966-00-05-176-10011-FJ
2018-02-03 12:15:01,196 [9] DEBUG  - Reaseguradores Comision por Reaseguro: 4302-03-203-1966-00-05-176-10011-FJ
2018-02-03 12:15:02,149 [9] DEBUG  - Reaseguro Contractual: 5306-03-203-1966-00-05-176-10011-FK
2018-02-03 12:15:02,745 [9] DEBUG  - Reaseguradores Comision por Reaseguro: 4302-03-203-1966-00-05-176-10011-FK
2018-02-03 12:15:03,251 [9] DEBUG  - Reaseguradores - cuenta corriente: 2402-00-203-1966-00-05-176-10011-00
2018-02-03 12:15:03,767 [9] DEBUG  - Reaseguradores Comision por Reaseguro: 2402-00-203-1966-00-05-176-10011-00
2018-02-03 12:15:04,352 [9] DEBUG  - RRC para reaseguro INGRESO: 4311-03-203-1966-00-05-176-10011-FL
2018-02-03 12:15:05,232 [9] DEBUG  - RRC para reaseguro INGRESO: 4311-03-203-1966-00-05-176-10011-FO
2018-02-03 12:15:05,816 [9] DEBUG  - RRC para reaseguro INGRESO: 4311-03-203-1966-00-05-176-10011-FH
2018-02-03 12:15:06,702 [9] DEBUG  - RRC para reaseguro INGRESO: 4311-03-203-1966-00-05-176-10011-FP
2018-02-03 12:15:07,287 [9] DEBUG  - RRC para reaseguro INGRESO: 4311-03-203-1966-00-05-176-10011-63
2018-02-03 12:15:08,156 [9] DEBUG  - RRC para reaseguro INGRESO: 4311-03-203-1966-00-05-176-10011-FI
2018-02-03 12:15:08,757 [9] DEBUG  - RRC para reaseguro INGRESO: 4311-03-203-1966-00-05-176-10011-FJ
2018-02-03 12:15:09,357 [9] DEBUG  - RRC para reaseguro INGRESO: 4311-03-203-1966-00-05-176-10011-FK
2018-02-03 12:15:09,873 [9] DEBUG  - RRC para reaseguro PASIVO: 2203-00-203-1966-00-05-176-10011-00
2018-02-03 12:15:44,035 [9] DEBUG  - Contruyendo encabezado
2018-02-03 12:15:44,035 [9] DEBUG  - Creacion de numero de batch SFFA32201812
2018-02-03 12:15:45,204 [9] DEBUG  - Se obtiene el cliente de GP 12-201-624
2018-02-03 12:15:56,551 [9] DEBUG  - Cuenta por cobrar: 1302-02-203-1623-00-05-176-10051-00
2018-02-03 12:15:56,551 [9] DEBUG  - Cuenta de producto: 4301-02-203-1623-00-05-176-10051-36
2018-02-03 12:15:56,551 [9] DEBUG  - Cuenta de producto: 4301-02-203-1623-00-05-176-10051-69
2018-02-03 12:15:56,551 [9] DEBUG  - Cuenta de producto: 4301-02-203-1623-00-05-176-10051-69
2018-02-03 12:15:56,551 [9] DEBUG  - Cuenta de producto: 4301-02-203-1623-00-05-176-10051-35
2018-02-03 12:15:56,551 [9] DEBUG  - Cuenta de producto: 4301-02-203-1623-00-05-176-10051-33
2018-02-03 12:15:56,551 [9] DEBUG  - Cuenta de producto: 4301-02-203-1623-00-05-176-10051-32
2018-02-03 12:15:56,551 [9] DEBUG  - Cuenta de producto: 4301-02-203-1623-00-05-176-10051-29
2018-02-03 12:15:56,551 [9] DEBUG  - Cuenta de producto: 4301-02-203-1623-00-05-176-10051-25
2018-02-03 12:15:56,551 [9] DEBUG  - Cuenta de producto: 4301-02-203-1623-00-05-176-10051-30
2018-02-03 12:15:56,551 [9] DEBUG  - Cuenta de producto: 4301-02-203-1623-00-05-176-10051-31
2018-02-03 12:15:56,551 [9] DEBUG  - Cuenta de producto: 4301-02-203-1623-00-05-176-10051-76
2018-02-03 12:15:56,551 [9] DEBUG  - Cuenta de producto: 4301-02-203-1623-00-05-176-10051-EC
2018-02-03 12:15:56,551 [9] DEBUG  - Cuenta de impuestos: 2901-00-000-0000-00-00-171-00001-00
2018-02-03 12:15:57,567 [9] DEBUG  - Cuenta de comisiones GASTO 5302-02-203-1623-00-05-176-10051-36
2018-02-03 12:15:58,721 [9] DEBUG  - Cuenta de comisiones GASTO 5302-02-203-1623-00-05-176-10051-69
2018-02-03 12:16:00,170 [9] DEBUG  - Cuenta de comisiones GASTO 5302-02-203-1623-00-05-176-10051-69
2018-02-03 12:16:01,323 [9] DEBUG  - Cuenta de comisiones GASTO 5302-02-203-1623-00-05-176-10051-35
2018-02-03 12:16:02,471 [9] DEBUG  - Cuenta de comisiones GASTO 5302-02-203-1623-00-05-176-10051-33
2018-02-03 12:16:03,304 [9] DEBUG  - Cuenta de comisiones GASTO 5302-02-203-1623-00-05-176-10051-32
2018-02-03 12:16:04,590 [9] DEBUG  - Cuenta de comisiones GASTO 5302-02-203-1623-00-05-176-10051-29
2018-02-03 12:16:06,043 [9] DEBUG  - Cuenta de comisiones GASTO 5302-02-203-1623-00-05-176-10051-25
2018-02-03 12:16:06,876 [9] DEBUG  - Cuenta de comisiones GASTO 5302-02-203-1623-00-05-176-10051-30
2018-02-03 12:16:08,130 [9] DEBUG  - Cuenta de comisiones GASTO 5302-02-203-1623-00-05-176-10051-31
2018-02-03 12:16:08,978 [9] DEBUG  - Cuenta de comisiones GASTO 5302-02-203-1623-00-05-176-10051-76
2018-02-03 12:16:10,232 [9] DEBUG  - Cuenta de comisiones GASTO 5302-02-203-1623-00-05-176-10051-EC
2018-02-03 12:16:10,911 [9] DEBUG  - Cuenta de comisiones PAGO 2902-00-203-1623-00-05-176-10051-00
2018-02-03 12:16:10,911 [9] DEBUG  - Porcentaje Reserva Riesgos en curso: 40
2018-02-03 12:16:11,781 [9] DEBUG  - Cuenta para RRC GASTO: 5311-02-203-1623-00-05-176-10051-36
2018-02-03 12:16:12,365 [9] DEBUG  - Cuenta para RRC GASTO: 5311-02-203-1623-00-05-176-10051-69
2018-02-03 12:16:12,950 [9] DEBUG  - Cuenta para RRC GASTO: 5311-02-203-1623-00-05-176-10051-69
2018-02-03 12:16:14,135 [9] DEBUG  - Cuenta para RRC GASTO: 5311-02-203-1623-00-05-176-10051-35
2018-02-03 12:16:15,015 [9] DEBUG  - Cuenta para RRC GASTO: 5311-02-203-1623-00-05-176-10051-33
2018-02-03 12:16:15,600 [9] DEBUG  - Cuenta para RRC GASTO: 5311-02-203-1623-00-05-176-10051-32
2018-02-03 12:16:16,486 [9] DEBUG  - Cuenta para RRC GASTO: 5311-02-203-1623-00-05-176-10051-29
2018-02-03 12:16:17,371 [9] DEBUG  - Cuenta para RRC GASTO: 5311-02-203-1623-00-05-176-10051-25
2018-02-03 12:16:17,957 [9] DEBUG  - Cuenta para RRC GASTO: 5311-02-203-1623-00-05-176-10051-30
2018-02-03 12:16:18,541 [9] DEBUG  - Cuenta para RRC GASTO: 5311-02-203-1623-00-05-176-10051-31
2018-02-03 12:16:19,120 [9] DEBUG  - Cuenta para RRC GASTO: 5311-02-203-1623-00-05-176-10051-76
2018-02-03 12:16:19,705 [9] DEBUG  - Cuenta para RRC GASTO: 5311-02-203-1623-00-05-176-10051-EC
2018-02-03 12:16:20,233 [9] DEBUG  - Cuenta para RRC PASIVO: 2202-00-203-1623-00-05-176-10051-00
2018-02-03 12:16:21,118 [9] DEBUG  - Reaseguro Contractual: 5306-02-203-1623-00-05-176-10051-36
2018-02-03 12:16:21,700 [9] DEBUG  - Reaseguradores Comision por Reaseguro: 4302-02-203-1623-00-05-176-10051-36
2018-02-03 12:16:22,286 [9] DEBUG  - Reaseguro Contractual: 5306-02-203-1623-00-05-176-10051-69
2018-02-03 12:16:22,866 [9] DEBUG  - Reaseguradores Comision por Reaseguro: 4302-02-203-1623-00-05-176-10051-69
2018-02-03 12:16:23,447 [9] DEBUG  - Reaseguro Contractual: 5306-02-203-1623-00-05-176-10051-69
2018-02-03 12:16:24,031 [9] DEBUG  - Reaseguradores Comision por Reaseguro: 4302-02-203-1623-00-05-176-10051-69
2018-02-03 12:16:24,613 [9] DEBUG  - Reaseguro Contractual: 5306-02-203-1623-00-05-176-10051-35
2018-02-03 12:16:25,504 [9] DEBUG  - Reaseguradores Comision por Reaseguro: 4302-02-203-1623-00-05-176-10051-35
2018-02-03 12:16:26,074 [9] DEBUG  - Reaseguro Contractual: 5306-02-203-1623-00-05-176-10051-33
2018-02-03 12:16:26,658 [9] DEBUG  - Reaseguradores Comision por Reaseguro: 4302-02-203-1623-00-05-176-10051-33
2018-02-03 12:16:27,559 [9] DEBUG  - Reaseguro Contractual: 5306-02-203-1623-00-05-176-10051-32
2018-02-03 12:16:28,423 [9] DEBUG  - Reaseguradores Comision por Reaseguro: 4302-02-203-1623-00-05-176-10051-32
2018-02-03 12:16:29,023 [9] DEBUG  - Reaseguro Contractual: 5306-02-203-1623-00-05-176-10051-29
2018-02-03 12:16:29,608 [9] DEBUG  - Reaseguradores Comision por Reaseguro: 4302-02-203-1623-00-05-176-10051-29
2018-02-03 12:16:30,178 [9] DEBUG  - Reaseguro Contractual: 5306-02-203-1623-00-05-176-10051-25
2018-02-03 12:16:30,763 [9] DEBUG  - Reaseguradores Comision por Reaseguro: 4302-02-203-1623-00-05-176-10051-25
2018-02-03 12:16:31,342 [9] DEBUG  - Reaseguro Contractual: 5306-02-203-1623-00-05-176-10051-30
2018-02-03 12:16:31,927 [9] DEBUG  - Reaseguradores Comision por Reaseguro: 4302-02-203-1623-00-05-176-10051-30
2018-02-03 12:16:33,113 [9] DEBUG  - Reaseguro Contractual: 5306-02-203-1623-00-05-176-10051-31
2018-02-03 12:16:33,698 [9] DEBUG  - Reaseguradores Comision por Reaseguro: 4302-02-203-1623-00-05-176-10051-31
2018-02-03 12:16:34,284 [9] DEBUG  - Reaseguro Contractual: 5306-02-203-1623-00-05-176-10051-76
2018-02-03 12:16:35,886 [9] DEBUG  - Reaseguradores Comision por Reaseguro: 4302-02-203-1623-00-05-176-10051-76
2018-02-03 12:16:36,470 [9] DEBUG  - Reaseguro Contractual: 5306-02-203-1623-00-05-176-10051-EC
2018-02-03 12:16:37,049 [9] DEBUG  - Reaseguradores Comision por Reaseguro: 4302-02-203-1623-00-05-176-10051-EC
2018-02-03 12:16:37,571 [9] DEBUG  - Reaseguradores - cuenta corriente: 2402-00-203-1623-00-05-176-10051-00
2018-02-03 12:16:38,088 [9] DEBUG  - Reaseguradores Comision por Reaseguro: 2402-00-203-1623-00-05-176-10051-00
2018-02-03 12:16:38,672 [9] DEBUG  - RRC para reaseguro INGRESO: 4311-02-203-1623-00-05-176-10051-36
2018-02-03 12:16:39,251 [9] DEBUG  - RRC para reaseguro INGRESO: 4311-02-203-1623-00-05-176-10051-69
2018-02-03 12:16:40,152 [9] DEBUG  - RRC para reaseguro INGRESO: 4311-02-203-1623-00-05-176-10051-69
2018-02-03 12:16:40,722 [9] DEBUG  - RRC para reaseguro INGRESO: 4311-02-203-1623-00-05-176-10051-35
2018-02-03 12:16:41,307 [9] DEBUG  - RRC para reaseguro INGRESO: 4311-02-203-1623-00-05-176-10051-33
2018-02-03 12:16:41,892 [9] DEBUG  - RRC para reaseguro INGRESO: 4311-02-203-1623-00-05-176-10051-32
2018-02-03 12:16:42,777 [9] DEBUG  - RRC para reaseguro INGRESO: 4311-02-203-1623-00-05-176-10051-29
2018-02-03 12:16:43,356 [9] DEBUG  - RRC para reaseguro INGRESO: 4311-02-203-1623-00-05-176-10051-25
2018-02-03 12:16:43,941 [9] DEBUG  - RRC para reaseguro INGRESO: 4311-02-203-1623-00-05-176-10051-30
2018-02-03 12:16:44,526 [9] DEBUG  - RRC para reaseguro INGRESO: 4311-02-203-1623-00-05-176-10051-31
2018-02-03 12:16:45,710 [9] DEBUG  - RRC para reaseguro INGRESO: 4311-02-203-1623-00-05-176-10051-76
2018-02-03 12:16:46,296 [9] DEBUG  - RRC para reaseguro INGRESO: 4311-02-203-1623-00-05-176-10051-EC
2018-02-03 12:16:46,812 [9] DEBUG  - RRC para reaseguro PASIVO: 2202-00-203-1623-00-05-176-10051-00
2018-02-03 12:16:59,806 [9] DEBUG  - Cuenta por cobrar: 1302-02-203-1623-00-05-176-10051-00
2018-02-03 12:16:59,806 [9] DEBUG  - Cuenta de producto: 4301-02-203-1623-00-05-176-10051-36
2018-02-03 12:16:59,806 [9] DEBUG  - Cuenta de producto: 4301-02-203-1623-00-05-176-10051-69
2018-02-03 12:16:59,806 [9] DEBUG  - Cuenta de producto: 4301-02-203-1623-00-05-176-10051-69
2018-02-03 12:16:59,806 [9] DEBUG  - Cuenta de producto: 4301-02-203-1623-00-05-176-10051-35
2018-02-03 12:16:59,806 [9] DEBUG  - Cuenta de producto: 4301-02-203-1623-00-05-176-10051-33
2018-02-03 12:16:59,806 [9] DEBUG  - Cuenta de producto: 4301-02-203-1623-00-05-176-10051-32
2018-02-03 12:16:59,806 [9] DEBUG  - Cuenta de producto: 4301-02-203-1623-00-05-176-10051-29
2018-02-03 12:16:59,806 [9] DEBUG  - Cuenta de producto: 4301-02-203-1623-00-05-176-10051-25
2018-02-03 12:16:59,806 [9] DEBUG  - Cuenta de producto: 4301-02-203-1623-00-05-176-10051-30
2018-02-03 12:16:59,806 [9] DEBUG  - Cuenta de producto: 4301-02-203-1623-00-05-176-10051-31
2018-02-03 12:16:59,806 [9] DEBUG  - Cuenta de producto: 4301-02-203-1623-00-05-176-10051-76
2018-02-03 12:16:59,806 [9] DEBUG  - Cuenta de producto: 4301-02-203-1623-00-05-176-10051-EC
2018-02-03 12:16:59,806 [9] DEBUG  - Cuenta de impuestos: 2901-00-000-0000-00-00-171-00001-00
2018-02-03 12:17:00,523 [9] DEBUG  - Cuenta de comisiones GASTO 5302-02-203-1623-00-05-176-10051-36
2018-02-03 12:17:01,971 [9] DEBUG  - Cuenta de comisiones GASTO 5302-02-203-1623-00-05-176-10051-69
2018-02-03 12:17:02,809 [9] DEBUG  - Cuenta de comisiones GASTO 5302-02-203-1623-00-05-176-10051-69
2018-02-03 12:17:04,257 [9] DEBUG  - Cuenta de comisiones GASTO 5302-02-203-1623-00-05-176-10051-35
2018-02-03 12:17:05,095 [9] DEBUG  - Cuenta de comisiones GASTO 5302-02-203-1623-00-05-176-10051-33
2018-02-03 12:17:05,943 [9] DEBUG  - Cuenta de comisiones GASTO 5302-02-203-1623-00-05-176-10051-32
2018-02-03 12:17:07,096 [9] DEBUG  - Cuenta de comisiones GASTO 5302-02-203-1623-00-05-176-10051-29
2018-02-03 12:17:08,245 [9] DEBUG  - Cuenta de comisiones GASTO 5302-02-203-1623-00-05-176-10051-25
2018-02-03 12:17:09,377 [9] DEBUG  - Cuenta de comisiones GASTO 5302-02-203-1623-00-05-176-10051-30
2018-02-03 12:17:10,531 [9] DEBUG  - Cuenta de comisiones GASTO 5302-02-203-1623-00-05-176-10051-31
2018-02-03 12:17:11,798 [9] DEBUG  - Cuenta de comisiones GASTO 5302-02-203-1623-00-05-176-10051-76
2018-02-03 12:17:12,633 [9] DEBUG  - Cuenta de comisiones GASTO 5302-02-203-1623-00-05-176-10051-EC
2018-02-03 12:17:13,280 [9] DEBUG  - Cuenta de comisiones PAGO 2902-00-203-1623-00-05-176-10051-00
2018-02-03 12:17:13,280 [9] DEBUG  - Porcentaje Reserva Riesgos en curso: 40
2018-02-03 12:17:13,866 [9] DEBUG  - Cuenta para RRC GASTO: 5311-02-203-1623-00-05-176-10051-36
2018-02-03 12:17:14,450 [9] DEBUG  - Cuenta para RRC GASTO: 5311-02-203-1623-00-05-176-10051-69
2018-02-03 12:17:16,084 [9] DEBUG  - Cuenta para RRC GASTO: 5311-02-203-1623-00-05-176-10051-69
2018-02-03 12:17:16,985 [9] DEBUG  - Cuenta para RRC GASTO: 5311-02-203-1623-00-05-176-10051-35
2018-02-03 12:17:17,554 [9] DEBUG  - Cuenta para RRC GASTO: 5311-02-203-1623-00-05-176-10051-33
2018-02-03 12:17:18,439 [9] DEBUG  - Cuenta para RRC GASTO: 5311-02-203-1623-00-05-176-10051-32
2018-02-03 12:17:19,339 [9] DEBUG  - Cuenta para RRC GASTO: 5311-02-203-1623-00-05-176-10051-29
2018-02-03 12:17:19,924 [9] DEBUG  - Cuenta para RRC GASTO: 5311-02-203-1623-00-05-176-10051-25
2018-02-03 12:17:20,507 [9] DEBUG  - Cuenta para RRC GASTO: 5311-02-203-1623-00-05-176-10051-30
2018-02-03 12:17:21,087 [9] DEBUG  - Cuenta para RRC GASTO: 5311-02-203-1623-00-05-176-10051-31
2018-02-03 12:17:21,656 [9] DEBUG  - Cuenta para RRC GASTO: 5311-02-203-1623-00-05-176-10051-76
2018-02-03 12:17:22,242 [9] DEBUG  - Cuenta para RRC GASTO: 5311-02-203-1623-00-05-176-10051-EC
2018-02-03 12:17:22,773 [9] DEBUG  - Cuenta para RRC PASIVO: 2202-00-203-1623-00-05-176-10051-00
2018-02-03 12:17:23,359 [9] DEBUG  - Reaseguro Contractual: 5306-02-203-1623-00-05-176-10051-36
2018-02-03 12:17:23,928 [9] DEBUG  - Reaseguradores Comision por Reaseguro: 4302-02-203-1623-00-05-176-10051-36
2018-02-03 12:17:24,513 [9] DEBUG  - Reaseguro Contractual: 5306-02-203-1623-00-05-176-10051-69
2018-02-03 12:17:25,092 [9] DEBUG  - Reaseguradores Comision por Reaseguro: 4302-02-203-1623-00-05-176-10051-69
2018-02-03 12:17:25,677 [9] DEBUG  - Reaseguro Contractual: 5306-02-203-1623-00-05-176-10051-69
2018-02-03 12:17:26,262 [9] DEBUG  - Reaseguradores Comision por Reaseguro: 4302-02-203-1623-00-05-176-10051-69
2018-02-03 12:17:27,147 [9] DEBUG  - Reaseguro Contractual: 5306-02-203-1623-00-05-176-10051-35
2018-02-03 12:17:27,733 [9] DEBUG  - Reaseguradores Comision por Reaseguro: 4302-02-203-1623-00-05-176-10051-35
2018-02-03 12:17:28,318 [9] DEBUG  - Reaseguro Contractual: 5306-02-203-1623-00-05-176-10051-33
2018-02-03 12:17:29,196 [9] DEBUG  - Reaseguradores Comision por Reaseguro: 4302-02-203-1623-00-05-176-10051-33
2018-02-03 12:17:29,782 [9] DEBUG  - Reaseguro Contractual: 5306-02-203-1623-00-05-176-10051-32
2018-02-03 12:17:30,367 [9] DEBUG  - Reaseguradores Comision por Reaseguro: 4302-02-203-1623-00-05-176-10051-32
2018-02-03 12:17:31,252 [9] DEBUG  - Reaseguro Contractual: 5306-02-203-1623-00-05-176-10051-29
2018-02-03 12:17:32,138 [9] DEBUG  - Reaseguradores Comision por Reaseguro: 4302-02-203-1623-00-05-176-10051-29
2018-02-03 12:17:32,722 [9] DEBUG  - Reaseguro Contractual: 5306-02-203-1623-00-05-176-10051-25
2018-02-03 12:17:33,302 [9] DEBUG  - Reaseguradores Comision por Reaseguro: 4302-02-203-1623-00-05-176-10051-25
2018-02-03 12:17:33,887 [9] DEBUG  - Reaseguro Contractual: 5306-02-203-1623-00-05-176-10051-30
2018-02-03 12:17:34,774 [9] DEBUG  - Reaseguradores Comision por Reaseguro: 4302-02-203-1623-00-05-176-10051-30
2018-02-03 12:17:35,358 [9] DEBUG  - Reaseguro Contractual: 5306-02-203-1623-00-05-176-10051-31
2018-02-03 12:17:36,244 [9] DEBUG  - Reaseguradores Comision por Reaseguro: 4302-02-203-1623-00-05-176-10051-31
2018-02-03 12:17:36,829 [9] DEBUG  - Reaseguro Contractual: 5306-02-203-1623-00-05-176-10051-76
2018-02-03 12:17:37,423 [9] DEBUG  - Reaseguradores Comision por Reaseguro: 4302-02-203-1623-00-05-176-10051-76
2018-02-03 12:17:37,993 [9] DEBUG  - Reaseguro Contractual: 5306-02-203-1623-00-05-176-10051-EC
2018-02-03 12:17:38,578 [9] DEBUG  - Reaseguradores Comision por Reaseguro: 4302-02-203-1623-00-05-176-10051-EC
2018-02-03 12:17:39,094 [9] DEBUG  - Reaseguradores - cuenta corriente: 2402-00-203-1623-00-05-176-10051-00
2018-02-03 12:17:39,610 [9] DEBUG  - Reaseguradores Comision por Reaseguro: 2402-00-203-1623-00-05-176-10051-00
2018-02-03 12:17:40,796 [9] DEBUG  - RRC para reaseguro INGRESO: 4311-02-203-1623-00-05-176-10051-36
2018-02-03 12:17:41,380 [9] DEBUG  - RRC para reaseguro INGRESO: 4311-02-203-1623-00-05-176-10051-69
2018-02-03 12:17:41,965 [9] DEBUG  - RRC para reaseguro INGRESO: 4311-02-203-1623-00-05-176-10051-69
2018-02-03 12:17:42,551 [9] DEBUG  - RRC para reaseguro INGRESO: 4311-02-203-1623-00-05-176-10051-35
2018-02-03 12:17:43,134 [9] DEBUG  - RRC para reaseguro INGRESO: 4311-02-203-1623-00-05-176-10051-33
2018-02-03 12:17:43,714 [9] DEBUG  - RRC para reaseguro INGRESO: 4311-02-203-1623-00-05-176-10051-32
2018-02-03 12:17:44,300 [9] DEBUG  - RRC para reaseguro INGRESO: 4311-02-203-1623-00-05-176-10051-29
2018-02-03 12:17:44,885 [9] DEBUG  - RRC para reaseguro INGRESO: 4311-02-203-1623-00-05-176-10051-25
2018-02-03 12:17:45,469 [9] DEBUG  - RRC para reaseguro INGRESO: 4311-02-203-1623-00-05-176-10051-30
2018-02-03 12:17:46,055 [9] DEBUG  - RRC para reaseguro INGRESO: 4311-02-203-1623-00-05-176-10051-31
2018-02-03 12:17:46,637 [9] DEBUG  - RRC para reaseguro INGRESO: 4311-02-203-1623-00-05-176-10051-76
2018-02-03 12:17:47,218 [9] DEBUG  - RRC para reaseguro INGRESO: 4311-02-203-1623-00-05-176-10051-EC
2018-02-03 12:17:48,035 [9] DEBUG  - RRC para reaseguro PASIVO: 2202-00-203-1623-00-05-176-10051-00
