2017-11-04 12:18:58,011 [9] DEBUG  - Total de Transacciones: 16
2017-11-04 12:19:05,910 [9] DEBUG  - Contruyendo encabezado
2017-11-04 12:19:06,397 [9] DEBUG  - Creacion de numero de batch SFNC411201712
2017-11-04 12:19:08,373 [9] DEBUG  - Se obtiene el cliente de GP 1-05-431862
2017-11-04 12:19:28,096 [9] DEBUG  - Cuenta por cobrar: 1302-06-201-0501-00-04-174-10039-00
2017-11-04 12:19:28,097 [9] DEBUG  - Cuenta de impuestos: 2901-00-000-0000-00-00-171-00001-00
2017-11-04 12:19:28,110 [9] ERROR  - Ocurrió un error: 
System.NullReferenceException: Object reference not set to an instance of an object.
   at InvoiceSync.BL.InvoiceBL.CreateRMDistribution(SYSFLEX_POLICY policyInfo, TRANSACTION_INVOICE policyTransaction, List`1 transactionCoverage, RMDocumentTaxes[] taxes, RMTransactionHeader header) in C:\VSProjects\SysflexIntegration\InvoiceSync\BL\InvoiceBL.cs:line 1580
2017-11-04 12:20:30,981 [9] DEBUG  - Cuenta por cobrar: 1302-06-201-0501-00-04-174-10039-00
2017-11-04 12:20:35,052 [9] DEBUG  - Cuenta de impuestos: 2901-00-000-0000-00-00-171-00001-00
2017-11-04 12:24:55,099 [9] ERROR  - Ocurrió un error: 
System.NullReferenceException: Object reference not set to an instance of an object.
   at InvoiceSync.BL.InvoiceBL.CreateRMDistribution(SYSFLEX_POLICY policyInfo, TRANSACTION_INVOICE policyTransaction, List`1 transactionCoverage, RMDocumentTaxes[] taxes, RMTransactionHeader header) in C:\VSProjects\SysflexIntegration\InvoiceSync\BL\InvoiceBL.cs:line 1580
2017-11-04 12:24:55,104 [9] ERROR  - Ocurrió un error: 
System.NullReferenceException: Object reference not set to an instance of an object.
   at InvoiceSync.BL.InvoiceBL.CreateRMDistribution(SYSFLEX_POLICY policyInfo, TRANSACTION_INVOICE policyTransaction, List`1 transactionCoverage, RMDocumentTaxes[] taxes, RMTransactionHeader header) in C:\VSProjects\SysflexIntegration\InvoiceSync\BL\InvoiceBL.cs:line 1914
   at InvoiceSync.InvoiceSyncTask.Process() in C:\VSProjects\SysflexIntegration\InvoiceSync\InvoiceSyncTask.cs:line 164
2017-11-04 12:24:57,810 [9] DEBUG  - Contruyendo encabezado
2017-11-04 12:24:57,810 [9] DEBUG  - Creacion de numero de batch SFNC411201712
2017-11-04 12:24:58,736 [9] DEBUG  - Se obtiene el cliente de GP 1-05-431981
2017-11-04 12:25:22,912 [9] DEBUG  - Cuenta por cobrar: 1302-06-201-0600-00-05-177-10111-00
2017-11-04 12:25:26,520 [9] DEBUG  - Cuenta de impuestos: 2901-00-000-0000-00-00-171-00001-00
2017-11-04 12:25:32,506 [9] DEBUG  - Cuenta de Producto: 4301-06-201-0305-00-05-177-10111-65
2017-11-04 12:32:08,023 [9] DEBUG  - Cuenta de Producto: 4301-06-201-0305-00-05-177-10111-24
2017-11-04 12:32:13,413 [9] DEBUG  - Cuenta de Producto: 4301-06-201-0305-00-05-177-10111-15
2017-11-04 12:32:19,412 [9] DEBUG  - Cuenta de Producto: 4301-06-201-0305-00-05-177-10111-04
2017-11-04 12:32:23,678 [9] DEBUG  - Cuenta de Producto: 4301-06-201-0305-00-05-177-10111-02
2017-11-04 12:32:31,376 [9] DEBUG  - Cuenta de Producto: 4301-06-201-0305-00-05-177-10111-13
2017-11-04 12:32:35,998 [9] DEBUG  - Cuenta de Producto: 4301-06-201-0305-00-05-177-10111-06
2017-11-04 12:32:40,907 [9] DEBUG  - Cuenta de Producto: 4301-06-201-0305-00-05-177-10111-09
2017-11-04 12:32:46,811 [9] DEBUG  - Cuenta de Producto: 4301-06-201-0305-00-05-177-10111-12
2017-11-04 12:32:52,891 [9] DEBUG  - Cuenta de Producto: 4301-06-201-0305-00-05-177-10111-07
2017-11-04 12:41:02,819 [9] DEBUG  - Cuenta de Producto: 4301-06-201-0305-00-05-177-10111-05
2017-11-04 12:41:08,413 [9] DEBUG  - Cuenta de Producto: 4301-06-201-0305-00-05-177-10111-49
2017-11-04 12:41:09,381 [9] DEBUG  - Cuenta de Producto: 4301-06-201-0405-00-05-177-10111-65
2017-11-04 12:41:10,374 [9] DEBUG  - Cuenta de Producto: 4301-06-201-0405-00-05-177-10111-24
2017-11-04 12:41:11,344 [9] DEBUG  - Cuenta de Producto: 4301-06-201-0405-00-05-177-10111-15
2017-11-04 12:41:12,320 [9] DEBUG  - Cuenta de Producto: 4301-06-201-0405-00-05-177-10111-04
2017-11-04 12:41:13,294 [9] DEBUG  - Cuenta de Producto: 4301-06-201-0405-00-05-177-10111-02
2017-11-04 12:41:14,261 [9] DEBUG  - Cuenta de Producto: 4301-06-201-0405-00-05-177-10111-13
2017-11-04 12:41:15,265 [9] DEBUG  - Cuenta de Producto: 4301-06-201-0405-00-05-177-10111-06
2017-11-04 12:41:16,249 [9] DEBUG  - Cuenta de Producto: 4301-06-201-0405-00-05-177-10111-09
2017-11-04 12:41:17,225 [9] DEBUG  - Cuenta de Producto: 4301-06-201-0405-00-05-177-10111-12
2017-11-04 12:41:18,198 [9] DEBUG  - Cuenta de Producto: 4301-06-201-0405-00-05-177-10111-07
2017-11-04 12:41:19,167 [9] DEBUG  - Cuenta de Producto: 4301-06-201-0405-00-05-177-10111-05
2017-11-04 12:41:20,145 [9] DEBUG  - Cuenta de Producto: 4301-06-201-0405-00-05-177-10111-49
2017-11-04 12:42:01,829 [9] DEBUG  - Cuenta de comisiones GASTO 5302-06-201-0305-00-05-177-10111-65
2017-11-04 12:42:08,410 [9] DEBUG  - Cuenta de comisiones GASTO 5302-06-201-0305-00-05-177-10111-24
2017-11-04 12:42:15,153 [9] DEBUG  - Cuenta de comisiones GASTO 5302-06-201-0305-00-05-177-10111-15
2017-11-04 12:42:21,437 [9] DEBUG  - Cuenta de comisiones GASTO 5302-06-201-0305-00-05-177-10111-04
2017-11-04 12:42:28,198 [9] DEBUG  - Cuenta de comisiones GASTO 5302-06-201-0305-00-05-177-10111-02
2017-11-04 12:42:42,212 [9] DEBUG  - Cuenta de comisiones GASTO 5302-06-201-0305-00-05-177-10111-13
2017-11-04 12:42:50,491 [9] DEBUG  - Cuenta de comisiones GASTO 5302-06-201-0305-00-05-177-10111-06
2017-11-04 12:42:57,071 [9] DEBUG  - Cuenta de comisiones GASTO 5302-06-201-0305-00-05-177-10111-09
2017-11-04 12:43:08,546 [9] DEBUG  - Cuenta de comisiones GASTO 5302-06-201-0305-00-05-177-10111-12
2017-11-04 12:43:56,174 [9] DEBUG  - Cuenta de comisiones GASTO 5302-06-201-0305-00-05-177-10111-07
2017-11-04 12:46:08,975 [9] DEBUG  - Cuenta de comisiones GASTO 5302-06-201-0305-00-05-177-10111-05
2017-11-04 12:46:15,569 [9] DEBUG  - Cuenta de comisiones GASTO 5302-06-201-0305-00-05-177-10111-49
