2018-03-05 15:15:12,015 [10] DEBUG  - Total de Transacciones: 3
2018-03-05 15:16:05,190 [10] DEBUG  - Contruyendo encabezado
2018-03-05 15:16:05,520 [10] DEBUG  - Creacion de numero de batch SFNC2822018
2018-03-05 15:16:06,691 [10] DEBUG  - Se obtiene el cliente de GP 1-05-406018
2018-03-05 16:22:34,002 [9] DEBUG  - Total de Transacciones: 4
2018-03-05 16:22:37,075 [9] DEBUG  - Contruyendo encabezado
2018-03-05 16:22:37,076 [9] DEBUG  - Creacion de numero de batch SFFA2612018
2018-03-05 16:22:37,694 [9] DEBUG  - Se obtiene el cliente de GP 1-05-400014
2018-03-05 16:22:50,293 [9] DEBUG  - Cuenta por cobrar: 6104-06-000-0000-00-00-000-00013-02
2018-03-05 16:22:50,808 [9] DEBUG  - Cuenta de producto: 6104-06-000-0000-00-00-000-00043-01
2018-03-05 16:22:50,808 [9] DEBUG  - Cuenta de impuestos: 6101-00-000-0000-00-00-000-00029-01
2018-03-05 16:22:51,809 [9] DEBUG  - Cuenta de comisiones GASTO 6104-06-000-0000-00-00-000-00053-02
2018-03-05 16:22:51,809 [9] DEBUG  - Cuenta de comisiones PAGO 6101-00-000-0000-00-00-000-00029-02
2018-03-05 16:22:51,809 [9] DEBUG  - Porcentaje Reserva Riesgos en curso: 40
2018-03-05 16:22:52,309 [9] DEBUG  - Cuenta para RRC GASTO: 6106-06-000-0000-00-00-000-00053-11
2018-03-05 16:22:52,810 [9] DEBUG  - Cuenta para RRC PASIVO: 6104-06-000-0000-00-00-000-00022-06
2018-03-05 16:22:53,811 [9] DEBUG  - Reaseguradores Comision por Reaseguro: 6106-06-000-0000-00-00-000-00043-02
2018-03-05 16:22:53,811 [9] DEBUG  - Reaseguro Contractual: 6106-06-000-0000-00-00-000-00053-06
2018-03-05 16:22:54,311 [9] DEBUG  - Reaseguradores del exterior – cuenta corriente: 6106-06-000-0000-00-00-000-00043-02
2018-03-05 16:22:54,811 [9] DEBUG  - Reaseguradores Comision por Reaseguro Pasivo: 6103-00-000-0000-00-00-000-00024-02
2018-03-05 16:22:55,327 [9] DEBUG  - RRC para reaseguro INGRESO: 6106-06-000-0000-00-00-000-00043-11
2018-03-05 16:22:55,827 [9] DEBUG  - RRC para reaseguro PASIVO: 6104-06-000-0000-00-00-000-00022-06
2018-03-05 16:23:15,434 [9] DEBUG  - Cuenta por cobrar: 1302-06-201-0403-00-03-175-10052-00
2018-03-05 16:23:15,434 [9] DEBUG  - Cuenta de producto: 4301-06-201-0403-00-03-175-10052-65
2018-03-05 16:23:15,434 [9] DEBUG  - Cuenta de producto: 4301-06-201-0403-00-03-175-10052-24
2018-03-05 16:23:15,434 [9] DEBUG  - Cuenta de producto: 4301-06-201-0403-00-03-175-10052-15
2018-03-05 16:23:15,434 [9] DEBUG  - Cuenta de producto: 4301-06-201-0403-00-03-175-10052-04
2018-03-05 16:23:15,434 [9] DEBUG  - Cuenta de producto: 4301-06-201-0403-00-03-175-10052-02
2018-03-05 16:23:15,434 [9] DEBUG  - Cuenta de producto: 4301-06-201-0403-00-03-175-10052-13
2018-03-05 16:23:15,434 [9] DEBUG  - Cuenta de producto: 4301-06-201-0403-00-03-175-10052-09
2018-03-05 16:23:15,434 [9] DEBUG  - Cuenta de producto: 4301-06-201-0403-00-03-175-10052-12
2018-03-05 16:23:15,434 [9] DEBUG  - Cuenta de producto: 4301-06-201-0403-00-03-175-10052-16
2018-03-05 16:23:15,434 [9] DEBUG  - Cuenta de impuestos: 2901-00-000-0000-00-00-171-00001-00
2018-03-05 16:23:16,373 [9] DEBUG  - Cuenta de comisiones GASTO 5302-06-201-0403-00-03-175-10052-65
2018-03-05 16:23:17,437 [9] DEBUG  - Cuenta de comisiones GASTO 5302-06-201-0403-00-03-175-10052-24
2018-03-05 16:23:18,523 [9] DEBUG  - Cuenta de comisiones GASTO 5302-06-201-0403-00-03-175-10052-15
2018-03-05 16:23:19,603 [9] DEBUG  - Cuenta de comisiones GASTO 5302-06-201-0403-00-03-175-10052-04
2018-03-05 16:23:20,673 [9] DEBUG  - Cuenta de comisiones GASTO 5302-06-201-0403-00-03-175-10052-02
2018-03-05 16:23:21,759 [9] DEBUG  - Cuenta de comisiones GASTO 5302-06-201-0403-00-03-175-10052-13
2018-03-05 16:23:22,827 [9] DEBUG  - Cuenta de comisiones GASTO 5302-06-201-0403-00-03-175-10052-09
2018-03-05 16:23:23,907 [9] DEBUG  - Cuenta de comisiones GASTO 5302-06-201-0403-00-03-175-10052-12
2018-03-05 16:23:24,993 [9] DEBUG  - Cuenta de comisiones GASTO 5302-06-201-0403-00-03-175-10052-16
2018-03-05 16:23:25,879 [9] DEBUG  - Cuenta de comisiones PAGO 2902-00-201-0403-00-03-175-10052-00
2018-03-05 16:23:25,879 [9] DEBUG  - Porcentaje Reserva Riesgos en curso: 40
2018-03-05 16:23:26,665 [9] DEBUG  - Cuenta para RRC GASTO: 5311-06-201-0403-00-03-175-10052-65
2018-03-05 16:23:27,449 [9] DEBUG  - Cuenta para RRC GASTO: 5311-06-201-0403-00-03-175-10052-24
2018-03-05 16:23:28,250 [9] DEBUG  - Cuenta para RRC GASTO: 5311-06-201-0403-00-03-175-10052-15
2018-03-05 16:23:29,035 [9] DEBUG  - Cuenta para RRC GASTO: 5311-06-201-0403-00-03-175-10052-04
2018-03-05 16:23:29,835 [9] DEBUG  - Cuenta para RRC GASTO: 5311-06-201-0403-00-03-175-10052-02
2018-03-05 16:23:30,614 [9] DEBUG  - Cuenta para RRC GASTO: 5311-06-201-0403-00-03-175-10052-13
2018-03-05 16:23:31,400 [9] DEBUG  - Cuenta para RRC GASTO: 5311-06-201-0403-00-03-175-10052-09
2018-03-05 16:23:32,200 [9] DEBUG  - Cuenta para RRC GASTO: 5311-06-201-0403-00-03-175-10052-12
2018-03-05 16:23:32,985 [9] DEBUG  - Cuenta para RRC GASTO: 5311-06-201-0403-00-03-175-10052-16
2018-03-05 16:23:33,701 [9] DEBUG  - Cuenta para RRC PASIVO: 2206-00-201-0403-00-03-175-10052-00
2018-03-05 16:23:34,502 [9] DEBUG  - Reaseguro Contractual: 5306-06-201-0403-00-03-175-10052-04
2018-03-05 16:23:35,288 [9] DEBUG  - Reaseguradores Comision por Reaseguro: 4302-06-201-0403-00-03-175-10052-04
2018-03-05 16:23:36,004 [9] DEBUG  - Reaseguradores - cuenta corriente: 2402-00-201-0403-00-03-175-10052-00
2018-03-05 16:23:36,736 [9] DEBUG  - Reaseguradores Comision por Reaseguro: 2402-00-201-0403-00-03-175-10052-00
2018-03-05 16:23:37,521 [9] DEBUG  - RRC para reaseguro INGRESO: 4311-06-201-0403-00-03-175-10052-04
2018-03-05 16:23:38,242 [9] DEBUG  - RRC para reaseguro PASIVO: 2206-00-201-0403-00-03-175-10052-00
2018-03-05 16:27:01,655 [10] DEBUG  - Total de Transacciones: 4
2018-03-05 16:27:06,092 [10] DEBUG  - Contruyendo encabezado
2018-03-05 16:27:06,092 [10] DEBUG  - Creacion de numero de batch SFFA2612018
2018-03-05 16:27:06,708 [10] DEBUG  - Se obtiene el cliente de GP 1-05-400014
2018-03-05 16:27:19,248 [10] DEBUG  - Cuenta por cobrar: 6104-06-000-0000-00-00-000-00013-02
2018-03-05 16:27:19,696 [10] DEBUG  - Cuenta de producto: 6104-06-000-0000-00-00-000-00043-01
2018-03-05 16:27:19,696 [10] DEBUG  - Cuenta de impuestos: 6101-00-000-0000-00-00-000-00029-01
2018-03-05 16:27:20,628 [10] DEBUG  - Cuenta de comisiones GASTO 6104-06-000-0000-00-00-000-00053-02
2018-03-05 16:27:20,628 [10] DEBUG  - Cuenta de comisiones PAGO 6101-00-000-0000-00-00-000-00029-02
2018-03-05 16:27:20,628 [10] DEBUG  - Porcentaje Reserva Riesgos en curso: 40
2018-03-05 16:27:21,097 [10] DEBUG  - Cuenta para RRC GASTO: 6106-06-000-0000-00-00-000-00053-11
2018-03-05 16:27:21,550 [10] DEBUG  - Cuenta para RRC PASIVO: 6104-06-000-0000-00-00-000-00022-06
2018-03-05 16:27:24,284 [10] DEBUG  - Reaseguradores Comision por Reaseguro: 6106-06-000-0000-00-00-000-00043-02
2018-03-05 16:27:24,284 [10] DEBUG  - Reaseguro Contractual: 6106-06-000-0000-00-00-000-00053-06
2018-03-05 16:27:24,752 [10] DEBUG  - Reaseguradores del exterior – cuenta corriente: 6106-06-000-0000-00-00-000-00043-02
2018-03-05 16:27:25,200 [10] DEBUG  - Reaseguradores Comision por Reaseguro Pasivo: 6103-00-000-0000-00-00-000-00024-02
2018-03-05 16:27:25,654 [10] DEBUG  - RRC para reaseguro INGRESO: 6106-06-000-0000-00-00-000-00043-11
2018-03-05 16:27:26,117 [10] DEBUG  - RRC para reaseguro PASIVO: 6104-06-000-0000-00-00-000-00022-06
2018-03-05 16:27:40,235 [10] DEBUG  - Cuenta por cobrar: 1302-06-201-0403-00-03-175-10052-00
2018-03-05 16:27:40,235 [10] DEBUG  - Cuenta de producto: 4301-06-201-0403-00-03-175-10052-65
2018-03-05 16:27:40,235 [10] DEBUG  - Cuenta de producto: 4301-06-201-0403-00-03-175-10052-24
2018-03-05 16:27:40,235 [10] DEBUG  - Cuenta de producto: 4301-06-201-0403-00-03-175-10052-15
2018-03-05 16:27:40,235 [10] DEBUG  - Cuenta de producto: 4301-06-201-0403-00-03-175-10052-04
2018-03-05 16:27:40,235 [10] DEBUG  - Cuenta de producto: 4301-06-201-0403-00-03-175-10052-02
2018-03-05 16:27:40,235 [10] DEBUG  - Cuenta de producto: 4301-06-201-0403-00-03-175-10052-13
2018-03-05 16:27:40,235 [10] DEBUG  - Cuenta de producto: 4301-06-201-0403-00-03-175-10052-06
2018-03-05 16:27:40,235 [10] DEBUG  - Cuenta de producto: 4301-06-201-0403-00-03-175-10052-09
2018-03-05 16:27:40,235 [10] DEBUG  - Cuenta de producto: 4301-06-201-0403-00-03-175-10052-12
2018-03-05 16:27:40,235 [10] DEBUG  - Cuenta de producto: 4301-06-201-0403-00-03-175-10052-05
2018-03-05 16:27:40,235 [10] DEBUG  - Cuenta de producto: 4301-06-201-0403-00-03-175-10052-16
2018-03-05 16:27:40,235 [10] DEBUG  - Cuenta de impuestos: 2901-00-000-0000-00-00-171-00001-00
2018-03-05 16:27:41,351 [10] DEBUG  - Cuenta de comisiones GASTO 5302-06-201-0403-00-03-175-10052-65
2018-03-05 16:27:42,437 [10] DEBUG  - Cuenta de comisiones GASTO 5302-06-201-0403-00-03-175-10052-24
2018-03-05 16:27:43,407 [10] DEBUG  - Cuenta de comisiones GASTO 5302-06-201-0403-00-03-175-10052-15
2018-03-05 16:27:44,408 [10] DEBUG  - Cuenta de comisiones GASTO 5302-06-201-0403-00-03-175-10052-04
2018-03-05 16:27:45,378 [10] DEBUG  - Cuenta de comisiones GASTO 5302-06-201-0403-00-03-175-10052-02
2018-03-05 16:27:46,877 [10] DEBUG  - Cuenta de comisiones GASTO 5302-06-201-0403-00-03-175-10052-13
2018-03-05 16:27:48,729 [10] DEBUG  - Cuenta de comisiones GASTO 5302-06-201-0403-00-03-175-10052-06
2018-03-05 16:27:49,700 [10] DEBUG  - Cuenta de comisiones GASTO 5302-06-201-0403-00-03-175-10052-09
2018-03-05 16:27:50,685 [10] DEBUG  - Cuenta de comisiones GASTO 5302-06-201-0403-00-03-175-10052-12
2018-03-05 16:27:51,902 [10] DEBUG  - Cuenta de comisiones GASTO 5302-06-201-0403-00-03-175-10052-05
2018-03-05 16:27:52,865 [10] DEBUG  - Cuenta de comisiones GASTO 5302-06-201-0403-00-03-175-10052-16
2018-03-05 16:27:53,651 [10] DEBUG  - Cuenta de comisiones PAGO 2902-00-201-0403-00-03-175-10052-00
2018-03-05 16:27:53,651 [10] DEBUG  - Porcentaje Reserva Riesgos en curso: 40
2018-03-05 16:27:54,352 [10] DEBUG  - Cuenta para RRC GASTO: 5311-06-201-0403-00-03-175-10052-65
2018-03-05 16:27:55,305 [10] DEBUG  - Cuenta para RRC GASTO: 5311-06-201-0403-00-03-175-10052-24
2018-03-05 16:27:56,022 [10] DEBUG  - Cuenta para RRC GASTO: 5311-06-201-0403-00-03-175-10052-15
2018-03-05 16:27:56,738 [10] DEBUG  - Cuenta para RRC GASTO: 5311-06-201-0403-00-03-175-10052-04
2018-03-05 16:27:57,455 [10] DEBUG  - Cuenta para RRC GASTO: 5311-06-201-0403-00-03-175-10052-02
2018-03-05 16:27:58,493 [10] DEBUG  - Cuenta para RRC GASTO: 5311-06-201-0403-00-03-175-10052-13
2018-03-05 16:27:59,757 [10] DEBUG  - Cuenta para RRC GASTO: 5311-06-201-0403-00-03-175-10052-06
2018-03-05 16:28:00,458 [10] DEBUG  - Cuenta para RRC GASTO: 5311-06-201-0403-00-03-175-10052-09
2018-03-05 16:28:02,559 [10] DEBUG  - Cuenta para RRC GASTO: 5311-06-201-0403-00-03-175-10052-12
2018-03-05 16:28:04,398 [10] DEBUG  - Cuenta para RRC GASTO: 5311-06-201-0403-00-03-175-10052-05
2018-03-05 16:28:05,346 [10] DEBUG  - Cuenta para RRC GASTO: 5311-06-201-0403-00-03-175-10052-16
2018-03-05 16:28:06,146 [10] DEBUG  - Cuenta para RRC PASIVO: 2206-00-201-0403-00-03-175-10052-00
2018-03-05 16:28:07,180 [10] DEBUG  - Reaseguro Contractual: 5306-06-201-0403-00-03-175-10052-04
2018-03-05 16:28:07,902 [10] DEBUG  - Reaseguradores Comision por Reaseguro: 4302-06-201-0403-00-03-175-10052-04
2018-03-05 16:28:09,219 [10] DEBUG  - Reaseguro Contractual: 5306-06-201-0403-00-03-175-10052-06
2018-03-05 16:28:11,006 [10] DEBUG  - Reaseguradores Comision por Reaseguro: 4302-06-201-0403-00-03-175-10052-06
2018-03-05 16:28:12,207 [10] DEBUG  - Reaseguro Contractual: 5306-06-201-0403-00-03-175-10052-05
2018-03-05 16:28:13,508 [10] DEBUG  - Reaseguradores Comision por Reaseguro: 4302-06-201-0403-00-03-175-10052-05
2018-03-05 16:28:14,156 [10] DEBUG  - Reaseguradores - cuenta corriente: 2402-00-201-0403-00-03-175-10052-00
2018-03-05 16:28:14,825 [10] DEBUG  - Reaseguradores Comision por Reaseguro: 2402-00-201-0403-00-03-175-10052-00
2018-03-05 16:28:16,544 [10] DEBUG  - RRC para reaseguro INGRESO: 4311-06-201-0403-00-03-175-10052-04
2018-03-05 16:28:18,916 [10] DEBUG  - RRC para reaseguro INGRESO: 4311-06-201-0403-00-03-175-10052-06
2018-03-05 16:28:21,351 [10] DEBUG  - RRC para reaseguro INGRESO: 4311-06-201-0403-00-03-175-10052-05
2018-03-05 16:28:22,021 [10] DEBUG  - RRC para reaseguro PASIVO: 2206-00-201-0403-00-03-175-10052-00
2018-03-05 16:28:32,227 [10] DEBUG  - Contruyendo encabezado
2018-03-05 16:28:32,227 [10] DEBUG  - Creacion de numero de batch SFFA2612018
2018-03-05 16:28:33,514 [10] DEBUG  - Se obtiene el cliente de GP 1-05-455499
2018-03-05 16:28:42,047 [10] DEBUG  - Cuenta por cobrar: 6104-06-000-0000-00-00-000-00013-02
2018-03-05 16:28:42,826 [10] DEBUG  - Cuenta de producto: 6104-06-000-0000-00-00-000-00043-01
2018-03-05 16:28:42,826 [10] DEBUG  - Cuenta de impuestos: 6101-00-000-0000-00-00-000-00029-01
2018-03-05 16:28:44,512 [10] DEBUG  - Cuenta de comisiones GASTO 6104-06-000-0000-00-00-000-00053-02
2018-03-05 16:28:44,512 [10] DEBUG  - Cuenta de comisiones PAGO 6101-00-000-0000-00-00-000-00029-02
2018-03-05 16:28:44,512 [10] DEBUG  - Porcentaje Reserva Riesgos en curso: 40
2018-03-05 16:28:45,250 [10] DEBUG  - Cuenta para RRC GASTO: 6106-06-000-0000-00-00-000-00053-11
2018-03-05 16:28:45,713 [10] DEBUG  - Cuenta para RRC PASIVO: 6104-06-000-0000-00-00-000-00022-06
2018-03-05 16:28:48,700 [10] DEBUG  - Reaseguradores Comision por Reaseguro: 6106-06-000-0000-00-00-000-00043-02
2018-03-05 16:28:48,700 [10] DEBUG  - Reaseguro Contractual: 6106-06-000-0000-00-00-000-00053-06
2018-03-05 16:28:49,153 [10] DEBUG  - Reaseguradores del exterior – cuenta corriente: 6106-06-000-0000-00-00-000-00043-02
2018-03-05 16:28:49,616 [10] DEBUG  - Reaseguradores Comision por Reaseguro Pasivo: 6103-00-000-0000-00-00-000-00024-02
2018-03-05 16:28:50,085 [10] DEBUG  - RRC para reaseguro INGRESO: 6106-06-000-0000-00-00-000-00043-11
2018-03-05 16:28:50,532 [10] DEBUG  - RRC para reaseguro PASIVO: 6104-06-000-0000-00-00-000-00022-06
2018-03-05 16:29:00,082 [10] DEBUG  - Cuenta por cobrar: 1302-06-201-0403-00-04-175-10039-00
2018-03-05 16:29:00,082 [10] DEBUG  - Cuenta de producto: 4301-06-201-0403-00-04-175-10039-65
2018-03-05 16:29:00,082 [10] DEBUG  - Cuenta de producto: 4301-06-201-0403-00-04-175-10039-04
2018-03-05 16:29:00,082 [10] DEBUG  - Cuenta de producto: 4301-06-201-0403-00-04-175-10039-02
2018-03-05 16:29:00,082 [10] DEBUG  - Cuenta de producto: 4301-06-201-0403-00-04-175-10039-13
2018-03-05 16:29:00,082 [10] DEBUG  - Cuenta de producto: 4301-06-201-0403-00-04-175-10039-06
2018-03-05 16:29:00,082 [10] DEBUG  - Cuenta de producto: 4301-06-201-0403-00-04-175-10039-09
2018-03-05 16:29:00,082 [10] DEBUG  - Cuenta de producto: 4301-06-201-0403-00-04-175-10039-12
2018-03-05 16:29:00,082 [10] DEBUG  - Cuenta de producto: 4301-06-201-0403-00-04-175-10039-05
2018-03-05 16:29:00,082 [10] DEBUG  - Cuenta de producto: 4301-06-201-0403-00-04-175-10039-16
2018-03-05 16:29:00,082 [10] DEBUG  - Cuenta de impuestos: 2901-00-000-0000-00-00-171-00001-00
2018-03-05 16:29:01,367 [10] DEBUG  - Cuenta de comisiones GASTO 5302-06-201-0403-00-04-175-10039-65
2018-03-05 16:29:02,348 [10] DEBUG  - Cuenta de comisiones GASTO 5302-06-201-0403-00-04-175-10039-04
2018-03-05 16:29:03,319 [10] DEBUG  - Cuenta de comisiones GASTO 5302-06-201-0403-00-04-175-10039-02
2018-03-05 16:29:04,289 [10] DEBUG  - Cuenta de comisiones GASTO 5302-06-201-0403-00-04-175-10039-13
2018-03-05 16:29:05,574 [10] DEBUG  - Cuenta de comisiones GASTO 5302-06-201-0403-00-04-175-10039-06
2018-03-05 16:29:06,575 [10] DEBUG  - Cuenta de comisiones GASTO 5302-06-201-0403-00-04-175-10039-09
2018-03-05 16:29:07,676 [10] DEBUG  - Cuenta de comisiones GASTO 5302-06-201-0403-00-04-175-10039-12
2018-03-05 16:29:08,956 [10] DEBUG  - Cuenta de comisiones GASTO 5302-06-201-0403-00-04-175-10039-05
2018-03-05 16:29:09,926 [10] DEBUG  - Cuenta de comisiones GASTO 5302-06-201-0403-00-04-175-10039-16
2018-03-05 16:29:10,712 [10] DEBUG  - Cuenta de comisiones PAGO 2902-00-201-0403-00-04-175-10039-00
2018-03-05 16:29:10,712 [10] DEBUG  - Porcentaje Reserva Riesgos en curso: 40
2018-03-05 16:29:11,428 [10] DEBUG  - Cuenta para RRC GASTO: 5311-06-201-0403-00-04-175-10039-65
2018-03-05 16:29:12,144 [10] DEBUG  - Cuenta para RRC GASTO: 5311-06-201-0403-00-04-175-10039-04
2018-03-05 16:29:12,861 [10] DEBUG  - Cuenta para RRC GASTO: 5311-06-201-0403-00-04-175-10039-02
2018-03-05 16:29:13,584 [10] DEBUG  - Cuenta para RRC GASTO: 5311-06-201-0403-00-04-175-10039-13
2018-03-05 16:29:14,648 [10] DEBUG  - Cuenta para RRC GASTO: 5311-06-201-0403-00-04-175-10039-06
2018-03-05 16:29:15,384 [10] DEBUG  - Cuenta para RRC GASTO: 5311-06-201-0403-00-04-175-10039-09
2018-03-05 16:29:16,085 [10] DEBUG  - Cuenta para RRC GASTO: 5311-06-201-0403-00-04-175-10039-12
2018-03-05 16:29:17,034 [10] DEBUG  - Cuenta para RRC GASTO: 5311-06-201-0403-00-04-175-10039-05
2018-03-05 16:29:17,750 [10] DEBUG  - Cuenta para RRC GASTO: 5311-06-201-0403-00-04-175-10039-16
2018-03-05 16:29:18,388 [10] DEBUG  - Cuenta para RRC PASIVO: 2206-00-201-0403-00-04-175-10039-00
2018-03-05 16:29:19,105 [10] DEBUG  - Reaseguro Contractual: 5306-06-201-0403-00-04-175-10039-04
2018-03-05 16:29:19,806 [10] DEBUG  - Reaseguradores Comision por Reaseguro: 4302-06-201-0403-00-04-175-10039-04
2018-03-05 16:29:20,922 [10] DEBUG  - Reaseguro Contractual: 5306-06-201-0403-00-04-175-10039-06
2018-03-05 16:29:21,972 [10] DEBUG  - Reaseguradores Comision por Reaseguro: 4302-06-201-0403-00-04-175-10039-06
2018-03-05 16:29:22,972 [10] DEBUG  - Reaseguro Contractual: 5306-06-201-0403-00-04-175-10039-05
2018-03-05 16:29:23,942 [10] DEBUG  - Reaseguradores Comision por Reaseguro: 4302-06-201-0403-00-04-175-10039-05
2018-03-05 16:29:24,574 [10] DEBUG  - Reaseguradores - cuenta corriente: 2402-00-201-0403-00-04-175-10039-00
2018-03-05 16:29:25,244 [10] DEBUG  - Reaseguradores Comision por Reaseguro: 2402-00-201-0403-00-04-175-10039-00
2018-03-05 16:29:25,960 [10] DEBUG  - RRC para reaseguro INGRESO: 4311-06-201-0403-00-04-175-10039-04
2018-03-05 16:29:26,998 [10] DEBUG  - RRC para reaseguro INGRESO: 4311-06-201-0403-00-04-175-10039-06
2018-03-05 16:29:27,946 [10] DEBUG  - RRC para reaseguro INGRESO: 4311-06-201-0403-00-04-175-10039-05
2018-03-05 16:29:28,599 [10] DEBUG  - RRC para reaseguro PASIVO: 2206-00-201-0403-00-04-175-10039-00
2018-03-05 16:29:37,127 [10] DEBUG  - Contruyendo encabezado
2018-03-05 16:29:37,127 [10] DEBUG  - Creacion de numero de batch SFFA3112018
2018-03-05 16:29:37,574 [10] DEBUG  - Se obtiene el cliente de GP 1-05-399512
2018-03-05 16:29:43,419 [10] DEBUG  - Cuenta por cobrar: 6104-06-000-0000-00-00-000-00013-02
2018-03-05 16:29:43,866 [10] DEBUG  - Cuenta de producto: 6104-06-000-0000-00-00-000-00043-01
2018-03-05 16:29:43,866 [10] DEBUG  - Cuenta de impuestos: 6101-00-000-0000-00-00-000-00029-01
2018-03-05 16:29:43,866 [10] DEBUG  - Porcentaje Reserva Riesgos en curso: 40
2018-03-05 16:29:44,319 [10] DEBUG  - Cuenta para RRC GASTO: 6106-06-000-0000-00-00-000-00053-11
2018-03-05 16:29:44,767 [10] DEBUG  - Cuenta para RRC PASIVO: 6104-06-000-0000-00-00-000-00022-06
2018-03-05 16:29:47,486 [10] DEBUG  - Reaseguradores Comision por Reaseguro: 6106-06-000-0000-00-00-000-00043-02
2018-03-05 16:29:47,486 [10] DEBUG  - Reaseguro Contractual: 6106-06-000-0000-00-00-000-00053-06
2018-03-05 16:29:47,939 [10] DEBUG  - Reaseguradores del exterior – cuenta corriente: 6106-06-000-0000-00-00-000-00043-02
2018-03-05 16:29:48,386 [10] DEBUG  - Reaseguradores Comision por Reaseguro Pasivo: 6103-00-000-0000-00-00-000-00024-02
2018-03-05 16:29:48,886 [10] DEBUG  - RRC para reaseguro INGRESO: 6106-06-000-0000-00-00-000-00043-11
2018-03-05 16:29:49,325 [10] DEBUG  - RRC para reaseguro PASIVO: 6104-06-000-0000-00-00-000-00022-06
2018-03-05 16:29:58,033 [10] DEBUG  - Cuenta por cobrar: 1302-06-201-0403-00-08-179-10039-00
2018-03-05 16:29:58,033 [10] DEBUG  - Cuenta de producto: 4301-06-201-0403-00-08-179-10039-65
2018-03-05 16:29:58,033 [10] DEBUG  - Cuenta de producto: 4301-06-201-0403-00-08-179-10039-04
2018-03-05 16:29:58,033 [10] DEBUG  - Cuenta de producto: 4301-06-201-0403-00-08-179-10039-02
2018-03-05 16:29:58,033 [10] DEBUG  - Cuenta de producto: 4301-06-201-0403-00-08-179-10039-13
2018-03-05 16:29:58,033 [10] DEBUG  - Cuenta de producto: 4301-06-201-0403-00-08-179-10039-06
2018-03-05 16:29:58,033 [10] DEBUG  - Cuenta de producto: 4301-06-201-0403-00-08-179-10039-09
2018-03-05 16:29:58,033 [10] DEBUG  - Cuenta de producto: 4301-06-201-0403-00-08-179-10039-12
2018-03-05 16:29:58,033 [10] DEBUG  - Cuenta de producto: 4301-06-201-0403-00-08-179-10039-05
2018-03-05 16:29:58,033 [10] DEBUG  - Cuenta de producto: 4301-06-201-0403-00-08-179-10039-16
2018-03-05 16:29:58,033 [10] DEBUG  - Cuenta de impuestos: 2901-00-000-0000-00-00-171-00001-00
2018-03-05 16:29:58,033 [10] DEBUG  - Porcentaje Reserva Riesgos en curso: 40
2018-03-05 16:29:58,734 [10] DEBUG  - Cuenta para RRC GASTO: 5311-06-201-0403-00-08-179-10039-65
2018-03-05 16:29:59,451 [10] DEBUG  - Cuenta para RRC GASTO: 5311-06-201-0403-00-08-179-10039-04
2018-03-05 16:30:00,152 [10] DEBUG  - Cuenta para RRC GASTO: 5311-06-201-0403-00-08-179-10039-02
2018-03-05 16:30:00,868 [10] DEBUG  - Cuenta para RRC GASTO: 5311-06-201-0403-00-08-179-10039-13
2018-03-05 16:30:01,584 [10] DEBUG  - Cuenta para RRC GASTO: 5311-06-201-0403-00-08-179-10039-06
2018-03-05 16:30:02,285 [10] DEBUG  - Cuenta para RRC GASTO: 5311-06-201-0403-00-08-179-10039-09
2018-03-05 16:30:02,986 [10] DEBUG  - Cuenta para RRC GASTO: 5311-06-201-0403-00-08-179-10039-12
2018-03-05 16:30:03,703 [10] DEBUG  - Cuenta para RRC GASTO: 5311-06-201-0403-00-08-179-10039-05
2018-03-05 16:30:04,404 [10] DEBUG  - Cuenta para RRC GASTO: 5311-06-201-0403-00-08-179-10039-16
2018-03-05 16:30:05,043 [10] DEBUG  - Cuenta para RRC PASIVO: 2206-00-201-0403-00-08-179-10039-00
2018-03-05 16:30:05,761 [10] DEBUG  - Reaseguro Contractual: 5306-06-201-0403-00-08-179-10039-04
2018-03-05 16:30:06,477 [10] DEBUG  - Reaseguradores Comision por Reaseguro: 4302-06-201-0403-00-08-179-10039-04
2018-03-05 16:30:07,179 [10] DEBUG  - Reaseguro Contractual: 5306-06-201-0403-00-08-179-10039-06
2018-03-05 16:30:07,894 [10] DEBUG  - Reaseguradores Comision por Reaseguro: 4302-06-201-0403-00-08-179-10039-06
2018-03-05 16:30:08,595 [10] DEBUG  - Reaseguro Contractual: 5306-06-201-0403-00-08-179-10039-05
2018-03-05 16:30:09,311 [10] DEBUG  - Reaseguradores Comision por Reaseguro: 4302-06-201-0403-00-08-179-10039-05
2018-03-05 16:30:09,949 [10] DEBUG  - Reaseguradores - cuenta corriente: 2402-00-201-0403-00-08-179-10039-00
2018-03-05 16:30:10,597 [10] DEBUG  - Reaseguradores Comision por Reaseguro: 2402-00-201-0403-00-08-179-10039-00
2018-03-05 16:30:11,299 [10] DEBUG  - RRC para reaseguro INGRESO: 4311-06-201-0403-00-08-179-10039-04
2018-03-05 16:30:12,015 [10] DEBUG  - RRC para reaseguro INGRESO: 4311-06-201-0403-00-08-179-10039-06
2018-03-05 16:30:12,716 [10] DEBUG  - RRC para reaseguro INGRESO: 4311-06-201-0403-00-08-179-10039-05
2018-03-05 16:30:13,370 [10] DEBUG  - RRC para reaseguro PASIVO: 2206-00-201-0403-00-08-179-10039-00
2018-03-05 16:30:20,109 [10] DEBUG  - Contruyendo encabezado
2018-03-05 16:30:20,109 [10] DEBUG  - Creacion de numero de batch SFFA3112018
2018-03-05 16:30:20,625 [10] DEBUG  - Se obtiene el cliente de GP 1-05-452387
2018-03-05 16:30:27,766 [10] DEBUG  - Cuenta por cobrar: 6104-06-000-0000-00-00-000-00013-02
2018-03-05 16:30:28,216 [10] DEBUG  - Cuenta de producto: 6104-06-000-0000-00-00-000-00043-01
2018-03-05 16:30:28,216 [10] DEBUG  - Cuenta de impuestos: 6101-00-000-0000-00-00-000-00029-01
2018-03-05 16:30:29,117 [10] DEBUG  - Cuenta de comisiones GASTO 6104-06-000-0000-00-00-000-00053-02
2018-03-05 16:30:29,133 [10] DEBUG  - Cuenta de comisiones PAGO 6101-00-000-0000-00-00-000-00029-02
2018-03-05 16:30:29,133 [10] DEBUG  - Porcentaje Reserva Riesgos en curso: 40
2018-03-05 16:30:29,571 [10] DEBUG  - Cuenta para RRC GASTO: 6106-06-000-0000-00-00-000-00053-11
2018-03-05 16:30:30,034 [10] DEBUG  - Cuenta para RRC PASIVO: 6104-06-000-0000-00-00-000-00022-06
2018-03-05 16:30:32,736 [10] DEBUG  - Reaseguradores Comision por Reaseguro: 6106-06-000-0000-00-00-000-00043-02
2018-03-05 16:30:32,736 [10] DEBUG  - Reaseguro Contractual: 6106-06-000-0000-00-00-000-00053-06
2018-03-05 16:30:33,190 [10] DEBUG  - Reaseguradores del exterior – cuenta corriente: 6106-06-000-0000-00-00-000-00043-02
2018-03-05 16:30:33,637 [10] DEBUG  - Reaseguradores Comision por Reaseguro Pasivo: 6103-00-000-0000-00-00-000-00024-02
2018-03-05 16:30:34,091 [10] DEBUG  - RRC para reaseguro INGRESO: 6106-06-000-0000-00-00-000-00043-11
2018-03-05 16:30:34,553 [10] DEBUG  - RRC para reaseguro PASIVO: 6104-06-000-0000-00-00-000-00022-06
2018-03-05 16:30:44,462 [10] DEBUG  - Cuenta por cobrar: 1302-06-201-0403-00-03-174-10052-00
2018-03-05 16:30:44,462 [10] DEBUG  - Cuenta de producto: 4301-06-201-0403-00-03-174-10052-65
2018-03-05 16:30:44,462 [10] DEBUG  - Cuenta de producto: 4301-06-201-0403-00-03-174-10052-15
2018-03-05 16:30:44,462 [10] DEBUG  - Cuenta de producto: 4301-06-201-0403-00-03-174-10052-04
2018-03-05 16:30:44,462 [10] DEBUG  - Cuenta de producto: 4301-06-201-0403-00-03-174-10052-02
2018-03-05 16:30:44,462 [10] DEBUG  - Cuenta de producto: 4301-06-201-0403-00-03-174-10052-13
2018-03-05 16:30:44,462 [10] DEBUG  - Cuenta de producto: 4301-06-201-0403-00-03-174-10052-06
2018-03-05 16:30:44,462 [10] DEBUG  - Cuenta de producto: 4301-06-201-0403-00-03-174-10052-09
2018-03-05 16:30:44,462 [10] DEBUG  - Cuenta de producto: 4301-06-201-0403-00-03-174-10052-12
2018-03-05 16:30:44,462 [10] DEBUG  - Cuenta de producto: 4301-06-201-0403-00-03-174-10052-05
2018-03-05 16:30:44,462 [10] DEBUG  - Cuenta de producto: 4301-06-201-0403-00-03-174-10052-16
2018-03-05 16:30:44,462 [10] DEBUG  - Cuenta de impuestos: 2901-00-000-0000-00-00-171-00001-00
2018-03-05 16:30:45,301 [10] DEBUG  - Cuenta de comisiones GASTO 5302-06-201-0403-00-03-174-10052-65
2018-03-05 16:30:46,264 [10] DEBUG  - Cuenta de comisiones GASTO 5302-06-201-0403-00-03-174-10052-15
2018-03-05 16:30:47,234 [10] DEBUG  - Cuenta de comisiones GASTO 5302-06-201-0403-00-03-174-10052-04
2018-03-05 16:30:48,203 [10] DEBUG  - Cuenta de comisiones GASTO 5302-06-201-0403-00-03-174-10052-02
2018-03-05 16:30:49,220 [10] DEBUG  - Cuenta de comisiones GASTO 5302-06-201-0403-00-03-174-10052-13
2018-03-05 16:30:50,188 [10] DEBUG  - Cuenta de comisiones GASTO 5302-06-201-0403-00-03-174-10052-06
2018-03-05 16:30:51,138 [10] DEBUG  - Cuenta de comisiones GASTO 5302-06-201-0403-00-03-174-10052-09
2018-03-05 16:30:52,108 [10] DEBUG  - Cuenta de comisiones GASTO 5302-06-201-0403-00-03-174-10052-12
2018-03-05 16:30:53,387 [10] DEBUG  - Cuenta de comisiones GASTO 5302-06-201-0403-00-03-174-10052-05
2018-03-05 16:30:54,974 [10] DEBUG  - Cuenta de comisiones GASTO 5302-06-201-0403-00-03-174-10052-16
2018-03-05 16:30:55,760 [10] DEBUG  - Cuenta de comisiones PAGO 2902-00-201-0403-00-03-174-10052-00
2018-03-05 16:30:55,760 [10] DEBUG  - Porcentaje Reserva Riesgos en curso: 40
2018-03-05 16:30:56,461 [10] DEBUG  - Cuenta para RRC GASTO: 5311-06-201-0403-00-03-174-10052-65
2018-03-05 16:30:57,194 [10] DEBUG  - Cuenta para RRC GASTO: 5311-06-201-0403-00-03-174-10052-15
2018-03-05 16:30:58,163 [10] DEBUG  - Cuenta para RRC GASTO: 5311-06-201-0403-00-03-174-10052-04
2018-03-05 16:30:58,864 [10] DEBUG  - Cuenta para RRC GASTO: 5311-06-201-0403-00-03-174-10052-02
2018-03-05 16:30:59,580 [10] DEBUG  - Cuenta para RRC GASTO: 5311-06-201-0403-00-03-174-10052-13
2018-03-05 16:31:01,081 [10] DEBUG  - Cuenta para RRC GASTO: 5311-06-201-0403-00-03-174-10052-06
2018-03-05 16:31:01,851 [10] DEBUG  - Cuenta para RRC GASTO: 5311-06-201-0403-00-03-174-10052-09
2018-03-05 16:31:02,567 [10] DEBUG  - Cuenta para RRC GASTO: 5311-06-201-0403-00-03-174-10052-12
2018-03-05 16:31:03,268 [10] DEBUG  - Cuenta para RRC GASTO: 5311-06-201-0403-00-03-174-10052-05
2018-03-05 16:31:04,021 [10] DEBUG  - Cuenta para RRC GASTO: 5311-06-201-0403-00-03-174-10052-16
2018-03-05 16:31:04,668 [10] DEBUG  - Cuenta para RRC PASIVO: 2206-00-201-0403-00-03-174-10052-00
2018-03-05 16:31:05,370 [10] DEBUG  - Reaseguro Contractual: 5306-06-201-0403-00-03-174-10052-04
2018-03-05 16:31:06,086 [10] DEBUG  - Reaseguradores Comision por Reaseguro: 4302-06-201-0403-00-03-174-10052-04
2018-03-05 16:31:06,803 [10] DEBUG  - Reaseguro Contractual: 5306-06-201-0403-00-03-174-10052-06
2018-03-05 16:31:07,510 [10] DEBUG  - Reaseguradores Comision por Reaseguro: 4302-06-201-0403-00-03-174-10052-06
2018-03-05 16:31:08,210 [10] DEBUG  - Reaseguro Contractual: 5306-06-201-0403-00-03-174-10052-05
2018-03-05 16:31:08,927 [10] DEBUG  - Reaseguradores Comision por Reaseguro: 4302-06-201-0403-00-03-174-10052-05
2018-03-05 16:31:09,612 [10] DEBUG  - Reaseguradores - cuenta corriente: 2402-00-201-0403-00-03-174-10052-00
2018-03-05 16:31:10,376 [10] DEBUG  - Reaseguradores Comision por Reaseguro: 2402-00-201-0403-00-03-174-10052-00
2018-03-05 16:31:11,093 [10] DEBUG  - RRC para reaseguro INGRESO: 4311-06-201-0403-00-03-174-10052-04
2018-03-05 16:31:11,793 [10] DEBUG  - RRC para reaseguro INGRESO: 4311-06-201-0403-00-03-174-10052-06
2018-03-05 16:31:12,516 [10] DEBUG  - RRC para reaseguro INGRESO: 4311-06-201-0403-00-03-174-10052-05
2018-03-05 16:31:13,163 [10] DEBUG  - RRC para reaseguro PASIVO: 2206-00-201-0403-00-03-174-10052-00
