2018-06-05 16:45:03,487 [8] DEBUG  - Total de Transacciones: 8
2018-06-05 16:45:10,229 [8] DEBUG  - Contruyendo encabezado
2018-06-05 16:45:10,229 [8] DEBUG  - Creacion de numero de batch SFFA1642018
2018-06-05 16:45:11,202 [8] DEBUG  - Se obtiene el cliente de GP 05-370422-2015
2018-06-05 16:45:50,800 [8] DEBUG  - Cuenta por cobrar: 6104-06-000-0000-00-00-000-00013-02
2018-06-05 16:45:52,148 [8] DEBUG  - Cuenta de producto: 6104-06-000-0000-00-00-000-00043-01
2018-06-05 16:45:52,148 [8] DEBUG  - Cuenta de impuestos: 6101-00-000-0000-00-00-000-00029-01
2018-06-05 16:45:55,168 [8] DEBUG  - Cuenta de comisiones GASTO 6104-06-000-0000-00-00-000-00053-02
2018-06-05 16:45:55,169 [8] DEBUG  - Cuenta de comisiones PAGO 6101-00-000-0000-00-00-000-00029-02
2018-06-05 16:45:55,169 [8] DEBUG  - Porcentaje Reserva Riesgos en curso: 40
2018-06-05 16:45:56,748 [8] DEBUG  - Cuenta para RRC GASTO: 6106-06-000-0000-00-00-000-00053-11
2018-06-05 16:45:57,735 [8] DEBUG  - Cuenta para RRC PASIVO: 6104-06-000-0000-00-00-000-00022-06
2018-06-05 16:46:43,889 [8] DEBUG  - Cuenta por cobrar: 1302-06-201-0600-00-05-175-10118-00
2018-06-05 16:46:43,889 [8] DEBUG  - Cuenta de producto: 4301-06-201-0201-00-05-175-10118-65
2018-06-05 16:46:43,889 [8] DEBUG  - Cuenta de producto: 4301-06-201-0201-00-05-175-10118-02
2018-06-05 16:46:43,890 [8] DEBUG  - Cuenta de producto: 4301-06-201-0201-00-05-175-10118-13
2018-06-05 16:46:43,890 [8] DEBUG  - Cuenta de producto: 4301-06-201-0201-00-05-175-10118-09
2018-06-05 16:46:43,890 [8] DEBUG  - Cuenta de producto: 4301-06-201-0201-00-05-175-10118-12
2018-06-05 16:46:43,890 [8] DEBUG  - Cuenta de producto: 4301-06-201-0201-00-05-175-10118-16
2018-06-05 16:46:43,890 [8] DEBUG  - Cuenta de impuestos: 2901-00-000-0000-00-00-171-00001-00
2018-06-05 16:46:48,091 [8] DEBUG  - Cuenta de comisiones GASTO 5302-06-201-0201-00-05-175-10118-65
2018-06-05 16:46:52,836 [8] DEBUG  - Cuenta de comisiones GASTO 5302-06-201-0201-00-05-175-10118-02
2018-06-05 16:46:57,252 [8] DEBUG  - Cuenta de comisiones GASTO 5302-06-201-0201-00-05-175-10118-13
2018-06-05 16:47:01,165 [8] DEBUG  - Cuenta de comisiones GASTO 5302-06-201-0201-00-05-175-10118-09
2018-06-05 16:47:03,548 [8] DEBUG  - Cuenta de comisiones GASTO 5302-06-201-0201-00-05-175-10118-12
2018-06-05 16:47:05,406 [8] DEBUG  - Cuenta de comisiones GASTO 5302-06-201-0201-00-05-175-10118-16
2018-06-05 16:47:07,501 [8] DEBUG  - Cuenta de comisiones PAGO 2902-00-201-0201-00-05-175-10118-00
2018-06-05 16:47:07,501 [8] DEBUG  - Porcentaje Reserva Riesgos en curso: 40
2018-06-05 16:47:09,796 [8] DEBUG  - Cuenta para RRC GASTO: 5311-06-201-0201-00-05-175-10118-65
2018-06-05 16:47:11,889 [8] DEBUG  - Cuenta para RRC GASTO: 5311-06-201-0201-00-05-175-10118-02
2018-06-05 16:47:13,302 [8] DEBUG  - Cuenta para RRC GASTO: 5311-06-201-0201-00-05-175-10118-13
2018-06-05 16:47:14,791 [8] DEBUG  - Cuenta para RRC GASTO: 5311-06-201-0201-00-05-175-10118-09
2018-06-05 16:47:16,691 [8] DEBUG  - Cuenta para RRC GASTO: 5311-06-201-0201-00-05-175-10118-12
2018-06-05 16:47:19,015 [8] DEBUG  - Cuenta para RRC GASTO: 5311-06-201-0201-00-05-175-10118-16
2018-06-05 16:47:21,432 [8] DEBUG  - Cuenta para RRC PASIVO: 2206-00-201-0201-00-05-175-10118-00
2018-06-05 16:47:40,424 [8] DEBUG  - Contruyendo encabezado
2018-06-05 16:47:40,425 [8] DEBUG  - Creacion de numero de batch SFFA2042018
2018-06-05 16:47:41,401 [8] DEBUG  - Se obtiene el cliente de GP 3-05-466796
2018-06-05 16:48:05,150 [8] DEBUG  - Cuenta por cobrar: 6104-06-000-0000-00-00-000-00013-02
2018-06-05 16:48:06,895 [8] DEBUG  - Cuenta de producto: 6104-06-000-0000-00-00-000-00043-01
2018-06-05 16:48:06,895 [8] DEBUG  - Cuenta de impuestos: 6101-00-000-0000-00-00-000-00029-01
2018-06-05 16:48:10,261 [8] DEBUG  - Cuenta de comisiones GASTO 6104-06-000-0000-00-00-000-00053-02
2018-06-05 16:48:10,261 [8] DEBUG  - Cuenta de comisiones PAGO 6101-00-000-0000-00-00-000-00029-02
2018-06-05 16:48:10,261 [8] DEBUG  - Porcentaje Reserva Riesgos en curso: 40
2018-06-05 16:48:11,588 [8] DEBUG  - Cuenta para RRC GASTO: 6106-06-000-0000-00-00-000-00053-11
2018-06-05 16:48:12,503 [8] DEBUG  - Cuenta para RRC PASIVO: 6104-06-000-0000-00-00-000-00022-06
2018-06-05 16:48:18,335 [8] DEBUG  - Reaseguradores Comision por Reaseguro: 6106-06-000-0000-00-00-000-00043-02
2018-06-05 16:48:18,335 [8] DEBUG  - Reaseguro Contractual: 6106-06-000-0000-00-00-000-00053-06
2018-06-05 16:48:19,348 [8] DEBUG  - Reaseguradores del exterior – cuenta corriente: 6106-06-000-0000-00-00-000-00043-02
2018-06-05 16:48:20,213 [8] DEBUG  - Reaseguradores Comision por Reaseguro Pasivo: 6103-00-000-0000-00-00-000-00024-02
2018-06-05 16:48:21,145 [8] DEBUG  - RRC para reaseguro INGRESO: 6106-06-000-0000-00-00-000-00043-11
2018-06-05 16:48:22,147 [8] DEBUG  - RRC para reaseguro PASIVO: 6104-06-000-0000-00-00-000-00022-06
2018-06-05 16:48:42,903 [8] DEBUG  - Cuenta por cobrar: 1302-06-201-0426-00-04-175-10039-00
2018-06-05 16:48:42,903 [8] DEBUG  - Cuenta de producto: 4301-06-201-0426-00-04-175-10039-65
2018-06-05 16:48:42,903 [8] DEBUG  - Cuenta de producto: 4301-06-201-0426-00-04-175-10039-54
2018-06-05 16:48:42,903 [8] DEBUG  - Cuenta de producto: 4301-06-201-0426-00-04-175-10039-04
2018-06-05 16:48:42,903 [8] DEBUG  - Cuenta de producto: 4301-06-201-0426-00-04-175-10039-02
2018-06-05 16:48:42,903 [8] DEBUG  - Cuenta de producto: 4301-06-201-0426-00-04-175-10039-13
2018-06-05 16:48:42,903 [8] DEBUG  - Cuenta de producto: 4301-06-201-0426-00-04-175-10039-06
2018-06-05 16:48:42,903 [8] DEBUG  - Cuenta de producto: 4301-06-201-0426-00-04-175-10039-09
2018-06-05 16:48:42,903 [8] DEBUG  - Cuenta de producto: 4301-06-201-0426-00-04-175-10039-12
2018-06-05 16:48:42,903 [8] DEBUG  - Cuenta de producto: 4301-06-201-0426-00-04-175-10039-07
2018-06-05 16:48:42,903 [8] DEBUG  - Cuenta de impuestos: 2901-00-000-0000-00-00-171-00001-00
2018-06-05 16:48:44,893 [8] DEBUG  - Cuenta de comisiones GASTO 5302-06-201-0426-00-04-175-10039-65
2018-06-05 16:48:46,798 [8] DEBUG  - Cuenta de comisiones GASTO 5302-06-201-0426-00-04-175-10039-54
2018-06-05 16:48:48,865 [8] DEBUG  - Cuenta de comisiones GASTO 5302-06-201-0426-00-04-175-10039-04
2018-06-05 16:48:50,772 [8] DEBUG  - Cuenta de comisiones GASTO 5302-06-201-0426-00-04-175-10039-02
2018-06-05 16:48:53,142 [8] DEBUG  - Cuenta de comisiones GASTO 5302-06-201-0426-00-04-175-10039-13
2018-06-05 16:48:56,164 [8] DEBUG  - Cuenta de comisiones GASTO 5302-06-201-0426-00-04-175-10039-06
2018-06-05 16:48:58,855 [8] DEBUG  - Cuenta de comisiones GASTO 5302-06-201-0426-00-04-175-10039-09
2018-06-05 16:49:01,118 [8] DEBUG  - Cuenta de comisiones GASTO 5302-06-201-0426-00-04-175-10039-12
2018-06-05 16:49:04,224 [8] DEBUG  - Cuenta de comisiones GASTO 5302-06-201-0426-00-04-175-10039-07
2018-06-05 16:49:07,446 [8] DEBUG  - Cuenta de comisiones PAGO 2902-00-201-0426-00-04-175-10039-00
2018-06-05 16:49:07,446 [8] DEBUG  - Porcentaje Reserva Riesgos en curso: 40
2018-06-05 16:49:10,845 [8] DEBUG  - Cuenta para RRC GASTO: 5311-06-201-0426-00-04-175-10039-65
2018-06-05 16:49:13,571 [8] DEBUG  - Cuenta para RRC GASTO: 5311-06-201-0426-00-04-175-10039-54
2018-06-05 16:49:16,432 [8] DEBUG  - Cuenta para RRC GASTO: 5311-06-201-0426-00-04-175-10039-04
2018-06-05 16:49:19,340 [8] DEBUG  - Cuenta para RRC GASTO: 5311-06-201-0426-00-04-175-10039-02
2018-06-05 16:49:22,481 [8] DEBUG  - Cuenta para RRC GASTO: 5311-06-201-0426-00-04-175-10039-13
2018-06-05 16:49:24,830 [8] DEBUG  - Cuenta para RRC GASTO: 5311-06-201-0426-00-04-175-10039-06
2018-06-05 16:49:26,383 [8] DEBUG  - Cuenta para RRC GASTO: 5311-06-201-0426-00-04-175-10039-09
2018-06-05 16:49:28,099 [8] DEBUG  - Cuenta para RRC GASTO: 5311-06-201-0426-00-04-175-10039-12
2018-06-05 16:49:30,262 [8] DEBUG  - Cuenta para RRC GASTO: 5311-06-201-0426-00-04-175-10039-07
2018-06-05 16:49:33,044 [8] DEBUG  - Cuenta para RRC PASIVO: 2206-00-201-0426-00-04-175-10039-00
2018-06-05 16:49:36,487 [8] DEBUG  - Reaseguro Contractual: 5306-06-201-0426-00-04-175-10039-04
2018-06-05 16:49:39,191 [8] DEBUG  - Reaseguradores Comision por Reaseguro: 4302-06-201-0426-00-04-175-10039-04
2018-06-05 16:49:40,963 [8] DEBUG  - Reaseguro Contractual: 5306-06-201-0426-00-04-175-10039-06
2018-06-05 16:49:42,950 [8] DEBUG  - Reaseguradores Comision por Reaseguro: 4302-06-201-0426-00-04-175-10039-06
2018-06-05 16:49:45,200 [8] DEBUG  - Reaseguro Contractual: 5306-06-201-0426-00-04-175-10039-07
2018-06-05 16:49:46,785 [8] DEBUG  - Reaseguradores Comision por Reaseguro: 4302-06-201-0426-00-04-175-10039-07
2018-06-05 16:49:48,045 [8] DEBUG  - Reaseguradores - cuenta corriente: 2402-00-201-0426-00-04-175-10039-00
2018-06-05 16:49:49,454 [8] DEBUG  - Reaseguradores Comision por Reaseguro: 2402-00-201-0426-00-04-175-10039-00
2018-06-05 16:49:51,612 [8] DEBUG  - RRC para reaseguro INGRESO: 4311-06-201-0426-00-04-175-10039-04
2018-06-05 16:49:53,357 [8] DEBUG  - RRC para reaseguro INGRESO: 4311-06-201-0426-00-04-175-10039-06
2018-06-05 16:49:55,560 [8] DEBUG  - RRC para reaseguro INGRESO: 4311-06-201-0426-00-04-175-10039-07
2018-06-05 16:49:58,049 [8] DEBUG  - RRC para reaseguro PASIVO: 2206-00-201-0426-00-04-175-10039-00
2018-06-05 16:51:09,444 [8] DEBUG  - Contruyendo encabezado
2018-06-05 16:51:09,444 [8] DEBUG  - Creacion de numero de batch SFFA2042018
2018-06-05 16:51:10,209 [8] DEBUG  - Se obtiene el cliente de GP 7-05-469123
2018-06-05 16:51:39,873 [8] DEBUG  - Cuenta por cobrar: 6104-06-000-0000-00-00-000-00013-02
2018-06-05 16:51:41,283 [8] DEBUG  - Cuenta de producto: 6104-06-000-0000-00-00-000-00043-01
2018-06-05 16:51:41,283 [8] DEBUG  - Cuenta de impuestos: 6101-00-000-0000-00-00-000-00029-01
2018-06-05 16:51:43,789 [8] DEBUG  - Cuenta de comisiones GASTO 6104-06-000-0000-00-00-000-00053-02
2018-06-05 16:51:43,790 [8] DEBUG  - Cuenta de comisiones PAGO 6101-00-000-0000-00-00-000-00029-02
2018-06-05 16:51:43,790 [8] DEBUG  - Porcentaje Reserva Riesgos en curso: 40
2018-06-05 16:51:45,789 [8] DEBUG  - Cuenta para RRC GASTO: 6106-06-000-0000-00-00-000-00053-11
2018-06-05 16:51:47,976 [8] DEBUG  - Cuenta para RRC PASIVO: 6104-06-000-0000-00-00-000-00022-06
2018-06-05 16:51:57,883 [8] DEBUG  - Reaseguradores Comision por Reaseguro: 6106-06-000-0000-00-00-000-00043-02
2018-06-05 16:51:57,883 [8] DEBUG  - Reaseguro Contractual: 6106-06-000-0000-00-00-000-00053-06
2018-06-05 16:51:58,908 [8] DEBUG  - Reaseguradores del exterior – cuenta corriente: 6106-06-000-0000-00-00-000-00043-02
2018-06-05 16:51:59,759 [8] DEBUG  - Reaseguradores Comision por Reaseguro Pasivo: 6103-00-000-0000-00-00-000-00024-02
2018-06-05 16:52:00,566 [8] DEBUG  - RRC para reaseguro INGRESO: 6106-06-000-0000-00-00-000-00043-11
2018-06-05 16:52:01,565 [8] DEBUG  - RRC para reaseguro PASIVO: 6104-06-000-0000-00-00-000-00022-06
2018-06-05 16:52:28,194 [8] DEBUG  - Cuenta por cobrar: 1302-06-201-0205-00-01-176-10056-00
2018-06-05 16:52:28,194 [8] DEBUG  - Cuenta de producto: 4301-06-201-0205-00-01-176-10056-65
2018-06-05 16:52:28,194 [8] DEBUG  - Cuenta de producto: 4301-06-201-0205-00-01-176-10056-24
2018-06-05 16:52:28,194 [8] DEBUG  - Cuenta de producto: 4301-06-201-0205-00-01-176-10056-15
2018-06-05 16:52:28,195 [8] DEBUG  - Cuenta de producto: 4301-06-201-0205-00-01-176-10056-04
2018-06-05 16:52:28,195 [8] DEBUG  - Cuenta de producto: 4301-06-201-0205-00-01-176-10056-02
2018-06-05 16:52:28,195 [8] DEBUG  - Cuenta de producto: 4301-06-201-0205-00-01-176-10056-13
2018-06-05 16:52:28,195 [8] DEBUG  - Cuenta de producto: 4301-06-201-0205-00-01-176-10056-06
2018-06-05 16:52:28,195 [8] DEBUG  - Cuenta de producto: 4301-06-201-0205-00-01-176-10056-09
2018-06-05 16:52:28,195 [8] DEBUG  - Cuenta de producto: 4301-06-201-0205-00-01-176-10056-12
2018-06-05 16:52:28,195 [8] DEBUG  - Cuenta de producto: 4301-06-201-0205-00-01-176-10056-07
2018-06-05 16:52:28,195 [8] DEBUG  - Cuenta de producto: 4301-06-201-0205-00-01-176-10056-05
2018-06-05 16:52:28,195 [8] DEBUG  - Cuenta de producto: 4301-06-201-0205-00-01-176-10056-48
2018-06-05 16:52:28,195 [8] DEBUG  - Cuenta de impuestos: 2901-00-000-0000-00-00-171-00001-00
2018-06-05 16:52:29,962 [8] DEBUG  - Cuenta de comisiones GASTO 5302-06-201-0205-00-01-176-10056-65
2018-06-05 16:52:31,939 [8] DEBUG  - Cuenta de comisiones GASTO 5302-06-201-0205-00-01-176-10056-24
2018-06-05 16:52:33,497 [8] DEBUG  - Cuenta de comisiones GASTO 5302-06-201-0205-00-01-176-10056-15
2018-06-05 16:52:35,114 [8] DEBUG  - Cuenta de comisiones GASTO 5302-06-201-0205-00-01-176-10056-04
2018-06-05 16:52:37,217 [8] DEBUG  - Cuenta de comisiones GASTO 5302-06-201-0205-00-01-176-10056-02
2018-06-05 16:52:40,046 [8] DEBUG  - Cuenta de comisiones GASTO 5302-06-201-0205-00-01-176-10056-13
2018-06-05 16:52:42,130 [8] DEBUG  - Cuenta de comisiones GASTO 5302-06-201-0205-00-01-176-10056-06
2018-06-05 16:52:44,424 [8] DEBUG  - Cuenta de comisiones GASTO 5302-06-201-0205-00-01-176-10056-09
2018-06-05 16:52:47,204 [8] DEBUG  - Cuenta de comisiones GASTO 5302-06-201-0205-00-01-176-10056-12
2018-06-05 16:52:50,725 [8] DEBUG  - Cuenta de comisiones GASTO 5302-06-201-0205-00-01-176-10056-07
2018-06-05 16:52:54,208 [8] DEBUG  - Cuenta de comisiones GASTO 5302-06-201-0205-00-01-176-10056-05
2018-06-05 16:52:58,411 [8] DEBUG  - Cuenta de comisiones GASTO 5302-06-201-0205-00-01-176-10056-48
2018-06-05 16:53:01,691 [8] DEBUG  - Cuenta de comisiones PAGO 2902-00-201-0205-00-01-176-10056-00
2018-06-05 16:53:01,691 [8] DEBUG  - Porcentaje Reserva Riesgos en curso: 40
2018-06-05 16:53:05,280 [8] DEBUG  - Cuenta para RRC GASTO: 5311-06-201-0205-00-01-176-10056-65
2018-06-05 16:53:08,628 [8] DEBUG  - Cuenta para RRC GASTO: 5311-06-201-0205-00-01-176-10056-24
2018-06-05 16:53:11,875 [8] DEBUG  - Cuenta para RRC GASTO: 5311-06-201-0205-00-01-176-10056-15
2018-06-05 16:53:15,416 [8] DEBUG  - Cuenta para RRC GASTO: 5311-06-201-0205-00-01-176-10056-04
2018-06-05 16:53:19,889 [8] DEBUG  - Cuenta para RRC GASTO: 5311-06-201-0205-00-01-176-10056-02
2018-06-05 16:53:24,196 [8] DEBUG  - Cuenta para RRC GASTO: 5311-06-201-0205-00-01-176-10056-13
2018-06-05 16:53:28,137 [8] DEBUG  - Cuenta para RRC GASTO: 5311-06-201-0205-00-01-176-10056-06
2018-06-05 16:53:32,213 [8] DEBUG  - Cuenta para RRC GASTO: 5311-06-201-0205-00-01-176-10056-09
2018-06-05 16:53:36,372 [8] DEBUG  - Cuenta para RRC GASTO: 5311-06-201-0205-00-01-176-10056-12
2018-06-05 16:53:40,690 [8] DEBUG  - Cuenta para RRC GASTO: 5311-06-201-0205-00-01-176-10056-07
2018-06-05 16:53:45,594 [8] DEBUG  - Cuenta para RRC GASTO: 5311-06-201-0205-00-01-176-10056-05
2018-06-05 16:53:48,205 [8] DEBUG  - Cuenta para RRC GASTO: 5311-06-201-0205-00-01-176-10056-48
2018-06-05 16:53:50,741 [8] DEBUG  - Cuenta para RRC PASIVO: 2206-00-201-0205-00-01-176-10056-00
2018-06-05 16:53:53,943 [8] DEBUG  - Reaseguro Contractual: 5306-06-201-0205-00-01-176-10056-04
2018-06-05 16:53:57,369 [8] DEBUG  - Reaseguradores Comision por Reaseguro: 4302-06-201-0205-00-01-176-10056-04
2018-06-05 16:53:59,721 [8] DEBUG  - Reaseguro Contractual: 5306-06-201-0205-00-01-176-10056-06
2018-06-05 16:54:01,308 [8] DEBUG  - Reaseguradores Comision por Reaseguro: 4302-06-201-0205-00-01-176-10056-06
2018-06-05 16:54:02,497 [8] DEBUG  - Reaseguro Contractual: 5306-06-201-0205-00-01-176-10056-07
2018-06-05 16:54:03,553 [8] DEBUG  - Reaseguradores Comision por Reaseguro: 4302-06-201-0205-00-01-176-10056-07
2018-06-05 16:54:04,924 [8] DEBUG  - Reaseguro Contractual: 5306-06-201-0205-00-01-176-10056-05
2018-06-05 16:54:05,991 [8] DEBUG  - Reaseguradores Comision por Reaseguro: 4302-06-201-0205-00-01-176-10056-05
2018-06-05 16:54:06,974 [8] DEBUG  - Reaseguradores - cuenta corriente: 2402-00-201-0205-00-01-176-10056-00
2018-06-05 16:54:08,041 [8] DEBUG  - Reaseguradores Comision por Reaseguro: 2402-00-201-0205-00-01-176-10056-00
2018-06-05 16:54:09,366 [8] DEBUG  - RRC para reaseguro INGRESO: 4311-06-201-0205-00-01-176-10056-04
2018-06-05 16:54:11,117 [8] DEBUG  - RRC para reaseguro INGRESO: 4311-06-201-0205-00-01-176-10056-06
2018-06-05 16:54:12,927 [8] DEBUG  - RRC para reaseguro INGRESO: 4311-06-201-0205-00-01-176-10056-07
2018-06-05 16:54:14,762 [8] DEBUG  - RRC para reaseguro INGRESO: 4311-06-201-0205-00-01-176-10056-05
2018-06-05 16:54:16,680 [8] DEBUG  - RRC para reaseguro PASIVO: 2206-00-201-0205-00-01-176-10056-00
2018-06-05 16:55:09,810 [8] DEBUG  - Contruyendo encabezado
2018-06-05 16:55:09,810 [8] DEBUG  - Creacion de numero de batch SFFA2042018
2018-06-05 16:55:10,612 [8] DEBUG  - Se obtiene el cliente de GP 7-05-470036
2018-06-05 16:55:57,664 [8] DEBUG  - Cuenta por cobrar: 6104-06-000-0000-00-00-000-00013-02
2018-06-05 16:55:59,265 [8] DEBUG  - Cuenta de producto: 6104-06-000-0000-00-00-000-00043-01
2018-06-05 16:55:59,266 [8] DEBUG  - Cuenta de impuestos: 6101-00-000-0000-00-00-000-00029-01
2018-06-05 16:56:03,403 [8] DEBUG  - Cuenta de comisiones GASTO 6104-06-000-0000-00-00-000-00053-02
2018-06-05 16:56:03,403 [8] DEBUG  - Cuenta de comisiones PAGO 6101-00-000-0000-00-00-000-00029-02
2018-06-05 16:56:03,403 [8] DEBUG  - Porcentaje Reserva Riesgos en curso: 40
2018-06-05 16:56:05,432 [8] DEBUG  - Cuenta para RRC GASTO: 6106-06-000-0000-00-00-000-00053-11
2018-06-05 16:56:06,629 [8] DEBUG  - Cuenta para RRC PASIVO: 6104-06-000-0000-00-00-000-00022-06
2018-06-05 16:56:20,011 [8] DEBUG  - Reaseguradores Comision por Reaseguro: 6106-06-000-0000-00-00-000-00043-02
2018-06-05 16:56:20,011 [8] DEBUG  - Reaseguro Contractual: 6106-06-000-0000-00-00-000-00053-06
2018-06-05 16:56:21,249 [8] DEBUG  - Reaseguradores del exterior – cuenta corriente: 6106-06-000-0000-00-00-000-00043-02
2018-06-05 16:56:22,554 [8] DEBUG  - Reaseguradores Comision por Reaseguro Pasivo: 6103-00-000-0000-00-00-000-00024-02
2018-06-05 16:56:23,486 [8] DEBUG  - RRC para reaseguro INGRESO: 6106-06-000-0000-00-00-000-00043-11
2018-06-05 16:56:24,747 [8] DEBUG  - RRC para reaseguro PASIVO: 6104-06-000-0000-00-00-000-00022-06
2018-06-05 16:57:14,411 [8] DEBUG  - Cuenta por cobrar: 1302-06-201-0253-00-01-176-10056-00
2018-06-05 16:57:14,411 [8] DEBUG  - Cuenta de producto: 4301-06-201-0253-00-01-176-10056-65
2018-06-05 16:57:14,411 [8] DEBUG  - Cuenta de producto: 4301-06-201-0253-00-01-176-10056-24
2018-06-05 16:57:14,411 [8] DEBUG  - Cuenta de producto: 4301-06-201-0253-00-01-176-10056-15
2018-06-05 16:57:14,411 [8] DEBUG  - Cuenta de producto: 4301-06-201-0253-00-01-176-10056-04
2018-06-05 16:57:14,411 [8] DEBUG  - Cuenta de producto: 4301-06-201-0253-00-01-176-10056-02
2018-06-05 16:57:14,411 [8] DEBUG  - Cuenta de producto: 4301-06-201-0253-00-01-176-10056-13
2018-06-05 16:57:14,411 [8] DEBUG  - Cuenta de producto: 4301-06-201-0253-00-01-176-10056-06
2018-06-05 16:57:14,411 [8] DEBUG  - Cuenta de producto: 4301-06-201-0253-00-01-176-10056-09
2018-06-05 16:57:14,411 [8] DEBUG  - Cuenta de producto: 4301-06-201-0253-00-01-176-10056-12
2018-06-05 16:57:14,411 [8] DEBUG  - Cuenta de producto: 4301-06-201-0253-00-01-176-10056-07
2018-06-05 16:57:14,411 [8] DEBUG  - Cuenta de producto: 4301-06-201-0253-00-01-176-10056-05
2018-06-05 16:57:14,411 [8] DEBUG  - Cuenta de producto: 4301-06-201-0253-00-01-176-10056-08
2018-06-05 16:57:14,411 [8] DEBUG  - Cuenta de impuestos: 2901-00-000-0000-00-00-171-00001-00
2018-06-05 16:57:19,682 [8] DEBUG  - Cuenta de comisiones GASTO 5302-06-201-0253-00-01-176-10056-65
2018-06-05 16:57:23,726 [8] DEBUG  - Cuenta de comisiones GASTO 5302-06-201-0253-00-01-176-10056-24
2018-06-05 16:57:27,132 [8] DEBUG  - Cuenta de comisiones GASTO 5302-06-201-0253-00-01-176-10056-15
2018-06-05 16:57:31,177 [8] DEBUG  - Cuenta de comisiones GASTO 5302-06-201-0253-00-01-176-10056-04
2018-06-05 16:57:33,726 [8] DEBUG  - Cuenta de comisiones GASTO 5302-06-201-0253-00-01-176-10056-02
2018-06-05 16:57:36,418 [8] DEBUG  - Cuenta de comisiones GASTO 5302-06-201-0253-00-01-176-10056-13
2018-06-05 16:57:39,819 [8] DEBUG  - Cuenta de comisiones GASTO 5302-06-201-0253-00-01-176-10056-06
2018-06-05 16:57:44,308 [8] DEBUG  - Cuenta de comisiones GASTO 5302-06-201-0253-00-01-176-10056-09
2018-06-05 16:57:47,087 [8] DEBUG  - Cuenta de comisiones GASTO 5302-06-201-0253-00-01-176-10056-12
2018-06-05 16:57:50,239 [8] DEBUG  - Cuenta de comisiones GASTO 5302-06-201-0253-00-01-176-10056-07
2018-06-05 16:57:53,995 [8] DEBUG  - Cuenta de comisiones GASTO 5302-06-201-0253-00-01-176-10056-05
2018-06-05 16:57:58,046 [8] DEBUG  - Cuenta de comisiones GASTO 5302-06-201-0253-00-01-176-10056-08
2018-06-05 16:57:59,968 [8] DEBUG  - Cuenta de comisiones PAGO 2902-00-201-0253-00-01-176-10056-00
2018-06-05 16:57:59,969 [8] DEBUG  - Porcentaje Reserva Riesgos en curso: 40
2018-06-05 16:58:02,559 [8] DEBUG  - Cuenta para RRC GASTO: 5311-06-201-0253-00-01-176-10056-65
2018-06-05 16:58:04,934 [8] DEBUG  - Cuenta para RRC GASTO: 5311-06-201-0253-00-01-176-10056-24
2018-06-05 16:58:07,492 [8] DEBUG  - Cuenta para RRC GASTO: 5311-06-201-0253-00-01-176-10056-15
2018-06-05 16:58:09,584 [8] DEBUG  - Cuenta para RRC GASTO: 5311-06-201-0253-00-01-176-10056-04
2018-06-05 16:58:11,844 [8] DEBUG  - Cuenta para RRC GASTO: 5311-06-201-0253-00-01-176-10056-02
2018-06-05 16:58:14,086 [8] DEBUG  - Cuenta para RRC GASTO: 5311-06-201-0253-00-01-176-10056-13
2018-06-05 16:58:16,693 [8] DEBUG  - Cuenta para RRC GASTO: 5311-06-201-0253-00-01-176-10056-06
2018-06-05 16:58:18,875 [8] DEBUG  - Cuenta para RRC GASTO: 5311-06-201-0253-00-01-176-10056-09
2018-06-05 16:58:20,678 [8] DEBUG  - Cuenta para RRC GASTO: 5311-06-201-0253-00-01-176-10056-12
2018-06-05 16:58:22,667 [8] DEBUG  - Cuenta para RRC GASTO: 5311-06-201-0253-00-01-176-10056-07
2018-06-05 16:58:24,166 [8] DEBUG  - Cuenta para RRC GASTO: 5311-06-201-0253-00-01-176-10056-05
2018-06-05 16:58:25,779 [8] DEBUG  - Cuenta para RRC GASTO: 5311-06-201-0253-00-01-176-10056-08
2018-06-05 16:58:27,237 [8] DEBUG  - Cuenta para RRC PASIVO: 2206-00-201-0253-00-01-176-10056-00
2018-06-05 16:58:29,432 [8] DEBUG  - Reaseguro Contractual: 5306-06-201-0253-00-01-176-10056-04
2018-06-05 16:58:32,752 [8] DEBUG  - Reaseguradores Comision por Reaseguro: 4302-06-201-0253-00-01-176-10056-04
2018-06-05 16:58:35,940 [8] DEBUG  - Reaseguro Contractual: 5306-06-201-0253-00-01-176-10056-06
2018-06-05 16:58:39,710 [8] DEBUG  - Reaseguradores Comision por Reaseguro: 4302-06-201-0253-00-01-176-10056-06
2018-06-05 16:58:42,506 [8] DEBUG  - Reaseguro Contractual: 5306-06-201-0253-00-01-176-10056-07
2018-06-05 16:58:44,516 [8] DEBUG  - Reaseguradores Comision por Reaseguro: 4302-06-201-0253-00-01-176-10056-07
2018-06-05 16:58:46,270 [8] DEBUG  - Reaseguro Contractual: 5306-06-201-0253-00-01-176-10056-05
2018-06-05 16:58:48,738 [8] DEBUG  - Reaseguradores Comision por Reaseguro: 4302-06-201-0253-00-01-176-10056-05
2018-06-05 16:58:51,570 [8] DEBUG  - Reaseguradores - cuenta corriente: 2402-00-201-0253-00-01-176-10056-00
2018-06-05 16:58:53,283 [8] DEBUG  - Reaseguradores Comision por Reaseguro: 2402-00-201-0253-00-01-176-10056-00
2018-06-05 16:58:55,581 [8] DEBUG  - RRC para reaseguro INGRESO: 4311-06-201-0253-00-01-176-10056-04
2018-06-05 16:58:57,997 [8] DEBUG  - RRC para reaseguro INGRESO: 4311-06-201-0253-00-01-176-10056-06
2018-06-05 16:59:00,475 [8] DEBUG  - RRC para reaseguro INGRESO: 4311-06-201-0253-00-01-176-10056-07
2018-06-05 16:59:03,346 [8] DEBUG  - RRC para reaseguro INGRESO: 4311-06-201-0253-00-01-176-10056-05
2018-06-05 16:59:06,136 [8] DEBUG  - RRC para reaseguro PASIVO: 2206-00-201-0253-00-01-176-10056-00
2018-06-05 17:07:23,141 [8] DEBUG  - Contruyendo encabezado
2018-06-05 17:07:23,141 [8] DEBUG  - Creacion de numero de batch SFFA2042018
2018-06-05 17:07:24,197 [8] DEBUG  - Se obtiene el cliente de GP 7-05-472094
2018-06-05 17:07:45,451 [8] DEBUG  - Cuenta por cobrar: 6104-06-000-0000-00-00-000-00013-02
2018-06-05 17:07:47,134 [8] DEBUG  - Cuenta de producto: 6104-06-000-0000-00-00-000-00043-01
2018-06-05 17:07:47,134 [8] DEBUG  - Cuenta de impuestos: 6101-00-000-0000-00-00-000-00029-01
2018-06-05 17:07:49,220 [8] DEBUG  - Cuenta de comisiones GASTO 6104-06-000-0000-00-00-000-00053-02
2018-06-05 17:07:49,220 [8] DEBUG  - Cuenta de comisiones PAGO 6101-00-000-0000-00-00-000-00029-02
2018-06-05 17:07:49,220 [8] DEBUG  - Porcentaje Reserva Riesgos en curso: 40
2018-06-05 17:07:50,407 [8] DEBUG  - Cuenta para RRC GASTO: 6106-06-000-0000-00-00-000-00053-11
2018-06-05 17:07:51,536 [8] DEBUG  - Cuenta para RRC PASIVO: 6104-06-000-0000-00-00-000-00022-06
2018-06-05 17:08:04,161 [8] DEBUG  - Reaseguradores Comision por Reaseguro: 6106-06-000-0000-00-00-000-00043-02
2018-06-05 17:08:04,161 [8] DEBUG  - Reaseguro Contractual: 6106-06-000-0000-00-00-000-00053-06
2018-06-05 17:08:06,343 [8] DEBUG  - Reaseguradores del exterior – cuenta corriente: 6106-06-000-0000-00-00-000-00043-02
2018-06-05 17:08:08,112 [8] DEBUG  - Reaseguradores Comision por Reaseguro Pasivo: 6103-00-000-0000-00-00-000-00024-02
2018-06-05 17:08:10,142 [8] DEBUG  - RRC para reaseguro INGRESO: 6106-06-000-0000-00-00-000-00043-11
2018-06-05 17:08:12,099 [8] DEBUG  - RRC para reaseguro PASIVO: 6104-06-000-0000-00-00-000-00022-06
2018-06-05 17:08:40,739 [8] DEBUG  - Cuenta por cobrar: 1302-06-201-0427-00-01-176-10056-00
2018-06-05 17:08:40,739 [8] DEBUG  - Cuenta de producto: 4301-06-201-0427-00-01-176-10056-65
2018-06-05 17:08:40,739 [8] DEBUG  - Cuenta de producto: 4301-06-201-0427-00-01-176-10056-24
2018-06-05 17:08:40,739 [8] DEBUG  - Cuenta de producto: 4301-06-201-0427-00-01-176-10056-15
2018-06-05 17:08:40,739 [8] DEBUG  - Cuenta de producto: 4301-06-201-0427-00-01-176-10056-04
2018-06-05 17:08:40,739 [8] DEBUG  - Cuenta de producto: 4301-06-201-0427-00-01-176-10056-02
2018-06-05 17:08:40,739 [8] DEBUG  - Cuenta de producto: 4301-06-201-0427-00-01-176-10056-13
2018-06-05 17:08:40,739 [8] DEBUG  - Cuenta de producto: 4301-06-201-0427-00-01-176-10056-06
2018-06-05 17:08:40,739 [8] DEBUG  - Cuenta de producto: 4301-06-201-0427-00-01-176-10056-09
2018-06-05 17:08:40,739 [8] DEBUG  - Cuenta de producto: 4301-06-201-0427-00-01-176-10056-12
2018-06-05 17:08:40,739 [8] DEBUG  - Cuenta de producto: 4301-06-201-0427-00-01-176-10056-07
2018-06-05 17:08:40,739 [8] DEBUG  - Cuenta de producto: 4301-06-201-0427-00-01-176-10056-05
2018-06-05 17:08:40,739 [8] DEBUG  - Cuenta de producto: 4301-06-201-0427-00-01-176-10056-48
2018-06-05 17:08:40,739 [8] DEBUG  - Cuenta de impuestos: 2901-00-000-0000-00-00-171-00001-00
2018-06-05 17:08:42,650 [8] DEBUG  - Cuenta de comisiones GASTO 5302-06-201-0427-00-01-176-10056-65
2018-06-05 17:08:46,016 [8] DEBUG  - Cuenta de comisiones GASTO 5302-06-201-0427-00-01-176-10056-24
2018-06-05 17:08:49,224 [8] DEBUG  - Cuenta de comisiones GASTO 5302-06-201-0427-00-01-176-10056-15
2018-06-05 17:08:52,382 [8] DEBUG  - Cuenta de comisiones GASTO 5302-06-201-0427-00-01-176-10056-04
2018-06-05 17:08:54,386 [8] DEBUG  - Cuenta de comisiones GASTO 5302-06-201-0427-00-01-176-10056-02
2018-06-05 17:08:55,916 [8] DEBUG  - Cuenta de comisiones GASTO 5302-06-201-0427-00-01-176-10056-13
2018-06-05 17:08:57,480 [8] DEBUG  - Cuenta de comisiones GASTO 5302-06-201-0427-00-01-176-10056-06
2018-06-05 17:08:58,898 [8] DEBUG  - Cuenta de comisiones GASTO 5302-06-201-0427-00-01-176-10056-09
2018-06-05 17:09:00,711 [8] DEBUG  - Cuenta de comisiones GASTO 5302-06-201-0427-00-01-176-10056-12
2018-06-05 17:09:02,856 [8] DEBUG  - Cuenta de comisiones GASTO 5302-06-201-0427-00-01-176-10056-07
2018-06-05 17:09:05,008 [8] DEBUG  - Cuenta de comisiones GASTO 5302-06-201-0427-00-01-176-10056-05
2018-06-05 17:09:06,812 [8] DEBUG  - Cuenta de comisiones GASTO 5302-06-201-0427-00-01-176-10056-48
2018-06-05 17:09:08,066 [8] DEBUG  - Cuenta de comisiones PAGO 2902-00-201-0427-00-01-176-10056-00
2018-06-05 17:09:08,066 [8] DEBUG  - Porcentaje Reserva Riesgos en curso: 40
2018-06-05 17:09:09,379 [8] DEBUG  - Cuenta para RRC GASTO: 5311-06-201-0427-00-01-176-10056-65
2018-06-05 17:09:10,899 [8] DEBUG  - Cuenta para RRC GASTO: 5311-06-201-0427-00-01-176-10056-24
2018-06-05 17:09:12,241 [8] DEBUG  - Cuenta para RRC GASTO: 5311-06-201-0427-00-01-176-10056-15
2018-06-05 17:09:13,486 [8] DEBUG  - Cuenta para RRC GASTO: 5311-06-201-0427-00-01-176-10056-04
2018-06-05 17:09:15,062 [8] DEBUG  - Cuenta para RRC GASTO: 5311-06-201-0427-00-01-176-10056-02
2018-06-05 17:09:16,775 [8] DEBUG  - Cuenta para RRC GASTO: 5311-06-201-0427-00-01-176-10056-13
2018-06-05 17:09:18,941 [8] DEBUG  - Cuenta para RRC GASTO: 5311-06-201-0427-00-01-176-10056-06
2018-06-05 17:09:21,104 [8] DEBUG  - Cuenta para RRC GASTO: 5311-06-201-0427-00-01-176-10056-09
2018-06-05 17:09:22,296 [8] DEBUG  - Cuenta para RRC GASTO: 5311-06-201-0427-00-01-176-10056-12
2018-06-05 17:09:23,513 [8] DEBUG  - Cuenta para RRC GASTO: 5311-06-201-0427-00-01-176-10056-07
2018-06-05 17:09:24,900 [8] DEBUG  - Cuenta para RRC GASTO: 5311-06-201-0427-00-01-176-10056-05
2018-06-05 17:09:26,128 [8] DEBUG  - Cuenta para RRC GASTO: 5311-06-201-0427-00-01-176-10056-48
2018-06-05 17:09:27,422 [8] DEBUG  - Cuenta para RRC PASIVO: 2206-00-201-0427-00-01-176-10056-00
2018-06-05 17:09:29,068 [8] DEBUG  - Reaseguro Contractual: 5306-06-201-0427-00-01-176-10056-04
2018-06-05 17:09:30,593 [8] DEBUG  - Reaseguradores Comision por Reaseguro: 4302-06-201-0427-00-01-176-10056-04
2018-06-05 17:09:31,979 [8] DEBUG  - Reaseguro Contractual: 5306-06-201-0427-00-01-176-10056-06
2018-06-05 17:09:33,532 [8] DEBUG  - Reaseguradores Comision por Reaseguro: 4302-06-201-0427-00-01-176-10056-06
2018-06-05 17:09:35,123 [8] DEBUG  - Reaseguro Contractual: 5306-06-201-0427-00-01-176-10056-07
2018-06-05 17:09:36,822 [8] DEBUG  - Reaseguradores Comision por Reaseguro: 4302-06-201-0427-00-01-176-10056-07
2018-06-05 17:09:38,777 [8] DEBUG  - Reaseguro Contractual: 5306-06-201-0427-00-01-176-10056-05
2018-06-05 17:09:40,872 [8] DEBUG  - Reaseguradores Comision por Reaseguro: 4302-06-201-0427-00-01-176-10056-05
2018-06-05 17:09:42,845 [8] DEBUG  - Reaseguradores - cuenta corriente: 2402-00-201-0427-00-01-176-10056-00
2018-06-05 17:09:44,758 [8] DEBUG  - Reaseguradores Comision por Reaseguro: 2402-00-201-0427-00-01-176-10056-00
2018-06-05 17:09:47,079 [8] DEBUG  - RRC para reaseguro INGRESO: 4311-06-201-0427-00-01-176-10056-04
2018-06-05 17:09:49,696 [8] DEBUG  - RRC para reaseguro INGRESO: 4311-06-201-0427-00-01-176-10056-06
2018-06-05 17:09:52,582 [8] DEBUG  - RRC para reaseguro INGRESO: 4311-06-201-0427-00-01-176-10056-07
2018-06-05 17:09:55,941 [8] DEBUG  - RRC para reaseguro INGRESO: 4311-06-201-0427-00-01-176-10056-05
2018-06-05 17:09:58,802 [8] DEBUG  - RRC para reaseguro PASIVO: 2206-00-201-0427-00-01-176-10056-00
2018-06-05 17:10:58,760 [8] DEBUG  - Contruyendo encabezado
2018-06-05 17:10:58,760 [8] DEBUG  - Creacion de numero de batch SFFA2042018
2018-06-05 17:10:59,482 [8] DEBUG  - Se obtiene el cliente de GP 7-05-472167
2018-06-05 17:11:43,628 [8] DEBUG  - Cuenta por cobrar: 6104-06-000-0000-00-00-000-00013-02
2018-06-05 17:11:46,984 [8] DEBUG  - Cuenta de producto: 6104-06-000-0000-00-00-000-00043-01
2018-06-05 17:11:46,984 [8] DEBUG  - Cuenta de impuestos: 6101-00-000-0000-00-00-000-00029-01
2018-06-05 17:11:53,820 [8] DEBUG  - Cuenta de comisiones GASTO 6104-06-000-0000-00-00-000-00053-02
2018-06-05 17:11:53,820 [8] DEBUG  - Cuenta de comisiones PAGO 6101-00-000-0000-00-00-000-00029-02
2018-06-05 17:11:53,820 [8] DEBUG  - Porcentaje Reserva Riesgos en curso: 40
2018-06-05 17:11:56,809 [8] DEBUG  - Cuenta para RRC GASTO: 6106-06-000-0000-00-00-000-00053-11
2018-06-05 17:11:59,924 [8] DEBUG  - Cuenta para RRC PASIVO: 6104-06-000-0000-00-00-000-00022-06
2018-06-05 17:12:16,567 [8] DEBUG  - Reaseguradores Comision por Reaseguro: 6106-06-000-0000-00-00-000-00043-02
2018-06-05 17:12:16,567 [8] DEBUG  - Reaseguro Contractual: 6106-06-000-0000-00-00-000-00053-06
2018-06-05 17:12:18,689 [8] DEBUG  - Reaseguradores del exterior – cuenta corriente: 6106-06-000-0000-00-00-000-00043-02
2018-06-05 17:12:20,898 [8] DEBUG  - Reaseguradores Comision por Reaseguro Pasivo: 6103-00-000-0000-00-00-000-00024-02
2018-06-05 17:12:23,346 [8] DEBUG  - RRC para reaseguro INGRESO: 6106-06-000-0000-00-00-000-00043-11
2018-06-05 17:12:25,336 [8] DEBUG  - RRC para reaseguro PASIVO: 6104-06-000-0000-00-00-000-00022-06
2018-06-05 17:13:16,197 [8] DEBUG  - Cuenta por cobrar: 1302-06-201-0205-00-01-176-10056-00
2018-06-05 17:13:16,197 [8] DEBUG  - Cuenta de producto: 4301-06-201-0205-00-01-176-10056-65
2018-06-05 17:13:16,197 [8] DEBUG  - Cuenta de producto: 4301-06-201-0205-00-01-176-10056-24
2018-06-05 17:13:16,197 [8] DEBUG  - Cuenta de producto: 4301-06-201-0205-00-01-176-10056-15
2018-06-05 17:13:16,197 [8] DEBUG  - Cuenta de producto: 4301-06-201-0205-00-01-176-10056-04
2018-06-05 17:13:16,197 [8] DEBUG  - Cuenta de producto: 4301-06-201-0205-00-01-176-10056-02
2018-06-05 17:13:16,197 [8] DEBUG  - Cuenta de producto: 4301-06-201-0205-00-01-176-10056-13
2018-06-05 17:13:16,197 [8] DEBUG  - Cuenta de producto: 4301-06-201-0205-00-01-176-10056-06
2018-06-05 17:13:16,197 [8] DEBUG  - Cuenta de producto: 4301-06-201-0205-00-01-176-10056-09
2018-06-05 17:13:16,197 [8] DEBUG  - Cuenta de producto: 4301-06-201-0205-00-01-176-10056-12
2018-06-05 17:13:16,197 [8] DEBUG  - Cuenta de producto: 4301-06-201-0205-00-01-176-10056-07
2018-06-05 17:13:16,197 [8] DEBUG  - Cuenta de producto: 4301-06-201-0205-00-01-176-10056-05
2018-06-05 17:13:16,197 [8] DEBUG  - Cuenta de producto: 4301-06-201-0205-00-01-176-10056-48
2018-06-05 17:13:16,197 [8] DEBUG  - Cuenta de impuestos: 2901-00-000-0000-00-00-171-00001-00
2018-06-05 17:13:17,418 [8] DEBUG  - Cuenta de comisiones GASTO 5302-06-201-0205-00-01-176-10056-65
2018-06-05 17:13:18,851 [8] DEBUG  - Cuenta de comisiones GASTO 5302-06-201-0205-00-01-176-10056-24
2018-06-05 17:13:20,307 [8] DEBUG  - Cuenta de comisiones GASTO 5302-06-201-0205-00-01-176-10056-15
2018-06-05 17:13:21,735 [8] DEBUG  - Cuenta de comisiones GASTO 5302-06-201-0205-00-01-176-10056-04
2018-06-05 17:13:23,168 [8] DEBUG  - Cuenta de comisiones GASTO 5302-06-201-0205-00-01-176-10056-02
2018-06-05 17:13:24,614 [8] DEBUG  - Cuenta de comisiones GASTO 5302-06-201-0205-00-01-176-10056-13
2018-06-05 17:13:26,034 [8] DEBUG  - Cuenta de comisiones GASTO 5302-06-201-0205-00-01-176-10056-06
2018-06-05 17:13:27,460 [8] DEBUG  - Cuenta de comisiones GASTO 5302-06-201-0205-00-01-176-10056-09
2018-06-05 17:13:28,893 [8] DEBUG  - Cuenta de comisiones GASTO 5302-06-201-0205-00-01-176-10056-12
2018-06-05 17:13:30,296 [8] DEBUG  - Cuenta de comisiones GASTO 5302-06-201-0205-00-01-176-10056-07
2018-06-05 17:13:31,746 [8] DEBUG  - Cuenta de comisiones GASTO 5302-06-201-0205-00-01-176-10056-05
2018-06-05 17:13:33,183 [8] DEBUG  - Cuenta de comisiones GASTO 5302-06-201-0205-00-01-176-10056-48
2018-06-05 17:13:34,306 [8] DEBUG  - Cuenta de comisiones PAGO 2902-00-201-0205-00-01-176-10056-00
2018-06-05 17:13:34,307 [8] DEBUG  - Porcentaje Reserva Riesgos en curso: 40
2018-06-05 17:13:35,334 [8] DEBUG  - Cuenta para RRC GASTO: 5311-06-201-0205-00-01-176-10056-65
2018-06-05 17:13:36,389 [8] DEBUG  - Cuenta para RRC GASTO: 5311-06-201-0205-00-01-176-10056-24
2018-06-05 17:13:37,414 [8] DEBUG  - Cuenta para RRC GASTO: 5311-06-201-0205-00-01-176-10056-15
2018-06-05 17:13:38,494 [8] DEBUG  - Cuenta para RRC GASTO: 5311-06-201-0205-00-01-176-10056-04
2018-06-05 17:13:39,524 [8] DEBUG  - Cuenta para RRC GASTO: 5311-06-201-0205-00-01-176-10056-02
2018-06-05 17:13:40,608 [8] DEBUG  - Cuenta para RRC GASTO: 5311-06-201-0205-00-01-176-10056-13
2018-06-05 17:13:41,670 [8] DEBUG  - Cuenta para RRC GASTO: 5311-06-201-0205-00-01-176-10056-06
2018-06-05 17:13:42,717 [8] DEBUG  - Cuenta para RRC GASTO: 5311-06-201-0205-00-01-176-10056-09
2018-06-05 17:13:43,746 [8] DEBUG  - Cuenta para RRC GASTO: 5311-06-201-0205-00-01-176-10056-12
2018-06-05 17:13:44,794 [8] DEBUG  - Cuenta para RRC GASTO: 5311-06-201-0205-00-01-176-10056-07
2018-06-05 17:13:45,827 [8] DEBUG  - Cuenta para RRC GASTO: 5311-06-201-0205-00-01-176-10056-05
2018-06-05 17:13:46,950 [8] DEBUG  - Cuenta para RRC GASTO: 5311-06-201-0205-00-01-176-10056-48
2018-06-05 17:13:48,006 [8] DEBUG  - Cuenta para RRC PASIVO: 2206-00-201-0205-00-01-176-10056-00
2018-06-05 17:13:49,146 [8] DEBUG  - Reaseguro Contractual: 5306-06-201-0205-00-01-176-10056-04
2018-06-05 17:13:51,825 [8] DEBUG  - Reaseguradores Comision por Reaseguro: 4302-06-201-0205-00-01-176-10056-04
2018-06-05 17:13:53,074 [8] DEBUG  - Reaseguro Contractual: 5306-06-201-0205-00-01-176-10056-06
2018-06-05 17:13:55,997 [8] DEBUG  - Reaseguradores Comision por Reaseguro: 4302-06-201-0205-00-01-176-10056-06
2018-06-05 17:13:57,289 [8] DEBUG  - Reaseguro Contractual: 5306-06-201-0205-00-01-176-10056-07
2018-06-05 17:13:58,320 [8] DEBUG  - Reaseguradores Comision por Reaseguro: 4302-06-201-0205-00-01-176-10056-07
2018-06-05 17:13:59,347 [8] DEBUG  - Reaseguro Contractual: 5306-06-201-0205-00-01-176-10056-05
2018-06-05 17:14:00,380 [8] DEBUG  - Reaseguradores Comision por Reaseguro: 4302-06-201-0205-00-01-176-10056-05
2018-06-05 17:14:01,330 [8] DEBUG  - Reaseguradores - cuenta corriente: 2402-00-201-0205-00-01-176-10056-00
2018-06-05 17:14:02,273 [8] DEBUG  - Reaseguradores Comision por Reaseguro: 2402-00-201-0205-00-01-176-10056-00
2018-06-05 17:14:03,301 [8] DEBUG  - RRC para reaseguro INGRESO: 4311-06-201-0205-00-01-176-10056-04
2018-06-05 17:14:04,436 [8] DEBUG  - RRC para reaseguro INGRESO: 4311-06-201-0205-00-01-176-10056-06
2018-06-05 17:14:05,534 [8] DEBUG  - RRC para reaseguro INGRESO: 4311-06-201-0205-00-01-176-10056-07
2018-06-05 17:14:06,605 [8] DEBUG  - RRC para reaseguro INGRESO: 4311-06-201-0205-00-01-176-10056-05
2018-06-05 17:14:07,599 [8] DEBUG  - RRC para reaseguro PASIVO: 2206-00-201-0205-00-01-176-10056-00
2018-06-05 17:14:29,351 [8] DEBUG  - Contruyendo encabezado
2018-06-05 17:14:29,351 [8] DEBUG  - Creacion de numero de batch SFFA2042018
2018-06-05 17:14:30,238 [8] DEBUG  - Se obtiene el cliente de GP 7-05-474505
2018-06-05 17:14:43,187 [8] DEBUG  - Cuenta por cobrar: 6104-06-000-0000-00-00-000-00013-02
2018-06-05 17:14:43,970 [8] DEBUG  - Cuenta de producto: 6104-06-000-0000-00-00-000-00043-01
2018-06-05 17:14:43,970 [8] DEBUG  - Cuenta de impuestos: 6101-00-000-0000-00-00-000-00029-01
2018-06-05 17:14:45,372 [8] DEBUG  - Cuenta de comisiones GASTO 6104-06-000-0000-00-00-000-00053-02
2018-06-05 17:14:45,372 [8] DEBUG  - Cuenta de comisiones PAGO 6101-00-000-0000-00-00-000-00029-02
2018-06-05 17:14:45,372 [8] DEBUG  - Porcentaje Reserva Riesgos en curso: 40
2018-06-05 17:14:46,079 [8] DEBUG  - Cuenta para RRC GASTO: 6106-06-000-0000-00-00-000-00053-11
2018-06-05 17:14:46,756 [8] DEBUG  - Cuenta para RRC PASIVO: 6104-06-000-0000-00-00-000-00022-06
2018-06-05 17:14:53,114 [8] DEBUG  - Reaseguradores Comision por Reaseguro: 6106-06-000-0000-00-00-000-00043-02
2018-06-05 17:14:53,114 [8] DEBUG  - Reaseguro Contractual: 6106-06-000-0000-00-00-000-00053-06
2018-06-05 17:14:53,836 [8] DEBUG  - Reaseguradores del exterior – cuenta corriente: 6106-06-000-0000-00-00-000-00043-02
2018-06-05 17:14:54,581 [8] DEBUG  - Reaseguradores Comision por Reaseguro Pasivo: 6103-00-000-0000-00-00-000-00024-02
2018-06-05 17:14:55,272 [8] DEBUG  - RRC para reaseguro INGRESO: 6106-06-000-0000-00-00-000-00043-11
2018-06-05 17:14:55,930 [8] DEBUG  - RRC para reaseguro PASIVO: 6104-06-000-0000-00-00-000-00022-06
2018-06-05 17:15:14,831 [8] DEBUG  - Cuenta por cobrar: 1302-06-201-0427-00-01-176-10056-00
2018-06-05 17:15:14,831 [8] DEBUG  - Cuenta de producto: 4301-06-201-0427-00-01-176-10056-65
2018-06-05 17:15:14,831 [8] DEBUG  - Cuenta de producto: 4301-06-201-0427-00-01-176-10056-24
2018-06-05 17:15:14,831 [8] DEBUG  - Cuenta de producto: 4301-06-201-0427-00-01-176-10056-15
2018-06-05 17:15:14,831 [8] DEBUG  - Cuenta de producto: 4301-06-201-0427-00-01-176-10056-04
2018-06-05 17:15:14,831 [8] DEBUG  - Cuenta de producto: 4301-06-201-0427-00-01-176-10056-02
2018-06-05 17:15:14,831 [8] DEBUG  - Cuenta de producto: 4301-06-201-0427-00-01-176-10056-13
2018-06-05 17:15:14,831 [8] DEBUG  - Cuenta de producto: 4301-06-201-0427-00-01-176-10056-06
2018-06-05 17:15:14,831 [8] DEBUG  - Cuenta de producto: 4301-06-201-0427-00-01-176-10056-09
2018-06-05 17:15:14,831 [8] DEBUG  - Cuenta de producto: 4301-06-201-0427-00-01-176-10056-12
2018-06-05 17:15:14,831 [8] DEBUG  - Cuenta de producto: 4301-06-201-0427-00-01-176-10056-07
2018-06-05 17:15:14,831 [8] DEBUG  - Cuenta de producto: 4301-06-201-0427-00-01-176-10056-05
2018-06-05 17:15:14,831 [8] DEBUG  - Cuenta de producto: 4301-06-201-0427-00-01-176-10056-48
2018-06-05 17:15:14,831 [8] DEBUG  - Cuenta de impuestos: 2901-00-000-0000-00-00-171-00001-00
2018-06-05 17:15:16,199 [8] DEBUG  - Cuenta de comisiones GASTO 5302-06-201-0427-00-01-176-10056-65
2018-06-05 17:15:17,654 [8] DEBUG  - Cuenta de comisiones GASTO 5302-06-201-0427-00-01-176-10056-24
2018-06-05 17:15:19,133 [8] DEBUG  - Cuenta de comisiones GASTO 5302-06-201-0427-00-01-176-10056-15
2018-06-05 17:15:20,767 [8] DEBUG  - Cuenta de comisiones GASTO 5302-06-201-0427-00-01-176-10056-04
2018-06-05 17:15:22,431 [8] DEBUG  - Cuenta de comisiones GASTO 5302-06-201-0427-00-01-176-10056-02
2018-06-05 17:15:23,936 [8] DEBUG  - Cuenta de comisiones GASTO 5302-06-201-0427-00-01-176-10056-13
2018-06-05 17:15:25,580 [8] DEBUG  - Cuenta de comisiones GASTO 5302-06-201-0427-00-01-176-10056-06
2018-06-05 17:15:27,050 [8] DEBUG  - Cuenta de comisiones GASTO 5302-06-201-0427-00-01-176-10056-09
2018-06-05 17:15:28,559 [8] DEBUG  - Cuenta de comisiones GASTO 5302-06-201-0427-00-01-176-10056-12
2018-06-05 17:15:30,048 [8] DEBUG  - Cuenta de comisiones GASTO 5302-06-201-0427-00-01-176-10056-07
2018-06-05 17:15:31,531 [8] DEBUG  - Cuenta de comisiones GASTO 5302-06-201-0427-00-01-176-10056-05
2018-06-05 17:15:33,038 [8] DEBUG  - Cuenta de comisiones GASTO 5302-06-201-0427-00-01-176-10056-48
2018-06-05 17:15:34,217 [8] DEBUG  - Cuenta de comisiones PAGO 2902-00-201-0427-00-01-176-10056-00
2018-06-05 17:15:34,217 [8] DEBUG  - Porcentaje Reserva Riesgos en curso: 40
2018-06-05 17:15:35,288 [8] DEBUG  - Cuenta para RRC GASTO: 5311-06-201-0427-00-01-176-10056-65
2018-06-05 17:15:36,407 [8] DEBUG  - Cuenta para RRC GASTO: 5311-06-201-0427-00-01-176-10056-24
2018-06-05 17:15:37,509 [8] DEBUG  - Cuenta para RRC GASTO: 5311-06-201-0427-00-01-176-10056-15
2018-06-05 17:15:38,697 [8] DEBUG  - Cuenta para RRC GASTO: 5311-06-201-0427-00-01-176-10056-04
2018-06-05 17:15:39,724 [8] DEBUG  - Cuenta para RRC GASTO: 5311-06-201-0427-00-01-176-10056-02
2018-06-05 17:15:40,776 [8] DEBUG  - Cuenta para RRC GASTO: 5311-06-201-0427-00-01-176-10056-13
2018-06-05 17:15:41,820 [8] DEBUG  - Cuenta para RRC GASTO: 5311-06-201-0427-00-01-176-10056-06
2018-06-05 17:15:42,850 [8] DEBUG  - Cuenta para RRC GASTO: 5311-06-201-0427-00-01-176-10056-09
2018-06-05 17:15:43,929 [8] DEBUG  - Cuenta para RRC GASTO: 5311-06-201-0427-00-01-176-10056-12
2018-06-05 17:15:44,967 [8] DEBUG  - Cuenta para RRC GASTO: 5311-06-201-0427-00-01-176-10056-07
2018-06-05 17:15:45,997 [8] DEBUG  - Cuenta para RRC GASTO: 5311-06-201-0427-00-01-176-10056-05
2018-06-05 17:15:47,027 [8] DEBUG  - Cuenta para RRC GASTO: 5311-06-201-0427-00-01-176-10056-48
2018-06-05 17:15:47,964 [8] DEBUG  - Cuenta para RRC PASIVO: 2206-00-201-0427-00-01-176-10056-00
2018-06-05 17:15:48,999 [8] DEBUG  - Reaseguro Contractual: 5306-06-201-0427-00-01-176-10056-04
2018-06-05 17:15:50,090 [8] DEBUG  - Reaseguradores Comision por Reaseguro: 4302-06-201-0427-00-01-176-10056-04
2018-06-05 17:15:51,217 [8] DEBUG  - Reaseguro Contractual: 5306-06-201-0427-00-01-176-10056-06
2018-06-05 17:15:52,327 [8] DEBUG  - Reaseguradores Comision por Reaseguro: 4302-06-201-0427-00-01-176-10056-06
2018-06-05 17:15:53,498 [8] DEBUG  - Reaseguro Contractual: 5306-06-201-0427-00-01-176-10056-07
2018-06-05 17:15:54,638 [8] DEBUG  - Reaseguradores Comision por Reaseguro: 4302-06-201-0427-00-01-176-10056-07
2018-06-05 17:15:55,682 [8] DEBUG  - Reaseguro Contractual: 5306-06-201-0427-00-01-176-10056-05
2018-06-05 17:15:56,728 [8] DEBUG  - Reaseguradores Comision por Reaseguro: 4302-06-201-0427-00-01-176-10056-05
2018-06-05 17:15:57,708 [8] DEBUG  - Reaseguradores - cuenta corriente: 2402-00-201-0427-00-01-176-10056-00
2018-06-05 17:15:58,821 [8] DEBUG  - Reaseguradores Comision por Reaseguro: 2402-00-201-0427-00-01-176-10056-00
2018-06-05 17:15:59,884 [8] DEBUG  - RRC para reaseguro INGRESO: 4311-06-201-0427-00-01-176-10056-04
2018-06-05 17:16:00,936 [8] DEBUG  - RRC para reaseguro INGRESO: 4311-06-201-0427-00-01-176-10056-06
2018-06-05 17:16:02,068 [8] DEBUG  - RRC para reaseguro INGRESO: 4311-06-201-0427-00-01-176-10056-07
2018-06-05 17:16:03,171 [8] DEBUG  - RRC para reaseguro INGRESO: 4311-06-201-0427-00-01-176-10056-05
2018-06-05 17:16:04,224 [8] DEBUG  - RRC para reaseguro PASIVO: 2206-00-201-0427-00-01-176-10056-00
2018-06-05 17:16:26,580 [8] DEBUG  - Contruyendo encabezado
2018-06-05 17:16:26,580 [8] DEBUG  - Creacion de numero de batch SFFA2042018
2018-06-05 17:16:27,464 [8] DEBUG  - Se obtiene el cliente de GP 7-05-474515
2018-06-05 17:16:46,509 [8] DEBUG  - Cuenta por cobrar: 6104-06-000-0000-00-00-000-00013-02
2018-06-05 17:16:47,304 [8] DEBUG  - Cuenta de producto: 6104-06-000-0000-00-00-000-00043-01
2018-06-05 17:16:47,304 [8] DEBUG  - Cuenta de impuestos: 6101-00-000-0000-00-00-000-00029-01
2018-06-05 17:16:48,633 [8] DEBUG  - Cuenta de comisiones GASTO 6104-06-000-0000-00-00-000-00053-02
2018-06-05 17:16:48,633 [8] DEBUG  - Cuenta de comisiones PAGO 6101-00-000-0000-00-00-000-00029-02
2018-06-05 17:16:48,633 [8] DEBUG  - Porcentaje Reserva Riesgos en curso: 40
2018-06-05 17:16:49,365 [8] DEBUG  - Cuenta para RRC GASTO: 6106-06-000-0000-00-00-000-00053-11
2018-06-05 17:16:50,046 [8] DEBUG  - Cuenta para RRC PASIVO: 6104-06-000-0000-00-00-000-00022-06
2018-06-05 17:16:55,637 [8] DEBUG  - Reaseguradores Comision por Reaseguro: 6106-06-000-0000-00-00-000-00043-02
2018-06-05 17:16:55,637 [8] DEBUG  - Reaseguro Contractual: 6106-06-000-0000-00-00-000-00053-06
2018-06-05 17:16:56,292 [8] DEBUG  - Reaseguradores del exterior – cuenta corriente: 6106-06-000-0000-00-00-000-00043-02
2018-06-05 17:16:56,977 [8] DEBUG  - Reaseguradores Comision por Reaseguro Pasivo: 6103-00-000-0000-00-00-000-00024-02
2018-06-05 17:16:57,660 [8] DEBUG  - RRC para reaseguro INGRESO: 6106-06-000-0000-00-00-000-00043-11
2018-06-05 17:16:58,339 [8] DEBUG  - RRC para reaseguro PASIVO: 6104-06-000-0000-00-00-000-00022-06
2018-06-05 17:17:17,507 [8] DEBUG  - Cuenta por cobrar: 1302-06-201-0227-00-01-176-10056-00
2018-06-05 17:17:17,507 [8] DEBUG  - Cuenta de producto: 4301-06-201-0227-00-01-176-10056-65
2018-06-05 17:17:17,507 [8] DEBUG  - Cuenta de producto: 4301-06-201-0227-00-01-176-10056-24
2018-06-05 17:17:17,507 [8] DEBUG  - Cuenta de producto: 4301-06-201-0227-00-01-176-10056-15
2018-06-05 17:17:17,507 [8] DEBUG  - Cuenta de producto: 4301-06-201-0227-00-01-176-10056-04
2018-06-05 17:17:17,507 [8] DEBUG  - Cuenta de producto: 4301-06-201-0227-00-01-176-10056-02
2018-06-05 17:17:17,507 [8] DEBUG  - Cuenta de producto: 4301-06-201-0227-00-01-176-10056-13
2018-06-05 17:17:17,507 [8] DEBUG  - Cuenta de producto: 4301-06-201-0227-00-01-176-10056-06
2018-06-05 17:17:17,507 [8] DEBUG  - Cuenta de producto: 4301-06-201-0227-00-01-176-10056-09
2018-06-05 17:17:17,507 [8] DEBUG  - Cuenta de producto: 4301-06-201-0227-00-01-176-10056-12
2018-06-05 17:17:17,507 [8] DEBUG  - Cuenta de producto: 4301-06-201-0227-00-01-176-10056-07
2018-06-05 17:17:17,507 [8] DEBUG  - Cuenta de producto: 4301-06-201-0227-00-01-176-10056-05
2018-06-05 17:17:17,507 [8] DEBUG  - Cuenta de producto: 4301-06-201-0227-00-01-176-10056-48
2018-06-05 17:17:17,507 [8] DEBUG  - Cuenta de impuestos: 2901-00-000-0000-00-00-171-00001-00
2018-06-05 17:17:18,854 [8] DEBUG  - Cuenta de comisiones GASTO 5302-06-201-0227-00-01-176-10056-65
2018-06-05 17:17:20,482 [8] DEBUG  - Cuenta de comisiones GASTO 5302-06-201-0227-00-01-176-10056-24
2018-06-05 17:17:22,026 [8] DEBUG  - Cuenta de comisiones GASTO 5302-06-201-0227-00-01-176-10056-15
2018-06-05 17:17:23,519 [8] DEBUG  - Cuenta de comisiones GASTO 5302-06-201-0227-00-01-176-10056-04
2018-06-05 17:17:25,020 [8] DEBUG  - Cuenta de comisiones GASTO 5302-06-201-0227-00-01-176-10056-02
2018-06-05 17:17:26,463 [8] DEBUG  - Cuenta de comisiones GASTO 5302-06-201-0227-00-01-176-10056-13
2018-06-05 17:17:28,013 [8] DEBUG  - Cuenta de comisiones GASTO 5302-06-201-0227-00-01-176-10056-06
2018-06-05 17:17:29,566 [8] DEBUG  - Cuenta de comisiones GASTO 5302-06-201-0227-00-01-176-10056-09
2018-06-05 17:17:30,982 [8] DEBUG  - Cuenta de comisiones GASTO 5302-06-201-0227-00-01-176-10056-12
2018-06-05 17:17:32,476 [8] DEBUG  - Cuenta de comisiones GASTO 5302-06-201-0227-00-01-176-10056-07
2018-06-05 17:17:33,881 [8] DEBUG  - Cuenta de comisiones GASTO 5302-06-201-0227-00-01-176-10056-05
2018-06-05 17:17:35,924 [8] DEBUG  - Cuenta de comisiones GASTO 5302-06-201-0227-00-01-176-10056-48
2018-06-05 17:17:37,098 [8] DEBUG  - Cuenta de comisiones PAGO 2902-00-201-0227-00-01-176-10056-00
2018-06-05 17:17:37,098 [8] DEBUG  - Porcentaje Reserva Riesgos en curso: 40
2018-06-05 17:17:38,199 [8] DEBUG  - Cuenta para RRC GASTO: 5311-06-201-0227-00-01-176-10056-65
2018-06-05 17:17:39,304 [8] DEBUG  - Cuenta para RRC GASTO: 5311-06-201-0227-00-01-176-10056-24
2018-06-05 17:17:40,393 [8] DEBUG  - Cuenta para RRC GASTO: 5311-06-201-0227-00-01-176-10056-15
2018-06-05 17:17:41,443 [8] DEBUG  - Cuenta para RRC GASTO: 5311-06-201-0227-00-01-176-10056-04
2018-06-05 17:17:42,528 [8] DEBUG  - Cuenta para RRC GASTO: 5311-06-201-0227-00-01-176-10056-02
2018-06-05 17:17:43,618 [8] DEBUG  - Cuenta para RRC GASTO: 5311-06-201-0227-00-01-176-10056-13
2018-06-05 17:17:44,717 [8] DEBUG  - Cuenta para RRC GASTO: 5311-06-201-0227-00-01-176-10056-06
2018-06-05 17:17:45,778 [8] DEBUG  - Cuenta para RRC GASTO: 5311-06-201-0227-00-01-176-10056-09
2018-06-05 17:17:46,892 [8] DEBUG  - Cuenta para RRC GASTO: 5311-06-201-0227-00-01-176-10056-12
2018-06-05 17:17:47,992 [8] DEBUG  - Cuenta para RRC GASTO: 5311-06-201-0227-00-01-176-10056-07
2018-06-05 17:17:49,176 [8] DEBUG  - Cuenta para RRC GASTO: 5311-06-201-0227-00-01-176-10056-05
2018-06-05 17:17:50,821 [8] DEBUG  - Cuenta para RRC GASTO: 5311-06-201-0227-00-01-176-10056-48
2018-06-05 17:17:51,793 [8] DEBUG  - Cuenta para RRC PASIVO: 2206-00-201-0227-00-01-176-10056-00
2018-06-05 17:17:52,904 [8] DEBUG  - Reaseguro Contractual: 5306-06-201-0227-00-01-176-10056-04
2018-06-05 17:17:54,002 [8] DEBUG  - Reaseguradores Comision por Reaseguro: 4302-06-201-0227-00-01-176-10056-04
2018-06-05 17:17:55,083 [8] DEBUG  - Reaseguro Contractual: 5306-06-201-0227-00-01-176-10056-06
2018-06-05 17:17:56,159 [8] DEBUG  - Reaseguradores Comision por Reaseguro: 4302-06-201-0227-00-01-176-10056-06
2018-06-05 17:17:57,724 [8] DEBUG  - Reaseguro Contractual: 5306-06-201-0227-00-01-176-10056-07
2018-06-05 17:17:58,807 [8] DEBUG  - Reaseguradores Comision por Reaseguro: 4302-06-201-0227-00-01-176-10056-07
2018-06-05 17:17:59,923 [8] DEBUG  - Reaseguro Contractual: 5306-06-201-0227-00-01-176-10056-05
2018-06-05 17:18:00,956 [8] DEBUG  - Reaseguradores Comision por Reaseguro: 4302-06-201-0227-00-01-176-10056-05
2018-06-05 17:18:01,908 [8] DEBUG  - Reaseguradores - cuenta corriente: 2402-00-201-0227-00-01-176-10056-00
2018-06-05 17:18:02,911 [8] DEBUG  - Reaseguradores Comision por Reaseguro: 2402-00-201-0227-00-01-176-10056-00
2018-06-05 17:18:03,995 [8] DEBUG  - RRC para reaseguro INGRESO: 4311-06-201-0227-00-01-176-10056-04
2018-06-05 17:18:05,157 [8] DEBUG  - RRC para reaseguro INGRESO: 4311-06-201-0227-00-01-176-10056-06
2018-06-05 17:18:06,294 [8] DEBUG  - RRC para reaseguro INGRESO: 4311-06-201-0227-00-01-176-10056-07
2018-06-05 17:18:07,398 [8] DEBUG  - RRC para reaseguro INGRESO: 4311-06-201-0227-00-01-176-10056-05
2018-06-05 17:18:09,008 [8] DEBUG  - RRC para reaseguro PASIVO: 2206-00-201-0227-00-01-176-10056-00
