2018-06-07 11:01:49,611 [9] DEBUG  - Total de Transacciones: 13
2018-06-07 11:02:08,285 [9] DEBUG  - Contruyendo encabezado
2018-06-07 11:02:08,285 [9] DEBUG  - Creacion de numero de batch SFNC1342018
2018-06-07 11:02:09,789 [9] DEBUG  - Se obtiene el cliente de GP 1-05-468873
2018-06-07 11:02:18,882 [9] DEBUG  - Cuenta por cobrar: 1302-06-201-0405-00-08-179-10099-00
2018-06-07 11:02:18,882 [9] DEBUG  - Cuenta de impuestos: 2901-00-000-0000-00-00-171-00001-00
2018-06-07 11:02:23,147 [9] DEBUG  - Cuenta de Producto: 4301-06-201-0405-00-08-179-10099-65
2018-06-07 11:02:27,864 [9] DEBUG  - Cuenta de Producto: 4301-06-201-0405-00-08-179-10099-24
2018-06-07 11:02:30,952 [9] DEBUG  - Cuenta de Producto: 4301-06-201-0405-00-08-179-10099-15
2018-06-07 11:02:33,509 [9] DEBUG  - Cuenta de Producto: 4301-06-201-0405-00-08-179-10099-04
2018-06-07 11:02:36,301 [9] DEBUG  - Cuenta de Producto: 4301-06-201-0405-00-08-179-10099-02
2018-06-07 11:02:38,895 [9] DEBUG  - Cuenta de Producto: 4301-06-201-0405-00-08-179-10099-13
2018-06-07 11:02:44,032 [9] DEBUG  - Cuenta de Producto: 4301-06-201-0405-00-08-179-10099-06
2018-06-07 11:02:47,845 [9] DEBUG  - Cuenta de Producto: 4301-06-201-0405-00-08-179-10099-09
2018-06-07 11:02:51,878 [9] DEBUG  - Cuenta de Producto: 4301-06-201-0405-00-08-179-10099-12
2018-06-07 11:02:55,499 [9] DEBUG  - Cuenta de Producto: 4301-06-201-0405-00-08-179-10099-07
2018-06-07 11:02:58,690 [9] DEBUG  - Cuenta de Producto: 4301-06-201-0405-00-08-179-10099-05
2018-06-07 11:03:03,104 [9] DEBUG  - Cuenta de Producto: 4301-06-201-0405-00-08-179-10099-48
2018-06-07 11:03:03,625 [9] DEBUG  - Porcentaje Reserva Riesgos en curso: 40
2018-06-07 11:03:08,487 [9] DEBUG  - Cuenta para RRC GASTO: 5311-06-201-0405-00-08-179-10099-65
2018-06-07 11:03:13,293 [9] DEBUG  - Cuenta para RRC GASTO: 5311-06-201-0405-00-08-179-10099-24
2018-06-07 11:03:18,545 [9] DEBUG  - Cuenta para RRC GASTO: 5311-06-201-0405-00-08-179-10099-15
2018-06-07 11:03:23,905 [9] DEBUG  - Cuenta para RRC GASTO: 5311-06-201-0405-00-08-179-10099-04
2018-06-07 11:03:28,300 [9] DEBUG  - Cuenta para RRC GASTO: 5311-06-201-0405-00-08-179-10099-02
2018-06-07 11:03:33,214 [9] DEBUG  - Cuenta para RRC GASTO: 5311-06-201-0405-00-08-179-10099-13
2018-06-07 11:03:38,388 [9] DEBUG  - Cuenta para RRC GASTO: 5311-06-201-0405-00-08-179-10099-06
2018-06-07 11:03:44,468 [9] DEBUG  - Cuenta para RRC GASTO: 5311-06-201-0405-00-08-179-10099-09
2018-06-07 11:03:48,957 [9] DEBUG  - Cuenta para RRC GASTO: 5311-06-201-0405-00-08-179-10099-12
2018-06-07 11:03:52,851 [9] DEBUG  - Cuenta para RRC GASTO: 5311-06-201-0405-00-08-179-10099-07
2018-06-07 11:03:57,861 [9] DEBUG  - Cuenta para RRC GASTO: 5311-06-201-0405-00-08-179-10099-05
2018-06-07 11:04:02,868 [9] DEBUG  - Cuenta para RRC GASTO: 5311-06-201-0405-00-08-179-10099-48
2018-06-07 11:04:06,666 [9] DEBUG  - Cuenta para RRC PASIVO: 2206-00-201-0405-00-08-179-10099-00
2018-06-07 11:04:11,123 [9] DEBUG  - Reaseguro Contractual: 5306-06-201-0405-00-08-179-10099-04
2018-06-07 11:04:14,785 [9] DEBUG  - Reaseguradores Comision por Reaseguro: 4302-06-201-0405-00-08-179-10099-04
2018-06-07 11:04:18,505 [9] DEBUG  - Reaseguro Contractual: 5306-06-201-0405-00-08-179-10099-06
2018-06-07 11:04:22,720 [9] DEBUG  - Reaseguradores Comision por Reaseguro: 4302-06-201-0405-00-08-179-10099-06
2018-06-07 11:04:25,722 [9] DEBUG  - Reaseguro Contractual: 5306-06-201-0405-00-08-179-10099-07
2018-06-07 11:04:27,062 [9] DEBUG  - Reaseguradores Comision por Reaseguro: 4302-06-201-0405-00-08-179-10099-07
2018-06-07 11:04:28,329 [9] DEBUG  - Reaseguro Contractual: 5306-06-201-0405-00-08-179-10099-05
2018-06-07 11:04:29,964 [9] DEBUG  - Reaseguradores Comision por Reaseguro: 4302-06-201-0405-00-08-179-10099-05
2018-06-07 11:04:31,678 [9] DEBUG  - Reaseguradores - cuenta corriente: 2402-00-201-0405-00-08-179-10099-00
2018-06-07 11:04:33,753 [9] DEBUG  - Reaseguradores Comision por Reaseguro: 2402-00-201-0405-00-08-179-10099-00
2018-06-07 11:04:36,357 [9] DEBUG  - RRC para reaseguro INGRESO: 4311-06-201-0405-00-08-179-10099-04
2018-06-07 11:04:38,656 [9] DEBUG  - RRC para reaseguro INGRESO: 4311-06-201-0405-00-08-179-10099-06
2018-06-07 11:04:41,005 [9] DEBUG  - RRC para reaseguro INGRESO: 4311-06-201-0405-00-08-179-10099-07
2018-06-07 11:04:42,749 [9] DEBUG  - RRC para reaseguro INGRESO: 4311-06-201-0405-00-08-179-10099-05
2018-06-07 11:04:44,822 [9] DEBUG  - RRC para reaseguro PASIVO: 2206-00-201-0405-00-08-179-10099-00
2018-06-07 11:09:08,545 [9] DEBUG  - Contruyendo encabezado
2018-06-07 11:09:08,545 [9] DEBUG  - Creacion de numero de batch SFNC1342018
2018-06-07 11:09:09,593 [9] DEBUG  - Se obtiene el cliente de GP 12-05-468316
2018-06-07 11:09:19,183 [9] DEBUG  - Cuenta por cobrar: 1302-06-201-0201-00-04-174-10039-00
2018-06-07 11:09:19,183 [9] DEBUG  - Cuenta de impuestos: 2901-00-000-0000-00-00-171-00001-00
2018-06-07 11:09:20,590 [9] DEBUG  - Cuenta de Producto: 4301-06-201-0201-00-04-174-10039-65
2018-06-07 11:09:21,728 [9] DEBUG  - Cuenta de Producto: 4301-06-201-0201-00-04-174-10039-02
2018-06-07 11:09:22,831 [9] DEBUG  - Cuenta de Producto: 4301-06-201-0201-00-04-174-10039-13
2018-06-07 11:09:24,031 [9] DEBUG  - Cuenta de Producto: 4301-06-201-0201-00-04-174-10039-09
2018-06-07 11:09:25,249 [9] DEBUG  - Cuenta de Producto: 4301-06-201-0201-00-04-174-10039-12
2018-06-07 11:09:26,391 [9] DEBUG  - Cuenta de Producto: 4301-06-201-0201-00-04-174-10039-16
2018-06-07 11:09:27,930 [9] DEBUG  - Cuenta de comisiones GASTO 5302-06-201-0201-00-04-174-10039-65
2018-06-07 11:09:29,642 [9] DEBUG  - Cuenta de comisiones GASTO 5302-06-201-0201-00-04-174-10039-02
2018-06-07 11:09:32,065 [9] DEBUG  - Cuenta de comisiones GASTO 5302-06-201-0201-00-04-174-10039-13
2018-06-07 11:09:34,155 [9] DEBUG  - Cuenta de comisiones GASTO 5302-06-201-0201-00-04-174-10039-09
2018-06-07 11:09:36,713 [9] DEBUG  - Cuenta de comisiones GASTO 5302-06-201-0201-00-04-174-10039-12
2018-06-07 11:09:39,634 [9] DEBUG  - Cuenta de comisiones GASTO 5302-06-201-0201-00-04-174-10039-16
2018-06-07 11:09:41,972 [9] DEBUG  - Cuenta de comisiones PAGO 2902-00-201-0201-00-04-174-10039-00
2018-06-07 11:09:41,972 [9] DEBUG  - Porcentaje Reserva Riesgos en curso: 40
2018-06-07 11:09:43,344 [9] DEBUG  - Cuenta para RRC GASTO: 5311-06-201-0201-00-04-174-10039-65
2018-06-07 11:09:44,841 [9] DEBUG  - Cuenta para RRC GASTO: 5311-06-201-0201-00-04-174-10039-02
2018-06-07 11:09:45,910 [9] DEBUG  - Cuenta para RRC GASTO: 5311-06-201-0201-00-04-174-10039-13
2018-06-07 11:09:46,971 [9] DEBUG  - Cuenta para RRC GASTO: 5311-06-201-0201-00-04-174-10039-09
2018-06-07 11:09:48,263 [9] DEBUG  - Cuenta para RRC GASTO: 5311-06-201-0201-00-04-174-10039-12
2018-06-07 11:09:49,689 [9] DEBUG  - Cuenta para RRC GASTO: 5311-06-201-0201-00-04-174-10039-16
2018-06-07 11:09:51,221 [9] DEBUG  - Cuenta para RRC PASIVO: 2206-00-201-0201-00-04-174-10039-00
2018-06-07 11:13:50,994 [9] DEBUG  - Contruyendo encabezado
2018-06-07 11:13:50,994 [9] DEBUG  - Creacion de numero de batch SFNC1642018
2018-06-07 11:13:51,915 [9] DEBUG  - Se obtiene el cliente de GP 1-05-414924
2018-06-07 11:13:57,292 [9] DEBUG  - Cuenta por cobrar: 1302-06-201-0201-00-08-179-10099-00
2018-06-07 11:13:57,292 [9] DEBUG  - Cuenta de impuestos: 2901-00-000-0000-00-00-171-00001-00
2018-06-07 11:14:01,991 [9] DEBUG  - Cuenta de Producto: 4301-06-201-0201-00-08-179-10099-65
2018-06-07 11:14:05,824 [9] DEBUG  - Cuenta de Producto: 4301-06-201-0201-00-08-179-10099-02
2018-06-07 11:14:08,926 [9] DEBUG  - Cuenta de Producto: 4301-06-201-0201-00-08-179-10099-13
2018-06-07 11:14:10,993 [9] DEBUG  - Cuenta de Producto: 4301-06-201-0201-00-08-179-10099-09
2018-06-07 11:14:12,318 [9] DEBUG  - Cuenta de Producto: 4301-06-201-0201-00-08-179-10099-12
2018-06-07 11:14:12,450 [9] DEBUG  - Porcentaje Reserva Riesgos en curso: 40
2018-06-07 11:14:13,991 [9] DEBUG  - Cuenta para RRC GASTO: 5311-06-201-0201-00-08-179-10099-65
2018-06-07 11:14:15,879 [9] DEBUG  - Cuenta para RRC GASTO: 5311-06-201-0201-00-08-179-10099-02
2018-06-07 11:14:17,832 [9] DEBUG  - Cuenta para RRC GASTO: 5311-06-201-0201-00-08-179-10099-13
2018-06-07 11:14:19,873 [9] DEBUG  - Cuenta para RRC GASTO: 5311-06-201-0201-00-08-179-10099-09
2018-06-07 11:14:21,779 [9] DEBUG  - Cuenta para RRC GASTO: 5311-06-201-0201-00-08-179-10099-12
2018-06-07 11:14:23,092 [9] DEBUG  - Cuenta para RRC PASIVO: 2206-00-201-0201-00-08-179-10099-00
2018-06-07 11:18:14,798 [9] DEBUG  - Contruyendo encabezado
2018-06-07 11:18:14,798 [9] DEBUG  - Creacion de numero de batch SFNC1842018
2018-06-07 11:18:17,716 [9] DEBUG  - Se obtiene el cliente de GP 12-05-469187
2018-06-07 11:18:22,654 [9] DEBUG  - Cuenta por cobrar: 1302-06-201-0205-00-05-178-10118-00
2018-06-07 11:18:22,654 [9] DEBUG  - Cuenta de impuestos: 2901-00-000-0000-00-00-171-00001-00
2018-06-07 11:18:24,721 [9] DEBUG  - Cuenta de Producto: 4301-06-201-0205-00-05-178-10118-65
2018-06-07 11:18:25,951 [9] DEBUG  - Cuenta de Producto: 4301-06-201-0205-00-05-178-10118-24
2018-06-07 11:18:27,212 [9] DEBUG  - Cuenta de Producto: 4301-06-201-0205-00-05-178-10118-15
2018-06-07 11:18:28,713 [9] DEBUG  - Cuenta de Producto: 4301-06-201-0205-00-05-178-10118-04
2018-06-07 11:18:30,384 [9] DEBUG  - Cuenta de Producto: 4301-06-201-0205-00-05-178-10118-02
2018-06-07 11:18:32,550 [9] DEBUG  - Cuenta de Producto: 4301-06-201-0205-00-05-178-10118-13
2018-06-07 11:18:33,979 [9] DEBUG  - Cuenta de Producto: 4301-06-201-0205-00-05-178-10118-06
2018-06-07 11:18:35,400 [9] DEBUG  - Cuenta de Producto: 4301-06-201-0205-00-05-178-10118-09
2018-06-07 11:18:38,660 [9] DEBUG  - Cuenta de Producto: 4301-06-201-0205-00-05-178-10118-12
2018-06-07 11:18:41,888 [9] DEBUG  - Cuenta de Producto: 4301-06-201-0205-00-05-178-10118-07
2018-06-07 11:18:44,210 [9] DEBUG  - Cuenta de Producto: 4301-06-201-0205-00-05-178-10118-05
2018-06-07 11:18:46,291 [9] DEBUG  - Cuenta de Producto: 4301-06-201-0205-00-05-178-10118-48
2018-06-07 11:18:49,294 [9] DEBUG  - Cuenta de comisiones GASTO 5302-06-201-0205-00-05-178-10118-65
2018-06-07 11:18:52,461 [9] DEBUG  - Cuenta de comisiones GASTO 5302-06-201-0205-00-05-178-10118-24
2018-06-07 11:18:56,629 [9] DEBUG  - Cuenta de comisiones GASTO 5302-06-201-0205-00-05-178-10118-15
2018-06-07 11:18:58,186 [9] DEBUG  - Cuenta de comisiones GASTO 5302-06-201-0205-00-05-178-10118-04
2018-06-07 11:19:02,169 [9] DEBUG  - Cuenta de comisiones GASTO 5302-06-201-0205-00-05-178-10118-02
2018-06-07 11:19:04,745 [9] DEBUG  - Cuenta de comisiones GASTO 5302-06-201-0205-00-05-178-10118-13
2018-06-07 11:19:09,399 [9] DEBUG  - Cuenta de comisiones GASTO 5302-06-201-0205-00-05-178-10118-06
2018-06-07 11:19:11,915 [9] DEBUG  - Cuenta de comisiones GASTO 5302-06-201-0205-00-05-178-10118-09
2018-06-07 11:19:15,618 [9] DEBUG  - Cuenta de comisiones GASTO 5302-06-201-0205-00-05-178-10118-12
2018-06-07 11:19:19,228 [9] DEBUG  - Cuenta de comisiones GASTO 5302-06-201-0205-00-05-178-10118-07
2018-06-07 11:19:23,460 [9] DEBUG  - Cuenta de comisiones GASTO 5302-06-201-0205-00-05-178-10118-05
2018-06-07 11:19:26,431 [9] DEBUG  - Cuenta de comisiones GASTO 5302-06-201-0205-00-05-178-10118-48
2018-06-07 11:19:27,620 [9] DEBUG  - Cuenta de comisiones PAGO 2902-00-201-0205-00-05-178-10118-00
2018-06-07 11:19:27,620 [9] DEBUG  - Porcentaje Reserva Riesgos en curso: 40
2018-06-07 11:19:28,843 [9] DEBUG  - Cuenta para RRC GASTO: 5311-06-201-0205-00-05-178-10118-65
2018-06-07 11:19:30,960 [9] DEBUG  - Cuenta para RRC GASTO: 5311-06-201-0205-00-05-178-10118-24
2018-06-07 11:19:35,836 [9] DEBUG  - Cuenta para RRC GASTO: 5311-06-201-0205-00-05-178-10118-15
2018-06-07 11:19:39,171 [9] DEBUG  - Cuenta para RRC GASTO: 5311-06-201-0205-00-05-178-10118-04
2018-06-07 11:19:42,511 [9] DEBUG  - Cuenta para RRC GASTO: 5311-06-201-0205-00-05-178-10118-02
2018-06-07 11:19:46,265 [9] DEBUG  - Cuenta para RRC GASTO: 5311-06-201-0205-00-05-178-10118-13
2018-06-07 11:19:51,163 [9] DEBUG  - Cuenta para RRC GASTO: 5311-06-201-0205-00-05-178-10118-06
2018-06-07 11:19:52,922 [9] DEBUG  - Cuenta para RRC GASTO: 5311-06-201-0205-00-05-178-10118-09
2018-06-07 11:19:55,494 [9] DEBUG  - Cuenta para RRC GASTO: 5311-06-201-0205-00-05-178-10118-12
2018-06-07 11:19:58,006 [9] DEBUG  - Cuenta para RRC GASTO: 5311-06-201-0205-00-05-178-10118-07
2018-06-07 11:19:59,212 [9] DEBUG  - Cuenta para RRC GASTO: 5311-06-201-0205-00-05-178-10118-05
2018-06-07 11:20:01,194 [9] DEBUG  - Cuenta para RRC GASTO: 5311-06-201-0205-00-05-178-10118-48
2018-06-07 11:20:04,868 [9] DEBUG  - Cuenta para RRC PASIVO: 2206-00-201-0205-00-05-178-10118-00
2018-06-07 11:20:11,264 [9] DEBUG  - Reaseguro Contractual: 5306-06-201-0205-00-05-178-10118-04
2018-06-07 11:20:14,478 [9] DEBUG  - Reaseguradores Comision por Reaseguro: 4302-06-201-0205-00-05-178-10118-04
2018-06-07 11:20:17,379 [9] DEBUG  - Reaseguro Contractual: 5306-06-201-0205-00-05-178-10118-06
2018-06-07 11:20:20,859 [9] DEBUG  - Reaseguradores Comision por Reaseguro: 4302-06-201-0205-00-05-178-10118-06
2018-06-07 11:20:25,486 [9] DEBUG  - Reaseguro Contractual: 5306-06-201-0205-00-05-178-10118-07
2018-06-07 11:20:29,125 [9] DEBUG  - Reaseguradores Comision por Reaseguro: 4302-06-201-0205-00-05-178-10118-07
2018-06-07 11:20:32,922 [9] DEBUG  - Reaseguro Contractual: 5306-06-201-0205-00-05-178-10118-05
2018-06-07 11:20:36,599 [9] DEBUG  - Reaseguradores Comision por Reaseguro: 4302-06-201-0205-00-05-178-10118-05
2018-06-07 11:20:38,080 [9] DEBUG  - Reaseguradores - cuenta corriente: 2402-00-201-0205-00-05-178-10118-00
2018-06-07 11:20:39,772 [9] DEBUG  - Reaseguradores Comision por Reaseguro: 2402-00-201-0205-00-05-178-10118-00
2018-06-07 11:20:41,605 [9] DEBUG  - RRC para reaseguro INGRESO: 4311-06-201-0205-00-05-178-10118-04
2018-06-07 11:20:43,960 [9] DEBUG  - RRC para reaseguro INGRESO: 4311-06-201-0205-00-05-178-10118-06
2018-06-07 11:20:47,040 [9] DEBUG  - RRC para reaseguro INGRESO: 4311-06-201-0205-00-05-178-10118-07
2018-06-07 11:20:51,411 [9] DEBUG  - RRC para reaseguro INGRESO: 4311-06-201-0205-00-05-178-10118-05
2018-06-07 11:20:53,476 [9] DEBUG  - RRC para reaseguro PASIVO: 2206-00-201-0205-00-05-178-10118-00
2018-06-07 11:23:33,858 [9] DEBUG  - Contruyendo encabezado
2018-06-07 11:23:33,858 [9] DEBUG  - Creacion de numero de batch SFNC1842018
2018-06-07 11:23:35,194 [9] DEBUG  - Se obtiene el cliente de GP 3-05-468692
2018-06-07 11:23:42,147 [9] DEBUG  - Cuenta por cobrar: 1302-06-201-0205-00-04-175-10039-00
2018-06-07 11:23:42,147 [9] DEBUG  - Cuenta de impuestos: 2901-00-000-0000-00-00-171-00001-00
2018-06-07 11:23:45,370 [9] DEBUG  - Cuenta de Producto: 4301-06-201-0205-00-04-175-10039-65
2018-06-07 11:23:49,750 [9] DEBUG  - Cuenta de Producto: 4301-06-201-0205-00-04-175-10039-24
2018-06-07 11:23:51,865 [9] DEBUG  - Cuenta de Producto: 4301-06-201-0205-00-04-175-10039-15
2018-06-07 11:23:54,492 [9] DEBUG  - Cuenta de Producto: 4301-06-201-0205-00-04-175-10039-04
2018-06-07 11:23:56,853 [9] DEBUG  - Cuenta de Producto: 4301-06-201-0205-00-04-175-10039-02
2018-06-07 11:23:58,212 [9] DEBUG  - Cuenta de Producto: 4301-06-201-0205-00-04-175-10039-13
2018-06-07 11:24:00,042 [9] DEBUG  - Cuenta de Producto: 4301-06-201-0205-00-04-175-10039-06
2018-06-07 11:24:02,414 [9] DEBUG  - Cuenta de Producto: 4301-06-201-0205-00-04-175-10039-09
2018-06-07 11:24:03,932 [9] DEBUG  - Cuenta de Producto: 4301-06-201-0205-00-04-175-10039-12
2018-06-07 11:24:05,866 [9] DEBUG  - Cuenta de Producto: 4301-06-201-0205-00-04-175-10039-07
2018-06-07 11:24:07,512 [9] DEBUG  - Cuenta de Producto: 4301-06-201-0205-00-04-175-10039-05
2018-06-07 11:24:08,975 [9] DEBUG  - Cuenta de Producto: 4301-06-201-0205-00-04-175-10039-49
2018-06-07 11:24:10,792 [9] DEBUG  - Cuenta de comisiones GASTO 5302-06-201-0205-00-04-175-10039-65
2018-06-07 11:24:12,855 [9] DEBUG  - Cuenta de comisiones GASTO 5302-06-201-0205-00-04-175-10039-24
2018-06-07 11:24:14,673 [9] DEBUG  - Cuenta de comisiones GASTO 5302-06-201-0205-00-04-175-10039-15
2018-06-07 11:24:17,673 [9] DEBUG  - Cuenta de comisiones GASTO 5302-06-201-0205-00-04-175-10039-04
2018-06-07 11:24:19,126 [9] DEBUG  - Cuenta de comisiones GASTO 5302-06-201-0205-00-04-175-10039-02
2018-06-07 11:24:21,873 [9] DEBUG  - Cuenta de comisiones GASTO 5302-06-201-0205-00-04-175-10039-13
2018-06-07 11:24:26,726 [9] DEBUG  - Cuenta de comisiones GASTO 5302-06-201-0205-00-04-175-10039-06
2018-06-07 11:24:31,875 [9] DEBUG  - Cuenta de comisiones GASTO 5302-06-201-0205-00-04-175-10039-09
2018-06-07 11:24:37,317 [9] DEBUG  - Cuenta de comisiones GASTO 5302-06-201-0205-00-04-175-10039-12
2018-06-07 11:24:43,512 [9] DEBUG  - Cuenta de comisiones GASTO 5302-06-201-0205-00-04-175-10039-07
2018-06-07 11:24:45,545 [9] DEBUG  - Cuenta de comisiones GASTO 5302-06-201-0205-00-04-175-10039-05
2018-06-07 11:24:48,233 [9] DEBUG  - Cuenta de comisiones GASTO 5302-06-201-0205-00-04-175-10039-49
2018-06-07 11:24:49,546 [9] DEBUG  - Cuenta de comisiones PAGO 2902-00-201-0205-00-04-175-10039-00
2018-06-07 11:24:49,546 [9] DEBUG  - Porcentaje Reserva Riesgos en curso: 40
2018-06-07 11:24:51,867 [9] DEBUG  - Cuenta para RRC GASTO: 5311-06-201-0205-00-04-175-10039-65
2018-06-07 11:24:55,411 [9] DEBUG  - Cuenta para RRC GASTO: 5311-06-201-0205-00-04-175-10039-24
2018-06-07 11:25:00,051 [9] DEBUG  - Cuenta para RRC GASTO: 5311-06-201-0205-00-04-175-10039-15
2018-06-07 11:25:05,419 [9] DEBUG  - Cuenta para RRC GASTO: 5311-06-201-0205-00-04-175-10039-04
2018-06-07 11:25:11,033 [9] DEBUG  - Cuenta para RRC GASTO: 5311-06-201-0205-00-04-175-10039-02
2018-06-07 11:25:15,748 [9] DEBUG  - Cuenta para RRC GASTO: 5311-06-201-0205-00-04-175-10039-13
2018-06-07 11:25:19,326 [9] DEBUG  - Cuenta para RRC GASTO: 5311-06-201-0205-00-04-175-10039-06
2018-06-07 11:25:23,695 [9] DEBUG  - Cuenta para RRC GASTO: 5311-06-201-0205-00-04-175-10039-09
2018-06-07 11:25:28,317 [9] DEBUG  - Cuenta para RRC GASTO: 5311-06-201-0205-00-04-175-10039-12
2018-06-07 11:25:30,885 [9] DEBUG  - Cuenta para RRC GASTO: 5311-06-201-0205-00-04-175-10039-07
2018-06-07 11:25:34,648 [9] DEBUG  - Cuenta para RRC GASTO: 5311-06-201-0205-00-04-175-10039-05
2018-06-07 11:25:38,765 [9] DEBUG  - Cuenta para RRC GASTO: 5311-06-201-0205-00-04-175-10039-49
2018-06-07 11:25:40,779 [9] DEBUG  - Cuenta para RRC PASIVO: 2206-00-201-0205-00-04-175-10039-00
2018-06-07 11:25:43,574 [9] DEBUG  - Reaseguro Contractual: 5306-06-201-0205-00-04-175-10039-04
2018-06-07 11:25:46,124 [9] DEBUG  - Reaseguradores Comision por Reaseguro: 4302-06-201-0205-00-04-175-10039-04
2018-06-07 11:25:49,576 [9] DEBUG  - Reaseguro Contractual: 5306-06-201-0205-00-04-175-10039-06
2018-06-07 11:25:55,818 [9] DEBUG  - Reaseguradores Comision por Reaseguro: 4302-06-201-0205-00-04-175-10039-06
2018-06-07 11:25:58,741 [9] DEBUG  - Reaseguro Contractual: 5306-06-201-0205-00-04-175-10039-07
2018-06-07 11:26:01,175 [9] DEBUG  - Reaseguradores Comision por Reaseguro: 4302-06-201-0205-00-04-175-10039-07
2018-06-07 11:26:04,079 [9] DEBUG  - Reaseguro Contractual: 5306-06-201-0205-00-04-175-10039-05
2018-06-07 11:26:07,343 [9] DEBUG  - Reaseguradores Comision por Reaseguro: 4302-06-201-0205-00-04-175-10039-05
2018-06-07 11:26:09,396 [9] DEBUG  - Reaseguradores - cuenta corriente: 2402-00-201-0205-00-04-175-10039-00
2018-06-07 11:26:11,338 [9] DEBUG  - Reaseguradores Comision por Reaseguro: 2402-00-201-0205-00-04-175-10039-00
2018-06-07 11:26:13,859 [9] DEBUG  - RRC para reaseguro INGRESO: 4311-06-201-0205-00-04-175-10039-04
2018-06-07 11:26:19,289 [9] DEBUG  - RRC para reaseguro INGRESO: 4311-06-201-0205-00-04-175-10039-06
2018-06-07 11:26:24,129 [9] DEBUG  - RRC para reaseguro INGRESO: 4311-06-201-0205-00-04-175-10039-07
2018-06-07 11:26:26,057 [9] DEBUG  - RRC para reaseguro INGRESO: 4311-06-201-0205-00-04-175-10039-05
2018-06-07 11:26:28,227 [9] DEBUG  - RRC para reaseguro PASIVO: 2206-00-201-0205-00-04-175-10039-00
2018-06-07 11:31:18,451 [9] DEBUG  - Contruyendo encabezado
2018-06-07 11:31:18,451 [9] DEBUG  - Creacion de numero de batch SFNC1842018
2018-06-07 11:31:19,445 [9] DEBUG  - Se obtiene el cliente de GP 3-05-470924
2018-06-07 11:31:25,974 [9] DEBUG  - Cuenta por cobrar: 1302-06-201-0205-00-04-176-10039-00
2018-06-07 11:31:25,974 [9] DEBUG  - Cuenta de impuestos: 2901-00-000-0000-00-00-171-00001-00
2018-06-07 11:31:28,483 [9] DEBUG  - Cuenta de Producto: 4301-06-201-0205-00-04-176-10039-65
2018-06-07 11:31:30,943 [9] DEBUG  - Cuenta de Producto: 4301-06-201-0205-00-04-176-10039-24
2018-06-07 11:31:34,465 [9] DEBUG  - Cuenta de Producto: 4301-06-201-0205-00-04-176-10039-15
2018-06-07 11:31:38,696 [9] DEBUG  - Cuenta de Producto: 4301-06-201-0205-00-04-176-10039-04
2018-06-07 11:31:44,180 [9] DEBUG  - Cuenta de Producto: 4301-06-201-0205-00-04-176-10039-02
2018-06-07 11:31:49,797 [9] DEBUG  - Cuenta de Producto: 4301-06-201-0205-00-04-176-10039-13
2018-06-07 11:31:54,740 [9] DEBUG  - Cuenta de Producto: 4301-06-201-0205-00-04-176-10039-06
2018-06-07 11:31:56,145 [9] DEBUG  - Cuenta de Producto: 4301-06-201-0205-00-04-176-10039-09
2018-06-07 11:31:57,700 [9] DEBUG  - Cuenta de Producto: 4301-06-201-0205-00-04-176-10039-12
2018-06-07 11:32:00,849 [9] DEBUG  - Cuenta de Producto: 4301-06-201-0205-00-04-176-10039-07
2018-06-07 11:32:05,478 [9] DEBUG  - Cuenta de Producto: 4301-06-201-0205-00-04-176-10039-05
2018-06-07 11:32:10,907 [9] DEBUG  - Cuenta de Producto: 4301-06-201-0205-00-04-176-10039-49
2018-06-07 11:32:14,546 [9] DEBUG  - Cuenta de comisiones GASTO 5302-06-201-0205-00-04-176-10039-65
2018-06-07 11:32:19,311 [9] DEBUG  - Cuenta de comisiones GASTO 5302-06-201-0205-00-04-176-10039-24
2018-06-07 11:32:26,339 [9] DEBUG  - Cuenta de comisiones GASTO 5302-06-201-0205-00-04-176-10039-15
2018-06-07 11:32:32,724 [9] DEBUG  - Cuenta de comisiones GASTO 5302-06-201-0205-00-04-176-10039-04
2018-06-07 11:32:36,102 [9] DEBUG  - Cuenta de comisiones GASTO 5302-06-201-0205-00-04-176-10039-02
2018-06-07 11:32:40,502 [9] DEBUG  - Cuenta de comisiones GASTO 5302-06-201-0205-00-04-176-10039-13
2018-06-07 11:32:41,957 [9] DEBUG  - Cuenta de comisiones GASTO 5302-06-201-0205-00-04-176-10039-06
2018-06-07 11:32:43,827 [9] DEBUG  - Cuenta de comisiones GASTO 5302-06-201-0205-00-04-176-10039-09
2018-06-07 11:32:46,323 [9] DEBUG  - Cuenta de comisiones GASTO 5302-06-201-0205-00-04-176-10039-12
2018-06-07 11:32:48,940 [9] DEBUG  - Cuenta de comisiones GASTO 5302-06-201-0205-00-04-176-10039-07
2018-06-07 11:32:53,713 [9] DEBUG  - Cuenta de comisiones GASTO 5302-06-201-0205-00-04-176-10039-05
2018-06-07 11:33:01,046 [9] DEBUG  - Cuenta de comisiones GASTO 5302-06-201-0205-00-04-176-10039-49
2018-06-07 11:33:07,637 [9] DEBUG  - Cuenta de comisiones PAGO 2902-00-201-0205-00-04-176-10039-00
2018-06-07 11:33:07,637 [9] DEBUG  - Porcentaje Reserva Riesgos en curso: 40
2018-06-07 11:33:14,389 [9] DEBUG  - Cuenta para RRC GASTO: 5311-06-201-0205-00-04-176-10039-65
2018-06-07 11:33:20,224 [9] DEBUG  - Cuenta para RRC GASTO: 5311-06-201-0205-00-04-176-10039-24
2018-06-07 11:33:25,647 [9] DEBUG  - Cuenta para RRC GASTO: 5311-06-201-0205-00-04-176-10039-15
2018-06-07 11:33:30,822 [9] DEBUG  - Cuenta para RRC GASTO: 5311-06-201-0205-00-04-176-10039-04
2018-06-07 11:33:35,983 [9] DEBUG  - Cuenta para RRC GASTO: 5311-06-201-0205-00-04-176-10039-02
2018-06-07 11:33:41,715 [9] DEBUG  - Cuenta para RRC GASTO: 5311-06-201-0205-00-04-176-10039-13
2018-06-07 11:33:47,286 [9] DEBUG  - Cuenta para RRC GASTO: 5311-06-201-0205-00-04-176-10039-06
2018-06-07 11:33:52,216 [9] DEBUG  - Cuenta para RRC GASTO: 5311-06-201-0205-00-04-176-10039-09
2018-06-07 11:33:56,964 [9] DEBUG  - Cuenta para RRC GASTO: 5311-06-201-0205-00-04-176-10039-12
2018-06-07 11:34:02,531 [9] DEBUG  - Cuenta para RRC GASTO: 5311-06-201-0205-00-04-176-10039-07
2018-06-07 11:34:08,046 [9] DEBUG  - Cuenta para RRC GASTO: 5311-06-201-0205-00-04-176-10039-05
2018-06-07 11:34:12,258 [9] DEBUG  - Cuenta para RRC GASTO: 5311-06-201-0205-00-04-176-10039-49
2018-06-07 11:34:13,943 [9] DEBUG  - Cuenta para RRC PASIVO: 2206-00-201-0205-00-04-176-10039-00
2018-06-07 11:34:15,360 [9] DEBUG  - Reaseguro Contractual: 5306-06-201-0205-00-04-176-10039-04
2018-06-07 11:34:16,561 [9] DEBUG  - Reaseguradores Comision por Reaseguro: 4302-06-201-0205-00-04-176-10039-04
2018-06-07 11:34:18,105 [9] DEBUG  - Reaseguro Contractual: 5306-06-201-0205-00-04-176-10039-06
2018-06-07 11:34:20,668 [9] DEBUG  - Reaseguradores Comision por Reaseguro: 4302-06-201-0205-00-04-176-10039-06
2018-06-07 11:34:23,727 [9] DEBUG  - Reaseguro Contractual: 5306-06-201-0205-00-04-176-10039-07
2018-06-07 11:34:27,320 [9] DEBUG  - Reaseguradores Comision por Reaseguro: 4302-06-201-0205-00-04-176-10039-07
2018-06-07 11:34:30,222 [9] DEBUG  - Reaseguro Contractual: 5306-06-201-0205-00-04-176-10039-05
2018-06-07 11:34:33,436 [9] DEBUG  - Reaseguradores Comision por Reaseguro: 4302-06-201-0205-00-04-176-10039-05
2018-06-07 11:34:36,120 [9] DEBUG  - Reaseguradores - cuenta corriente: 2402-00-201-0205-00-04-176-10039-00
2018-06-07 11:34:38,991 [9] DEBUG  - Reaseguradores Comision por Reaseguro: 2402-00-201-0205-00-04-176-10039-00
2018-06-07 11:34:41,812 [9] DEBUG  - RRC para reaseguro INGRESO: 4311-06-201-0205-00-04-176-10039-04
2018-06-07 11:34:44,576 [9] DEBUG  - RRC para reaseguro INGRESO: 4311-06-201-0205-00-04-176-10039-06
2018-06-07 11:34:47,675 [9] DEBUG  - RRC para reaseguro INGRESO: 4311-06-201-0205-00-04-176-10039-07
2018-06-07 11:34:52,909 [9] DEBUG  - RRC para reaseguro INGRESO: 4311-06-201-0205-00-04-176-10039-05
2018-06-07 11:34:57,126 [9] DEBUG  - RRC para reaseguro PASIVO: 2206-00-201-0205-00-04-176-10039-00
2018-06-07 11:39:41,427 [9] DEBUG  - Contruyendo encabezado
2018-06-07 11:39:41,427 [9] DEBUG  - Creacion de numero de batch SFNC2342018
2018-06-07 11:39:42,935 [9] DEBUG  - Se obtiene el cliente de GP 4-05-469991
2018-06-07 11:39:49,895 [9] DEBUG  - Cuenta por cobrar: 1302-06-201-0405-00-01-177-10112-00
2018-06-07 11:39:49,895 [9] DEBUG  - Cuenta de impuestos: 2901-00-000-0000-00-00-171-00001-00
2018-06-07 11:39:53,092 [9] DEBUG  - Cuenta de Producto: 4301-06-201-0405-00-01-177-10112-65
2018-06-07 11:39:56,540 [9] DEBUG  - Cuenta de Producto: 4301-06-201-0405-00-01-177-10112-24
2018-06-07 11:40:00,638 [9] DEBUG  - Cuenta de Producto: 4301-06-201-0405-00-01-177-10112-15
2018-06-07 11:40:05,606 [9] DEBUG  - Cuenta de Producto: 4301-06-201-0405-00-01-177-10112-04
2018-06-07 11:40:11,619 [9] DEBUG  - Cuenta de Producto: 4301-06-201-0405-00-01-177-10112-02
2018-06-07 11:40:15,328 [9] DEBUG  - Cuenta de Producto: 4301-06-201-0405-00-01-177-10112-13
2018-06-07 11:40:20,653 [9] DEBUG  - Cuenta de Producto: 4301-06-201-0405-00-01-177-10112-06
2018-06-07 11:40:23,184 [9] DEBUG  - Cuenta de Producto: 4301-06-201-0405-00-01-177-10112-09
2018-06-07 11:40:26,023 [9] DEBUG  - Cuenta de Producto: 4301-06-201-0405-00-01-177-10112-12
2018-06-07 11:40:30,375 [9] DEBUG  - Cuenta de Producto: 4301-06-201-0405-00-01-177-10112-07
2018-06-07 11:40:33,193 [9] DEBUG  - Cuenta de Producto: 4301-06-201-0405-00-01-177-10112-05
2018-06-07 11:40:35,416 [9] DEBUG  - Cuenta de Producto: 4301-06-201-0405-00-01-177-10112-48
2018-06-07 11:40:37,962 [9] DEBUG  - Cuenta de comisiones GASTO 5302-06-201-0405-00-01-177-10112-65
2018-06-07 11:40:41,863 [9] DEBUG  - Cuenta de comisiones GASTO 5302-06-201-0405-00-01-177-10112-24
2018-06-07 11:40:49,028 [9] DEBUG  - Cuenta de comisiones GASTO 5302-06-201-0405-00-01-177-10112-15
2018-06-07 11:40:53,490 [9] DEBUG  - Cuenta de comisiones GASTO 5302-06-201-0405-00-01-177-10112-04
2018-06-07 11:40:57,634 [9] DEBUG  - Cuenta de comisiones GASTO 5302-06-201-0405-00-01-177-10112-02
2018-06-07 11:41:01,942 [9] DEBUG  - Cuenta de comisiones GASTO 5302-06-201-0405-00-01-177-10112-13
2018-06-07 11:41:08,451 [9] DEBUG  - Cuenta de comisiones GASTO 5302-06-201-0405-00-01-177-10112-06
2018-06-07 11:41:14,132 [9] DEBUG  - Cuenta de comisiones GASTO 5302-06-201-0405-00-01-177-10112-09
2018-06-07 11:41:16,730 [9] DEBUG  - Cuenta de comisiones GASTO 5302-06-201-0405-00-01-177-10112-12
2018-06-07 11:41:21,464 [9] DEBUG  - Cuenta de comisiones GASTO 5302-06-201-0405-00-01-177-10112-07
2018-06-07 11:41:26,908 [9] DEBUG  - Cuenta de comisiones GASTO 5302-06-201-0405-00-01-177-10112-05
2018-06-07 11:41:30,176 [9] DEBUG  - Cuenta de comisiones GASTO 5302-06-201-0405-00-01-177-10112-48
2018-06-07 11:41:32,671 [9] DEBUG  - Cuenta de comisiones PAGO 2902-00-201-0405-00-01-177-10112-00
2018-06-07 11:41:32,671 [9] DEBUG  - Porcentaje Reserva Riesgos en curso: 40
2018-06-07 11:41:34,415 [9] DEBUG  - Cuenta para RRC GASTO: 5311-06-201-0405-00-01-177-10112-65
2018-06-07 11:41:36,386 [9] DEBUG  - Cuenta para RRC GASTO: 5311-06-201-0405-00-01-177-10112-24
2018-06-07 11:41:38,283 [9] DEBUG  - Cuenta para RRC GASTO: 5311-06-201-0405-00-01-177-10112-15
2018-06-07 11:41:39,998 [9] DEBUG  - Cuenta para RRC GASTO: 5311-06-201-0405-00-01-177-10112-04
2018-06-07 11:41:42,168 [9] DEBUG  - Cuenta para RRC GASTO: 5311-06-201-0405-00-01-177-10112-02
2018-06-07 11:41:44,261 [9] DEBUG  - Cuenta para RRC GASTO: 5311-06-201-0405-00-01-177-10112-13
2018-06-07 11:41:46,050 [9] DEBUG  - Cuenta para RRC GASTO: 5311-06-201-0405-00-01-177-10112-06
2018-06-07 11:41:50,145 [9] DEBUG  - Cuenta para RRC GASTO: 5311-06-201-0405-00-01-177-10112-09
2018-06-07 11:41:53,018 [9] DEBUG  - Cuenta para RRC GASTO: 5311-06-201-0405-00-01-177-10112-12
2018-06-07 11:41:56,374 [9] DEBUG  - Cuenta para RRC GASTO: 5311-06-201-0405-00-01-177-10112-07
2018-06-07 11:42:01,142 [9] DEBUG  - Cuenta para RRC GASTO: 5311-06-201-0405-00-01-177-10112-05
2018-06-07 11:42:03,453 [9] DEBUG  - Cuenta para RRC GASTO: 5311-06-201-0405-00-01-177-10112-48
2018-06-07 11:42:05,343 [9] DEBUG  - Cuenta para RRC PASIVO: 2206-00-201-0405-00-01-177-10112-00
2018-06-07 11:42:07,110 [9] DEBUG  - Reaseguro Contractual: 5306-06-201-0405-00-01-177-10112-04
2018-06-07 11:42:09,895 [9] DEBUG  - Reaseguradores Comision por Reaseguro: 4302-06-201-0405-00-01-177-10112-04
2018-06-07 11:42:12,129 [9] DEBUG  - Reaseguro Contractual: 5306-06-201-0405-00-01-177-10112-06
2018-06-07 11:42:13,982 [9] DEBUG  - Reaseguradores Comision por Reaseguro: 4302-06-201-0405-00-01-177-10112-06
2018-06-07 11:42:16,434 [9] DEBUG  - Reaseguro Contractual: 5306-06-201-0405-00-01-177-10112-07
2018-06-07 11:42:17,776 [9] DEBUG  - Reaseguradores Comision por Reaseguro: 4302-06-201-0405-00-01-177-10112-07
2018-06-07 11:42:19,561 [9] DEBUG  - Reaseguro Contractual: 5306-06-201-0405-00-01-177-10112-05
2018-06-07 11:42:21,718 [9] DEBUG  - Reaseguradores Comision por Reaseguro: 4302-06-201-0405-00-01-177-10112-05
2018-06-07 11:42:23,768 [9] DEBUG  - Reaseguradores - cuenta corriente: 2402-00-201-0405-00-01-177-10112-00
2018-06-07 11:42:26,101 [9] DEBUG  - Reaseguradores Comision por Reaseguro: 2402-00-201-0405-00-01-177-10112-00
2018-06-07 11:42:29,391 [9] DEBUG  - RRC para reaseguro INGRESO: 4311-06-201-0405-00-01-177-10112-04
2018-06-07 11:42:32,086 [9] DEBUG  - RRC para reaseguro INGRESO: 4311-06-201-0405-00-01-177-10112-06
2018-06-07 11:42:34,019 [9] DEBUG  - RRC para reaseguro INGRESO: 4311-06-201-0405-00-01-177-10112-07
2018-06-07 11:42:35,890 [9] DEBUG  - RRC para reaseguro INGRESO: 4311-06-201-0405-00-01-177-10112-05
2018-06-07 11:42:37,074 [9] DEBUG  - RRC para reaseguro PASIVO: 2206-00-201-0405-00-01-177-10112-00
2018-06-07 11:45:39,018 [9] DEBUG  - Contruyendo encabezado
2018-06-07 11:45:39,018 [9] DEBUG  - Creacion de numero de batch SFNC2442018
2018-06-07 11:45:40,078 [9] DEBUG  - Se obtiene el cliente de GP 1-05-415021
2018-06-07 11:45:45,463 [9] DEBUG  - Cuenta por cobrar: 1302-06-201-0600-00-05-176-10111-00
2018-06-07 11:45:45,463 [9] DEBUG  - Cuenta de impuestos: 2901-00-000-0000-00-00-171-00001-00
2018-06-07 11:45:48,991 [9] DEBUG  - Cuenta de Producto: 4301-06-201-0205-00-05-176-10111-65
2018-06-07 11:45:55,622 [9] DEBUG  - Cuenta de Producto: 4301-06-201-0205-00-05-176-10111-24
2018-06-07 11:46:00,401 [9] DEBUG  - Cuenta de Producto: 4301-06-201-0205-00-05-176-10111-15
2018-06-07 11:46:03,672 [9] DEBUG  - Cuenta de Producto: 4301-06-201-0205-00-05-176-10111-04
2018-06-07 11:46:06,870 [9] DEBUG  - Cuenta de Producto: 4301-06-201-0205-00-05-176-10111-02
2018-06-07 11:46:09,211 [9] DEBUG  - Cuenta de Producto: 4301-06-201-0205-00-05-176-10111-13
2018-06-07 11:46:12,474 [9] DEBUG  - Cuenta de Producto: 4301-06-201-0205-00-05-176-10111-06
2018-06-07 11:46:14,972 [9] DEBUG  - Cuenta de Producto: 4301-06-201-0205-00-05-176-10111-09
2018-06-07 11:46:17,430 [9] DEBUG  - Cuenta de Producto: 4301-06-201-0205-00-05-176-10111-12
2018-06-07 11:46:18,755 [9] DEBUG  - Cuenta de Producto: 4301-06-201-0205-00-05-176-10111-07
2018-06-07 11:46:21,287 [9] DEBUG  - Cuenta de Producto: 4301-06-201-0205-00-05-176-10111-05
2018-06-07 11:46:23,837 [9] DEBUG  - Cuenta de Producto: 4301-06-201-0205-00-05-176-10111-49
2018-06-07 11:46:26,259 [9] DEBUG  - Cuenta de Producto: 4301-06-201-0405-00-05-176-10111-65
2018-06-07 11:46:30,651 [9] DEBUG  - Cuenta de Producto: 4301-06-201-0405-00-05-176-10111-24
2018-06-07 11:46:36,392 [9] DEBUG  - Cuenta de Producto: 4301-06-201-0405-00-05-176-10111-15
2018-06-07 11:46:40,450 [9] DEBUG  - Cuenta de Producto: 4301-06-201-0405-00-05-176-10111-04
2018-06-07 11:46:44,274 [9] DEBUG  - Cuenta de Producto: 4301-06-201-0405-00-05-176-10111-02
2018-06-07 11:46:48,537 [9] DEBUG  - Cuenta de Producto: 4301-06-201-0405-00-05-176-10111-13
2018-06-07 11:46:54,858 [9] DEBUG  - Cuenta de Producto: 4301-06-201-0405-00-05-176-10111-06
2018-06-07 11:46:58,449 [9] DEBUG  - Cuenta de Producto: 4301-06-201-0405-00-05-176-10111-09
2018-06-07 11:47:00,244 [9] DEBUG  - Cuenta de Producto: 4301-06-201-0405-00-05-176-10111-12
2018-06-07 11:47:01,296 [9] DEBUG  - Cuenta de Producto: 4301-06-201-0405-00-05-176-10111-07
2018-06-07 11:47:02,395 [9] DEBUG  - Cuenta de Producto: 4301-06-201-0405-00-05-176-10111-05
2018-06-07 11:47:03,924 [9] DEBUG  - Cuenta de Producto: 4301-06-201-0405-00-05-176-10111-48
2018-06-07 11:47:05,815 [9] DEBUG  - Cuenta de comisiones GASTO 5302-06-201-0205-00-05-176-10111-65
2018-06-07 11:47:08,522 [9] DEBUG  - Cuenta de comisiones GASTO 5302-06-201-0205-00-05-176-10111-24
2018-06-07 11:47:11,560 [9] DEBUG  - Cuenta de comisiones GASTO 5302-06-201-0205-00-05-176-10111-15
2018-06-07 11:47:15,744 [9] DEBUG  - Cuenta de comisiones GASTO 5302-06-201-0205-00-05-176-10111-04
2018-06-07 11:47:21,130 [9] DEBUG  - Cuenta de comisiones GASTO 5302-06-201-0205-00-05-176-10111-02
2018-06-07 11:47:25,894 [9] DEBUG  - Cuenta de comisiones GASTO 5302-06-201-0205-00-05-176-10111-13
2018-06-07 11:47:30,986 [9] DEBUG  - Cuenta de comisiones GASTO 5302-06-201-0205-00-05-176-10111-06
2018-06-07 11:47:38,960 [9] DEBUG  - Cuenta de comisiones GASTO 5302-06-201-0205-00-05-176-10111-09
2018-06-07 11:47:43,745 [9] DEBUG  - Cuenta de comisiones GASTO 5302-06-201-0205-00-05-176-10111-12
2018-06-07 11:47:45,171 [9] DEBUG  - Cuenta de comisiones GASTO 5302-06-201-0205-00-05-176-10111-07
2018-06-07 11:47:46,799 [9] DEBUG  - Cuenta de comisiones GASTO 5302-06-201-0205-00-05-176-10111-05
2018-06-07 11:47:48,439 [9] DEBUG  - Cuenta de comisiones GASTO 5302-06-201-0205-00-05-176-10111-49
2018-06-07 11:47:50,682 [9] DEBUG  - Cuenta de comisiones GASTO 5302-06-201-0405-00-05-176-10111-65
2018-06-07 11:47:52,822 [9] DEBUG  - Cuenta de comisiones GASTO 5302-06-201-0405-00-05-176-10111-24
2018-06-07 11:47:54,622 [9] DEBUG  - Cuenta de comisiones GASTO 5302-06-201-0405-00-05-176-10111-15
2018-06-07 11:47:56,096 [9] DEBUG  - Cuenta de comisiones GASTO 5302-06-201-0405-00-05-176-10111-04
2018-06-07 11:47:57,613 [9] DEBUG  - Cuenta de comisiones GASTO 5302-06-201-0405-00-05-176-10111-02
2018-06-07 11:47:59,241 [9] DEBUG  - Cuenta de comisiones GASTO 5302-06-201-0405-00-05-176-10111-13
2018-06-07 11:48:01,708 [9] DEBUG  - Cuenta de comisiones GASTO 5302-06-201-0405-00-05-176-10111-06
2018-06-07 11:48:03,943 [9] DEBUG  - Cuenta de comisiones GASTO 5302-06-201-0405-00-05-176-10111-09
2018-06-07 11:48:06,056 [9] DEBUG  - Cuenta de comisiones GASTO 5302-06-201-0405-00-05-176-10111-12
2018-06-07 11:48:08,553 [9] DEBUG  - Cuenta de comisiones GASTO 5302-06-201-0405-00-05-176-10111-07
2018-06-07 11:48:12,318 [9] DEBUG  - Cuenta de comisiones GASTO 5302-06-201-0405-00-05-176-10111-05
2018-06-07 11:48:15,703 [9] DEBUG  - Cuenta de comisiones GASTO 5302-06-201-0405-00-05-176-10111-48
2018-06-07 11:48:18,216 [9] DEBUG  - Cuenta de comisiones PAGO 2902-00-201-0205-00-05-176-10111-00
2018-06-07 11:48:19,803 [9] DEBUG  - Cuenta de comisiones PAGO 2902-00-201-0405-00-05-176-10111-00
2018-06-07 11:48:19,803 [9] DEBUG  - Porcentaje Reserva Riesgos en curso: 40
2018-06-07 11:48:22,208 [9] DEBUG  - Cuenta para RRC GASTO: 5311-06-201-0205-00-05-176-10111-65
2018-06-07 11:48:24,312 [9] DEBUG  - Cuenta para RRC GASTO: 5311-06-201-0205-00-05-176-10111-24
2018-06-07 11:48:25,662 [9] DEBUG  - Cuenta para RRC GASTO: 5311-06-201-0205-00-05-176-10111-15
2018-06-07 11:48:26,953 [9] DEBUG  - Cuenta para RRC GASTO: 5311-06-201-0205-00-05-176-10111-04
2018-06-07 11:48:28,014 [9] DEBUG  - Cuenta para RRC GASTO: 5311-06-201-0205-00-05-176-10111-02
2018-06-07 11:48:29,099 [9] DEBUG  - Cuenta para RRC GASTO: 5311-06-201-0205-00-05-176-10111-13
2018-06-07 11:48:30,694 [9] DEBUG  - Cuenta para RRC GASTO: 5311-06-201-0205-00-05-176-10111-06
2018-06-07 11:48:32,221 [9] DEBUG  - Cuenta para RRC GASTO: 5311-06-201-0205-00-05-176-10111-09
2018-06-07 11:48:33,342 [9] DEBUG  - Cuenta para RRC GASTO: 5311-06-201-0205-00-05-176-10111-12
2018-06-07 11:48:34,602 [9] DEBUG  - Cuenta para RRC GASTO: 5311-06-201-0205-00-05-176-10111-07
2018-06-07 11:48:35,988 [9] DEBUG  - Cuenta para RRC GASTO: 5311-06-201-0205-00-05-176-10111-05
2018-06-07 11:48:37,602 [9] DEBUG  - Cuenta para RRC GASTO: 5311-06-201-0205-00-05-176-10111-49
2018-06-07 11:48:38,871 [9] DEBUG  - Cuenta para RRC GASTO: 5311-06-201-0405-00-05-176-10111-65
2018-06-07 11:48:40,388 [9] DEBUG  - Cuenta para RRC GASTO: 5311-06-201-0405-00-05-176-10111-24
2018-06-07 11:48:41,808 [9] DEBUG  - Cuenta para RRC GASTO: 5311-06-201-0405-00-05-176-10111-15
2018-06-07 11:48:42,871 [9] DEBUG  - Cuenta para RRC GASTO: 5311-06-201-0405-00-05-176-10111-04
2018-06-07 11:48:44,061 [9] DEBUG  - Cuenta para RRC GASTO: 5311-06-201-0405-00-05-176-10111-02
2018-06-07 11:48:45,400 [9] DEBUG  - Cuenta para RRC GASTO: 5311-06-201-0405-00-05-176-10111-13
2018-06-07 11:48:46,767 [9] DEBUG  - Cuenta para RRC GASTO: 5311-06-201-0405-00-05-176-10111-06
2018-06-07 11:48:47,889 [9] DEBUG  - Cuenta para RRC GASTO: 5311-06-201-0405-00-05-176-10111-09
2018-06-07 11:48:49,022 [9] DEBUG  - Cuenta para RRC GASTO: 5311-06-201-0405-00-05-176-10111-12
2018-06-07 11:48:50,634 [9] DEBUG  - Cuenta para RRC GASTO: 5311-06-201-0405-00-05-176-10111-07
2018-06-07 11:48:51,758 [9] DEBUG  - Cuenta para RRC GASTO: 5311-06-201-0405-00-05-176-10111-05
2018-06-07 11:48:53,238 [9] DEBUG  - Cuenta para RRC GASTO: 5311-06-201-0405-00-05-176-10111-48
2018-06-07 11:48:54,186 [9] DEBUG  - Cuenta para RRC PASIVO: 2206-00-201-0205-00-05-176-10111-00
2018-06-07 11:48:55,163 [9] DEBUG  - Cuenta para RRC PASIVO: 2206-00-201-0405-00-05-176-10111-00
2018-06-07 11:48:56,365 [9] DEBUG  - Reaseguro Contractual: 5306-06-201-0405-00-05-176-10111-04
2018-06-07 11:48:57,597 [9] DEBUG  - Reaseguradores Comision por Reaseguro: 4302-06-201-0405-00-05-176-10111-04
2018-06-07 11:48:59,092 [9] DEBUG  - Reaseguro Contractual: 5306-06-201-0405-00-05-176-10111-06
2018-06-07 11:49:01,678 [9] DEBUG  - Reaseguradores Comision por Reaseguro: 4302-06-201-0405-00-05-176-10111-06
2018-06-07 11:49:02,790 [9] DEBUG  - Reaseguro Contractual: 5306-06-201-0405-00-05-176-10111-07
2018-06-07 11:49:03,850 [9] DEBUG  - Reaseguradores Comision por Reaseguro: 4302-06-201-0405-00-05-176-10111-07
2018-06-07 11:49:04,907 [9] DEBUG  - Reaseguro Contractual: 5306-06-201-0405-00-05-176-10111-05
2018-06-07 11:49:05,985 [9] DEBUG  - Reaseguradores Comision por Reaseguro: 4302-06-201-0405-00-05-176-10111-05
2018-06-07 11:49:07,450 [9] DEBUG  - Reaseguro Contractual: 5306-06-201-0205-00-05-176-10111-04
2018-06-07 11:49:08,793 [9] DEBUG  - Reaseguradores Comision por Reaseguro: 4302-06-201-0205-00-05-176-10111-04
2018-06-07 11:49:10,352 [9] DEBUG  - Reaseguro Contractual: 5306-06-201-0205-00-05-176-10111-06
2018-06-07 11:49:11,677 [9] DEBUG  - Reaseguradores Comision por Reaseguro: 4302-06-201-0205-00-05-176-10111-06
2018-06-07 11:49:13,153 [9] DEBUG  - Reaseguro Contractual: 5306-06-201-0205-00-05-176-10111-07
2018-06-07 11:49:14,450 [9] DEBUG  - Reaseguradores Comision por Reaseguro: 4302-06-201-0205-00-05-176-10111-07
2018-06-07 11:49:15,987 [9] DEBUG  - Reaseguro Contractual: 5306-06-201-0205-00-05-176-10111-05
2018-06-07 11:49:17,622 [9] DEBUG  - Reaseguradores Comision por Reaseguro: 4302-06-201-0205-00-05-176-10111-05
2018-06-07 11:49:21,138 [9] DEBUG  - Reaseguradores - cuenta corriente: 2402-00-201-0405-00-05-176-10111-00
2018-06-07 11:49:22,989 [9] DEBUG  - Reaseguradores - cuenta corriente: 2402-00-201-0205-00-05-176-10111-00
2018-06-07 11:49:24,412 [9] DEBUG  - Reaseguradores Comision por Reaseguro: 2402-00-201-0405-00-05-176-10111-00
2018-06-07 11:49:26,133 [9] DEBUG  - Reaseguradores Comision por Reaseguro: 2402-00-201-0205-00-05-176-10111-00
2018-06-07 11:49:27,970 [9] DEBUG  - RRC para reaseguro INGRESO: 4311-06-201-0405-00-05-176-10111-04
2018-06-07 11:49:29,299 [9] DEBUG  - RRC para reaseguro INGRESO: 4311-06-201-0405-00-05-176-10111-06
2018-06-07 11:49:30,354 [9] DEBUG  - RRC para reaseguro INGRESO: 4311-06-201-0405-00-05-176-10111-07
2018-06-07 11:49:31,454 [9] DEBUG  - RRC para reaseguro INGRESO: 4311-06-201-0405-00-05-176-10111-05
2018-06-07 11:49:32,491 [9] DEBUG  - RRC para reaseguro INGRESO: 4311-06-201-0205-00-05-176-10111-04
2018-06-07 11:49:33,526 [9] DEBUG  - RRC para reaseguro INGRESO: 4311-06-201-0205-00-05-176-10111-06
2018-06-07 11:49:34,577 [9] DEBUG  - RRC para reaseguro INGRESO: 4311-06-201-0205-00-05-176-10111-07
2018-06-07 11:49:35,657 [9] DEBUG  - RRC para reaseguro INGRESO: 4311-06-201-0205-00-05-176-10111-05
2018-06-07 11:49:36,652 [9] DEBUG  - RRC para reaseguro PASIVO: 2206-00-201-0405-00-05-176-10111-00
2018-06-07 11:49:37,609 [9] DEBUG  - RRC para reaseguro PASIVO: 2206-00-201-0205-00-05-176-10111-00
2018-06-07 11:53:32,060 [9] DEBUG  - Contruyendo encabezado
2018-06-07 11:53:32,060 [9] DEBUG  - Creacion de numero de batch SFNC2442018
2018-06-07 11:53:33,106 [9] DEBUG  - Se obtiene el cliente de GP 1-05-416921
2018-06-07 11:53:37,680 [9] DEBUG  - Cuenta por cobrar: 1302-06-201-0205-00-05-178-10002-00
2018-06-07 11:53:37,680 [9] DEBUG  - Cuenta de impuestos: 2901-00-000-0000-00-00-171-00001-00
2018-06-07 11:53:40,772 [9] DEBUG  - Cuenta de Producto: 4301-06-201-0205-00-05-178-10002-65
2018-06-07 11:53:42,742 [9] DEBUG  - Cuenta de Producto: 4301-06-201-0205-00-05-178-10002-24
2018-06-07 11:53:44,422 [9] DEBUG  - Cuenta de Producto: 4301-06-201-0205-00-05-178-10002-15
2018-06-07 11:53:46,402 [9] DEBUG  - Cuenta de Producto: 4301-06-201-0205-00-05-178-10002-04
2018-06-07 11:53:47,603 [9] DEBUG  - Cuenta de Producto: 4301-06-201-0205-00-05-178-10002-02
2018-06-07 11:53:50,927 [9] DEBUG  - Cuenta de Producto: 4301-06-201-0205-00-05-178-10002-13
2018-06-07 11:53:54,437 [9] DEBUG  - Cuenta de Producto: 4301-06-201-0205-00-05-178-10002-06
2018-06-07 11:53:58,498 [9] DEBUG  - Cuenta de Producto: 4301-06-201-0205-00-05-178-10002-09
2018-06-07 11:54:02,555 [9] DEBUG  - Cuenta de Producto: 4301-06-201-0205-00-05-178-10002-12
2018-06-07 11:54:04,150 [9] DEBUG  - Cuenta de Producto: 4301-06-201-0205-00-05-178-10002-07
2018-06-07 11:54:05,393 [9] DEBUG  - Cuenta de Producto: 4301-06-201-0205-00-05-178-10002-05
2018-06-07 11:54:06,433 [9] DEBUG  - Cuenta de Producto: 4301-06-201-0205-00-05-178-10002-48
2018-06-07 11:54:07,760 [9] DEBUG  - Cuenta de comisiones GASTO 5302-06-201-0205-00-05-178-10002-65
2018-06-07 11:54:09,199 [9] DEBUG  - Cuenta de comisiones GASTO 5302-06-201-0205-00-05-178-10002-24
2018-06-07 11:54:11,303 [9] DEBUG  - Cuenta de comisiones GASTO 5302-06-201-0205-00-05-178-10002-15
2018-06-07 11:54:13,672 [9] DEBUG  - Cuenta de comisiones GASTO 5302-06-201-0205-00-05-178-10002-04
2018-06-07 11:54:16,117 [9] DEBUG  - Cuenta de comisiones GASTO 5302-06-201-0205-00-05-178-10002-02
2018-06-07 11:54:18,536 [9] DEBUG  - Cuenta de comisiones GASTO 5302-06-201-0205-00-05-178-10002-13
2018-06-07 11:54:21,422 [9] DEBUG  - Cuenta de comisiones GASTO 5302-06-201-0205-00-05-178-10002-06
2018-06-07 11:54:24,742 [9] DEBUG  - Cuenta de comisiones GASTO 5302-06-201-0205-00-05-178-10002-09
2018-06-07 11:54:27,058 [9] DEBUG  - Cuenta de comisiones GASTO 5302-06-201-0205-00-05-178-10002-12
2018-06-07 11:54:29,852 [9] DEBUG  - Cuenta de comisiones GASTO 5302-06-201-0205-00-05-178-10002-07
2018-06-07 11:54:32,414 [9] DEBUG  - Cuenta de comisiones GASTO 5302-06-201-0205-00-05-178-10002-05
2018-06-07 11:54:35,633 [9] DEBUG  - Cuenta de comisiones GASTO 5302-06-201-0205-00-05-178-10002-48
2018-06-07 11:54:37,096 [9] DEBUG  - Cuenta de comisiones PAGO 2902-00-201-0205-00-05-178-10002-00
2018-06-07 11:54:37,096 [9] DEBUG  - Porcentaje Reserva Riesgos en curso: 40
2018-06-07 11:54:38,382 [9] DEBUG  - Cuenta para RRC GASTO: 5311-06-201-0205-00-05-178-10002-65
2018-06-07 11:54:40,406 [9] DEBUG  - Cuenta para RRC GASTO: 5311-06-201-0205-00-05-178-10002-24
2018-06-07 11:54:43,343 [9] DEBUG  - Cuenta para RRC GASTO: 5311-06-201-0205-00-05-178-10002-15
2018-06-07 11:54:45,705 [9] DEBUG  - Cuenta para RRC GASTO: 5311-06-201-0205-00-05-178-10002-04
2018-06-07 11:54:47,265 [9] DEBUG  - Cuenta para RRC GASTO: 5311-06-201-0205-00-05-178-10002-02
2018-06-07 11:54:48,411 [9] DEBUG  - Cuenta para RRC GASTO: 5311-06-201-0205-00-05-178-10002-13
2018-06-07 11:54:50,066 [9] DEBUG  - Cuenta para RRC GASTO: 5311-06-201-0205-00-05-178-10002-06
2018-06-07 11:54:51,387 [9] DEBUG  - Cuenta para RRC GASTO: 5311-06-201-0205-00-05-178-10002-09
2018-06-07 11:54:52,553 [9] DEBUG  - Cuenta para RRC GASTO: 5311-06-201-0205-00-05-178-10002-12
2018-06-07 11:54:54,350 [9] DEBUG  - Cuenta para RRC GASTO: 5311-06-201-0205-00-05-178-10002-07
2018-06-07 11:54:56,369 [9] DEBUG  - Cuenta para RRC GASTO: 5311-06-201-0205-00-05-178-10002-05
2018-06-07 11:54:58,562 [9] DEBUG  - Cuenta para RRC GASTO: 5311-06-201-0205-00-05-178-10002-48
2018-06-07 11:55:00,546 [9] DEBUG  - Cuenta para RRC PASIVO: 2206-00-201-0205-00-05-178-10002-00
2018-06-07 11:55:03,031 [9] DEBUG  - Reaseguro Contractual: 5306-06-201-0205-00-05-178-10002-04
2018-06-07 11:55:05,833 [9] DEBUG  - Reaseguradores Comision por Reaseguro: 4302-06-201-0205-00-05-178-10002-04
2018-06-07 11:55:08,096 [9] DEBUG  - Reaseguro Contractual: 5306-06-201-0205-00-05-178-10002-06
2018-06-07 11:55:09,953 [9] DEBUG  - Reaseguradores Comision por Reaseguro: 4302-06-201-0205-00-05-178-10002-06
2018-06-07 11:55:11,913 [9] DEBUG  - Reaseguro Contractual: 5306-06-201-0205-00-05-178-10002-07
2018-06-07 11:55:14,028 [9] DEBUG  - Reaseguradores Comision por Reaseguro: 4302-06-201-0205-00-05-178-10002-07
2018-06-07 11:55:16,250 [9] DEBUG  - Reaseguro Contractual: 5306-06-201-0205-00-05-178-10002-05
2018-06-07 11:55:18,633 [9] DEBUG  - Reaseguradores Comision por Reaseguro: 4302-06-201-0205-00-05-178-10002-05
2018-06-07 11:55:21,633 [9] DEBUG  - Reaseguradores - cuenta corriente: 2402-00-201-0205-00-05-178-10002-00
2018-06-07 11:55:24,618 [9] DEBUG  - Reaseguradores Comision por Reaseguro: 2402-00-201-0205-00-05-178-10002-00
2018-06-07 11:55:28,007 [9] DEBUG  - RRC para reaseguro INGRESO: 4311-06-201-0205-00-05-178-10002-04
2018-06-07 11:55:31,059 [9] DEBUG  - RRC para reaseguro INGRESO: 4311-06-201-0205-00-05-178-10002-06
2018-06-07 11:55:34,422 [9] DEBUG  - RRC para reaseguro INGRESO: 4311-06-201-0205-00-05-178-10002-07
2018-06-07 11:55:38,030 [9] DEBUG  - RRC para reaseguro INGRESO: 4311-06-201-0205-00-05-178-10002-05
2018-06-07 11:55:41,424 [9] DEBUG  - RRC para reaseguro PASIVO: 2206-00-201-0205-00-05-178-10002-00
2018-06-07 11:59:33,037 [9] DEBUG  - Contruyendo encabezado
2018-06-07 11:59:33,037 [9] DEBUG  - Creacion de numero de batch SFNC2442018
2018-06-07 11:59:34,296 [9] DEBUG  - Se obtiene el cliente de GP 3-05-466796
2018-06-07 11:59:41,148 [9] DEBUG  - Cuenta por cobrar: 1302-06-201-0426-00-04-175-10039-00
2018-06-07 11:59:41,148 [9] DEBUG  - Cuenta de impuestos: 2901-00-000-0000-00-00-171-00001-00
2018-06-07 11:59:44,700 [9] DEBUG  - Cuenta de Producto: 4301-06-201-0426-00-04-175-10039-65
2018-06-07 11:59:48,099 [9] DEBUG  - Cuenta de Producto: 4301-06-201-0426-00-04-175-10039-54
2018-06-07 11:59:51,484 [9] DEBUG  - Cuenta de Producto: 4301-06-201-0426-00-04-175-10039-04
2018-06-07 11:59:55,759 [9] DEBUG  - Cuenta de Producto: 4301-06-201-0426-00-04-175-10039-02
2018-06-07 12:00:01,153 [9] DEBUG  - Cuenta de Producto: 4301-06-201-0426-00-04-175-10039-13
2018-06-07 12:00:06,728 [9] DEBUG  - Cuenta de Producto: 4301-06-201-0426-00-04-175-10039-06
2018-06-07 12:00:12,261 [9] DEBUG  - Cuenta de Producto: 4301-06-201-0426-00-04-175-10039-09
2018-06-07 12:00:15,923 [9] DEBUG  - Cuenta de Producto: 4301-06-201-0426-00-04-175-10039-12
2018-06-07 12:00:17,891 [9] DEBUG  - Cuenta de Producto: 4301-06-201-0426-00-04-175-10039-07
2018-06-07 12:00:19,554 [9] DEBUG  - Cuenta de comisiones GASTO 5302-06-201-0426-00-04-175-10039-65
2018-06-07 12:00:21,631 [9] DEBUG  - Cuenta de comisiones GASTO 5302-06-201-0426-00-04-175-10039-54
2018-06-07 12:00:23,936 [9] DEBUG  - Cuenta de comisiones GASTO 5302-06-201-0426-00-04-175-10039-04
2018-06-07 12:00:26,535 [9] DEBUG  - Cuenta de comisiones GASTO 5302-06-201-0426-00-04-175-10039-02
2018-06-07 12:00:29,543 [9] DEBUG  - Cuenta de comisiones GASTO 5302-06-201-0426-00-04-175-10039-13
2018-06-07 12:00:34,276 [9] DEBUG  - Cuenta de comisiones GASTO 5302-06-201-0426-00-04-175-10039-06
2018-06-07 12:00:39,654 [9] DEBUG  - Cuenta de comisiones GASTO 5302-06-201-0426-00-04-175-10039-09
2018-06-07 12:00:44,766 [9] DEBUG  - Cuenta de comisiones GASTO 5302-06-201-0426-00-04-175-10039-12
2018-06-07 12:00:48,563 [9] DEBUG  - Cuenta de comisiones GASTO 5302-06-201-0426-00-04-175-10039-07
2018-06-07 12:00:52,119 [9] DEBUG  - Cuenta de comisiones PAGO 2902-00-201-0426-00-04-175-10039-00
2018-06-07 12:00:52,119 [9] DEBUG  - Porcentaje Reserva Riesgos en curso: 40
2018-06-07 12:00:53,573 [9] DEBUG  - Cuenta para RRC GASTO: 5311-06-201-0426-00-04-175-10039-65
2018-06-07 12:00:55,180 [9] DEBUG  - Cuenta para RRC GASTO: 5311-06-201-0426-00-04-175-10039-54
2018-06-07 12:00:57,000 [9] DEBUG  - Cuenta para RRC GASTO: 5311-06-201-0426-00-04-175-10039-04
2018-06-07 12:00:58,986 [9] DEBUG  - Cuenta para RRC GASTO: 5311-06-201-0426-00-04-175-10039-02
2018-06-07 12:01:01,096 [9] DEBUG  - Cuenta para RRC GASTO: 5311-06-201-0426-00-04-175-10039-13
2018-06-07 12:01:03,392 [9] DEBUG  - Cuenta para RRC GASTO: 5311-06-201-0426-00-04-175-10039-06
2018-06-07 12:01:05,751 [9] DEBUG  - Cuenta para RRC GASTO: 5311-06-201-0426-00-04-175-10039-09
2018-06-07 12:01:08,282 [9] DEBUG  - Cuenta para RRC GASTO: 5311-06-201-0426-00-04-175-10039-12
2018-06-07 12:01:11,058 [9] DEBUG  - Cuenta para RRC GASTO: 5311-06-201-0426-00-04-175-10039-07
2018-06-07 12:01:13,676 [9] DEBUG  - Cuenta para RRC PASIVO: 2206-00-201-0426-00-04-175-10039-00
2018-06-07 12:01:15,853 [9] DEBUG  - Reaseguro Contractual: 5306-06-201-0426-00-04-175-10039-04
2018-06-07 12:01:17,108 [9] DEBUG  - Reaseguradores Comision por Reaseguro: 4302-06-201-0426-00-04-175-10039-04
2018-06-07 12:01:18,772 [9] DEBUG  - Reaseguro Contractual: 5306-06-201-0426-00-04-175-10039-06
2018-06-07 12:01:21,424 [9] DEBUG  - Reaseguradores Comision por Reaseguro: 4302-06-201-0426-00-04-175-10039-06
2018-06-07 12:01:23,408 [9] DEBUG  - Reaseguro Contractual: 5306-06-201-0426-00-04-175-10039-07
2018-06-07 12:01:25,071 [9] DEBUG  - Reaseguradores Comision por Reaseguro: 4302-06-201-0426-00-04-175-10039-07
2018-06-07 12:01:26,590 [9] DEBUG  - Reaseguradores - cuenta corriente: 2402-00-201-0426-00-04-175-10039-00
2018-06-07 12:01:28,447 [9] DEBUG  - Reaseguradores Comision por Reaseguro: 2402-00-201-0426-00-04-175-10039-00
2018-06-07 12:01:30,920 [9] DEBUG  - RRC para reaseguro INGRESO: 4311-06-201-0426-00-04-175-10039-04
2018-06-07 12:01:33,605 [9] DEBUG  - RRC para reaseguro INGRESO: 4311-06-201-0426-00-04-175-10039-06
2018-06-07 12:01:35,917 [9] DEBUG  - RRC para reaseguro INGRESO: 4311-06-201-0426-00-04-175-10039-07
2018-06-07 12:01:38,125 [9] DEBUG  - RRC para reaseguro PASIVO: 2206-00-201-0426-00-04-175-10039-00
2018-06-07 12:02:09,198 [9] DEBUG  - Contruyendo encabezado
2018-06-07 12:02:09,198 [9] DEBUG  - Creacion de numero de batch SFNC2742018
2018-06-07 12:02:10,088 [9] DEBUG  - Se obtiene el cliente de GP 1-05-412309
2018-06-07 12:02:14,759 [9] DEBUG  - Cuenta por cobrar: 1302-06-201-0201-00-03-174-10120-00
2018-06-07 12:02:14,759 [9] DEBUG  - Cuenta de impuestos: 2901-00-000-0000-00-00-171-00001-00
2018-06-07 12:02:16,619 [9] DEBUG  - Cuenta de Producto: 4301-06-201-0201-00-03-174-10120-65
2018-06-07 12:02:18,198 [9] DEBUG  - Cuenta de Producto: 4301-06-201-0201-00-03-174-10120-02
2018-06-07 12:02:20,014 [9] DEBUG  - Cuenta de Producto: 4301-06-201-0201-00-03-174-10120-13
2018-06-07 12:02:21,685 [9] DEBUG  - Cuenta de Producto: 4301-06-201-0201-00-03-174-10120-09
2018-06-07 12:02:23,582 [9] DEBUG  - Cuenta de Producto: 4301-06-201-0201-00-03-174-10120-12
2018-06-07 12:02:26,196 [9] DEBUG  - Cuenta de comisiones GASTO 5302-06-201-0201-00-03-174-10120-65
2018-06-07 12:02:29,283 [9] DEBUG  - Cuenta de comisiones GASTO 5302-06-201-0201-00-03-174-10120-02
2018-06-07 12:02:35,023 [9] DEBUG  - Cuenta de comisiones GASTO 5302-06-201-0201-00-03-174-10120-13
2018-06-07 12:02:36,662 [9] DEBUG  - Cuenta de comisiones GASTO 5302-06-201-0201-00-03-174-10120-09
2018-06-07 12:02:38,089 [9] DEBUG  - Cuenta de comisiones GASTO 5302-06-201-0201-00-03-174-10120-12
2018-06-07 12:02:39,246 [9] DEBUG  - Cuenta de comisiones PAGO 2902-00-201-0201-00-03-174-10120-00
2018-06-07 12:02:39,246 [9] DEBUG  - Porcentaje Reserva Riesgos en curso: 40
2018-06-07 12:02:40,459 [9] DEBUG  - Cuenta para RRC GASTO: 5311-06-201-0201-00-03-174-10120-65
2018-06-07 12:02:41,982 [9] DEBUG  - Cuenta para RRC GASTO: 5311-06-201-0201-00-03-174-10120-02
2018-06-07 12:02:43,371 [9] DEBUG  - Cuenta para RRC GASTO: 5311-06-201-0201-00-03-174-10120-13
2018-06-07 12:02:44,394 [9] DEBUG  - Cuenta para RRC GASTO: 5311-06-201-0201-00-03-174-10120-09
2018-06-07 12:02:45,444 [9] DEBUG  - Cuenta para RRC GASTO: 5311-06-201-0201-00-03-174-10120-12
2018-06-07 12:02:46,438 [9] DEBUG  - Cuenta para RRC PASIVO: 2206-00-201-0201-00-03-174-10120-00
2018-06-07 12:03:39,445 [9] DEBUG  - Contruyendo encabezado
2018-06-07 12:03:39,445 [9] DEBUG  - Creacion de numero de batch SFNC2742018
2018-06-07 12:03:40,081 [9] DEBUG  - Se obtiene el cliente de GP 1-05-413401
2018-06-07 12:03:43,431 [9] DEBUG  - Cuenta por cobrar: 1302-06-201-0405-00-05-177-10011-00
2018-06-07 12:03:43,431 [9] DEBUG  - Cuenta de impuestos: 2901-00-000-0000-00-00-171-00001-00
2018-06-07 12:03:44,661 [9] DEBUG  - Cuenta de Producto: 4301-06-201-0405-00-05-177-10011-65
2018-06-07 12:03:46,192 [9] DEBUG  - Cuenta de Producto: 4301-06-201-0405-00-05-177-10011-24
2018-06-07 12:03:47,502 [9] DEBUG  - Cuenta de Producto: 4301-06-201-0405-00-05-177-10011-15
2018-06-07 12:03:48,852 [9] DEBUG  - Cuenta de Producto: 4301-06-201-0405-00-05-177-10011-04
2018-06-07 12:03:49,899 [9] DEBUG  - Cuenta de Producto: 4301-06-201-0405-00-05-177-10011-02
2018-06-07 12:03:50,934 [9] DEBUG  - Cuenta de Producto: 4301-06-201-0405-00-05-177-10011-13
2018-06-07 12:03:51,979 [9] DEBUG  - Cuenta de Producto: 4301-06-201-0405-00-05-177-10011-06
2018-06-07 12:03:53,068 [9] DEBUG  - Cuenta de Producto: 4301-06-201-0405-00-05-177-10011-09
2018-06-07 12:03:54,449 [9] DEBUG  - Cuenta de Producto: 4301-06-201-0405-00-05-177-10011-12
2018-06-07 12:03:55,847 [9] DEBUG  - Cuenta de Producto: 4301-06-201-0405-00-05-177-10011-07
2018-06-07 12:03:57,242 [9] DEBUG  - Cuenta de Producto: 4301-06-201-0405-00-05-177-10011-05
2018-06-07 12:03:58,748 [9] DEBUG  - Cuenta de Producto: 4301-06-201-0405-00-05-177-10011-48
2018-06-07 12:04:00,980 [9] DEBUG  - Cuenta de comisiones GASTO 5302-06-201-0405-00-05-177-10011-65
2018-06-07 12:04:02,691 [9] DEBUG  - Cuenta de comisiones GASTO 5302-06-201-0405-00-05-177-10011-24
2018-06-07 12:04:04,102 [9] DEBUG  - Cuenta de comisiones GASTO 5302-06-201-0405-00-05-177-10011-15
2018-06-07 12:04:05,666 [9] DEBUG  - Cuenta de comisiones GASTO 5302-06-201-0405-00-05-177-10011-04
2018-06-07 12:04:07,252 [9] DEBUG  - Cuenta de comisiones GASTO 5302-06-201-0405-00-05-177-10011-02
2018-06-07 12:04:08,831 [9] DEBUG  - Cuenta de comisiones GASTO 5302-06-201-0405-00-05-177-10011-13
2018-06-07 12:04:10,238 [9] DEBUG  - Cuenta de comisiones GASTO 5302-06-201-0405-00-05-177-10011-06
2018-06-07 12:04:11,647 [9] DEBUG  - Cuenta de comisiones GASTO 5302-06-201-0405-00-05-177-10011-09
2018-06-07 12:04:13,057 [9] DEBUG  - Cuenta de comisiones GASTO 5302-06-201-0405-00-05-177-10011-12
2018-06-07 12:04:14,473 [9] DEBUG  - Cuenta de comisiones GASTO 5302-06-201-0405-00-05-177-10011-07
2018-06-07 12:04:15,879 [9] DEBUG  - Cuenta de comisiones GASTO 5302-06-201-0405-00-05-177-10011-05
2018-06-07 12:04:17,332 [9] DEBUG  - Cuenta de comisiones GASTO 5302-06-201-0405-00-05-177-10011-48
2018-06-07 12:04:18,513 [9] DEBUG  - Cuenta de comisiones PAGO 2902-00-201-0405-00-05-177-10011-00
2018-06-07 12:04:18,513 [9] DEBUG  - Porcentaje Reserva Riesgos en curso: 40
2018-06-07 12:04:19,666 [9] DEBUG  - Cuenta para RRC GASTO: 5311-06-201-0405-00-05-177-10011-65
2018-06-07 12:04:21,094 [9] DEBUG  - Cuenta para RRC GASTO: 5311-06-201-0405-00-05-177-10011-24
2018-06-07 12:04:22,149 [9] DEBUG  - Cuenta para RRC GASTO: 5311-06-201-0405-00-05-177-10011-15
2018-06-07 12:04:23,261 [9] DEBUG  - Cuenta para RRC GASTO: 5311-06-201-0405-00-05-177-10011-04
2018-06-07 12:04:24,501 [9] DEBUG  - Cuenta para RRC GASTO: 5311-06-201-0405-00-05-177-10011-02
2018-06-07 12:04:25,719 [9] DEBUG  - Cuenta para RRC GASTO: 5311-06-201-0405-00-05-177-10011-13
2018-06-07 12:04:26,764 [9] DEBUG  - Cuenta para RRC GASTO: 5311-06-201-0405-00-05-177-10011-06
2018-06-07 12:04:27,789 [9] DEBUG  - Cuenta para RRC GASTO: 5311-06-201-0405-00-05-177-10011-09
2018-06-07 12:04:28,867 [9] DEBUG  - Cuenta para RRC GASTO: 5311-06-201-0405-00-05-177-10011-12
2018-06-07 12:04:29,917 [9] DEBUG  - Cuenta para RRC GASTO: 5311-06-201-0405-00-05-177-10011-07
2018-06-07 12:04:30,971 [9] DEBUG  - Cuenta para RRC GASTO: 5311-06-201-0405-00-05-177-10011-05
2018-06-07 12:04:32,067 [9] DEBUG  - Cuenta para RRC GASTO: 5311-06-201-0405-00-05-177-10011-48
2018-06-07 12:04:33,022 [9] DEBUG  - Cuenta para RRC PASIVO: 2206-00-201-0405-00-05-177-10011-00
2018-06-07 12:04:34,066 [9] DEBUG  - Reaseguro Contractual: 5306-06-201-0405-00-05-177-10011-04
2018-06-07 12:04:35,127 [9] DEBUG  - Reaseguradores Comision por Reaseguro: 4302-06-201-0405-00-05-177-10011-04
2018-06-07 12:04:36,570 [9] DEBUG  - Reaseguro Contractual: 5306-06-201-0405-00-05-177-10011-06
2018-06-07 12:04:37,646 [9] DEBUG  - Reaseguradores Comision por Reaseguro: 4302-06-201-0405-00-05-177-10011-06
2018-06-07 12:04:38,801 [9] DEBUG  - Reaseguro Contractual: 5306-06-201-0405-00-05-177-10011-07
2018-06-07 12:04:40,141 [9] DEBUG  - Reaseguradores Comision por Reaseguro: 4302-06-201-0405-00-05-177-10011-07
2018-06-07 12:04:41,493 [9] DEBUG  - Reaseguro Contractual: 5306-06-201-0405-00-05-177-10011-05
2018-06-07 12:04:43,058 [9] DEBUG  - Reaseguradores Comision por Reaseguro: 4302-06-201-0405-00-05-177-10011-05
2018-06-07 12:04:44,395 [9] DEBUG  - Reaseguradores - cuenta corriente: 2402-00-201-0405-00-05-177-10011-00
2018-06-07 12:04:45,339 [9] DEBUG  - Reaseguradores Comision por Reaseguro: 2402-00-201-0405-00-05-177-10011-00
2018-06-07 12:04:46,407 [9] DEBUG  - RRC para reaseguro INGRESO: 4311-06-201-0405-00-05-177-10011-04
2018-06-07 12:04:47,439 [9] DEBUG  - RRC para reaseguro INGRESO: 4311-06-201-0405-00-05-177-10011-06
2018-06-07 12:04:48,479 [9] DEBUG  - RRC para reaseguro INGRESO: 4311-06-201-0405-00-05-177-10011-07
2018-06-07 12:04:49,531 [9] DEBUG  - RRC para reaseguro INGRESO: 4311-06-201-0405-00-05-177-10011-05
2018-06-07 12:04:50,467 [9] DEBUG  - RRC para reaseguro PASIVO: 2206-00-201-0405-00-05-177-10011-00
2018-06-07 12:14:06,696 [9] DEBUG  - Contruyendo encabezado
2018-06-07 12:14:06,696 [9] DEBUG  - Creacion de numero de batch SFNC2742018
2018-06-07 12:14:07,640 [9] DEBUG  - Se obtiene el cliente de GP 1-05-469447
2018-06-07 12:14:10,708 [9] DEBUG  - Cuenta por cobrar: 1302-06-201-0201-00-05-177-10011-00
2018-06-07 12:14:10,708 [9] DEBUG  - Cuenta de impuestos: 2901-00-000-0000-00-00-171-00001-00
2018-06-07 12:14:11,742 [9] DEBUG  - Cuenta de Producto: 4301-06-201-0201-00-05-177-10011-65
2018-06-07 12:14:12,816 [9] DEBUG  - Cuenta de Producto: 4301-06-201-0201-00-05-177-10011-02
2018-06-07 12:14:14,099 [9] DEBUG  - Cuenta de Producto: 4301-06-201-0201-00-05-177-10011-13
2018-06-07 12:14:15,556 [9] DEBUG  - Cuenta de Producto: 4301-06-201-0201-00-05-177-10011-09
2018-06-07 12:14:16,961 [9] DEBUG  - Cuenta de Producto: 4301-06-201-0201-00-05-177-10011-12
2018-06-07 12:14:18,334 [9] DEBUG  - Cuenta de comisiones GASTO 5302-06-201-0201-00-05-177-10011-65
2018-06-07 12:14:20,239 [9] DEBUG  - Cuenta de comisiones GASTO 5302-06-201-0201-00-05-177-10011-02
2018-06-07 12:14:22,707 [9] DEBUG  - Cuenta de comisiones GASTO 5302-06-201-0201-00-05-177-10011-13
2018-06-07 12:14:25,429 [9] DEBUG  - Cuenta de comisiones GASTO 5302-06-201-0201-00-05-177-10011-09
2018-06-07 12:14:27,015 [9] DEBUG  - Cuenta de comisiones GASTO 5302-06-201-0201-00-05-177-10011-12
2018-06-07 12:14:28,590 [9] DEBUG  - Cuenta de comisiones PAGO 2902-00-201-0201-00-05-177-10011-00
2018-06-07 12:14:28,590 [9] DEBUG  - Porcentaje Reserva Riesgos en curso: 40
2018-06-07 12:14:30,009 [9] DEBUG  - Cuenta para RRC GASTO: 5311-06-201-0201-00-05-177-10011-65
2018-06-07 12:14:31,114 [9] DEBUG  - Cuenta para RRC GASTO: 5311-06-201-0201-00-05-177-10011-02
2018-06-07 12:14:32,355 [9] DEBUG  - Cuenta para RRC GASTO: 5311-06-201-0201-00-05-177-10011-13
2018-06-07 12:14:33,814 [9] DEBUG  - Cuenta para RRC GASTO: 5311-06-201-0201-00-05-177-10011-09
2018-06-07 12:14:36,226 [9] DEBUG  - Cuenta para RRC GASTO: 5311-06-201-0201-00-05-177-10011-12
2018-06-07 12:14:38,738 [9] DEBUG  - Cuenta para RRC PASIVO: 2206-00-201-0201-00-05-177-10011-00
