2018-02-08 16:09:09,137 [10] DEBUG  - Total de Transacciones: 3
2018-02-08 16:09:13,502 [10] DEBUG  - Contruyendo encabezado
2018-02-08 16:09:13,502 [10] DEBUG  - Creacion de numero de batch SFFA8122017
2018-02-08 16:09:14,743 [10] DEBUG  - Se obtiene el cliente de GP 1-05-448326
2018-02-08 16:09:51,824 [10] DEBUG  - Cuenta por cobrar: 1302-06-201-0203-00-01-175-10112-00
2018-02-08 16:09:51,824 [10] DEBUG  - Cuenta de producto: 4301-06-201-0203-00-01-175-10112-65
2018-02-08 16:09:51,824 [10] DEBUG  - Cuenta de producto: 4301-06-201-0203-00-01-175-10112-04
2018-02-08 16:09:51,824 [10] DEBUG  - Cuenta de producto: 4301-06-201-0203-00-01-175-10112-02
2018-02-08 16:09:51,844 [10] DEBUG  - Cuenta de producto: 4301-06-201-0203-00-01-175-10112-13
2018-02-08 16:09:51,844 [10] DEBUG  - Cuenta de producto: 4301-06-201-0203-00-01-175-10112-06
2018-02-08 16:09:51,844 [10] DEBUG  - Cuenta de producto: 4301-06-201-0203-00-01-175-10112-09
2018-02-08 16:09:51,844 [10] DEBUG  - Cuenta de producto: 4301-06-201-0203-00-01-175-10112-12
2018-02-08 16:09:51,844 [10] DEBUG  - Cuenta de producto: 4301-06-201-0203-00-01-175-10112-05
2018-02-08 16:09:51,844 [10] DEBUG  - Cuenta de producto: 4301-06-201-0203-00-01-175-10112-16
2018-02-08 16:09:51,844 [10] DEBUG  - Cuenta de impuestos: 2901-00-000-0000-00-00-171-00001-00
2018-02-08 16:09:52,675 [10] DEBUG  - Cuenta de comisiones GASTO 5302-06-201-0203-00-01-175-10112-65
2018-02-08 16:09:53,945 [10] DEBUG  - Cuenta de comisiones GASTO 5302-06-201-0203-00-01-175-10112-04
2018-02-08 16:09:55,336 [10] DEBUG  - Cuenta de comisiones GASTO 5302-06-201-0203-00-01-175-10112-02
2018-02-08 16:09:57,027 [10] DEBUG  - Cuenta de comisiones GASTO 5302-06-201-0203-00-01-175-10112-13
2018-02-08 16:09:57,993 [10] DEBUG  - Cuenta de comisiones GASTO 5302-06-201-0203-00-01-175-10112-06
2018-02-08 16:09:58,953 [10] DEBUG  - Cuenta de comisiones GASTO 5302-06-201-0203-00-01-175-10112-09
2018-02-08 16:09:59,924 [10] DEBUG  - Cuenta de comisiones GASTO 5302-06-201-0203-00-01-175-10112-12
2018-02-08 16:10:00,889 [10] DEBUG  - Cuenta de comisiones GASTO 5302-06-201-0203-00-01-175-10112-05
2018-02-08 16:10:01,849 [10] DEBUG  - Cuenta de comisiones GASTO 5302-06-201-0203-00-01-175-10112-16
2018-02-08 16:10:02,629 [10] DEBUG  - Cuenta de comisiones PAGO 2902-00-201-0203-00-01-175-10112-00
2018-02-08 16:10:02,629 [10] DEBUG  - Porcentaje Reserva Riesgos en curso: 40
2018-02-08 16:10:03,330 [10] DEBUG  - Cuenta para RRC GASTO: 5311-06-201-0203-00-01-175-10112-65
2018-02-08 16:10:04,040 [10] DEBUG  - Cuenta para RRC GASTO: 5311-06-201-0203-00-01-175-10112-04
2018-02-08 16:10:04,741 [10] DEBUG  - Cuenta para RRC GASTO: 5311-06-201-0203-00-01-175-10112-02
2018-02-08 16:10:05,451 [10] DEBUG  - Cuenta para RRC GASTO: 5311-06-201-0203-00-01-175-10112-13
2018-02-08 16:10:06,161 [10] DEBUG  - Cuenta para RRC GASTO: 5311-06-201-0203-00-01-175-10112-06
2018-02-08 16:10:06,862 [10] DEBUG  - Cuenta para RRC GASTO: 5311-06-201-0203-00-01-175-10112-09
2018-02-08 16:10:07,572 [10] DEBUG  - Cuenta para RRC GASTO: 5311-06-201-0203-00-01-175-10112-12
2018-02-08 16:10:08,272 [10] DEBUG  - Cuenta para RRC GASTO: 5311-06-201-0203-00-01-175-10112-05
2018-02-08 16:10:08,983 [10] DEBUG  - Cuenta para RRC GASTO: 5311-06-201-0203-00-01-175-10112-16
2018-02-08 16:10:09,623 [10] DEBUG  - Cuenta para RRC PASIVO: 2206-00-201-0203-00-01-175-10112-00
2018-02-08 16:10:10,344 [10] DEBUG  - Reaseguro Contractual: 5306-06-201-0203-00-01-175-10112-04
2018-02-08 16:10:11,052 [10] DEBUG  - Reaseguradores Comision por Reaseguro: 4302-06-201-0203-00-01-175-10112-04
2018-02-08 16:10:11,752 [10] DEBUG  - Reaseguro Contractual: 5306-06-201-0203-00-01-175-10112-06
2018-02-08 16:10:12,462 [10] DEBUG  - Reaseguradores Comision por Reaseguro: 4302-06-201-0203-00-01-175-10112-06
2018-02-08 16:10:13,163 [10] DEBUG  - Reaseguro Contractual: 5306-06-201-0203-00-01-175-10112-05
2018-02-08 16:10:13,873 [10] DEBUG  - Reaseguradores Comision por Reaseguro: 4302-06-201-0203-00-01-175-10112-05
2018-02-08 16:10:14,514 [10] DEBUG  - Reaseguradores - cuenta corriente: 2402-00-201-0203-00-01-175-10112-00
2018-02-08 16:10:15,164 [10] DEBUG  - Reaseguradores Comision por Reaseguro: 2402-00-201-0203-00-01-175-10112-00
2018-02-08 16:10:15,864 [10] DEBUG  - RRC para reaseguro INGRESO: 4311-06-201-0203-00-01-175-10112-04
2018-02-08 16:10:16,575 [10] DEBUG  - RRC para reaseguro INGRESO: 4311-06-201-0203-00-01-175-10112-06
2018-02-08 16:10:17,275 [10] DEBUG  - RRC para reaseguro INGRESO: 4311-06-201-0203-00-01-175-10112-05
2018-02-08 16:10:17,915 [10] DEBUG  - RRC para reaseguro PASIVO: 2206-00-201-0203-00-01-175-10112-00
2018-02-08 16:10:37,162 [10] DEBUG  - Cuenta por cobrar: 1302-06-201-0203-00-01-175-10112-00
2018-02-08 16:10:37,162 [10] DEBUG  - Cuenta de producto: 4301-06-201-0203-00-01-175-10112-65
2018-02-08 16:10:37,162 [10] DEBUG  - Cuenta de producto: 4301-06-201-0203-00-01-175-10112-04
2018-02-08 16:10:37,162 [10] DEBUG  - Cuenta de producto: 4301-06-201-0203-00-01-175-10112-02
2018-02-08 16:10:37,162 [10] DEBUG  - Cuenta de producto: 4301-06-201-0203-00-01-175-10112-13
2018-02-08 16:10:37,162 [10] DEBUG  - Cuenta de producto: 4301-06-201-0203-00-01-175-10112-06
2018-02-08 16:10:37,162 [10] DEBUG  - Cuenta de producto: 4301-06-201-0203-00-01-175-10112-09
2018-02-08 16:10:37,162 [10] DEBUG  - Cuenta de producto: 4301-06-201-0203-00-01-175-10112-12
2018-02-08 16:10:37,162 [10] DEBUG  - Cuenta de producto: 4301-06-201-0203-00-01-175-10112-05
2018-02-08 16:10:37,162 [10] DEBUG  - Cuenta de producto: 4301-06-201-0203-00-01-175-10112-16
2018-02-08 16:10:37,162 [10] DEBUG  - Cuenta de impuestos: 2901-00-000-0000-00-00-171-00001-00
2018-02-08 16:10:37,992 [10] DEBUG  - Cuenta de comisiones GASTO 5302-06-201-0203-00-01-175-10112-65
2018-02-08 16:10:38,953 [10] DEBUG  - Cuenta de comisiones GASTO 5302-06-201-0203-00-01-175-10112-04
2018-02-08 16:10:39,913 [10] DEBUG  - Cuenta de comisiones GASTO 5302-06-201-0203-00-01-175-10112-02
2018-02-08 16:10:40,874 [10] DEBUG  - Cuenta de comisiones GASTO 5302-06-201-0203-00-01-175-10112-13
2018-02-08 16:10:41,834 [10] DEBUG  - Cuenta de comisiones GASTO 5302-06-201-0203-00-01-175-10112-06
2018-02-08 16:10:42,795 [10] DEBUG  - Cuenta de comisiones GASTO 5302-06-201-0203-00-01-175-10112-09
2018-02-08 16:10:43,765 [10] DEBUG  - Cuenta de comisiones GASTO 5302-06-201-0203-00-01-175-10112-12
2018-02-08 16:10:44,726 [10] DEBUG  - Cuenta de comisiones GASTO 5302-06-201-0203-00-01-175-10112-05
2018-02-08 16:10:45,686 [10] DEBUG  - Cuenta de comisiones GASTO 5302-06-201-0203-00-01-175-10112-16
2018-02-08 16:10:46,457 [10] DEBUG  - Cuenta de comisiones PAGO 2902-00-201-0203-00-01-175-10112-00
2018-02-08 16:10:46,457 [10] DEBUG  - Porcentaje Reserva Riesgos en curso: 40
2018-02-08 16:10:47,167 [10] DEBUG  - Cuenta para RRC GASTO: 5311-06-201-0203-00-01-175-10112-65
2018-02-08 16:10:47,868 [10] DEBUG  - Cuenta para RRC GASTO: 5311-06-201-0203-00-01-175-10112-04
2018-02-08 16:10:48,578 [10] DEBUG  - Cuenta para RRC GASTO: 5311-06-201-0203-00-01-175-10112-02
2018-02-08 16:10:49,277 [10] DEBUG  - Cuenta para RRC GASTO: 5311-06-201-0203-00-01-175-10112-13
2018-02-08 16:10:49,987 [10] DEBUG  - Cuenta para RRC GASTO: 5311-06-201-0203-00-01-175-10112-06
2018-02-08 16:10:50,697 [10] DEBUG  - Cuenta para RRC GASTO: 5311-06-201-0203-00-01-175-10112-09
2018-02-08 16:10:51,478 [10] DEBUG  - Cuenta para RRC GASTO: 5311-06-201-0203-00-01-175-10112-12
2018-02-08 16:10:52,218 [10] DEBUG  - Cuenta para RRC GASTO: 5311-06-201-0203-00-01-175-10112-05
2018-02-08 16:10:52,932 [10] DEBUG  - Cuenta para RRC GASTO: 5311-06-201-0203-00-01-175-10112-16
2018-02-08 16:10:56,024 [10] DEBUG  - Cuenta para RRC PASIVO: 2206-00-201-0203-00-01-175-10112-00
2018-02-08 16:10:56,755 [10] DEBUG  - Reaseguro Contractual: 5306-06-201-0203-00-01-175-10112-04
2018-02-08 16:10:57,485 [10] DEBUG  - Reaseguradores Comision por Reaseguro: 4302-06-201-0203-00-01-175-10112-04
2018-02-08 16:10:58,205 [10] DEBUG  - Reaseguro Contractual: 5306-06-201-0203-00-01-175-10112-06
2018-02-08 16:10:58,986 [10] DEBUG  - Reaseguradores Comision por Reaseguro: 4302-06-201-0203-00-01-175-10112-06
2018-02-08 16:10:59,696 [10] DEBUG  - Reaseguro Contractual: 5306-06-201-0203-00-01-175-10112-05
2018-02-08 16:11:00,402 [10] DEBUG  - Reaseguradores Comision por Reaseguro: 4302-06-201-0203-00-01-175-10112-05
2018-02-08 16:11:01,052 [10] DEBUG  - Reaseguradores - cuenta corriente: 2402-00-201-0203-00-01-175-10112-00
2018-02-08 16:11:01,692 [10] DEBUG  - Reaseguradores Comision por Reaseguro: 2402-00-201-0203-00-01-175-10112-00
2018-02-08 16:11:02,403 [10] DEBUG  - RRC para reaseguro INGRESO: 4311-06-201-0203-00-01-175-10112-04
2018-02-08 16:11:03,113 [10] DEBUG  - RRC para reaseguro INGRESO: 4311-06-201-0203-00-01-175-10112-06
2018-02-08 16:11:03,824 [10] DEBUG  - RRC para reaseguro INGRESO: 4311-06-201-0203-00-01-175-10112-05
2018-02-08 16:11:04,464 [10] DEBUG  - RRC para reaseguro PASIVO: 2206-00-201-0203-00-01-175-10112-00
2018-02-08 16:12:45,068 [10] DEBUG  - Contruyendo encabezado
2018-02-08 16:12:45,068 [10] DEBUG  - Creacion de numero de batch SFFA29122017
2018-02-08 16:12:46,589 [10] DEBUG  - Se obtiene el cliente de GP 1-05-447552
2018-02-08 16:13:03,156 [10] DEBUG  - Cuenta por cobrar: 1302-06-201-0303-00-03-174-10052-00
2018-02-08 16:13:03,156 [10] DEBUG  - Cuenta de producto: 4301-06-201-0303-00-03-174-10052-65
2018-02-08 16:13:03,156 [10] DEBUG  - Cuenta de producto: 4301-06-201-0303-00-03-174-10052-04
2018-02-08 16:13:03,156 [10] DEBUG  - Cuenta de producto: 4301-06-201-0303-00-03-174-10052-02
2018-02-08 16:13:03,156 [10] DEBUG  - Cuenta de producto: 4301-06-201-0303-00-03-174-10052-13
2018-02-08 16:13:03,156 [10] DEBUG  - Cuenta de producto: 4301-06-201-0303-00-03-174-10052-06
2018-02-08 16:13:03,156 [10] DEBUG  - Cuenta de producto: 4301-06-201-0303-00-03-174-10052-09
2018-02-08 16:13:03,156 [10] DEBUG  - Cuenta de producto: 4301-06-201-0303-00-03-174-10052-12
2018-02-08 16:13:03,156 [10] DEBUG  - Cuenta de producto: 4301-06-201-0303-00-03-174-10052-05
2018-02-08 16:13:03,156 [10] DEBUG  - Cuenta de producto: 4301-06-201-0303-00-03-174-10052-16
2018-02-08 16:13:03,156 [10] DEBUG  - Cuenta de impuestos: 2901-00-000-0000-00-00-171-00001-00
2018-02-08 16:13:03,996 [10] DEBUG  - Cuenta de comisiones GASTO 5302-06-201-0303-00-03-174-10052-65
2018-02-08 16:13:04,967 [10] DEBUG  - Cuenta de comisiones GASTO 5302-06-201-0303-00-03-174-10052-04
2018-02-08 16:13:05,930 [10] DEBUG  - Cuenta de comisiones GASTO 5302-06-201-0303-00-03-174-10052-02
2018-02-08 16:13:06,894 [10] DEBUG  - Cuenta de comisiones GASTO 5302-06-201-0303-00-03-174-10052-13
2018-02-08 16:13:07,854 [10] DEBUG  - Cuenta de comisiones GASTO 5302-06-201-0303-00-03-174-10052-06
2018-02-08 16:13:08,815 [10] DEBUG  - Cuenta de comisiones GASTO 5302-06-201-0303-00-03-174-10052-09
2018-02-08 16:13:09,785 [10] DEBUG  - Cuenta de comisiones GASTO 5302-06-201-0303-00-03-174-10052-12
2018-02-08 16:13:11,056 [10] DEBUG  - Cuenta de comisiones GASTO 5302-06-201-0303-00-03-174-10052-05
2018-02-08 16:13:12,027 [10] DEBUG  - Cuenta de comisiones GASTO 5302-06-201-0303-00-03-174-10052-16
2018-02-08 16:13:12,797 [10] DEBUG  - Cuenta de comisiones PAGO 2902-00-201-0303-00-03-174-10052-00
2018-02-08 16:13:12,797 [10] DEBUG  - Porcentaje Reserva Riesgos en curso: 40
2018-02-08 16:13:13,504 [10] DEBUG  - Cuenta para RRC GASTO: 5311-06-201-0303-00-03-174-10052-65
2018-02-08 16:13:14,215 [10] DEBUG  - Cuenta para RRC GASTO: 5311-06-201-0303-00-03-174-10052-04
2018-02-08 16:13:14,915 [10] DEBUG  - Cuenta para RRC GASTO: 5311-06-201-0303-00-03-174-10052-02
2018-02-08 16:13:15,626 [10] DEBUG  - Cuenta para RRC GASTO: 5311-06-201-0303-00-03-174-10052-13
2018-02-08 16:13:16,336 [10] DEBUG  - Cuenta para RRC GASTO: 5311-06-201-0303-00-03-174-10052-06
2018-02-08 16:13:17,046 [10] DEBUG  - Cuenta para RRC GASTO: 5311-06-201-0303-00-03-174-10052-09
2018-02-08 16:13:17,756 [10] DEBUG  - Cuenta para RRC GASTO: 5311-06-201-0303-00-03-174-10052-12
2018-02-08 16:13:18,457 [10] DEBUG  - Cuenta para RRC GASTO: 5311-06-201-0303-00-03-174-10052-05
2018-02-08 16:13:19,167 [10] DEBUG  - Cuenta para RRC GASTO: 5311-06-201-0303-00-03-174-10052-16
2018-02-08 16:13:19,807 [10] DEBUG  - Cuenta para RRC PASIVO: 2206-00-201-0303-00-03-174-10052-00
2018-02-08 16:13:20,518 [10] DEBUG  - Reaseguro Contractual: 5306-06-201-0303-00-03-174-10052-04
2018-02-08 16:13:21,228 [10] DEBUG  - Reaseguradores Comision por Reaseguro: 4302-06-201-0303-00-03-174-10052-04
2018-02-08 16:13:21,939 [10] DEBUG  - Reaseguro Contractual: 5306-06-201-0303-00-03-174-10052-06
2018-02-08 16:13:22,939 [10] DEBUG  - Reaseguradores Comision por Reaseguro: 4302-06-201-0303-00-03-174-10052-06
2018-02-08 16:13:23,642 [10] DEBUG  - Reaseguro Contractual: 5306-06-201-0303-00-03-174-10052-05
2018-02-08 16:13:24,342 [10] DEBUG  - Reaseguradores Comision por Reaseguro: 4302-06-201-0303-00-03-174-10052-05
2018-02-08 16:13:24,983 [10] DEBUG  - Reaseguradores - cuenta corriente: 2402-00-201-0303-00-03-174-10052-00
2018-02-08 16:13:26,223 [10] DEBUG  - Reaseguradores Comision por Reaseguro: 2402-00-201-0303-00-03-174-10052-00
2018-02-08 16:13:26,934 [10] DEBUG  - RRC para reaseguro INGRESO: 4311-06-201-0303-00-03-174-10052-04
2018-02-08 16:13:27,634 [10] DEBUG  - RRC para reaseguro INGRESO: 4311-06-201-0303-00-03-174-10052-06
2018-02-08 16:13:28,345 [10] DEBUG  - RRC para reaseguro INGRESO: 4311-06-201-0303-00-03-174-10052-05
2018-02-08 16:13:28,985 [10] DEBUG  - RRC para reaseguro PASIVO: 2206-00-201-0303-00-03-174-10052-00
2018-02-08 16:13:40,656 [10] DEBUG  - Cuenta por cobrar: 1302-06-201-0303-00-03-174-10052-00
2018-02-08 16:13:40,656 [10] DEBUG  - Cuenta de producto: 4301-06-201-0303-00-03-174-10052-65
2018-02-08 16:13:40,656 [10] DEBUG  - Cuenta de producto: 4301-06-201-0303-00-03-174-10052-04
2018-02-08 16:13:40,656 [10] DEBUG  - Cuenta de producto: 4301-06-201-0303-00-03-174-10052-02
2018-02-08 16:13:40,656 [10] DEBUG  - Cuenta de producto: 4301-06-201-0303-00-03-174-10052-13
2018-02-08 16:13:40,656 [10] DEBUG  - Cuenta de producto: 4301-06-201-0303-00-03-174-10052-06
2018-02-08 16:13:40,656 [10] DEBUG  - Cuenta de producto: 4301-06-201-0303-00-03-174-10052-09
2018-02-08 16:13:40,656 [10] DEBUG  - Cuenta de producto: 4301-06-201-0303-00-03-174-10052-12
2018-02-08 16:13:40,656 [10] DEBUG  - Cuenta de producto: 4301-06-201-0303-00-03-174-10052-05
2018-02-08 16:13:40,656 [10] DEBUG  - Cuenta de producto: 4301-06-201-0303-00-03-174-10052-16
2018-02-08 16:13:40,656 [10] DEBUG  - Cuenta de impuestos: 2901-00-000-0000-00-00-171-00001-00
2018-02-08 16:13:41,798 [10] DEBUG  - Cuenta de comisiones GASTO 5302-06-201-0303-00-03-174-10052-65
2018-02-08 16:13:42,759 [10] DEBUG  - Cuenta de comisiones GASTO 5302-06-201-0303-00-03-174-10052-04
2018-02-08 16:13:43,719 [10] DEBUG  - Cuenta de comisiones GASTO 5302-06-201-0303-00-03-174-10052-02
2018-02-08 16:13:46,300 [10] DEBUG  - Cuenta de comisiones GASTO 5302-06-201-0303-00-03-174-10052-13
2018-02-08 16:13:47,861 [10] DEBUG  - Cuenta de comisiones GASTO 5302-06-201-0303-00-03-174-10052-06
2018-02-08 16:13:48,822 [10] DEBUG  - Cuenta de comisiones GASTO 5302-06-201-0303-00-03-174-10052-09
2018-02-08 16:13:49,782 [10] DEBUG  - Cuenta de comisiones GASTO 5302-06-201-0303-00-03-174-10052-12
2018-02-08 16:13:50,743 [10] DEBUG  - Cuenta de comisiones GASTO 5302-06-201-0303-00-03-174-10052-05
2018-02-08 16:13:51,713 [10] DEBUG  - Cuenta de comisiones GASTO 5302-06-201-0303-00-03-174-10052-16
2018-02-08 16:13:52,904 [10] DEBUG  - Cuenta de comisiones PAGO 2902-00-201-0303-00-03-174-10052-00
2018-02-08 16:13:52,904 [10] DEBUG  - Porcentaje Reserva Riesgos en curso: 40
2018-02-08 16:13:53,614 [10] DEBUG  - Cuenta para RRC GASTO: 5311-06-201-0303-00-03-174-10052-65
2018-02-08 16:13:54,315 [10] DEBUG  - Cuenta para RRC GASTO: 5311-06-201-0303-00-03-174-10052-04
2018-02-08 16:13:55,025 [10] DEBUG  - Cuenta para RRC GASTO: 5311-06-201-0303-00-03-174-10052-02
2018-02-08 16:13:55,725 [10] DEBUG  - Cuenta para RRC GASTO: 5311-06-201-0303-00-03-174-10052-13
2018-02-08 16:13:56,436 [10] DEBUG  - Cuenta para RRC GASTO: 5311-06-201-0303-00-03-174-10052-06
2018-02-08 16:13:57,146 [10] DEBUG  - Cuenta para RRC GASTO: 5311-06-201-0303-00-03-174-10052-09
2018-02-08 16:13:57,847 [10] DEBUG  - Cuenta para RRC GASTO: 5311-06-201-0303-00-03-174-10052-12
2018-02-08 16:13:58,557 [10] DEBUG  - Cuenta para RRC GASTO: 5311-06-201-0303-00-03-174-10052-05
2018-02-08 16:13:59,257 [10] DEBUG  - Cuenta para RRC GASTO: 5311-06-201-0303-00-03-174-10052-16
2018-02-08 16:13:59,898 [10] DEBUG  - Cuenta para RRC PASIVO: 2206-00-201-0303-00-03-174-10052-00
2018-02-08 16:14:00,608 [10] DEBUG  - Reaseguro Contractual: 5306-06-201-0303-00-03-174-10052-04
2018-02-08 16:14:01,308 [10] DEBUG  - Reaseguradores Comision por Reaseguro: 4302-06-201-0303-00-03-174-10052-04
2018-02-08 16:14:02,456 [10] DEBUG  - Reaseguro Contractual: 5306-06-201-0303-00-03-174-10052-06
2018-02-08 16:14:03,456 [10] DEBUG  - Reaseguradores Comision por Reaseguro: 4302-06-201-0303-00-03-174-10052-06
2018-02-08 16:14:04,162 [10] DEBUG  - Reaseguro Contractual: 5306-06-201-0303-00-03-174-10052-05
2018-02-08 16:14:04,872 [10] DEBUG  - Reaseguradores Comision por Reaseguro: 4302-06-201-0303-00-03-174-10052-05
2018-02-08 16:14:05,513 [10] DEBUG  - Reaseguradores - cuenta corriente: 2402-00-201-0303-00-03-174-10052-00
2018-02-08 16:14:06,153 [10] DEBUG  - Reaseguradores Comision por Reaseguro: 2402-00-201-0303-00-03-174-10052-00
2018-02-08 16:14:08,154 [10] DEBUG  - RRC para reaseguro INGRESO: 4311-06-201-0303-00-03-174-10052-04
2018-02-08 16:14:08,872 [10] DEBUG  - RRC para reaseguro INGRESO: 4311-06-201-0303-00-03-174-10052-06
2018-02-08 16:14:09,569 [10] DEBUG  - RRC para reaseguro INGRESO: 4311-06-201-0303-00-03-174-10052-05
2018-02-08 16:14:10,210 [10] DEBUG  - RRC para reaseguro PASIVO: 2206-00-201-0303-00-03-174-10052-00
2018-02-08 16:14:19,598 [10] DEBUG  - Contruyendo encabezado
2018-02-08 16:14:19,598 [10] DEBUG  - Creacion de numero de batch SFFA29122017
2018-02-08 16:14:20,748 [10] DEBUG  - Se obtiene el cliente de GP 1-05-447797
2018-02-08 16:14:34,391 [10] DEBUG  - Cuenta por cobrar: 1302-06-201-0403-00-05-174-10051-00
2018-02-08 16:14:34,391 [10] DEBUG  - Cuenta de producto: 4301-06-201-0403-00-05-174-10051-65
2018-02-08 16:14:34,391 [10] DEBUG  - Cuenta de producto: 4301-06-201-0403-00-05-174-10051-15
2018-02-08 16:14:34,391 [10] DEBUG  - Cuenta de producto: 4301-06-201-0403-00-05-174-10051-04
2018-02-08 16:14:34,391 [10] DEBUG  - Cuenta de producto: 4301-06-201-0403-00-05-174-10051-02
2018-02-08 16:14:34,391 [10] DEBUG  - Cuenta de producto: 4301-06-201-0403-00-05-174-10051-13
2018-02-08 16:14:34,391 [10] DEBUG  - Cuenta de producto: 4301-06-201-0403-00-05-174-10051-06
2018-02-08 16:14:34,391 [10] DEBUG  - Cuenta de producto: 4301-06-201-0403-00-05-174-10051-09
2018-02-08 16:14:34,391 [10] DEBUG  - Cuenta de producto: 4301-06-201-0403-00-05-174-10051-12
2018-02-08 16:14:34,391 [10] DEBUG  - Cuenta de producto: 4301-06-201-0403-00-05-174-10051-05
2018-02-08 16:14:34,391 [10] DEBUG  - Cuenta de producto: 4301-06-201-0403-00-05-174-10051-16
2018-02-08 16:14:34,391 [10] DEBUG  - Cuenta de impuestos: 2901-00-000-0000-00-00-171-00001-00
2018-02-08 16:14:35,832 [10] DEBUG  - Cuenta de comisiones GASTO 5302-06-201-0403-00-05-174-10051-65
2018-02-08 16:14:37,543 [10] DEBUG  - Cuenta de comisiones GASTO 5302-06-201-0403-00-05-174-10051-15
2018-02-08 16:14:39,110 [10] DEBUG  - Cuenta de comisiones GASTO 5302-06-201-0403-00-05-174-10051-04
2018-02-08 16:14:40,806 [10] DEBUG  - Cuenta de comisiones GASTO 5302-06-201-0403-00-05-174-10051-02
2018-02-08 16:14:42,667 [10] DEBUG  - Cuenta de comisiones GASTO 5302-06-201-0403-00-05-174-10051-13
2018-02-08 16:14:43,637 [10] DEBUG  - Cuenta de comisiones GASTO 5302-06-201-0403-00-05-174-10051-06
2018-02-08 16:14:44,608 [10] DEBUG  - Cuenta de comisiones GASTO 5302-06-201-0403-00-05-174-10051-09
2018-02-08 16:14:45,578 [10] DEBUG  - Cuenta de comisiones GASTO 5302-06-201-0403-00-05-174-10051-12
2018-02-08 16:14:46,549 [10] DEBUG  - Cuenta de comisiones GASTO 5302-06-201-0403-00-05-174-10051-05
2018-02-08 16:14:48,550 [10] DEBUG  - Cuenta de comisiones GASTO 5302-06-201-0403-00-05-174-10051-16
2018-02-08 16:14:49,620 [10] DEBUG  - Cuenta de comisiones PAGO 2902-00-201-0403-00-05-174-10051-00
2018-02-08 16:14:49,620 [10] DEBUG  - Porcentaje Reserva Riesgos en curso: 40
2018-02-08 16:14:50,331 [10] DEBUG  - Cuenta para RRC GASTO: 5311-06-201-0403-00-05-174-10051-65
2018-02-08 16:14:51,051 [10] DEBUG  - Cuenta para RRC GASTO: 5311-06-201-0403-00-05-174-10051-15
2018-02-08 16:14:51,762 [10] DEBUG  - Cuenta para RRC GASTO: 5311-06-201-0403-00-05-174-10051-04
2018-02-08 16:14:52,472 [10] DEBUG  - Cuenta para RRC GASTO: 5311-06-201-0403-00-05-174-10051-02
2018-02-08 16:14:53,183 [10] DEBUG  - Cuenta para RRC GASTO: 5311-06-201-0403-00-05-174-10051-13
2018-02-08 16:14:53,893 [10] DEBUG  - Cuenta para RRC GASTO: 5311-06-201-0403-00-05-174-10051-06
2018-02-08 16:14:54,603 [10] DEBUG  - Cuenta para RRC GASTO: 5311-06-201-0403-00-05-174-10051-09
2018-02-08 16:14:55,314 [10] DEBUG  - Cuenta para RRC GASTO: 5311-06-201-0403-00-05-174-10051-12
2018-02-08 16:14:56,024 [10] DEBUG  - Cuenta para RRC GASTO: 5311-06-201-0403-00-05-174-10051-05
2018-02-08 16:14:56,734 [10] DEBUG  - Cuenta para RRC GASTO: 5311-06-201-0403-00-05-174-10051-16
2018-02-08 16:14:57,395 [10] DEBUG  - Cuenta para RRC PASIVO: 2206-00-201-0403-00-05-174-10051-00
2018-02-08 16:14:58,105 [10] DEBUG  - Reaseguro Contractual: 5306-06-201-0403-00-05-174-10051-04
2018-02-08 16:14:58,816 [10] DEBUG  - Reaseguradores Comision por Reaseguro: 4302-06-201-0403-00-05-174-10051-04
2018-02-08 16:14:59,526 [10] DEBUG  - Reaseguro Contractual: 5306-06-201-0403-00-05-174-10051-06
2018-02-08 16:15:00,246 [10] DEBUG  - Reaseguradores Comision por Reaseguro: 4302-06-201-0403-00-05-174-10051-06
2018-02-08 16:15:00,957 [10] DEBUG  - Reaseguro Contractual: 5306-06-201-0403-00-05-174-10051-05
2018-02-08 16:15:01,667 [10] DEBUG  - Reaseguradores Comision por Reaseguro: 4302-06-201-0403-00-05-174-10051-05
2018-02-08 16:15:02,307 [10] DEBUG  - Reaseguradores - cuenta corriente: 2402-00-201-0403-00-05-174-10051-00
2018-02-08 16:15:02,958 [10] DEBUG  - Reaseguradores Comision por Reaseguro: 2402-00-201-0403-00-05-174-10051-00
2018-02-08 16:15:03,658 [10] DEBUG  - RRC para reaseguro INGRESO: 4311-06-201-0403-00-05-174-10051-04
2018-02-08 16:15:04,368 [10] DEBUG  - RRC para reaseguro INGRESO: 4311-06-201-0403-00-05-174-10051-06
2018-02-08 16:15:05,071 [10] DEBUG  - RRC para reaseguro INGRESO: 4311-06-201-0403-00-05-174-10051-05
2018-02-08 16:15:05,721 [10] DEBUG  - RRC para reaseguro PASIVO: 2206-00-201-0403-00-05-174-10051-00
2018-02-08 16:15:15,655 [10] DEBUG  - Cuenta por cobrar: 1302-06-201-0403-00-05-174-10051-00
2018-02-08 16:15:15,655 [10] DEBUG  - Cuenta de producto: 4301-06-201-0403-00-05-174-10051-65
2018-02-08 16:15:15,655 [10] DEBUG  - Cuenta de producto: 4301-06-201-0403-00-05-174-10051-15
2018-02-08 16:15:15,655 [10] DEBUG  - Cuenta de producto: 4301-06-201-0403-00-05-174-10051-04
2018-02-08 16:15:15,655 [10] DEBUG  - Cuenta de producto: 4301-06-201-0403-00-05-174-10051-02
2018-02-08 16:15:15,655 [10] DEBUG  - Cuenta de producto: 4301-06-201-0403-00-05-174-10051-13
2018-02-08 16:15:15,655 [10] DEBUG  - Cuenta de producto: 4301-06-201-0403-00-05-174-10051-06
2018-02-08 16:15:15,655 [10] DEBUG  - Cuenta de producto: 4301-06-201-0403-00-05-174-10051-09
2018-02-08 16:15:15,655 [10] DEBUG  - Cuenta de producto: 4301-06-201-0403-00-05-174-10051-12
2018-02-08 16:15:15,655 [10] DEBUG  - Cuenta de producto: 4301-06-201-0403-00-05-174-10051-05
2018-02-08 16:15:15,655 [10] DEBUG  - Cuenta de producto: 4301-06-201-0403-00-05-174-10051-16
2018-02-08 16:15:15,655 [10] DEBUG  - Cuenta de impuestos: 2901-00-000-0000-00-00-171-00001-00
2018-02-08 16:15:16,496 [10] DEBUG  - Cuenta de comisiones GASTO 5302-06-201-0403-00-05-174-10051-65
2018-02-08 16:15:17,456 [10] DEBUG  - Cuenta de comisiones GASTO 5302-06-201-0403-00-05-174-10051-15
2018-02-08 16:15:18,427 [10] DEBUG  - Cuenta de comisiones GASTO 5302-06-201-0403-00-05-174-10051-04
2018-02-08 16:15:19,400 [10] DEBUG  - Cuenta de comisiones GASTO 5302-06-201-0403-00-05-174-10051-02
2018-02-08 16:15:20,360 [10] DEBUG  - Cuenta de comisiones GASTO 5302-06-201-0403-00-05-174-10051-13
2018-02-08 16:15:22,051 [10] DEBUG  - Cuenta de comisiones GASTO 5302-06-201-0403-00-05-174-10051-06
2018-02-08 16:15:23,632 [10] DEBUG  - Cuenta de comisiones GASTO 5302-06-201-0403-00-05-174-10051-09
2018-02-08 16:15:24,590 [10] DEBUG  - Cuenta de comisiones GASTO 5302-06-201-0403-00-05-174-10051-12
2018-02-08 16:15:25,551 [10] DEBUG  - Cuenta de comisiones GASTO 5302-06-201-0403-00-05-174-10051-05
2018-02-08 16:15:28,352 [10] DEBUG  - Cuenta de comisiones GASTO 5302-06-201-0403-00-05-174-10051-16
2018-02-08 16:15:29,133 [10] DEBUG  - Cuenta de comisiones PAGO 2902-00-201-0403-00-05-174-10051-00
2018-02-08 16:15:29,133 [10] DEBUG  - Porcentaje Reserva Riesgos en curso: 40
2018-02-08 16:15:29,843 [10] DEBUG  - Cuenta para RRC GASTO: 5311-06-201-0403-00-05-174-10051-65
2018-02-08 16:15:30,543 [10] DEBUG  - Cuenta para RRC GASTO: 5311-06-201-0403-00-05-174-10051-15
2018-02-08 16:15:31,255 [10] DEBUG  - Cuenta para RRC GASTO: 5311-06-201-0403-00-05-174-10051-04
2018-02-08 16:15:31,966 [10] DEBUG  - Cuenta para RRC GASTO: 5311-06-201-0403-00-05-174-10051-02
2018-02-08 16:15:32,986 [10] DEBUG  - Cuenta para RRC GASTO: 5311-06-201-0403-00-05-174-10051-13
2018-02-08 16:15:33,697 [10] DEBUG  - Cuenta para RRC GASTO: 5311-06-201-0403-00-05-174-10051-06
2018-02-08 16:15:34,397 [10] DEBUG  - Cuenta para RRC GASTO: 5311-06-201-0403-00-05-174-10051-09
2018-02-08 16:15:35,117 [10] DEBUG  - Cuenta para RRC GASTO: 5311-06-201-0403-00-05-174-10051-12
2018-02-08 16:15:35,828 [10] DEBUG  - Cuenta para RRC GASTO: 5311-06-201-0403-00-05-174-10051-05
2018-02-08 16:15:36,538 [10] DEBUG  - Cuenta para RRC GASTO: 5311-06-201-0403-00-05-174-10051-16
2018-02-08 16:15:37,179 [10] DEBUG  - Cuenta para RRC PASIVO: 2206-00-201-0403-00-05-174-10051-00
2018-02-08 16:15:37,883 [10] DEBUG  - Reaseguro Contractual: 5306-06-201-0403-00-05-174-10051-04
2018-02-08 16:15:38,593 [10] DEBUG  - Reaseguradores Comision por Reaseguro: 4302-06-201-0403-00-05-174-10051-04
2018-02-08 16:15:39,303 [10] DEBUG  - Reaseguro Contractual: 5306-06-201-0403-00-05-174-10051-06
2018-02-08 16:15:40,014 [10] DEBUG  - Reaseguradores Comision por Reaseguro: 4302-06-201-0403-00-05-174-10051-06
2018-02-08 16:15:40,714 [10] DEBUG  - Reaseguro Contractual: 5306-06-201-0403-00-05-174-10051-05
2018-02-08 16:15:41,434 [10] DEBUG  - Reaseguradores Comision por Reaseguro: 4302-06-201-0403-00-05-174-10051-05
2018-02-08 16:15:42,075 [10] DEBUG  - Reaseguradores - cuenta corriente: 2402-00-201-0403-00-05-174-10051-00
2018-02-08 16:15:42,725 [10] DEBUG  - Reaseguradores Comision por Reaseguro: 2402-00-201-0403-00-05-174-10051-00
2018-02-08 16:15:43,426 [10] DEBUG  - RRC para reaseguro INGRESO: 4311-06-201-0403-00-05-174-10051-04
2018-02-08 16:15:44,135 [10] DEBUG  - RRC para reaseguro INGRESO: 4311-06-201-0403-00-05-174-10051-06
2018-02-08 16:15:44,838 [10] DEBUG  - RRC para reaseguro INGRESO: 4311-06-201-0403-00-05-174-10051-05
2018-02-08 16:15:45,488 [10] DEBUG  - RRC para reaseguro PASIVO: 2206-00-201-0403-00-05-174-10051-00
