2018-04-09 17:24:08,598 [8] DEBUG  - Total de Transacciones: 8
2018-04-09 17:24:16,006 [8] DEBUG  - Contruyendo encabezado
2018-04-09 17:24:16,006 [8] DEBUG  - Creacion de numero de batch SFFA2122018
2018-04-09 17:24:16,580 [8] DEBUG  - Se obtiene el cliente de GP 05-326544-2014
2018-04-09 17:24:31,699 [8] DEBUG  - Cuenta por cobrar: 6104-06-000-0000-00-00-000-00013-02
2018-04-09 17:24:32,359 [8] DEBUG  - Cuenta de producto: 6104-06-000-0000-00-00-000-00043-01
2018-04-09 17:24:32,360 [8] DEBUG  - Cuenta de impuestos: 6101-00-000-0000-00-00-000-00029-01
2018-04-09 17:24:33,696 [8] DEBUG  - Cuenta de comisiones GASTO 6104-06-000-0000-00-00-000-00053-02
2018-04-09 17:24:33,704 [8] DEBUG  - Cuenta de comisiones PAGO 6101-00-000-0000-00-00-000-00029-02
2018-04-09 17:24:33,704 [8] DEBUG  - Porcentaje Reserva Riesgos en curso: 40
2018-04-09 17:24:34,355 [8] DEBUG  - Cuenta para RRC GASTO: 6106-06-000-0000-00-00-000-00053-11
2018-04-09 17:24:35,004 [8] DEBUG  - Cuenta para RRC PASIVO: 6104-06-000-0000-00-00-000-00022-06
2018-04-09 17:24:38,916 [8] DEBUG  - Reaseguradores Comision por Reaseguro: 6106-06-000-0000-00-00-000-00043-02
2018-04-09 17:24:38,916 [8] DEBUG  - Reaseguro Contractual: 6106-06-000-0000-00-00-000-00053-06
2018-04-09 17:24:39,567 [8] DEBUG  - Reaseguradores del exterior – cuenta corriente: 6106-06-000-0000-00-00-000-00043-02
2018-04-09 17:24:40,219 [8] DEBUG  - Reaseguradores Comision por Reaseguro Pasivo: 6103-00-000-0000-00-00-000-00024-02
2018-04-09 17:24:40,919 [8] DEBUG  - RRC para reaseguro INGRESO: 6106-06-000-0000-00-00-000-00043-11
2018-04-09 17:24:41,570 [8] DEBUG  - RRC para reaseguro PASIVO: 6104-06-000-0000-00-00-000-00022-06
2018-04-09 17:26:09,004 [8] DEBUG  - Cuenta por cobrar: 1302-06-201-0600-00-02-175-10117-00
2018-04-09 17:26:09,004 [8] DEBUG  - Cuenta de producto: 4301-06-201-0303-00-02-175-10117-65
2018-04-09 17:26:09,004 [8] DEBUG  - Cuenta de producto: 4301-06-201-0303-00-02-175-10117-04
2018-04-09 17:26:09,004 [8] DEBUG  - Cuenta de producto: 4301-06-201-0303-00-02-175-10117-02
2018-04-09 17:26:09,004 [8] DEBUG  - Cuenta de producto: 4301-06-201-0303-00-02-175-10117-13
2018-04-09 17:26:09,004 [8] DEBUG  - Cuenta de producto: 4301-06-201-0303-00-02-175-10117-06
2018-04-09 17:26:09,004 [8] DEBUG  - Cuenta de producto: 4301-06-201-0303-00-02-175-10117-09
2018-04-09 17:26:09,004 [8] DEBUG  - Cuenta de producto: 4301-06-201-0303-00-02-175-10117-12
2018-04-09 17:26:09,004 [8] DEBUG  - Cuenta de producto: 4301-06-201-0303-00-02-175-10117-05
2018-04-09 17:26:09,004 [8] DEBUG  - Cuenta de producto: 4301-06-201-0303-00-02-175-10117-16
2018-04-09 17:26:09,004 [8] DEBUG  - Cuenta de impuestos: 2901-00-000-0000-00-00-171-00001-00
2018-04-09 17:26:10,231 [8] DEBUG  - Cuenta de comisiones GASTO 5302-06-201-0303-00-02-175-10117-65
2018-04-09 17:26:11,648 [8] DEBUG  - Cuenta de comisiones GASTO 5302-06-201-0303-00-02-175-10117-04
2018-04-09 17:26:13,482 [8] DEBUG  - Cuenta de comisiones GASTO 5302-06-201-0303-00-02-175-10117-02
2018-04-09 17:26:17,470 [8] DEBUG  - Cuenta de comisiones GASTO 5302-06-201-0303-00-02-175-10117-13
2018-04-09 17:26:21,838 [8] DEBUG  - Cuenta de comisiones GASTO 5302-06-201-0303-00-02-175-10117-06
2018-04-09 17:26:26,484 [8] DEBUG  - Cuenta de comisiones GASTO 5302-06-201-0303-00-02-175-10117-09
2018-04-09 17:26:31,377 [8] DEBUG  - Cuenta de comisiones GASTO 5302-06-201-0303-00-02-175-10117-12
2018-04-09 17:26:36,507 [8] DEBUG  - Cuenta de comisiones GASTO 5302-06-201-0303-00-02-175-10117-05
2018-04-09 17:26:42,135 [8] DEBUG  - Cuenta de comisiones GASTO 5302-06-201-0303-00-02-175-10117-16
2018-04-09 17:26:46,628 [8] DEBUG  - Cuenta de comisiones PAGO 2902-00-201-0303-00-02-175-10117-00
2018-04-09 17:26:46,628 [8] DEBUG  - Porcentaje Reserva Riesgos en curso: 40
2018-04-09 17:26:48,889 [8] DEBUG  - Cuenta para RRC GASTO: 5311-06-201-0303-00-02-175-10117-65
2018-04-09 17:26:49,912 [8] DEBUG  - Cuenta para RRC GASTO: 5311-06-201-0303-00-02-175-10117-04
2018-04-09 17:26:50,954 [8] DEBUG  - Cuenta para RRC GASTO: 5311-06-201-0303-00-02-175-10117-02
2018-04-09 17:26:51,978 [8] DEBUG  - Cuenta para RRC GASTO: 5311-06-201-0303-00-02-175-10117-13
2018-04-09 17:26:53,004 [8] DEBUG  - Cuenta para RRC GASTO: 5311-06-201-0303-00-02-175-10117-06
2018-04-09 17:26:54,051 [8] DEBUG  - Cuenta para RRC GASTO: 5311-06-201-0303-00-02-175-10117-09
2018-04-09 17:26:55,073 [8] DEBUG  - Cuenta para RRC GASTO: 5311-06-201-0303-00-02-175-10117-12
2018-04-09 17:26:56,119 [8] DEBUG  - Cuenta para RRC GASTO: 5311-06-201-0303-00-02-175-10117-05
2018-04-09 17:26:57,152 [8] DEBUG  - Cuenta para RRC GASTO: 5311-06-201-0303-00-02-175-10117-16
2018-04-09 17:26:58,090 [8] DEBUG  - Cuenta para RRC PASIVO: 2206-00-201-0303-00-02-175-10117-00
2018-04-09 17:26:59,149 [8] DEBUG  - Reaseguro Contractual: 5306-06-201-0303-00-02-175-10117-04
2018-04-09 17:27:00,188 [8] DEBUG  - Reaseguradores Comision por Reaseguro: 4302-06-201-0303-00-02-175-10117-04
2018-04-09 17:27:01,220 [8] DEBUG  - Reaseguro Contractual: 5306-06-201-0303-00-02-175-10117-06
2018-04-09 17:27:02,243 [8] DEBUG  - Reaseguradores Comision por Reaseguro: 4302-06-201-0303-00-02-175-10117-06
2018-04-09 17:27:03,265 [8] DEBUG  - Reaseguro Contractual: 5306-06-201-0303-00-02-175-10117-05
2018-04-09 17:27:04,310 [8] DEBUG  - Reaseguradores Comision por Reaseguro: 4302-06-201-0303-00-02-175-10117-05
2018-04-09 17:27:05,242 [8] DEBUG  - Reaseguradores - cuenta corriente: 2402-00-201-0303-00-02-175-10117-00
2018-04-09 17:27:06,177 [8] DEBUG  - Reaseguradores Comision por Reaseguro: 2402-00-201-0303-00-02-175-10117-00
2018-04-09 17:27:07,237 [8] DEBUG  - RRC para reaseguro INGRESO: 4311-06-201-0303-00-02-175-10117-04
2018-04-09 17:27:08,259 [8] DEBUG  - RRC para reaseguro INGRESO: 4311-06-201-0303-00-02-175-10117-06
2018-04-09 17:27:09,285 [8] DEBUG  - RRC para reaseguro INGRESO: 4311-06-201-0303-00-02-175-10117-05
2018-04-09 17:27:10,217 [8] DEBUG  - RRC para reaseguro PASIVO: 2206-00-201-0303-00-02-175-10117-00
2018-04-09 17:27:33,489 [8] DEBUG  - Contruyendo encabezado
2018-04-09 17:27:33,489 [8] DEBUG  - Creacion de numero de batch SFFA2122018
2018-04-09 17:27:34,280 [8] DEBUG  - Se obtiene el cliente de GP 12-05-461590
2018-04-09 17:27:43,666 [8] DEBUG  - Cuenta por cobrar: 6104-06-000-0000-00-00-000-00013-02
2018-04-09 17:27:44,316 [8] DEBUG  - Cuenta de producto: 6104-06-000-0000-00-00-000-00043-01
2018-04-09 17:27:44,316 [8] DEBUG  - Cuenta de impuestos: 6101-00-000-0000-00-00-000-00029-01
2018-04-09 17:27:45,621 [8] DEBUG  - Cuenta de comisiones GASTO 6104-06-000-0000-00-00-000-00053-02
2018-04-09 17:27:45,621 [8] DEBUG  - Cuenta de comisiones PAGO 6101-00-000-0000-00-00-000-00029-02
2018-04-09 17:27:45,621 [8] DEBUG  - Porcentaje Reserva Riesgos en curso: 40
2018-04-09 17:27:46,330 [8] DEBUG  - Cuenta para RRC GASTO: 6106-06-000-0000-00-00-000-00053-11
2018-04-09 17:27:46,991 [8] DEBUG  - Cuenta para RRC PASIVO: 6104-06-000-0000-00-00-000-00022-06
2018-04-09 17:27:50,934 [8] DEBUG  - Reaseguradores Comision por Reaseguro: 6106-06-000-0000-00-00-000-00043-02
2018-04-09 17:27:50,934 [8] DEBUG  - Reaseguro Contractual: 6106-06-000-0000-00-00-000-00053-06
2018-04-09 17:27:51,589 [8] DEBUG  - Reaseguradores del exterior – cuenta corriente: 6106-06-000-0000-00-00-000-00043-02
2018-04-09 17:27:52,240 [8] DEBUG  - Reaseguradores Comision por Reaseguro Pasivo: 6103-00-000-0000-00-00-000-00024-02
2018-04-09 17:27:52,890 [8] DEBUG  - RRC para reaseguro INGRESO: 6106-06-000-0000-00-00-000-00043-11
2018-04-09 17:27:53,547 [8] DEBUG  - RRC para reaseguro PASIVO: 6104-06-000-0000-00-00-000-00022-06
2018-04-09 17:28:22,763 [8] DEBUG  - Cuenta por cobrar: 1302-06-201-0403-00-05-176-10051-00
2018-04-09 17:28:22,763 [8] DEBUG  - Cuenta de producto: 4301-06-201-0403-00-05-176-10051-65
2018-04-09 17:28:22,763 [8] DEBUG  - Cuenta de producto: 4301-06-201-0403-00-05-176-10051-04
2018-04-09 17:28:22,763 [8] DEBUG  - Cuenta de producto: 4301-06-201-0403-00-05-176-10051-02
2018-04-09 17:28:22,763 [8] DEBUG  - Cuenta de producto: 4301-06-201-0403-00-05-176-10051-13
2018-04-09 17:28:22,763 [8] DEBUG  - Cuenta de producto: 4301-06-201-0403-00-05-176-10051-06
2018-04-09 17:28:22,763 [8] DEBUG  - Cuenta de producto: 4301-06-201-0403-00-05-176-10051-09
2018-04-09 17:28:22,763 [8] DEBUG  - Cuenta de producto: 4301-06-201-0403-00-05-176-10051-12
2018-04-09 17:28:22,763 [8] DEBUG  - Cuenta de producto: 4301-06-201-0403-00-05-176-10051-05
2018-04-09 17:28:22,763 [8] DEBUG  - Cuenta de producto: 4301-06-201-0403-00-05-176-10051-16
2018-04-09 17:28:22,763 [8] DEBUG  - Cuenta de impuestos: 2901-00-000-0000-00-00-171-00001-00
2018-04-09 17:28:23,976 [8] DEBUG  - Cuenta de comisiones GASTO 5302-06-201-0403-00-05-176-10051-65
2018-04-09 17:28:25,370 [8] DEBUG  - Cuenta de comisiones GASTO 5302-06-201-0403-00-05-176-10051-04
2018-04-09 17:28:26,765 [8] DEBUG  - Cuenta de comisiones GASTO 5302-06-201-0403-00-05-176-10051-02
2018-04-09 17:28:28,164 [8] DEBUG  - Cuenta de comisiones GASTO 5302-06-201-0403-00-05-176-10051-13
2018-04-09 17:28:30,277 [8] DEBUG  - Cuenta de comisiones GASTO 5302-06-201-0403-00-05-176-10051-06
2018-04-09 17:28:31,674 [8] DEBUG  - Cuenta de comisiones GASTO 5302-06-201-0403-00-05-176-10051-09
2018-04-09 17:28:33,071 [8] DEBUG  - Cuenta de comisiones GASTO 5302-06-201-0403-00-05-176-10051-12
2018-04-09 17:28:34,776 [8] DEBUG  - Cuenta de comisiones GASTO 5302-06-201-0403-00-05-176-10051-05
2018-04-09 17:28:36,170 [8] DEBUG  - Cuenta de comisiones GASTO 5302-06-201-0403-00-05-176-10051-16
2018-04-09 17:28:37,305 [8] DEBUG  - Cuenta de comisiones PAGO 2902-00-201-0403-00-05-176-10051-00
2018-04-09 17:28:37,305 [8] DEBUG  - Porcentaje Reserva Riesgos en curso: 40
2018-04-09 17:28:38,329 [8] DEBUG  - Cuenta para RRC GASTO: 5311-06-201-0403-00-05-176-10051-65
2018-04-09 17:28:39,353 [8] DEBUG  - Cuenta para RRC GASTO: 5311-06-201-0403-00-05-176-10051-04
2018-04-09 17:28:40,375 [8] DEBUG  - Cuenta para RRC GASTO: 5311-06-201-0403-00-05-176-10051-02
2018-04-09 17:28:41,400 [8] DEBUG  - Cuenta para RRC GASTO: 5311-06-201-0403-00-05-176-10051-13
2018-04-09 17:28:43,083 [8] DEBUG  - Cuenta para RRC GASTO: 5311-06-201-0403-00-05-176-10051-06
2018-04-09 17:28:44,106 [8] DEBUG  - Cuenta para RRC GASTO: 5311-06-201-0403-00-05-176-10051-09
2018-04-09 17:28:45,133 [8] DEBUG  - Cuenta para RRC GASTO: 5311-06-201-0403-00-05-176-10051-12
2018-04-09 17:28:46,571 [8] DEBUG  - Cuenta para RRC GASTO: 5311-06-201-0403-00-05-176-10051-05
2018-04-09 17:28:47,597 [8] DEBUG  - Cuenta para RRC GASTO: 5311-06-201-0403-00-05-176-10051-16
2018-04-09 17:28:48,544 [8] DEBUG  - Cuenta para RRC PASIVO: 2206-00-201-0403-00-05-176-10051-00
2018-04-09 17:28:49,568 [8] DEBUG  - Reaseguro Contractual: 5306-06-201-0403-00-05-176-10051-04
2018-04-09 17:28:50,595 [8] DEBUG  - Reaseguradores Comision por Reaseguro: 4302-06-201-0403-00-05-176-10051-04
2018-04-09 17:28:52,326 [8] DEBUG  - Reaseguro Contractual: 5306-06-201-0403-00-05-176-10051-06
2018-04-09 17:28:54,017 [8] DEBUG  - Reaseguradores Comision por Reaseguro: 4302-06-201-0403-00-05-176-10051-06
2018-04-09 17:28:55,406 [8] DEBUG  - Reaseguro Contractual: 5306-06-201-0403-00-05-176-10051-05
2018-04-09 17:28:56,764 [8] DEBUG  - Reaseguradores Comision por Reaseguro: 4302-06-201-0403-00-05-176-10051-05
2018-04-09 17:28:57,695 [8] DEBUG  - Reaseguradores - cuenta corriente: 2402-00-201-0403-00-05-176-10051-00
2018-04-09 17:28:58,925 [8] DEBUG  - Reaseguradores Comision por Reaseguro: 2402-00-201-0403-00-05-176-10051-00
2018-04-09 17:28:59,952 [8] DEBUG  - RRC para reaseguro INGRESO: 4311-06-201-0403-00-05-176-10051-04
2018-04-09 17:29:01,645 [8] DEBUG  - RRC para reaseguro INGRESO: 4311-06-201-0403-00-05-176-10051-06
2018-04-09 17:29:03,003 [8] DEBUG  - RRC para reaseguro INGRESO: 4311-06-201-0403-00-05-176-10051-05
2018-04-09 17:29:03,932 [8] DEBUG  - RRC para reaseguro PASIVO: 2206-00-201-0403-00-05-176-10051-00
2018-04-09 17:29:17,562 [8] DEBUG  - Contruyendo encabezado
2018-04-09 17:29:17,562 [8] DEBUG  - Creacion de numero de batch SFFA2122018
2018-04-09 17:29:18,340 [8] DEBUG  - Se obtiene el cliente de GP 3-05-461219
2018-04-09 17:29:29,759 [8] DEBUG  - Cuenta por cobrar: 6104-06-000-0000-00-00-000-00013-02
2018-04-09 17:29:30,413 [8] DEBUG  - Cuenta de producto: 6104-06-000-0000-00-00-000-00043-01
2018-04-09 17:29:30,413 [8] DEBUG  - Cuenta de impuestos: 6101-00-000-0000-00-00-000-00029-01
2018-04-09 17:29:31,718 [8] DEBUG  - Cuenta de comisiones GASTO 6104-06-000-0000-00-00-000-00053-02
2018-04-09 17:29:31,718 [8] DEBUG  - Cuenta de comisiones PAGO 6101-00-000-0000-00-00-000-00029-02
2018-04-09 17:29:31,718 [8] DEBUG  - Porcentaje Reserva Riesgos en curso: 40
2018-04-09 17:29:32,368 [8] DEBUG  - Cuenta para RRC GASTO: 6106-06-000-0000-00-00-000-00053-11
2018-04-09 17:29:33,021 [8] DEBUG  - Cuenta para RRC PASIVO: 6104-06-000-0000-00-00-000-00022-06
2018-04-09 17:29:36,936 [8] DEBUG  - Reaseguradores Comision por Reaseguro: 6106-06-000-0000-00-00-000-00043-02
2018-04-09 17:29:36,936 [8] DEBUG  - Reaseguro Contractual: 6106-06-000-0000-00-00-000-00053-06
2018-04-09 17:29:37,587 [8] DEBUG  - Reaseguradores del exterior – cuenta corriente: 6106-06-000-0000-00-00-000-00043-02
2018-04-09 17:29:38,240 [8] DEBUG  - Reaseguradores Comision por Reaseguro Pasivo: 6103-00-000-0000-00-00-000-00024-02
2018-04-09 17:29:38,891 [8] DEBUG  - RRC para reaseguro INGRESO: 6106-06-000-0000-00-00-000-00043-11
2018-04-09 17:29:39,543 [8] DEBUG  - RRC para reaseguro PASIVO: 6104-06-000-0000-00-00-000-00022-06
2018-04-09 17:29:58,664 [8] DEBUG  - Cuenta por cobrar: 1302-06-201-0403-00-04-175-10039-00
2018-04-09 17:29:58,665 [8] DEBUG  - Cuenta de producto: 4301-06-201-0403-00-04-175-10039-65
2018-04-09 17:29:58,665 [8] DEBUG  - Cuenta de producto: 4301-06-201-0403-00-04-175-10039-24
2018-04-09 17:29:58,665 [8] DEBUG  - Cuenta de producto: 4301-06-201-0403-00-04-175-10039-15
2018-04-09 17:29:58,665 [8] DEBUG  - Cuenta de producto: 4301-06-201-0403-00-04-175-10039-04
2018-04-09 17:29:58,665 [8] DEBUG  - Cuenta de producto: 4301-06-201-0403-00-04-175-10039-02
2018-04-09 17:29:58,665 [8] DEBUG  - Cuenta de producto: 4301-06-201-0403-00-04-175-10039-13
2018-04-09 17:29:58,665 [8] DEBUG  - Cuenta de producto: 4301-06-201-0403-00-04-175-10039-06
2018-04-09 17:29:58,665 [8] DEBUG  - Cuenta de producto: 4301-06-201-0403-00-04-175-10039-09
2018-04-09 17:29:58,665 [8] DEBUG  - Cuenta de producto: 4301-06-201-0403-00-04-175-10039-12
2018-04-09 17:29:58,665 [8] DEBUG  - Cuenta de producto: 4301-06-201-0403-00-04-175-10039-05
2018-04-09 17:29:58,665 [8] DEBUG  - Cuenta de impuestos: 2901-00-000-0000-00-00-171-00001-00
2018-04-09 17:29:59,868 [8] DEBUG  - Cuenta de comisiones GASTO 5302-06-201-0403-00-04-175-10039-65
2018-04-09 17:30:01,860 [8] DEBUG  - Cuenta de comisiones GASTO 5302-06-201-0403-00-04-175-10039-24
2018-04-09 17:30:03,639 [8] DEBUG  - Cuenta de comisiones GASTO 5302-06-201-0403-00-04-175-10039-15
2018-04-09 17:30:05,044 [8] DEBUG  - Cuenta de comisiones GASTO 5302-06-201-0403-00-04-175-10039-04
2018-04-09 17:30:06,438 [8] DEBUG  - Cuenta de comisiones GASTO 5302-06-201-0403-00-04-175-10039-02
2018-04-09 17:30:07,832 [8] DEBUG  - Cuenta de comisiones GASTO 5302-06-201-0403-00-04-175-10039-13
2018-04-09 17:30:09,225 [8] DEBUG  - Cuenta de comisiones GASTO 5302-06-201-0403-00-04-175-10039-06
2018-04-09 17:30:10,622 [8] DEBUG  - Cuenta de comisiones GASTO 5302-06-201-0403-00-04-175-10039-09
2018-04-09 17:30:12,018 [8] DEBUG  - Cuenta de comisiones GASTO 5302-06-201-0403-00-04-175-10039-12
2018-04-09 17:30:13,422 [8] DEBUG  - Cuenta de comisiones GASTO 5302-06-201-0403-00-04-175-10039-05
2018-04-09 17:30:14,543 [8] DEBUG  - Cuenta de comisiones PAGO 2902-00-201-0403-00-04-175-10039-00
2018-04-09 17:30:14,544 [8] DEBUG  - Porcentaje Reserva Riesgos en curso: 40
2018-04-09 17:30:15,577 [8] DEBUG  - Cuenta para RRC GASTO: 5311-06-201-0403-00-04-175-10039-65
2018-04-09 17:30:17,265 [8] DEBUG  - Cuenta para RRC GASTO: 5311-06-201-0403-00-04-175-10039-24
2018-04-09 17:30:18,706 [8] DEBUG  - Cuenta para RRC GASTO: 5311-06-201-0403-00-04-175-10039-15
2018-04-09 17:30:19,729 [8] DEBUG  - Cuenta para RRC GASTO: 5311-06-201-0403-00-04-175-10039-04
2018-04-09 17:30:20,750 [8] DEBUG  - Cuenta para RRC GASTO: 5311-06-201-0403-00-04-175-10039-02
2018-04-09 17:30:21,774 [8] DEBUG  - Cuenta para RRC GASTO: 5311-06-201-0403-00-04-175-10039-13
2018-04-09 17:30:22,798 [8] DEBUG  - Cuenta para RRC GASTO: 5311-06-201-0403-00-04-175-10039-06
2018-04-09 17:30:23,823 [8] DEBUG  - Cuenta para RRC GASTO: 5311-06-201-0403-00-04-175-10039-09
2018-04-09 17:30:24,844 [8] DEBUG  - Cuenta para RRC GASTO: 5311-06-201-0403-00-04-175-10039-12
2018-04-09 17:30:25,867 [8] DEBUG  - Cuenta para RRC GASTO: 5311-06-201-0403-00-04-175-10039-05
2018-04-09 17:30:26,805 [8] DEBUG  - Cuenta para RRC PASIVO: 2206-00-201-0403-00-04-175-10039-00
2018-04-09 17:30:27,830 [8] DEBUG  - Reaseguro Contractual: 5306-06-201-0403-00-04-175-10039-04
2018-04-09 17:30:28,930 [8] DEBUG  - Reaseguradores Comision por Reaseguro: 4302-06-201-0403-00-04-175-10039-04
2018-04-09 17:30:29,952 [8] DEBUG  - Reaseguro Contractual: 5306-06-201-0403-00-04-175-10039-06
2018-04-09 17:30:30,975 [8] DEBUG  - Reaseguradores Comision por Reaseguro: 4302-06-201-0403-00-04-175-10039-06
2018-04-09 17:30:31,996 [8] DEBUG  - Reaseguro Contractual: 5306-06-201-0403-00-04-175-10039-05
2018-04-09 17:30:33,018 [8] DEBUG  - Reaseguradores Comision por Reaseguro: 4302-06-201-0403-00-04-175-10039-05
2018-04-09 17:30:33,947 [8] DEBUG  - Reaseguradores - cuenta corriente: 2402-00-201-0403-00-04-175-10039-00
2018-04-09 17:30:34,878 [8] DEBUG  - Reaseguradores Comision por Reaseguro: 2402-00-201-0403-00-04-175-10039-00
2018-04-09 17:30:35,900 [8] DEBUG  - RRC para reaseguro INGRESO: 4311-06-201-0403-00-04-175-10039-04
2018-04-09 17:30:36,928 [8] DEBUG  - RRC para reaseguro INGRESO: 4311-06-201-0403-00-04-175-10039-06
2018-04-09 17:30:37,948 [8] DEBUG  - RRC para reaseguro INGRESO: 4311-06-201-0403-00-04-175-10039-05
2018-04-09 17:30:38,879 [8] DEBUG  - RRC para reaseguro PASIVO: 2206-00-201-0403-00-04-175-10039-00
2018-04-09 17:30:52,637 [8] DEBUG  - Contruyendo encabezado
2018-04-09 17:30:52,637 [8] DEBUG  - Creacion de numero de batch SFFA2222018
2018-04-09 17:30:53,447 [8] DEBUG  - Se obtiene el cliente de GP 1-05-405260
2018-04-09 17:31:04,465 [8] DEBUG  - Cuenta por cobrar: 6104-06-000-0000-00-00-000-00013-02
2018-04-09 17:31:05,118 [8] DEBUG  - Cuenta de producto: 6104-06-000-0000-00-00-000-00043-01
2018-04-09 17:31:05,118 [8] DEBUG  - Cuenta de impuestos: 6101-00-000-0000-00-00-000-00029-01
2018-04-09 17:31:06,419 [8] DEBUG  - Cuenta de comisiones GASTO 6104-06-000-0000-00-00-000-00053-02
2018-04-09 17:31:06,419 [8] DEBUG  - Cuenta de comisiones PAGO 6101-00-000-0000-00-00-000-00029-02
2018-04-09 17:31:06,419 [8] DEBUG  - Porcentaje Reserva Riesgos en curso: 40
2018-04-09 17:31:07,070 [8] DEBUG  - Cuenta para RRC GASTO: 6106-06-000-0000-00-00-000-00053-11
2018-04-09 17:31:07,720 [8] DEBUG  - Cuenta para RRC PASIVO: 6104-06-000-0000-00-00-000-00022-06
2018-04-09 17:31:11,637 [8] DEBUG  - Reaseguradores Comision por Reaseguro: 6106-06-000-0000-00-00-000-00043-02
2018-04-09 17:31:11,637 [8] DEBUG  - Reaseguro Contractual: 6106-06-000-0000-00-00-000-00053-06
2018-04-09 17:31:12,290 [8] DEBUG  - Reaseguradores del exterior – cuenta corriente: 6106-06-000-0000-00-00-000-00043-02
2018-04-09 17:31:12,943 [8] DEBUG  - Reaseguradores Comision por Reaseguro Pasivo: 6103-00-000-0000-00-00-000-00024-02
2018-04-09 17:31:13,594 [8] DEBUG  - RRC para reaseguro INGRESO: 6106-06-000-0000-00-00-000-00043-11
2018-04-09 17:31:14,248 [8] DEBUG  - RRC para reaseguro PASIVO: 6104-06-000-0000-00-00-000-00022-06
2018-04-09 17:31:39,872 [8] DEBUG  - Cuenta por cobrar: 1302-06-201-0403-00-05-176-10002-00
2018-04-09 17:31:39,872 [8] DEBUG  - Cuenta de producto: 4301-06-201-0403-00-05-176-10002-65
2018-04-09 17:31:39,872 [8] DEBUG  - Cuenta de producto: 4301-06-201-0403-00-05-176-10002-24
2018-04-09 17:31:39,872 [8] DEBUG  - Cuenta de producto: 4301-06-201-0403-00-05-176-10002-15
2018-04-09 17:31:39,872 [8] DEBUG  - Cuenta de producto: 4301-06-201-0403-00-05-176-10002-04
2018-04-09 17:31:39,872 [8] DEBUG  - Cuenta de producto: 4301-06-201-0403-00-05-176-10002-02
2018-04-09 17:31:39,872 [8] DEBUG  - Cuenta de producto: 4301-06-201-0403-00-05-176-10002-13
2018-04-09 17:31:39,872 [8] DEBUG  - Cuenta de producto: 4301-06-201-0403-00-05-176-10002-06
2018-04-09 17:31:39,872 [8] DEBUG  - Cuenta de producto: 4301-06-201-0403-00-05-176-10002-09
2018-04-09 17:31:39,872 [8] DEBUG  - Cuenta de producto: 4301-06-201-0403-00-05-176-10002-12
2018-04-09 17:31:39,872 [8] DEBUG  - Cuenta de producto: 4301-06-201-0403-00-05-176-10002-05
2018-04-09 17:31:39,872 [8] DEBUG  - Cuenta de producto: 4301-06-201-0403-00-05-176-10002-16
2018-04-09 17:31:39,872 [8] DEBUG  - Cuenta de impuestos: 2901-00-000-0000-00-00-171-00001-00
2018-04-09 17:31:41,113 [8] DEBUG  - Cuenta de comisiones GASTO 5302-06-201-0403-00-05-176-10002-65
2018-04-09 17:31:42,515 [8] DEBUG  - Cuenta de comisiones GASTO 5302-06-201-0403-00-05-176-10002-24
2018-04-09 17:31:43,913 [8] DEBUG  - Cuenta de comisiones GASTO 5302-06-201-0403-00-05-176-10002-15
2018-04-09 17:31:45,307 [8] DEBUG  - Cuenta de comisiones GASTO 5302-06-201-0403-00-05-176-10002-04
2018-04-09 17:31:46,708 [8] DEBUG  - Cuenta de comisiones GASTO 5302-06-201-0403-00-05-176-10002-02
2018-04-09 17:31:48,105 [8] DEBUG  - Cuenta de comisiones GASTO 5302-06-201-0403-00-05-176-10002-13
2018-04-09 17:31:49,504 [8] DEBUG  - Cuenta de comisiones GASTO 5302-06-201-0403-00-05-176-10002-06
2018-04-09 17:31:50,901 [8] DEBUG  - Cuenta de comisiones GASTO 5302-06-201-0403-00-05-176-10002-09
2018-04-09 17:31:52,298 [8] DEBUG  - Cuenta de comisiones GASTO 5302-06-201-0403-00-05-176-10002-12
2018-04-09 17:31:53,695 [8] DEBUG  - Cuenta de comisiones GASTO 5302-06-201-0403-00-05-176-10002-05
2018-04-09 17:31:55,100 [8] DEBUG  - Cuenta de comisiones GASTO 5302-06-201-0403-00-05-176-10002-16
2018-04-09 17:31:56,221 [8] DEBUG  - Cuenta de comisiones PAGO 2902-00-201-0403-00-05-176-10002-00
2018-04-09 17:31:56,221 [8] DEBUG  - Porcentaje Reserva Riesgos en curso: 40
2018-04-09 17:31:57,246 [8] DEBUG  - Cuenta para RRC GASTO: 5311-06-201-0403-00-05-176-10002-65
2018-04-09 17:31:58,268 [8] DEBUG  - Cuenta para RRC GASTO: 5311-06-201-0403-00-05-176-10002-24
2018-04-09 17:31:59,294 [8] DEBUG  - Cuenta para RRC GASTO: 5311-06-201-0403-00-05-176-10002-15
2018-04-09 17:32:00,319 [8] DEBUG  - Cuenta para RRC GASTO: 5311-06-201-0403-00-05-176-10002-04
2018-04-09 17:32:01,345 [8] DEBUG  - Cuenta para RRC GASTO: 5311-06-201-0403-00-05-176-10002-02
2018-04-09 17:32:02,369 [8] DEBUG  - Cuenta para RRC GASTO: 5311-06-201-0403-00-05-176-10002-13
2018-04-09 17:32:03,394 [8] DEBUG  - Cuenta para RRC GASTO: 5311-06-201-0403-00-05-176-10002-06
2018-04-09 17:32:04,417 [8] DEBUG  - Cuenta para RRC GASTO: 5311-06-201-0403-00-05-176-10002-09
2018-04-09 17:32:05,442 [8] DEBUG  - Cuenta para RRC GASTO: 5311-06-201-0403-00-05-176-10002-12
2018-04-09 17:32:06,465 [8] DEBUG  - Cuenta para RRC GASTO: 5311-06-201-0403-00-05-176-10002-05
2018-04-09 17:32:07,490 [8] DEBUG  - Cuenta para RRC GASTO: 5311-06-201-0403-00-05-176-10002-16
2018-04-09 17:32:08,422 [8] DEBUG  - Cuenta para RRC PASIVO: 2206-00-201-0403-00-05-176-10002-00
2018-04-09 17:32:09,445 [8] DEBUG  - Reaseguro Contractual: 5306-06-201-0403-00-05-176-10002-04
2018-04-09 17:32:10,466 [8] DEBUG  - Reaseguradores Comision por Reaseguro: 4302-06-201-0403-00-05-176-10002-04
2018-04-09 17:32:11,488 [8] DEBUG  - Reaseguro Contractual: 5306-06-201-0403-00-05-176-10002-06
2018-04-09 17:32:12,513 [8] DEBUG  - Reaseguradores Comision por Reaseguro: 4302-06-201-0403-00-05-176-10002-06
2018-04-09 17:32:13,538 [8] DEBUG  - Reaseguro Contractual: 5306-06-201-0403-00-05-176-10002-05
2018-04-09 17:32:14,563 [8] DEBUG  - Reaseguradores Comision por Reaseguro: 4302-06-201-0403-00-05-176-10002-05
2018-04-09 17:32:15,494 [8] DEBUG  - Reaseguradores - cuenta corriente: 2402-00-201-0403-00-05-176-10002-00
2018-04-09 17:32:16,427 [8] DEBUG  - Reaseguradores Comision por Reaseguro: 2402-00-201-0403-00-05-176-10002-00
2018-04-09 17:32:17,454 [8] DEBUG  - RRC para reaseguro INGRESO: 4311-06-201-0403-00-05-176-10002-04
2018-04-09 17:32:18,476 [8] DEBUG  - RRC para reaseguro INGRESO: 4311-06-201-0403-00-05-176-10002-06
2018-04-09 17:32:19,499 [8] DEBUG  - RRC para reaseguro INGRESO: 4311-06-201-0403-00-05-176-10002-05
2018-04-09 17:32:20,429 [8] DEBUG  - RRC para reaseguro PASIVO: 2206-00-201-0403-00-05-176-10002-00
2018-04-09 17:32:34,551 [8] DEBUG  - Contruyendo encabezado
2018-04-09 17:32:34,551 [8] DEBUG  - Creacion de numero de batch SFFA2222018
2018-04-09 17:32:35,198 [8] DEBUG  - Se obtiene el cliente de GP 21-05-458744
2018-04-09 17:32:44,857 [8] DEBUG  - Cuenta por cobrar: 6104-06-000-0000-00-00-000-00013-02
2018-04-09 17:32:45,510 [8] DEBUG  - Cuenta de producto: 6104-06-000-0000-00-00-000-00043-01
2018-04-09 17:32:45,510 [8] DEBUG  - Cuenta de impuestos: 6101-00-000-0000-00-00-000-00029-01
2018-04-09 17:32:46,815 [8] DEBUG  - Cuenta de comisiones GASTO 6104-06-000-0000-00-00-000-00053-02
2018-04-09 17:32:46,815 [8] DEBUG  - Cuenta de comisiones PAGO 6101-00-000-0000-00-00-000-00029-02
2018-04-09 17:32:46,815 [8] DEBUG  - Porcentaje Reserva Riesgos en curso: 40
2018-04-09 17:32:47,468 [8] DEBUG  - Cuenta para RRC GASTO: 6106-06-000-0000-00-00-000-00053-11
2018-04-09 17:32:48,118 [8] DEBUG  - Cuenta para RRC PASIVO: 6104-06-000-0000-00-00-000-00022-06
2018-04-09 17:32:52,047 [8] DEBUG  - Reaseguradores Comision por Reaseguro: 6106-06-000-0000-00-00-000-00043-02
2018-04-09 17:32:52,047 [8] DEBUG  - Reaseguro Contractual: 6106-06-000-0000-00-00-000-00053-06
2018-04-09 17:32:52,697 [8] DEBUG  - Reaseguradores del exterior – cuenta corriente: 6106-06-000-0000-00-00-000-00043-02
2018-04-09 17:32:53,350 [8] DEBUG  - Reaseguradores Comision por Reaseguro Pasivo: 6103-00-000-0000-00-00-000-00024-02
2018-04-09 17:32:54,009 [8] DEBUG  - RRC para reaseguro INGRESO: 6106-06-000-0000-00-00-000-00043-11
2018-04-09 17:32:54,662 [8] DEBUG  - RRC para reaseguro PASIVO: 6104-06-000-0000-00-00-000-00022-06
2018-04-09 17:33:12,123 [8] DEBUG  - Cuenta por cobrar: 1302-06-201-0403-00-01-177-10120-00
2018-04-09 17:33:12,123 [8] DEBUG  - Cuenta de producto: 4301-06-201-0403-00-01-177-10120-65
2018-04-09 17:33:12,123 [8] DEBUG  - Cuenta de producto: 4301-06-201-0403-00-01-177-10120-04
2018-04-09 17:33:12,123 [8] DEBUG  - Cuenta de producto: 4301-06-201-0403-00-01-177-10120-02
2018-04-09 17:33:12,123 [8] DEBUG  - Cuenta de producto: 4301-06-201-0403-00-01-177-10120-13
2018-04-09 17:33:12,123 [8] DEBUG  - Cuenta de producto: 4301-06-201-0403-00-01-177-10120-06
2018-04-09 17:33:12,123 [8] DEBUG  - Cuenta de producto: 4301-06-201-0403-00-01-177-10120-09
2018-04-09 17:33:12,123 [8] DEBUG  - Cuenta de producto: 4301-06-201-0403-00-01-177-10120-12
2018-04-09 17:33:12,123 [8] DEBUG  - Cuenta de producto: 4301-06-201-0403-00-01-177-10120-05
2018-04-09 17:33:12,123 [8] DEBUG  - Cuenta de producto: 4301-06-201-0403-00-01-177-10120-16
2018-04-09 17:33:12,123 [8] DEBUG  - Cuenta de impuestos: 2901-00-000-0000-00-00-171-00001-00
2018-04-09 17:33:14,018 [8] DEBUG  - Cuenta de comisiones GASTO 5302-06-201-0403-00-01-177-10120-65
2018-04-09 17:33:15,804 [8] DEBUG  - Cuenta de comisiones GASTO 5302-06-201-0403-00-01-177-10120-04
2018-04-09 17:33:17,618 [8] DEBUG  - Cuenta de comisiones GASTO 5302-06-201-0403-00-01-177-10120-02
2018-04-09 17:33:19,403 [8] DEBUG  - Cuenta de comisiones GASTO 5302-06-201-0403-00-01-177-10120-13
2018-04-09 17:33:21,253 [8] DEBUG  - Cuenta de comisiones GASTO 5302-06-201-0403-00-01-177-10120-06
2018-04-09 17:33:23,016 [8] DEBUG  - Cuenta de comisiones GASTO 5302-06-201-0403-00-01-177-10120-09
2018-04-09 17:33:24,745 [8] DEBUG  - Cuenta de comisiones GASTO 5302-06-201-0403-00-01-177-10120-12
2018-04-09 17:33:26,508 [8] DEBUG  - Cuenta de comisiones GASTO 5302-06-201-0403-00-01-177-10120-05
2018-04-09 17:33:28,230 [8] DEBUG  - Cuenta de comisiones GASTO 5302-06-201-0403-00-01-177-10120-16
2018-04-09 17:33:30,339 [8] DEBUG  - Cuenta de comisiones PAGO 2902-00-201-0403-00-01-177-10120-00
2018-04-09 17:33:30,339 [8] DEBUG  - Porcentaje Reserva Riesgos en curso: 40
2018-04-09 17:33:32,039 [8] DEBUG  - Cuenta para RRC GASTO: 5311-06-201-0403-00-01-177-10120-65
2018-04-09 17:33:33,449 [8] DEBUG  - Cuenta para RRC GASTO: 5311-06-201-0403-00-01-177-10120-04
2018-04-09 17:33:34,816 [8] DEBUG  - Cuenta para RRC GASTO: 5311-06-201-0403-00-01-177-10120-02
2018-04-09 17:33:36,211 [8] DEBUG  - Cuenta para RRC GASTO: 5311-06-201-0403-00-01-177-10120-13
2018-04-09 17:33:37,671 [8] DEBUG  - Cuenta para RRC GASTO: 5311-06-201-0403-00-01-177-10120-06
2018-04-09 17:33:39,043 [8] DEBUG  - Cuenta para RRC GASTO: 5311-06-201-0403-00-01-177-10120-09
2018-04-09 17:33:40,590 [8] DEBUG  - Cuenta para RRC GASTO: 5311-06-201-0403-00-01-177-10120-12
2018-04-09 17:33:42,064 [8] DEBUG  - Cuenta para RRC GASTO: 5311-06-201-0403-00-01-177-10120-05
2018-04-09 17:33:43,464 [8] DEBUG  - Cuenta para RRC GASTO: 5311-06-201-0403-00-01-177-10120-16
2018-04-09 17:33:46,822 [8] DEBUG  - Cuenta para RRC PASIVO: 2206-00-201-0403-00-01-177-10120-00
2018-04-09 17:33:48,796 [8] DEBUG  - Reaseguro Contractual: 5306-06-201-0403-00-01-177-10120-04
2018-04-09 17:33:50,646 [8] DEBUG  - Reaseguradores Comision por Reaseguro: 4302-06-201-0403-00-01-177-10120-04
2018-04-09 17:33:52,147 [8] DEBUG  - Reaseguro Contractual: 5306-06-201-0403-00-01-177-10120-06
2018-04-09 17:33:53,859 [8] DEBUG  - Reaseguradores Comision por Reaseguro: 4302-06-201-0403-00-01-177-10120-06
2018-04-09 17:33:55,866 [8] DEBUG  - Reaseguro Contractual: 5306-06-201-0403-00-01-177-10120-05
2018-04-09 17:33:57,918 [8] DEBUG  - Reaseguradores Comision por Reaseguro: 4302-06-201-0403-00-01-177-10120-05
2018-04-09 17:33:59,456 [8] DEBUG  - Reaseguradores - cuenta corriente: 2402-00-201-0403-00-01-177-10120-00
2018-04-09 17:34:00,389 [8] DEBUG  - Reaseguradores Comision por Reaseguro: 2402-00-201-0403-00-01-177-10120-00
2018-04-09 17:34:01,828 [8] DEBUG  - RRC para reaseguro INGRESO: 4311-06-201-0403-00-01-177-10120-04
2018-04-09 17:34:03,220 [8] DEBUG  - RRC para reaseguro INGRESO: 4311-06-201-0403-00-01-177-10120-06
2018-04-09 17:34:04,628 [8] DEBUG  - RRC para reaseguro INGRESO: 4311-06-201-0403-00-01-177-10120-05
2018-04-09 17:34:05,560 [8] DEBUG  - RRC para reaseguro PASIVO: 2206-00-201-0403-00-01-177-10120-00
2018-04-09 17:34:18,167 [8] DEBUG  - Contruyendo encabezado
2018-04-09 17:34:18,167 [8] DEBUG  - Creacion de numero de batch SFFA2422018
2018-04-09 17:34:18,803 [8] DEBUG  - Se obtiene el cliente de GP 15-05-458463
2018-04-09 17:34:29,728 [8] DEBUG  - Cuenta por cobrar: 6104-06-000-0000-00-00-000-00013-02
2018-04-09 17:34:30,379 [8] DEBUG  - Cuenta de producto: 6104-06-000-0000-00-00-000-00043-01
2018-04-09 17:34:30,379 [8] DEBUG  - Cuenta de impuestos: 6101-00-000-0000-00-00-000-00029-01
2018-04-09 17:34:31,683 [8] DEBUG  - Cuenta de comisiones GASTO 6104-06-000-0000-00-00-000-00053-02
2018-04-09 17:34:31,683 [8] DEBUG  - Cuenta de comisiones PAGO 6101-00-000-0000-00-00-000-00029-02
2018-04-09 17:34:31,683 [8] DEBUG  - Porcentaje Reserva Riesgos en curso: 40
2018-04-09 17:34:32,336 [8] DEBUG  - Cuenta para RRC GASTO: 6106-06-000-0000-00-00-000-00053-11
2018-04-09 17:34:32,988 [8] DEBUG  - Cuenta para RRC PASIVO: 6104-06-000-0000-00-00-000-00022-06
2018-04-09 17:34:36,912 [8] DEBUG  - Reaseguradores Comision por Reaseguro: 6106-06-000-0000-00-00-000-00043-02
2018-04-09 17:34:36,912 [8] DEBUG  - Reaseguro Contractual: 6106-06-000-0000-00-00-000-00053-06
2018-04-09 17:34:37,565 [8] DEBUG  - Reaseguradores del exterior – cuenta corriente: 6106-06-000-0000-00-00-000-00043-02
2018-04-09 17:34:38,220 [8] DEBUG  - Reaseguradores Comision por Reaseguro Pasivo: 6103-00-000-0000-00-00-000-00024-02
2018-04-09 17:34:38,873 [8] DEBUG  - RRC para reaseguro INGRESO: 6106-06-000-0000-00-00-000-00043-11
2018-04-09 17:34:39,526 [8] DEBUG  - RRC para reaseguro PASIVO: 6104-06-000-0000-00-00-000-00022-06
2018-04-09 17:34:53,805 [8] DEBUG  - Cuenta por cobrar: 1302-06-201-0203-00-03-176-10052-00
2018-04-09 17:34:53,805 [8] DEBUG  - Cuenta de producto: 4301-06-201-0203-00-03-176-10052-65
2018-04-09 17:34:53,805 [8] DEBUG  - Cuenta de producto: 4301-06-201-0203-00-03-176-10052-15
2018-04-09 17:34:53,805 [8] DEBUG  - Cuenta de producto: 4301-06-201-0203-00-03-176-10052-04
2018-04-09 17:34:53,805 [8] DEBUG  - Cuenta de producto: 4301-06-201-0203-00-03-176-10052-02
2018-04-09 17:34:53,805 [8] DEBUG  - Cuenta de producto: 4301-06-201-0203-00-03-176-10052-13
2018-04-09 17:34:53,805 [8] DEBUG  - Cuenta de producto: 4301-06-201-0203-00-03-176-10052-06
2018-04-09 17:34:53,805 [8] DEBUG  - Cuenta de producto: 4301-06-201-0203-00-03-176-10052-09
2018-04-09 17:34:53,805 [8] DEBUG  - Cuenta de producto: 4301-06-201-0203-00-03-176-10052-12
2018-04-09 17:34:53,805 [8] DEBUG  - Cuenta de producto: 4301-06-201-0203-00-03-176-10052-05
2018-04-09 17:34:53,805 [8] DEBUG  - Cuenta de producto: 4301-06-201-0203-00-03-176-10052-16
2018-04-09 17:34:53,805 [8] DEBUG  - Cuenta de impuestos: 2901-00-000-0000-00-00-171-00001-00
2018-04-09 17:34:55,016 [8] DEBUG  - Cuenta de comisiones GASTO 5302-06-201-0203-00-03-176-10052-65
2018-04-09 17:34:56,408 [8] DEBUG  - Cuenta de comisiones GASTO 5302-06-201-0203-00-03-176-10052-15
2018-04-09 17:34:57,804 [8] DEBUG  - Cuenta de comisiones GASTO 5302-06-201-0203-00-03-176-10052-04
2018-04-09 17:34:59,203 [8] DEBUG  - Cuenta de comisiones GASTO 5302-06-201-0203-00-03-176-10052-02
2018-04-09 17:35:00,600 [8] DEBUG  - Cuenta de comisiones GASTO 5302-06-201-0203-00-03-176-10052-13
2018-04-09 17:35:01,996 [8] DEBUG  - Cuenta de comisiones GASTO 5302-06-201-0203-00-03-176-10052-06
2018-04-09 17:35:03,396 [8] DEBUG  - Cuenta de comisiones GASTO 5302-06-201-0203-00-03-176-10052-09
2018-04-09 17:35:04,792 [8] DEBUG  - Cuenta de comisiones GASTO 5302-06-201-0203-00-03-176-10052-12
2018-04-09 17:35:06,191 [8] DEBUG  - Cuenta de comisiones GASTO 5302-06-201-0203-00-03-176-10052-05
2018-04-09 17:35:07,591 [8] DEBUG  - Cuenta de comisiones GASTO 5302-06-201-0203-00-03-176-10052-16
2018-04-09 17:35:08,707 [8] DEBUG  - Cuenta de comisiones PAGO 2902-00-201-0203-00-03-176-10052-00
2018-04-09 17:35:08,707 [8] DEBUG  - Porcentaje Reserva Riesgos en curso: 40
2018-04-09 17:35:09,732 [8] DEBUG  - Cuenta para RRC GASTO: 5311-06-201-0203-00-03-176-10052-65
2018-04-09 17:35:10,756 [8] DEBUG  - Cuenta para RRC GASTO: 5311-06-201-0203-00-03-176-10052-15
2018-04-09 17:35:11,784 [8] DEBUG  - Cuenta para RRC GASTO: 5311-06-201-0203-00-03-176-10052-04
2018-04-09 17:35:12,808 [8] DEBUG  - Cuenta para RRC GASTO: 5311-06-201-0203-00-03-176-10052-02
2018-04-09 17:35:13,833 [8] DEBUG  - Cuenta para RRC GASTO: 5311-06-201-0203-00-03-176-10052-13
2018-04-09 17:35:14,860 [8] DEBUG  - Cuenta para RRC GASTO: 5311-06-201-0203-00-03-176-10052-06
2018-04-09 17:35:15,945 [8] DEBUG  - Cuenta para RRC GASTO: 5311-06-201-0203-00-03-176-10052-09
2018-04-09 17:35:20,213 [8] DEBUG  - Cuenta para RRC GASTO: 5311-06-201-0203-00-03-176-10052-12
2018-04-09 17:35:21,241 [8] DEBUG  - Cuenta para RRC GASTO: 5311-06-201-0203-00-03-176-10052-05
2018-04-09 17:35:22,286 [8] DEBUG  - Cuenta para RRC GASTO: 5311-06-201-0203-00-03-176-10052-16
2018-04-09 17:35:23,236 [8] DEBUG  - Cuenta para RRC PASIVO: 2206-00-201-0203-00-03-176-10052-00
2018-04-09 17:35:24,626 [8] DEBUG  - Reaseguro Contractual: 5306-06-201-0203-00-03-176-10052-04
2018-04-09 17:35:25,725 [8] DEBUG  - Reaseguradores Comision por Reaseguro: 4302-06-201-0203-00-03-176-10052-04
2018-04-09 17:35:26,804 [8] DEBUG  - Reaseguro Contractual: 5306-06-201-0203-00-03-176-10052-06
2018-04-09 17:35:27,830 [8] DEBUG  - Reaseguradores Comision por Reaseguro: 4302-06-201-0203-00-03-176-10052-06
2018-04-09 17:35:28,855 [8] DEBUG  - Reaseguro Contractual: 5306-06-201-0203-00-03-176-10052-05
2018-04-09 17:35:29,878 [8] DEBUG  - Reaseguradores Comision por Reaseguro: 4302-06-201-0203-00-03-176-10052-05
2018-04-09 17:35:30,809 [8] DEBUG  - Reaseguradores - cuenta corriente: 2402-00-201-0203-00-03-176-10052-00
2018-04-09 17:35:31,750 [8] DEBUG  - Reaseguradores Comision por Reaseguro: 2402-00-201-0203-00-03-176-10052-00
2018-04-09 17:35:32,777 [8] DEBUG  - RRC para reaseguro INGRESO: 4311-06-201-0203-00-03-176-10052-04
2018-04-09 17:35:33,801 [8] DEBUG  - RRC para reaseguro INGRESO: 4311-06-201-0203-00-03-176-10052-06
2018-04-09 17:35:34,828 [8] DEBUG  - RRC para reaseguro INGRESO: 4311-06-201-0203-00-03-176-10052-05
2018-04-09 17:35:35,759 [8] DEBUG  - RRC para reaseguro PASIVO: 2206-00-201-0203-00-03-176-10052-00
2018-04-09 17:35:49,161 [8] DEBUG  - Contruyendo encabezado
2018-04-09 17:35:49,161 [8] DEBUG  - Creacion de numero de batch SFFA2622018
2018-04-09 17:35:49,895 [8] DEBUG  - Se obtiene el cliente de GP 21-05-459081
2018-04-09 17:36:03,253 [8] DEBUG  - Cuenta por cobrar: 6104-06-000-0000-00-00-000-00013-02
2018-04-09 17:36:03,936 [8] DEBUG  - Cuenta de producto: 6104-06-000-0000-00-00-000-00043-01
2018-04-09 17:36:03,936 [8] DEBUG  - Cuenta de impuestos: 6101-00-000-0000-00-00-000-00029-01
2018-04-09 17:36:05,284 [8] DEBUG  - Cuenta de comisiones GASTO 6104-06-000-0000-00-00-000-00053-02
2018-04-09 17:36:05,284 [8] DEBUG  - Cuenta de comisiones PAGO 6101-00-000-0000-00-00-000-00029-02
2018-04-09 17:36:05,284 [8] DEBUG  - Porcentaje Reserva Riesgos en curso: 40
2018-04-09 17:36:05,968 [8] DEBUG  - Cuenta para RRC GASTO: 6106-06-000-0000-00-00-000-00053-11
2018-04-09 17:36:06,687 [8] DEBUG  - Cuenta para RRC PASIVO: 6104-06-000-0000-00-00-000-00022-06
2018-04-09 17:36:10,596 [8] DEBUG  - Reaseguradores Comision por Reaseguro: 6106-06-000-0000-00-00-000-00043-02
2018-04-09 17:36:10,596 [8] DEBUG  - Reaseguro Contractual: 6106-06-000-0000-00-00-000-00053-06
2018-04-09 17:36:11,249 [8] DEBUG  - Reaseguradores del exterior – cuenta corriente: 6106-06-000-0000-00-00-000-00043-02
2018-04-09 17:36:11,900 [8] DEBUG  - Reaseguradores Comision por Reaseguro Pasivo: 6103-00-000-0000-00-00-000-00024-02
2018-04-09 17:36:12,551 [8] DEBUG  - RRC para reaseguro INGRESO: 6106-06-000-0000-00-00-000-00043-11
2018-04-09 17:36:13,202 [8] DEBUG  - RRC para reaseguro PASIVO: 6104-06-000-0000-00-00-000-00022-06
2018-04-09 17:36:29,626 [8] DEBUG  - Cuenta por cobrar: 1302-06-201-0403-00-01-178-10120-00
2018-04-09 17:36:29,626 [8] DEBUG  - Cuenta de producto: 4301-06-201-0403-00-01-178-10120-65
2018-04-09 17:36:29,627 [8] DEBUG  - Cuenta de producto: 4301-06-201-0403-00-01-178-10120-04
2018-04-09 17:36:29,627 [8] DEBUG  - Cuenta de producto: 4301-06-201-0403-00-01-178-10120-02
2018-04-09 17:36:29,627 [8] DEBUG  - Cuenta de producto: 4301-06-201-0403-00-01-178-10120-13
2018-04-09 17:36:29,627 [8] DEBUG  - Cuenta de producto: 4301-06-201-0403-00-01-178-10120-06
2018-04-09 17:36:29,627 [8] DEBUG  - Cuenta de producto: 4301-06-201-0403-00-01-178-10120-09
2018-04-09 17:36:29,627 [8] DEBUG  - Cuenta de producto: 4301-06-201-0403-00-01-178-10120-12
2018-04-09 17:36:29,627 [8] DEBUG  - Cuenta de producto: 4301-06-201-0403-00-01-178-10120-05
2018-04-09 17:36:29,627 [8] DEBUG  - Cuenta de producto: 4301-06-201-0403-00-01-178-10120-16
2018-04-09 17:36:29,627 [8] DEBUG  - Cuenta de impuestos: 2901-00-000-0000-00-00-171-00001-00
2018-04-09 17:36:31,332 [8] DEBUG  - Cuenta de comisiones GASTO 5302-06-201-0403-00-01-178-10120-65
2018-04-09 17:36:33,069 [8] DEBUG  - Cuenta de comisiones GASTO 5302-06-201-0403-00-01-178-10120-04
2018-04-09 17:36:34,813 [8] DEBUG  - Cuenta de comisiones GASTO 5302-06-201-0403-00-01-178-10120-02
2018-04-09 17:36:36,533 [8] DEBUG  - Cuenta de comisiones GASTO 5302-06-201-0403-00-01-178-10120-13
2018-04-09 17:36:38,239 [8] DEBUG  - Cuenta de comisiones GASTO 5302-06-201-0403-00-01-178-10120-06
2018-04-09 17:36:39,952 [8] DEBUG  - Cuenta de comisiones GASTO 5302-06-201-0403-00-01-178-10120-09
2018-04-09 17:36:42,033 [8] DEBUG  - Cuenta de comisiones GASTO 5302-06-201-0403-00-01-178-10120-12
2018-04-09 17:36:43,901 [8] DEBUG  - Cuenta de comisiones GASTO 5302-06-201-0403-00-01-178-10120-05
2018-04-09 17:36:45,624 [8] DEBUG  - Cuenta de comisiones GASTO 5302-06-201-0403-00-01-178-10120-16
2018-04-09 17:36:47,304 [8] DEBUG  - Cuenta de comisiones PAGO 2902-00-201-0403-00-01-178-10120-00
2018-04-09 17:36:47,304 [8] DEBUG  - Porcentaje Reserva Riesgos en curso: 40
2018-04-09 17:36:48,768 [8] DEBUG  - Cuenta para RRC GASTO: 5311-06-201-0403-00-01-178-10120-65
2018-04-09 17:36:50,131 [8] DEBUG  - Cuenta para RRC GASTO: 5311-06-201-0403-00-01-178-10120-04
2018-04-09 17:36:51,782 [8] DEBUG  - Cuenta para RRC GASTO: 5311-06-201-0403-00-01-178-10120-02
2018-04-09 17:36:53,123 [8] DEBUG  - Cuenta para RRC GASTO: 5311-06-201-0403-00-01-178-10120-13
2018-04-09 17:36:54,489 [8] DEBUG  - Cuenta para RRC GASTO: 5311-06-201-0403-00-01-178-10120-06
2018-04-09 17:36:55,828 [8] DEBUG  - Cuenta para RRC GASTO: 5311-06-201-0403-00-01-178-10120-09
2018-04-09 17:36:57,234 [8] DEBUG  - Cuenta para RRC GASTO: 5311-06-201-0403-00-01-178-10120-12
2018-04-09 17:36:58,584 [8] DEBUG  - Cuenta para RRC GASTO: 5311-06-201-0403-00-01-178-10120-05
2018-04-09 17:36:59,947 [8] DEBUG  - Cuenta para RRC GASTO: 5311-06-201-0403-00-01-178-10120-16
2018-04-09 17:37:01,206 [8] DEBUG  - Cuenta para RRC PASIVO: 2206-00-201-0403-00-01-178-10120-00
2018-04-09 17:37:02,603 [8] DEBUG  - Reaseguro Contractual: 5306-06-201-0403-00-01-178-10120-04
2018-04-09 17:37:04,187 [8] DEBUG  - Reaseguradores Comision por Reaseguro: 4302-06-201-0403-00-01-178-10120-04
2018-04-09 17:37:05,521 [8] DEBUG  - Reaseguro Contractual: 5306-06-201-0403-00-01-178-10120-06
2018-04-09 17:37:06,855 [8] DEBUG  - Reaseguradores Comision por Reaseguro: 4302-06-201-0403-00-01-178-10120-06
2018-04-09 17:37:08,198 [8] DEBUG  - Reaseguro Contractual: 5306-06-201-0403-00-01-178-10120-05
2018-04-09 17:37:09,658 [8] DEBUG  - Reaseguradores Comision por Reaseguro: 4302-06-201-0403-00-01-178-10120-05
2018-04-09 17:37:10,936 [8] DEBUG  - Reaseguradores - cuenta corriente: 2402-00-201-0403-00-01-178-10120-00
2018-04-09 17:37:11,870 [8] DEBUG  - Reaseguradores Comision por Reaseguro: 2402-00-201-0403-00-01-178-10120-00
2018-04-09 17:37:13,308 [8] DEBUG  - RRC para reaseguro INGRESO: 4311-06-201-0403-00-01-178-10120-04
2018-04-09 17:37:14,688 [8] DEBUG  - RRC para reaseguro INGRESO: 4311-06-201-0403-00-01-178-10120-06
2018-04-09 17:37:16,180 [8] DEBUG  - RRC para reaseguro INGRESO: 4311-06-201-0403-00-01-178-10120-05
2018-04-09 17:37:17,110 [8] DEBUG  - RRC para reaseguro PASIVO: 2206-00-201-0403-00-01-178-10120-00
2018-04-09 17:37:37,598 [8] DEBUG  - Contruyendo encabezado
2018-04-09 17:37:37,598 [8] DEBUG  - Creacion de numero de batch SFFA2622018
2018-04-09 17:37:38,388 [8] DEBUG  - Se obtiene el cliente de GP 21-05-460954
2018-04-09 17:37:52,480 [8] DEBUG  - Cuenta por cobrar: 6104-06-000-0000-00-00-000-00013-02
2018-04-09 17:37:53,138 [8] DEBUG  - Cuenta de producto: 6104-06-000-0000-00-00-000-00043-01
2018-04-09 17:37:53,138 [8] DEBUG  - Cuenta de impuestos: 6101-00-000-0000-00-00-000-00029-01
2018-04-09 17:37:54,451 [8] DEBUG  - Cuenta de comisiones GASTO 6104-06-000-0000-00-00-000-00053-02
2018-04-09 17:37:54,451 [8] DEBUG  - Cuenta de comisiones PAGO 6101-00-000-0000-00-00-000-00029-02
2018-04-09 17:37:54,451 [8] DEBUG  - Porcentaje Reserva Riesgos en curso: 40
2018-04-09 17:37:55,102 [8] DEBUG  - Cuenta para RRC GASTO: 6106-06-000-0000-00-00-000-00053-11
2018-04-09 17:37:55,756 [8] DEBUG  - Cuenta para RRC PASIVO: 6104-06-000-0000-00-00-000-00022-06
2018-04-09 17:37:59,679 [8] DEBUG  - Reaseguradores Comision por Reaseguro: 6106-06-000-0000-00-00-000-00043-02
2018-04-09 17:37:59,679 [8] DEBUG  - Reaseguro Contractual: 6106-06-000-0000-00-00-000-00053-06
2018-04-09 17:38:00,334 [8] DEBUG  - Reaseguradores del exterior – cuenta corriente: 6106-06-000-0000-00-00-000-00043-02
2018-04-09 17:38:00,985 [8] DEBUG  - Reaseguradores Comision por Reaseguro Pasivo: 6103-00-000-0000-00-00-000-00024-02
2018-04-09 17:38:01,646 [8] DEBUG  - RRC para reaseguro INGRESO: 6106-06-000-0000-00-00-000-00043-11
2018-04-09 17:38:02,298 [8] DEBUG  - RRC para reaseguro PASIVO: 6104-06-000-0000-00-00-000-00022-06
2018-04-09 17:38:14,718 [8] DEBUG  - Cuenta por cobrar: 1302-06-201-0403-00-01-178-10120-00
2018-04-09 17:38:14,718 [8] DEBUG  - Cuenta de producto: 4301-06-201-0403-00-01-178-10120-65
2018-04-09 17:38:14,718 [8] DEBUG  - Cuenta de producto: 4301-06-201-0403-00-01-178-10120-04
2018-04-09 17:38:14,718 [8] DEBUG  - Cuenta de producto: 4301-06-201-0403-00-01-178-10120-02
2018-04-09 17:38:14,718 [8] DEBUG  - Cuenta de producto: 4301-06-201-0403-00-01-178-10120-13
2018-04-09 17:38:14,718 [8] DEBUG  - Cuenta de producto: 4301-06-201-0403-00-01-178-10120-06
2018-04-09 17:38:14,718 [8] DEBUG  - Cuenta de producto: 4301-06-201-0403-00-01-178-10120-09
2018-04-09 17:38:14,718 [8] DEBUG  - Cuenta de producto: 4301-06-201-0403-00-01-178-10120-12
2018-04-09 17:38:14,718 [8] DEBUG  - Cuenta de producto: 4301-06-201-0403-00-01-178-10120-05
2018-04-09 17:38:14,718 [8] DEBUG  - Cuenta de producto: 4301-06-201-0403-00-01-178-10120-16
2018-04-09 17:38:14,718 [8] DEBUG  - Cuenta de impuestos: 2901-00-000-0000-00-00-171-00001-00
2018-04-09 17:38:15,930 [8] DEBUG  - Cuenta de comisiones GASTO 5302-06-201-0403-00-01-178-10120-65
2018-04-09 17:38:17,329 [8] DEBUG  - Cuenta de comisiones GASTO 5302-06-201-0403-00-01-178-10120-04
2018-04-09 17:38:18,725 [8] DEBUG  - Cuenta de comisiones GASTO 5302-06-201-0403-00-01-178-10120-02
2018-04-09 17:38:20,122 [8] DEBUG  - Cuenta de comisiones GASTO 5302-06-201-0403-00-01-178-10120-13
2018-04-09 17:38:21,518 [8] DEBUG  - Cuenta de comisiones GASTO 5302-06-201-0403-00-01-178-10120-06
2018-04-09 17:38:22,928 [8] DEBUG  - Cuenta de comisiones GASTO 5302-06-201-0403-00-01-178-10120-09
2018-04-09 17:38:24,324 [8] DEBUG  - Cuenta de comisiones GASTO 5302-06-201-0403-00-01-178-10120-12
2018-04-09 17:38:25,720 [8] DEBUG  - Cuenta de comisiones GASTO 5302-06-201-0403-00-01-178-10120-05
2018-04-09 17:38:27,115 [8] DEBUG  - Cuenta de comisiones GASTO 5302-06-201-0403-00-01-178-10120-16
2018-04-09 17:38:28,243 [8] DEBUG  - Cuenta de comisiones PAGO 2902-00-201-0403-00-01-178-10120-00
2018-04-09 17:38:28,243 [8] DEBUG  - Porcentaje Reserva Riesgos en curso: 40
2018-04-09 17:38:29,269 [8] DEBUG  - Cuenta para RRC GASTO: 5311-06-201-0403-00-01-178-10120-65
2018-04-09 17:38:30,300 [8] DEBUG  - Cuenta para RRC GASTO: 5311-06-201-0403-00-01-178-10120-04
2018-04-09 17:38:31,326 [8] DEBUG  - Cuenta para RRC GASTO: 5311-06-201-0403-00-01-178-10120-02
2018-04-09 17:38:32,353 [8] DEBUG  - Cuenta para RRC GASTO: 5311-06-201-0403-00-01-178-10120-13
2018-04-09 17:38:33,377 [8] DEBUG  - Cuenta para RRC GASTO: 5311-06-201-0403-00-01-178-10120-06
2018-04-09 17:38:34,400 [8] DEBUG  - Cuenta para RRC GASTO: 5311-06-201-0403-00-01-178-10120-09
2018-04-09 17:38:35,426 [8] DEBUG  - Cuenta para RRC GASTO: 5311-06-201-0403-00-01-178-10120-12
2018-04-09 17:38:36,451 [8] DEBUG  - Cuenta para RRC GASTO: 5311-06-201-0403-00-01-178-10120-05
2018-04-09 17:38:37,477 [8] DEBUG  - Cuenta para RRC GASTO: 5311-06-201-0403-00-01-178-10120-16
2018-04-09 17:38:38,411 [8] DEBUG  - Cuenta para RRC PASIVO: 2206-00-201-0403-00-01-178-10120-00
2018-04-09 17:38:39,437 [8] DEBUG  - Reaseguro Contractual: 5306-06-201-0403-00-01-178-10120-04
2018-04-09 17:38:40,462 [8] DEBUG  - Reaseguradores Comision por Reaseguro: 4302-06-201-0403-00-01-178-10120-04
2018-04-09 17:38:41,489 [8] DEBUG  - Reaseguro Contractual: 5306-06-201-0403-00-01-178-10120-06
2018-04-09 17:38:42,514 [8] DEBUG  - Reaseguradores Comision por Reaseguro: 4302-06-201-0403-00-01-178-10120-06
2018-04-09 17:38:43,538 [8] DEBUG  - Reaseguro Contractual: 5306-06-201-0403-00-01-178-10120-05
2018-04-09 17:38:44,564 [8] DEBUG  - Reaseguradores Comision por Reaseguro: 4302-06-201-0403-00-01-178-10120-05
2018-04-09 17:38:45,494 [8] DEBUG  - Reaseguradores - cuenta corriente: 2402-00-201-0403-00-01-178-10120-00
2018-04-09 17:38:46,428 [8] DEBUG  - Reaseguradores Comision por Reaseguro: 2402-00-201-0403-00-01-178-10120-00
2018-04-09 17:38:47,461 [8] DEBUG  - RRC para reaseguro INGRESO: 4311-06-201-0403-00-01-178-10120-04
2018-04-09 17:38:48,496 [8] DEBUG  - RRC para reaseguro INGRESO: 4311-06-201-0403-00-01-178-10120-06
2018-04-09 17:38:49,523 [8] DEBUG  - RRC para reaseguro INGRESO: 4311-06-201-0403-00-01-178-10120-05
2018-04-09 17:38:50,456 [8] DEBUG  - RRC para reaseguro PASIVO: 2206-00-201-0403-00-01-178-10120-00
2018-04-09 17:42:09,683 [9] DEBUG  - Total de Transacciones: 3
2018-04-09 17:42:10,297 [9] DEBUG  - Contruyendo encabezado
2018-04-09 17:42:10,297 [9] DEBUG  - Creacion de numero de batch SFFA2022018
2018-04-09 17:42:11,531 [9] DEBUG  - Se obtiene el cliente de GP 12-05-458520
2018-04-09 17:42:27,120 [9] DEBUG  - Cuenta por cobrar: 6104-06-000-0000-00-00-000-00013-02
2018-04-09 17:42:27,774 [9] DEBUG  - Cuenta de producto: 6104-06-000-0000-00-00-000-00043-01
2018-04-09 17:42:27,775 [9] DEBUG  - Cuenta de impuestos: 6101-00-000-0000-00-00-000-00029-01
2018-04-09 17:42:29,078 [9] DEBUG  - Cuenta de comisiones GASTO 6104-06-000-0000-00-00-000-00053-02
2018-04-09 17:42:29,078 [9] DEBUG  - Cuenta de comisiones PAGO 6101-00-000-0000-00-00-000-00029-02
2018-04-09 17:42:29,078 [9] DEBUG  - Porcentaje Reserva Riesgos en curso: 40
2018-04-09 17:42:29,731 [9] DEBUG  - Cuenta para RRC GASTO: 6106-06-000-0000-00-00-000-00053-11
2018-04-09 17:42:30,386 [9] DEBUG  - Cuenta para RRC PASIVO: 6104-06-000-0000-00-00-000-00022-06
2018-04-09 17:42:35,604 [9] DEBUG  - Reaseguradores Comision por Reaseguro: 6106-06-000-0000-00-00-000-00043-02
2018-04-09 17:42:35,604 [9] DEBUG  - Reaseguro Contractual: 6106-06-000-0000-00-00-000-00053-06
2018-04-09 17:42:36,258 [9] DEBUG  - Reaseguradores del exterior – cuenta corriente: 6106-06-000-0000-00-00-000-00043-02
2018-04-09 17:42:36,912 [9] DEBUG  - Reaseguradores Comision por Reaseguro Pasivo: 6103-00-000-0000-00-00-000-00024-02
2018-04-09 17:42:37,565 [9] DEBUG  - RRC para reaseguro INGRESO: 6106-06-000-0000-00-00-000-00043-11
2018-04-09 17:42:38,218 [9] DEBUG  - RRC para reaseguro PASIVO: 6104-06-000-0000-00-00-000-00022-06
2018-04-09 17:42:59,837 [9] DEBUG  - Cuenta por cobrar: 1302-06-201-0205-00-05-175-10051-00
2018-04-09 17:42:59,837 [9] DEBUG  - Cuenta de producto: 4301-06-201-0205-00-05-175-10051-65
2018-04-09 17:42:59,837 [9] DEBUG  - Cuenta de producto: 4301-06-201-0205-00-05-175-10051-47
2018-04-09 17:42:59,837 [9] DEBUG  - Cuenta de producto: 4301-06-201-0205-00-05-175-10051-24
2018-04-09 17:42:59,837 [9] DEBUG  - Cuenta de producto: 4301-06-201-0205-00-05-175-10051-15
2018-04-09 17:42:59,837 [9] DEBUG  - Cuenta de producto: 4301-06-201-0205-00-05-175-10051-04
2018-04-09 17:42:59,837 [9] DEBUG  - Cuenta de producto: 4301-06-201-0205-00-05-175-10051-02
2018-04-09 17:42:59,837 [9] DEBUG  - Cuenta de producto: 4301-06-201-0205-00-05-175-10051-13
2018-04-09 17:42:59,837 [9] DEBUG  - Cuenta de producto: 4301-06-201-0205-00-05-175-10051-06
2018-04-09 17:42:59,837 [9] DEBUG  - Cuenta de producto: 4301-06-201-0205-00-05-175-10051-09
2018-04-09 17:42:59,837 [9] DEBUG  - Cuenta de producto: 4301-06-201-0205-00-05-175-10051-12
2018-04-09 17:42:59,837 [9] DEBUG  - Cuenta de producto: 4301-06-201-0205-00-05-175-10051-07
2018-04-09 17:42:59,837 [9] DEBUG  - Cuenta de producto: 4301-06-201-0205-00-05-175-10051-68
2018-04-09 17:42:59,837 [9] DEBUG  - Cuenta de producto: 4301-06-201-0205-00-05-175-10051-05
2018-04-09 17:42:59,837 [9] DEBUG  - Cuenta de producto: 4301-06-201-0205-00-05-175-10051-08
2018-04-09 17:42:59,837 [9] DEBUG  - Cuenta de impuestos: 2901-00-000-0000-00-00-171-00001-00
2018-04-09 17:43:01,048 [9] DEBUG  - Cuenta de comisiones GASTO 5302-06-201-0205-00-05-175-10051-65
2018-04-09 17:43:03,500 [9] DEBUG  - Cuenta de comisiones GASTO 5302-06-201-0205-00-05-175-10051-47
2018-04-09 17:43:05,205 [9] DEBUG  - Cuenta de comisiones GASTO 5302-06-201-0205-00-05-175-10051-24
2018-04-09 17:43:06,620 [9] DEBUG  - Cuenta de comisiones GASTO 5302-06-201-0205-00-05-175-10051-15
2018-04-09 17:43:08,019 [9] DEBUG  - Cuenta de comisiones GASTO 5302-06-201-0205-00-05-175-10051-04
2018-04-09 17:43:09,418 [9] DEBUG  - Cuenta de comisiones GASTO 5302-06-201-0205-00-05-175-10051-02
2018-04-09 17:43:10,818 [9] DEBUG  - Cuenta de comisiones GASTO 5302-06-201-0205-00-05-175-10051-13
2018-04-09 17:43:12,221 [9] DEBUG  - Cuenta de comisiones GASTO 5302-06-201-0205-00-05-175-10051-06
2018-04-09 17:43:13,628 [9] DEBUG  - Cuenta de comisiones GASTO 5302-06-201-0205-00-05-175-10051-09
2018-04-09 17:43:15,026 [9] DEBUG  - Cuenta de comisiones GASTO 5302-06-201-0205-00-05-175-10051-12
2018-04-09 17:43:16,422 [9] DEBUG  - Cuenta de comisiones GASTO 5302-06-201-0205-00-05-175-10051-07
2018-04-09 17:43:18,381 [9] DEBUG  - Cuenta de comisiones GASTO 5302-06-201-0205-00-05-175-10051-68
2018-04-09 17:43:19,778 [9] DEBUG  - Cuenta de comisiones GASTO 5302-06-201-0205-00-05-175-10051-05
2018-04-09 17:43:21,174 [9] DEBUG  - Cuenta de comisiones GASTO 5302-06-201-0205-00-05-175-10051-08
2018-04-09 17:43:22,297 [9] DEBUG  - Cuenta de comisiones PAGO 2902-00-201-0205-00-05-175-10051-00
2018-04-09 17:43:22,297 [9] DEBUG  - Porcentaje Reserva Riesgos en curso: 40
2018-04-09 17:43:23,322 [9] DEBUG  - Cuenta para RRC GASTO: 5311-06-201-0205-00-05-175-10051-65
2018-04-09 17:43:25,053 [9] DEBUG  - Cuenta para RRC GASTO: 5311-06-201-0205-00-05-175-10051-47
2018-04-09 17:43:26,078 [9] DEBUG  - Cuenta para RRC GASTO: 5311-06-201-0205-00-05-175-10051-24
2018-04-09 17:43:27,105 [9] DEBUG  - Cuenta para RRC GASTO: 5311-06-201-0205-00-05-175-10051-15
2018-04-09 17:43:28,135 [9] DEBUG  - Cuenta para RRC GASTO: 5311-06-201-0205-00-05-175-10051-04
2018-04-09 17:43:29,158 [9] DEBUG  - Cuenta para RRC GASTO: 5311-06-201-0205-00-05-175-10051-02
2018-04-09 17:43:30,183 [9] DEBUG  - Cuenta para RRC GASTO: 5311-06-201-0205-00-05-175-10051-13
2018-04-09 17:43:31,207 [9] DEBUG  - Cuenta para RRC GASTO: 5311-06-201-0205-00-05-175-10051-06
2018-04-09 17:43:32,252 [9] DEBUG  - Cuenta para RRC GASTO: 5311-06-201-0205-00-05-175-10051-09
2018-04-09 17:43:33,275 [9] DEBUG  - Cuenta para RRC GASTO: 5311-06-201-0205-00-05-175-10051-12
2018-04-09 17:43:34,300 [9] DEBUG  - Cuenta para RRC GASTO: 5311-06-201-0205-00-05-175-10051-07
2018-04-09 17:43:35,806 [9] DEBUG  - Cuenta para RRC GASTO: 5311-06-201-0205-00-05-175-10051-68
2018-04-09 17:43:36,831 [9] DEBUG  - Cuenta para RRC GASTO: 5311-06-201-0205-00-05-175-10051-05
2018-04-09 17:43:37,857 [9] DEBUG  - Cuenta para RRC GASTO: 5311-06-201-0205-00-05-175-10051-08
2018-04-09 17:43:38,790 [9] DEBUG  - Cuenta para RRC PASIVO: 2206-00-201-0205-00-05-175-10051-00
2018-04-09 17:43:39,820 [9] DEBUG  - Reaseguro Contractual: 5306-06-201-0205-00-05-175-10051-04
2018-04-09 17:43:40,880 [9] DEBUG  - Reaseguradores Comision por Reaseguro: 4302-06-201-0205-00-05-175-10051-04
2018-04-09 17:43:41,905 [9] DEBUG  - Reaseguro Contractual: 5306-06-201-0205-00-05-175-10051-06
2018-04-09 17:43:42,940 [9] DEBUG  - Reaseguradores Comision por Reaseguro: 4302-06-201-0205-00-05-175-10051-06
2018-04-09 17:43:43,968 [9] DEBUG  - Reaseguro Contractual: 5306-06-201-0205-00-05-175-10051-07
2018-04-09 17:43:45,006 [9] DEBUG  - Reaseguradores Comision por Reaseguro: 4302-06-201-0205-00-05-175-10051-07
2018-04-09 17:43:46,036 [9] DEBUG  - Reaseguro Contractual: 5306-06-201-0205-00-05-175-10051-05
2018-04-09 17:43:47,066 [9] DEBUG  - Reaseguradores Comision por Reaseguro: 4302-06-201-0205-00-05-175-10051-05
2018-04-09 17:43:47,999 [9] DEBUG  - Reaseguradores - cuenta corriente: 2402-00-201-0205-00-05-175-10051-00
2018-04-09 17:43:48,934 [9] DEBUG  - Reaseguradores Comision por Reaseguro: 2402-00-201-0205-00-05-175-10051-00
2018-04-09 17:43:49,960 [9] DEBUG  - RRC para reaseguro INGRESO: 4311-06-201-0205-00-05-175-10051-04
2018-04-09 17:43:50,984 [9] DEBUG  - RRC para reaseguro INGRESO: 4311-06-201-0205-00-05-175-10051-06
2018-04-09 17:43:52,009 [9] DEBUG  - RRC para reaseguro INGRESO: 4311-06-201-0205-00-05-175-10051-07
2018-04-09 17:43:53,035 [9] DEBUG  - RRC para reaseguro INGRESO: 4311-06-201-0205-00-05-175-10051-05
2018-04-09 17:43:53,973 [9] DEBUG  - RRC para reaseguro PASIVO: 2206-00-201-0205-00-05-175-10051-00
2018-04-09 17:44:12,264 [9] DEBUG  - Contruyendo encabezado
2018-04-09 17:44:12,264 [9] DEBUG  - Creacion de numero de batch SFFA2322018
2018-04-09 17:44:13,382 [9] DEBUG  - Se obtiene el cliente de GP 12-05-459667
2018-04-09 17:44:27,039 [9] DEBUG  - Cuenta por cobrar: 6104-06-000-0000-00-00-000-00013-02
2018-04-09 17:44:27,691 [9] DEBUG  - Cuenta de producto: 6104-06-000-0000-00-00-000-00043-01
2018-04-09 17:44:27,691 [9] DEBUG  - Cuenta de impuestos: 6101-00-000-0000-00-00-000-00029-01
2018-04-09 17:44:28,998 [9] DEBUG  - Cuenta de comisiones GASTO 6104-06-000-0000-00-00-000-00053-02
2018-04-09 17:44:28,998 [9] DEBUG  - Cuenta de comisiones PAGO 6101-00-000-0000-00-00-000-00029-02
2018-04-09 17:44:28,998 [9] DEBUG  - Porcentaje Reserva Riesgos en curso: 40
2018-04-09 17:44:29,652 [9] DEBUG  - Cuenta para RRC GASTO: 6106-06-000-0000-00-00-000-00053-11
2018-04-09 17:44:30,304 [9] DEBUG  - Cuenta para RRC PASIVO: 6104-06-000-0000-00-00-000-00022-06
2018-04-09 17:44:35,543 [9] DEBUG  - Reaseguradores Comision por Reaseguro: 6106-06-000-0000-00-00-000-00043-02
2018-04-09 17:44:35,543 [9] DEBUG  - Reaseguro Contractual: 6106-06-000-0000-00-00-000-00053-06
2018-04-09 17:44:36,197 [9] DEBUG  - Reaseguradores del exterior – cuenta corriente: 6106-06-000-0000-00-00-000-00043-02
2018-04-09 17:44:36,851 [9] DEBUG  - Reaseguradores Comision por Reaseguro Pasivo: 6103-00-000-0000-00-00-000-00024-02
2018-04-09 17:44:37,504 [9] DEBUG  - RRC para reaseguro INGRESO: 6106-06-000-0000-00-00-000-00043-11
2018-04-09 17:44:38,156 [9] DEBUG  - RRC para reaseguro PASIVO: 6104-06-000-0000-00-00-000-00022-06
2018-04-09 17:44:55,231 [9] DEBUG  - Cuenta por cobrar: 1302-06-201-0205-00-02-175-10117-00
2018-04-09 17:44:55,231 [9] DEBUG  - Cuenta de producto: 4301-06-201-0205-00-02-175-10117-65
2018-04-09 17:44:55,231 [9] DEBUG  - Cuenta de producto: 4301-06-201-0205-00-02-175-10117-24
2018-04-09 17:44:55,231 [9] DEBUG  - Cuenta de producto: 4301-06-201-0205-00-02-175-10117-15
2018-04-09 17:44:55,231 [9] DEBUG  - Cuenta de producto: 4301-06-201-0205-00-02-175-10117-04
2018-04-09 17:44:55,231 [9] DEBUG  - Cuenta de producto: 4301-06-201-0205-00-02-175-10117-02
2018-04-09 17:44:55,231 [9] DEBUG  - Cuenta de producto: 4301-06-201-0205-00-02-175-10117-13
2018-04-09 17:44:55,231 [9] DEBUG  - Cuenta de producto: 4301-06-201-0205-00-02-175-10117-06
2018-04-09 17:44:55,231 [9] DEBUG  - Cuenta de producto: 4301-06-201-0205-00-02-175-10117-09
2018-04-09 17:44:55,231 [9] DEBUG  - Cuenta de producto: 4301-06-201-0205-00-02-175-10117-12
2018-04-09 17:44:55,231 [9] DEBUG  - Cuenta de producto: 4301-06-201-0205-00-02-175-10117-07
2018-04-09 17:44:55,231 [9] DEBUG  - Cuenta de producto: 4301-06-201-0205-00-02-175-10117-05
2018-04-09 17:44:55,231 [9] DEBUG  - Cuenta de producto: 4301-06-201-0205-00-02-175-10117-48
2018-04-09 17:44:55,231 [9] DEBUG  - Cuenta de impuestos: 2901-00-000-0000-00-00-171-00001-00
2018-04-09 17:44:56,445 [9] DEBUG  - Cuenta de comisiones GASTO 5302-06-201-0205-00-02-175-10117-65
2018-04-09 17:44:57,844 [9] DEBUG  - Cuenta de comisiones GASTO 5302-06-201-0205-00-02-175-10117-24
2018-04-09 17:44:59,240 [9] DEBUG  - Cuenta de comisiones GASTO 5302-06-201-0205-00-02-175-10117-15
2018-04-09 17:45:00,636 [9] DEBUG  - Cuenta de comisiones GASTO 5302-06-201-0205-00-02-175-10117-04
2018-04-09 17:45:02,035 [9] DEBUG  - Cuenta de comisiones GASTO 5302-06-201-0205-00-02-175-10117-02
2018-04-09 17:45:03,434 [9] DEBUG  - Cuenta de comisiones GASTO 5302-06-201-0205-00-02-175-10117-13
2018-04-09 17:45:04,837 [9] DEBUG  - Cuenta de comisiones GASTO 5302-06-201-0205-00-02-175-10117-06
2018-04-09 17:45:06,233 [9] DEBUG  - Cuenta de comisiones GASTO 5302-06-201-0205-00-02-175-10117-09
2018-04-09 17:45:07,631 [9] DEBUG  - Cuenta de comisiones GASTO 5302-06-201-0205-00-02-175-10117-12
2018-04-09 17:45:09,028 [9] DEBUG  - Cuenta de comisiones GASTO 5302-06-201-0205-00-02-175-10117-07
2018-04-09 17:45:10,432 [9] DEBUG  - Cuenta de comisiones GASTO 5302-06-201-0205-00-02-175-10117-05
2018-04-09 17:45:11,838 [9] DEBUG  - Cuenta de comisiones GASTO 5302-06-201-0205-00-02-175-10117-48
2018-04-09 17:45:12,957 [9] DEBUG  - Cuenta de comisiones PAGO 2902-00-201-0205-00-02-175-10117-00
2018-04-09 17:45:12,957 [9] DEBUG  - Porcentaje Reserva Riesgos en curso: 40
2018-04-09 17:45:13,983 [9] DEBUG  - Cuenta para RRC GASTO: 5311-06-201-0205-00-02-175-10117-65
2018-04-09 17:45:15,016 [9] DEBUG  - Cuenta para RRC GASTO: 5311-06-201-0205-00-02-175-10117-24
2018-04-09 17:45:16,053 [9] DEBUG  - Cuenta para RRC GASTO: 5311-06-201-0205-00-02-175-10117-15
2018-04-09 17:45:17,075 [9] DEBUG  - Cuenta para RRC GASTO: 5311-06-201-0205-00-02-175-10117-04
2018-04-09 17:45:18,102 [9] DEBUG  - Cuenta para RRC GASTO: 5311-06-201-0205-00-02-175-10117-02
2018-04-09 17:45:19,135 [9] DEBUG  - Cuenta para RRC GASTO: 5311-06-201-0205-00-02-175-10117-13
2018-04-09 17:45:20,158 [9] DEBUG  - Cuenta para RRC GASTO: 5311-06-201-0205-00-02-175-10117-06
2018-04-09 17:45:21,188 [9] DEBUG  - Cuenta para RRC GASTO: 5311-06-201-0205-00-02-175-10117-09
2018-04-09 17:45:22,211 [9] DEBUG  - Cuenta para RRC GASTO: 5311-06-201-0205-00-02-175-10117-12
2018-04-09 17:45:23,238 [9] DEBUG  - Cuenta para RRC GASTO: 5311-06-201-0205-00-02-175-10117-07
2018-04-09 17:45:24,261 [9] DEBUG  - Cuenta para RRC GASTO: 5311-06-201-0205-00-02-175-10117-05
2018-04-09 17:45:25,288 [9] DEBUG  - Cuenta para RRC GASTO: 5311-06-201-0205-00-02-175-10117-48
2018-04-09 17:45:26,217 [9] DEBUG  - Cuenta para RRC PASIVO: 2206-00-201-0205-00-02-175-10117-00
2018-04-09 17:45:27,243 [9] DEBUG  - Reaseguro Contractual: 5306-06-201-0205-00-02-175-10117-04
2018-04-09 17:45:28,268 [9] DEBUG  - Reaseguradores Comision por Reaseguro: 4302-06-201-0205-00-02-175-10117-04
2018-04-09 17:45:29,291 [9] DEBUG  - Reaseguro Contractual: 5306-06-201-0205-00-02-175-10117-06
2018-04-09 17:45:30,315 [9] DEBUG  - Reaseguradores Comision por Reaseguro: 4302-06-201-0205-00-02-175-10117-06
2018-04-09 17:45:31,339 [9] DEBUG  - Reaseguro Contractual: 5306-06-201-0205-00-02-175-10117-07
2018-04-09 17:45:32,375 [9] DEBUG  - Reaseguradores Comision por Reaseguro: 4302-06-201-0205-00-02-175-10117-07
2018-04-09 17:45:33,402 [9] DEBUG  - Reaseguro Contractual: 5306-06-201-0205-00-02-175-10117-05
2018-04-09 17:45:34,426 [9] DEBUG  - Reaseguradores Comision por Reaseguro: 4302-06-201-0205-00-02-175-10117-05
2018-04-09 17:45:35,678 [9] DEBUG  - Reaseguradores - cuenta corriente: 2402-00-201-0205-00-02-175-10117-00
2018-04-09 17:45:36,610 [9] DEBUG  - Reaseguradores Comision por Reaseguro: 2402-00-201-0205-00-02-175-10117-00
2018-04-09 17:45:37,637 [9] DEBUG  - RRC para reaseguro INGRESO: 4311-06-201-0205-00-02-175-10117-04
2018-04-09 17:45:38,664 [9] DEBUG  - RRC para reaseguro INGRESO: 4311-06-201-0205-00-02-175-10117-06
2018-04-09 17:45:39,694 [9] DEBUG  - RRC para reaseguro INGRESO: 4311-06-201-0205-00-02-175-10117-07
2018-04-09 17:45:40,763 [9] DEBUG  - RRC para reaseguro INGRESO: 4311-06-201-0205-00-02-175-10117-05
2018-04-09 17:45:41,696 [9] DEBUG  - RRC para reaseguro PASIVO: 2206-00-201-0205-00-02-175-10117-00
2018-04-09 17:45:59,876 [9] DEBUG  - Contruyendo encabezado
2018-04-09 17:45:59,876 [9] DEBUG  - Creacion de numero de batch SFFA2322018
2018-04-09 17:46:01,013 [9] DEBUG  - Se obtiene el cliente de GP 12-05-459673
2018-04-09 17:46:16,008 [9] DEBUG  - Cuenta por cobrar: 6104-06-000-0000-00-00-000-00013-02
2018-04-09 17:46:16,661 [9] DEBUG  - Cuenta de producto: 6104-06-000-0000-00-00-000-00043-01
2018-04-09 17:46:16,661 [9] DEBUG  - Cuenta de impuestos: 6101-00-000-0000-00-00-000-00029-01
2018-04-09 17:46:17,965 [9] DEBUG  - Cuenta de comisiones GASTO 6104-06-000-0000-00-00-000-00053-02
2018-04-09 17:46:17,965 [9] DEBUG  - Cuenta de comisiones PAGO 6101-00-000-0000-00-00-000-00029-02
2018-04-09 17:46:17,965 [9] DEBUG  - Porcentaje Reserva Riesgos en curso: 40
2018-04-09 17:46:18,620 [9] DEBUG  - Cuenta para RRC GASTO: 6106-06-000-0000-00-00-000-00053-11
2018-04-09 17:46:19,272 [9] DEBUG  - Cuenta para RRC PASIVO: 6104-06-000-0000-00-00-000-00022-06
2018-04-09 17:46:24,482 [9] DEBUG  - Reaseguradores Comision por Reaseguro: 6106-06-000-0000-00-00-000-00043-02
2018-04-09 17:46:24,482 [9] DEBUG  - Reaseguro Contractual: 6106-06-000-0000-00-00-000-00053-06
2018-04-09 17:46:25,136 [9] DEBUG  - Reaseguradores del exterior – cuenta corriente: 6106-06-000-0000-00-00-000-00043-02
2018-04-09 17:46:25,825 [9] DEBUG  - Reaseguradores Comision por Reaseguro Pasivo: 6103-00-000-0000-00-00-000-00024-02
2018-04-09 17:46:26,777 [9] DEBUG  - RRC para reaseguro INGRESO: 6106-06-000-0000-00-00-000-00043-11
2018-04-09 17:46:27,433 [9] DEBUG  - RRC para reaseguro PASIVO: 6104-06-000-0000-00-00-000-00022-06
2018-04-09 17:46:48,603 [9] DEBUG  - Cuenta por cobrar: 1302-06-201-0205-00-02-175-10117-00
2018-04-09 17:46:48,603 [9] DEBUG  - Cuenta de producto: 4301-06-201-0205-00-02-175-10117-65
2018-04-09 17:46:48,603 [9] DEBUG  - Cuenta de producto: 4301-06-201-0205-00-02-175-10117-24
2018-04-09 17:46:48,603 [9] DEBUG  - Cuenta de producto: 4301-06-201-0205-00-02-175-10117-15
2018-04-09 17:46:48,603 [9] DEBUG  - Cuenta de producto: 4301-06-201-0205-00-02-175-10117-04
2018-04-09 17:46:48,603 [9] DEBUG  - Cuenta de producto: 4301-06-201-0205-00-02-175-10117-02
2018-04-09 17:46:48,603 [9] DEBUG  - Cuenta de producto: 4301-06-201-0205-00-02-175-10117-13
2018-04-09 17:46:48,603 [9] DEBUG  - Cuenta de producto: 4301-06-201-0205-00-02-175-10117-06
2018-04-09 17:46:48,603 [9] DEBUG  - Cuenta de producto: 4301-06-201-0205-00-02-175-10117-09
2018-04-09 17:46:48,603 [9] DEBUG  - Cuenta de producto: 4301-06-201-0205-00-02-175-10117-12
2018-04-09 17:46:48,603 [9] DEBUG  - Cuenta de producto: 4301-06-201-0205-00-02-175-10117-07
2018-04-09 17:46:48,603 [9] DEBUG  - Cuenta de producto: 4301-06-201-0205-00-02-175-10117-05
2018-04-09 17:46:48,603 [9] DEBUG  - Cuenta de producto: 4301-06-201-0205-00-02-175-10117-49
2018-04-09 17:46:48,603 [9] DEBUG  - Cuenta de impuestos: 2901-00-000-0000-00-00-171-00001-00
2018-04-09 17:46:49,821 [9] DEBUG  - Cuenta de comisiones GASTO 5302-06-201-0205-00-02-175-10117-65
2018-04-09 17:46:51,222 [9] DEBUG  - Cuenta de comisiones GASTO 5302-06-201-0205-00-02-175-10117-24
2018-04-09 17:46:52,632 [9] DEBUG  - Cuenta de comisiones GASTO 5302-06-201-0205-00-02-175-10117-15
2018-04-09 17:46:54,036 [9] DEBUG  - Cuenta de comisiones GASTO 5302-06-201-0205-00-02-175-10117-04
2018-04-09 17:46:55,449 [9] DEBUG  - Cuenta de comisiones GASTO 5302-06-201-0205-00-02-175-10117-02
2018-04-09 17:46:56,852 [9] DEBUG  - Cuenta de comisiones GASTO 5302-06-201-0205-00-02-175-10117-13
2018-04-09 17:46:58,250 [9] DEBUG  - Cuenta de comisiones GASTO 5302-06-201-0205-00-02-175-10117-06
2018-04-09 17:46:59,651 [9] DEBUG  - Cuenta de comisiones GASTO 5302-06-201-0205-00-02-175-10117-09
2018-04-09 17:47:01,051 [9] DEBUG  - Cuenta de comisiones GASTO 5302-06-201-0205-00-02-175-10117-12
2018-04-09 17:47:02,450 [9] DEBUG  - Cuenta de comisiones GASTO 5302-06-201-0205-00-02-175-10117-07
2018-04-09 17:47:03,851 [9] DEBUG  - Cuenta de comisiones GASTO 5302-06-201-0205-00-02-175-10117-05
2018-04-09 17:47:06,317 [9] DEBUG  - Cuenta de comisiones GASTO 5302-06-201-0205-00-02-175-10117-49
2018-04-09 17:47:07,434 [9] DEBUG  - Cuenta de comisiones PAGO 2902-00-201-0205-00-02-175-10117-00
2018-04-09 17:47:07,434 [9] DEBUG  - Porcentaje Reserva Riesgos en curso: 40
2018-04-09 17:47:08,460 [9] DEBUG  - Cuenta para RRC GASTO: 5311-06-201-0205-00-02-175-10117-65
2018-04-09 17:47:09,484 [9] DEBUG  - Cuenta para RRC GASTO: 5311-06-201-0205-00-02-175-10117-24
2018-04-09 17:47:10,512 [9] DEBUG  - Cuenta para RRC GASTO: 5311-06-201-0205-00-02-175-10117-15
2018-04-09 17:47:11,535 [9] DEBUG  - Cuenta para RRC GASTO: 5311-06-201-0205-00-02-175-10117-04
2018-04-09 17:47:12,560 [9] DEBUG  - Cuenta para RRC GASTO: 5311-06-201-0205-00-02-175-10117-02
2018-04-09 17:47:13,585 [9] DEBUG  - Cuenta para RRC GASTO: 5311-06-201-0205-00-02-175-10117-13
2018-04-09 17:47:14,610 [9] DEBUG  - Cuenta para RRC GASTO: 5311-06-201-0205-00-02-175-10117-06
2018-04-09 17:47:15,636 [9] DEBUG  - Cuenta para RRC GASTO: 5311-06-201-0205-00-02-175-10117-09
2018-04-09 17:47:16,666 [9] DEBUG  - Cuenta para RRC GASTO: 5311-06-201-0205-00-02-175-10117-12
2018-04-09 17:47:17,692 [9] DEBUG  - Cuenta para RRC GASTO: 5311-06-201-0205-00-02-175-10117-07
2018-04-09 17:47:18,717 [9] DEBUG  - Cuenta para RRC GASTO: 5311-06-201-0205-00-02-175-10117-05
2018-04-09 17:47:20,550 [9] DEBUG  - Cuenta para RRC GASTO: 5311-06-201-0205-00-02-175-10117-49
2018-04-09 17:47:21,481 [9] DEBUG  - Cuenta para RRC PASIVO: 2206-00-201-0205-00-02-175-10117-00
2018-04-09 17:47:22,507 [9] DEBUG  - Reaseguro Contractual: 5306-06-201-0205-00-02-175-10117-04
2018-04-09 17:47:23,530 [9] DEBUG  - Reaseguradores Comision por Reaseguro: 4302-06-201-0205-00-02-175-10117-04
2018-04-09 17:47:24,555 [9] DEBUG  - Reaseguro Contractual: 5306-06-201-0205-00-02-175-10117-06
2018-04-09 17:47:25,580 [9] DEBUG  - Reaseguradores Comision por Reaseguro: 4302-06-201-0205-00-02-175-10117-06
2018-04-09 17:47:26,604 [9] DEBUG  - Reaseguro Contractual: 5306-06-201-0205-00-02-175-10117-07
2018-04-09 17:47:27,631 [9] DEBUG  - Reaseguradores Comision por Reaseguro: 4302-06-201-0205-00-02-175-10117-07
2018-04-09 17:47:28,656 [9] DEBUG  - Reaseguro Contractual: 5306-06-201-0205-00-02-175-10117-05
2018-04-09 17:47:29,682 [9] DEBUG  - Reaseguradores Comision por Reaseguro: 4302-06-201-0205-00-02-175-10117-05
2018-04-09 17:47:30,616 [9] DEBUG  - Reaseguradores - cuenta corriente: 2402-00-201-0205-00-02-175-10117-00
2018-04-09 17:47:31,549 [9] DEBUG  - Reaseguradores Comision por Reaseguro: 2402-00-201-0205-00-02-175-10117-00
2018-04-09 17:47:32,574 [9] DEBUG  - RRC para reaseguro INGRESO: 4311-06-201-0205-00-02-175-10117-04
2018-04-09 17:47:33,600 [9] DEBUG  - RRC para reaseguro INGRESO: 4311-06-201-0205-00-02-175-10117-06
2018-04-09 17:47:34,625 [9] DEBUG  - RRC para reaseguro INGRESO: 4311-06-201-0205-00-02-175-10117-07
2018-04-09 17:47:35,651 [9] DEBUG  - RRC para reaseguro INGRESO: 4311-06-201-0205-00-02-175-10117-05
2018-04-09 17:47:36,584 [9] DEBUG  - RRC para reaseguro PASIVO: 2206-00-201-0205-00-02-175-10117-00
