2018-05-09 16:41:55,147 [8] DEBUG  - Total de Transacciones: 28
2018-05-09 16:42:08,784 [8] DEBUG  - Contruyendo encabezado
2018-05-09 16:42:09,203 [8] DEBUG  - Creacion de numero de batch SFNC732018
2018-05-09 16:42:12,477 [8] DEBUG  - Se obtiene el cliente de GP 1-05-466710
2018-05-09 16:42:41,077 [8] DEBUG  - Cuenta por cobrar: 1302-06-201-0201-00-03-174-10052-00
2018-05-09 16:42:41,077 [8] DEBUG  - Cuenta de impuestos: 2901-00-000-0000-00-00-171-00001-00
2018-05-09 16:42:43,698 [8] DEBUG  - Cuenta de Producto: 4301-06-201-0201-00-03-174-10052-65
2018-05-09 16:42:44,744 [8] DEBUG  - Cuenta de Producto: 4301-06-201-0201-00-03-174-10052-02
2018-05-09 16:42:45,885 [8] DEBUG  - Cuenta de Producto: 4301-06-201-0201-00-03-174-10052-13
2018-05-09 16:42:46,978 [8] DEBUG  - Cuenta de Producto: 4301-06-201-0201-00-03-174-10052-09
2018-05-09 16:42:48,103 [8] DEBUG  - Cuenta de Producto: 4301-06-201-0201-00-03-174-10052-12
2018-05-09 16:42:53,743 [8] DEBUG  - Cuenta de comisiones GASTO 5302-06-201-0201-00-03-174-10052-65
2018-05-09 16:42:55,196 [8] DEBUG  - Cuenta de comisiones GASTO 5302-06-201-0201-00-03-174-10052-02
2018-05-09 16:42:56,586 [8] DEBUG  - Cuenta de comisiones GASTO 5302-06-201-0201-00-03-174-10052-13
2018-05-09 16:42:58,070 [8] DEBUG  - Cuenta de comisiones GASTO 5302-06-201-0201-00-03-174-10052-09
2018-05-09 16:42:59,506 [8] DEBUG  - Cuenta de comisiones GASTO 5302-06-201-0201-00-03-174-10052-12
2018-05-09 16:43:00,671 [8] DEBUG  - Cuenta de comisiones PAGO 2902-00-201-0201-00-03-174-10052-00
2018-05-09 16:43:08,477 [8] DEBUG  - Porcentaje Reserva Riesgos en curso: 40
2018-05-09 16:43:09,497 [8] DEBUG  - Cuenta para RRC GASTO: 5311-06-201-0201-00-03-174-10052-65
2018-05-09 16:43:10,575 [8] DEBUG  - Cuenta para RRC GASTO: 5311-06-201-0201-00-03-174-10052-02
2018-05-09 16:43:11,637 [8] DEBUG  - Cuenta para RRC GASTO: 5311-06-201-0201-00-03-174-10052-13
2018-05-09 16:43:12,700 [8] DEBUG  - Cuenta para RRC GASTO: 5311-06-201-0201-00-03-174-10052-09
2018-05-09 16:43:13,777 [8] DEBUG  - Cuenta para RRC GASTO: 5311-06-201-0201-00-03-174-10052-12
2018-05-09 16:43:14,746 [8] DEBUG  - Cuenta para RRC PASIVO: 2206-00-201-0201-00-03-174-10052-00
2018-05-09 16:44:12,651 [8] DEBUG  - Contruyendo encabezado
2018-05-09 16:44:12,651 [8] DEBUG  - Creacion de numero de batch SFNC832018
2018-05-09 16:44:13,744 [8] DEBUG  - Se obtiene el cliente de GP 23-05-456921
2018-05-09 16:44:19,302 [8] DEBUG  - Cuenta por cobrar: 1302-06-201-0201-00-02-175-10117-00
2018-05-09 16:44:19,302 [8] DEBUG  - Cuenta de impuestos: 2901-00-000-0000-00-00-171-00001-00
2018-05-09 16:44:22,234 [8] DEBUG  - Cuenta de Producto: 4301-06-201-0201-00-02-175-10117-65
2018-05-09 16:44:23,266 [8] DEBUG  - Cuenta de Producto: 4301-06-201-0201-00-02-175-10117-02
2018-05-09 16:44:24,312 [8] DEBUG  - Cuenta de Producto: 4301-06-201-0201-00-02-175-10117-13
2018-05-09 16:44:25,344 [8] DEBUG  - Cuenta de Producto: 4301-06-201-0201-00-02-175-10117-09
2018-05-09 16:44:26,422 [8] DEBUG  - Cuenta de Producto: 4301-06-201-0201-00-02-175-10117-12
2018-05-09 16:44:30,859 [8] DEBUG  - Cuenta de comisiones GASTO 5302-06-201-0201-00-02-175-10117-65
2018-05-09 16:44:32,296 [8] DEBUG  - Cuenta de comisiones GASTO 5302-06-201-0201-00-02-175-10117-02
2018-05-09 16:44:33,702 [8] DEBUG  - Cuenta de comisiones GASTO 5302-06-201-0201-00-02-175-10117-13
2018-05-09 16:44:35,327 [8] DEBUG  - Cuenta de comisiones GASTO 5302-06-201-0201-00-02-175-10117-09
2018-05-09 16:44:36,998 [8] DEBUG  - Cuenta de comisiones GASTO 5302-06-201-0201-00-02-175-10117-12
2018-05-09 16:44:38,232 [8] DEBUG  - Cuenta de comisiones PAGO 2902-00-201-0201-00-02-175-10117-00
2018-05-09 16:44:40,632 [8] DEBUG  - Porcentaje Reserva Riesgos en curso: 40
2018-05-09 16:44:41,710 [8] DEBUG  - Cuenta para RRC GASTO: 5311-06-201-0201-00-02-175-10117-65
2018-05-09 16:44:42,774 [8] DEBUG  - Cuenta para RRC GASTO: 5311-06-201-0201-00-02-175-10117-02
2018-05-09 16:44:43,821 [8] DEBUG  - Cuenta para RRC GASTO: 5311-06-201-0201-00-02-175-10117-13
2018-05-09 16:44:44,914 [8] DEBUG  - Cuenta para RRC GASTO: 5311-06-201-0201-00-02-175-10117-09
2018-05-09 16:44:46,273 [8] DEBUG  - Cuenta para RRC GASTO: 5311-06-201-0201-00-02-175-10117-12
2018-05-09 16:44:47,210 [8] DEBUG  - Cuenta para RRC PASIVO: 2206-00-201-0201-00-02-175-10117-00
2018-05-09 16:45:34,057 [8] DEBUG  - Contruyendo encabezado
2018-05-09 16:45:34,057 [8] DEBUG  - Creacion de numero de batch SFNC2132018
2018-05-09 16:45:34,948 [8] DEBUG  - Se obtiene el cliente de GP 1-05-408167
2018-05-09 16:45:47,341 [8] DEBUG  - Cuenta por cobrar: 1302-06-201-0205-00-05-176-10051-00
2018-05-09 16:45:47,341 [8] DEBUG  - Cuenta de impuestos: 2901-00-000-0000-00-00-171-00001-00
2018-05-09 16:45:51,586 [8] DEBUG  - Cuenta de Producto: 4301-06-201-0205-00-05-176-10051-65
2018-05-09 16:45:53,726 [8] DEBUG  - Cuenta de Producto: 4301-06-201-0205-00-05-176-10051-24
2018-05-09 16:45:55,663 [8] DEBUG  - Cuenta de Producto: 4301-06-201-0205-00-05-176-10051-15
2018-05-09 16:45:57,069 [8] DEBUG  - Cuenta de Producto: 4301-06-201-0205-00-05-176-10051-04
2018-05-09 16:45:58,866 [8] DEBUG  - Cuenta de Producto: 4301-06-201-0205-00-05-176-10051-02
2018-05-09 16:46:00,725 [8] DEBUG  - Cuenta de Producto: 4301-06-201-0205-00-05-176-10051-13
2018-05-09 16:46:02,771 [8] DEBUG  - Cuenta de Producto: 4301-06-201-0205-00-05-176-10051-06
2018-05-09 16:46:04,630 [8] DEBUG  - Cuenta de Producto: 4301-06-201-0205-00-05-176-10051-09
2018-05-09 16:46:05,692 [8] DEBUG  - Cuenta de Producto: 4301-06-201-0205-00-05-176-10051-12
2018-05-09 16:46:07,051 [8] DEBUG  - Cuenta de Producto: 4301-06-201-0205-00-05-176-10051-07
2018-05-09 16:46:09,129 [8] DEBUG  - Cuenta de Producto: 4301-06-201-0205-00-05-176-10051-05
2018-05-09 16:46:10,285 [8] DEBUG  - Cuenta de Producto: 4301-06-201-0205-00-05-176-10051-48
2018-05-09 16:46:13,218 [8] DEBUG  - Cuenta de comisiones GASTO 5302-06-201-0205-00-05-176-10051-65
2018-05-09 16:46:14,624 [8] DEBUG  - Cuenta de comisiones GASTO 5302-06-201-0205-00-05-176-10051-24
2018-05-09 16:46:16,046 [8] DEBUG  - Cuenta de comisiones GASTO 5302-06-201-0205-00-05-176-10051-15
2018-05-09 16:46:17,436 [8] DEBUG  - Cuenta de comisiones GASTO 5302-06-201-0205-00-05-176-10051-04
2018-05-09 16:46:18,857 [8] DEBUG  - Cuenta de comisiones GASTO 5302-06-201-0205-00-05-176-10051-02
2018-05-09 16:46:20,263 [8] DEBUG  - Cuenta de comisiones GASTO 5302-06-201-0205-00-05-176-10051-13
2018-05-09 16:46:21,669 [8] DEBUG  - Cuenta de comisiones GASTO 5302-06-201-0205-00-05-176-10051-06
2018-05-09 16:46:23,372 [8] DEBUG  - Cuenta de comisiones GASTO 5302-06-201-0205-00-05-176-10051-09
2018-05-09 16:46:24,778 [8] DEBUG  - Cuenta de comisiones GASTO 5302-06-201-0205-00-05-176-10051-12
2018-05-09 16:46:26,231 [8] DEBUG  - Cuenta de comisiones GASTO 5302-06-201-0205-00-05-176-10051-07
2018-05-09 16:46:27,621 [8] DEBUG  - Cuenta de comisiones GASTO 5302-06-201-0205-00-05-176-10051-05
2018-05-09 16:46:29,105 [8] DEBUG  - Cuenta de comisiones GASTO 5302-06-201-0205-00-05-176-10051-48
2018-05-09 16:46:30,261 [8] DEBUG  - Cuenta de comisiones PAGO 2902-00-201-0205-00-05-176-10051-00
2018-05-09 16:46:47,535 [8] DEBUG  - Porcentaje Reserva Riesgos en curso: 40
2018-05-09 16:46:51,043 [8] DEBUG  - Cuenta para RRC GASTO: 5311-06-201-0205-00-05-176-10051-65
2018-05-09 16:46:52,137 [8] DEBUG  - Cuenta para RRC GASTO: 5311-06-201-0205-00-05-176-10051-24
2018-05-09 16:46:53,183 [8] DEBUG  - Cuenta para RRC GASTO: 5311-06-201-0205-00-05-176-10051-15
2018-05-09 16:46:54,214 [8] DEBUG  - Cuenta para RRC GASTO: 5311-06-201-0205-00-05-176-10051-04
2018-05-09 16:46:55,277 [8] DEBUG  - Cuenta para RRC GASTO: 5311-06-201-0205-00-05-176-10051-02
2018-05-09 16:46:56,308 [8] DEBUG  - Cuenta para RRC GASTO: 5311-06-201-0205-00-05-176-10051-13
2018-05-09 16:46:57,479 [8] DEBUG  - Cuenta para RRC GASTO: 5311-06-201-0205-00-05-176-10051-06
2018-05-09 16:46:58,510 [8] DEBUG  - Cuenta para RRC GASTO: 5311-06-201-0205-00-05-176-10051-09
2018-05-09 16:46:59,573 [8] DEBUG  - Cuenta para RRC GASTO: 5311-06-201-0205-00-05-176-10051-12
2018-05-09 16:47:00,635 [8] DEBUG  - Cuenta para RRC GASTO: 5311-06-201-0205-00-05-176-10051-07
2018-05-09 16:47:01,666 [8] DEBUG  - Cuenta para RRC GASTO: 5311-06-201-0205-00-05-176-10051-05
2018-05-09 16:47:02,728 [8] DEBUG  - Cuenta para RRC GASTO: 5311-06-201-0205-00-05-176-10051-48
2018-05-09 16:47:03,665 [8] DEBUG  - Cuenta para RRC PASIVO: 2206-00-201-0205-00-05-176-10051-00
2018-05-09 16:47:25,220 [8] DEBUG  - Reaseguro Contractual: 5306-06-201-0205-00-05-176-10051-04
2018-05-09 16:47:26,251 [8] DEBUG  - Reaseguradores Comision por Reaseguro: 4302-06-201-0205-00-05-176-10051-04
2018-05-09 16:47:27,298 [8] DEBUG  - Reaseguro Contractual: 5306-06-201-0205-00-05-176-10051-06
2018-05-09 16:47:28,329 [8] DEBUG  - Reaseguradores Comision por Reaseguro: 4302-06-201-0205-00-05-176-10051-06
2018-05-09 16:47:29,391 [8] DEBUG  - Reaseguro Contractual: 5306-06-201-0205-00-05-176-10051-07
2018-05-09 16:47:30,422 [8] DEBUG  - Reaseguradores Comision por Reaseguro: 4302-06-201-0205-00-05-176-10051-07
2018-05-09 16:47:31,516 [8] DEBUG  - Reaseguro Contractual: 5306-06-201-0205-00-05-176-10051-05
2018-05-09 16:47:32,547 [8] DEBUG  - Reaseguradores Comision por Reaseguro: 4302-06-201-0205-00-05-176-10051-05
2018-05-09 16:47:33,562 [8] DEBUG  - Reaseguradores - cuenta corriente: 2402-00-201-0205-00-05-176-10051-00
2018-05-09 16:47:34,499 [8] DEBUG  - Reaseguradores Comision por Reaseguro: 2402-00-201-0205-00-05-176-10051-00
2018-05-09 16:47:35,530 [8] DEBUG  - RRC para reaseguro INGRESO: 4311-06-201-0205-00-05-176-10051-04
2018-05-09 16:47:36,561 [8] DEBUG  - RRC para reaseguro INGRESO: 4311-06-201-0205-00-05-176-10051-06
2018-05-09 16:47:37,592 [8] DEBUG  - RRC para reaseguro INGRESO: 4311-06-201-0205-00-05-176-10051-07
2018-05-09 16:47:41,294 [8] DEBUG  - RRC para reaseguro INGRESO: 4311-06-201-0205-00-05-176-10051-05
2018-05-09 16:47:42,248 [8] DEBUG  - RRC para reaseguro PASIVO: 2206-00-201-0205-00-05-176-10051-00
2018-05-09 16:49:02,971 [8] DEBUG  - Contruyendo encabezado
2018-05-09 16:49:02,971 [8] DEBUG  - Creacion de numero de batch SFNC2232018
2018-05-09 16:49:03,940 [8] DEBUG  - Se obtiene el cliente de GP 1-05-409846
2018-05-09 16:49:07,800 [8] DEBUG  - Cuenta por cobrar: 1302-06-201-0226-00-05-178-10002-00
2018-05-09 16:49:07,800 [8] DEBUG  - Cuenta de impuestos: 2901-00-000-0000-00-00-171-00001-00
2018-05-09 16:49:10,374 [8] DEBUG  - Cuenta de Producto: 4301-06-201-0226-00-05-178-10002-65
2018-05-09 16:49:11,528 [8] DEBUG  - Cuenta de Producto: 4301-06-201-0226-00-05-178-10002-24
2018-05-09 16:49:12,559 [8] DEBUG  - Cuenta de Producto: 4301-06-201-0226-00-05-178-10002-15
2018-05-09 16:49:13,621 [8] DEBUG  - Cuenta de Producto: 4301-06-201-0226-00-05-178-10002-54
2018-05-09 16:49:14,840 [8] DEBUG  - Cuenta de Producto: 4301-06-201-0226-00-05-178-10002-04
2018-05-09 16:49:15,886 [8] DEBUG  - Cuenta de Producto: 4301-06-201-0226-00-05-178-10002-02
2018-05-09 16:49:16,949 [8] DEBUG  - Cuenta de Producto: 4301-06-201-0226-00-05-178-10002-13
2018-05-09 16:49:17,979 [8] DEBUG  - Cuenta de Producto: 4301-06-201-0226-00-05-178-10002-06
2018-05-09 16:49:19,089 [8] DEBUG  - Cuenta de Producto: 4301-06-201-0226-00-05-178-10002-09
2018-05-09 16:49:20,432 [8] DEBUG  - Cuenta de Producto: 4301-06-201-0226-00-05-178-10002-12
2018-05-09 16:49:22,447 [8] DEBUG  - Cuenta de Producto: 4301-06-201-0226-00-05-178-10002-07
2018-05-09 16:49:25,121 [8] DEBUG  - Cuenta de comisiones GASTO 5302-06-201-0226-00-05-178-10002-65
2018-05-09 16:49:26,542 [8] DEBUG  - Cuenta de comisiones GASTO 5302-06-201-0226-00-05-178-10002-24
2018-05-09 16:49:27,979 [8] DEBUG  - Cuenta de comisiones GASTO 5302-06-201-0226-00-05-178-10002-15
2018-05-09 16:49:29,401 [8] DEBUG  - Cuenta de comisiones GASTO 5302-06-201-0226-00-05-178-10002-54
2018-05-09 16:49:30,823 [8] DEBUG  - Cuenta de comisiones GASTO 5302-06-201-0226-00-05-178-10002-04
2018-05-09 16:49:32,244 [8] DEBUG  - Cuenta de comisiones GASTO 5302-06-201-0226-00-05-178-10002-02
2018-05-09 16:49:33,728 [8] DEBUG  - Cuenta de comisiones GASTO 5302-06-201-0226-00-05-178-10002-13
2018-05-09 16:49:35,228 [8] DEBUG  - Cuenta de comisiones GASTO 5302-06-201-0226-00-05-178-10002-06
2018-05-09 16:49:36,727 [8] DEBUG  - Cuenta de comisiones GASTO 5302-06-201-0226-00-05-178-10002-09
2018-05-09 16:49:38,258 [8] DEBUG  - Cuenta de comisiones GASTO 5302-06-201-0226-00-05-178-10002-12
2018-05-09 16:49:39,727 [8] DEBUG  - Cuenta de comisiones GASTO 5302-06-201-0226-00-05-178-10002-07
2018-05-09 16:49:40,898 [8] DEBUG  - Cuenta de comisiones PAGO 2902-00-201-0226-00-05-178-10002-00
2018-05-09 16:49:48,091 [8] DEBUG  - Porcentaje Reserva Riesgos en curso: 40
2018-05-09 16:49:49,497 [8] DEBUG  - Cuenta para RRC GASTO: 5311-06-201-0226-00-05-178-10002-65
2018-05-09 16:49:50,512 [8] DEBUG  - Cuenta para RRC GASTO: 5311-06-201-0226-00-05-178-10002-24
2018-05-09 16:49:51,574 [8] DEBUG  - Cuenta para RRC GASTO: 5311-06-201-0226-00-05-178-10002-15
2018-05-09 16:49:52,621 [8] DEBUG  - Cuenta para RRC GASTO: 5311-06-201-0226-00-05-178-10002-54
2018-05-09 16:49:53,699 [8] DEBUG  - Cuenta para RRC GASTO: 5311-06-201-0226-00-05-178-10002-04
2018-05-09 16:49:54,777 [8] DEBUG  - Cuenta para RRC GASTO: 5311-06-201-0226-00-05-178-10002-02
2018-05-09 16:49:55,823 [8] DEBUG  - Cuenta para RRC GASTO: 5311-06-201-0226-00-05-178-10002-13
2018-05-09 16:49:56,901 [8] DEBUG  - Cuenta para RRC GASTO: 5311-06-201-0226-00-05-178-10002-06
2018-05-09 16:49:57,964 [8] DEBUG  - Cuenta para RRC GASTO: 5311-06-201-0226-00-05-178-10002-09
2018-05-09 16:49:59,307 [8] DEBUG  - Cuenta para RRC GASTO: 5311-06-201-0226-00-05-178-10002-12
2018-05-09 16:50:00,416 [8] DEBUG  - Cuenta para RRC GASTO: 5311-06-201-0226-00-05-178-10002-07
2018-05-09 16:50:01,416 [8] DEBUG  - Cuenta para RRC PASIVO: 2206-00-201-0226-00-05-178-10002-00
2018-05-09 16:50:06,786 [8] DEBUG  - Reaseguro Contractual: 5306-06-201-0226-00-05-178-10002-04
2018-05-09 16:50:07,879 [8] DEBUG  - Reaseguradores Comision por Reaseguro: 4302-06-201-0226-00-05-178-10002-04
2018-05-09 16:50:08,926 [8] DEBUG  - Reaseguro Contractual: 5306-06-201-0226-00-05-178-10002-06
2018-05-09 16:50:10,035 [8] DEBUG  - Reaseguradores Comision por Reaseguro: 4302-06-201-0226-00-05-178-10002-06
2018-05-09 16:50:11,066 [8] DEBUG  - Reaseguro Contractual: 5306-06-201-0226-00-05-178-10002-07
2018-05-09 16:50:12,144 [8] DEBUG  - Reaseguradores Comision por Reaseguro: 4302-06-201-0226-00-05-178-10002-07
2018-05-09 16:50:13,066 [8] DEBUG  - Reaseguradores - cuenta corriente: 2402-00-201-0226-00-05-178-10002-00
2018-05-09 16:50:14,065 [8] DEBUG  - Reaseguradores Comision por Reaseguro: 2402-00-201-0226-00-05-178-10002-00
2018-05-09 16:50:15,159 [8] DEBUG  - RRC para reaseguro INGRESO: 4311-06-201-0226-00-05-178-10002-04
2018-05-09 16:50:16,268 [8] DEBUG  - RRC para reaseguro INGRESO: 4311-06-201-0226-00-05-178-10002-06
2018-05-09 16:50:17,299 [8] DEBUG  - RRC para reaseguro INGRESO: 4311-06-201-0226-00-05-178-10002-07
2018-05-09 16:50:18,236 [8] DEBUG  - RRC para reaseguro PASIVO: 2206-00-201-0226-00-05-178-10002-00
2018-05-09 16:50:40,329 [8] DEBUG  - Contruyendo encabezado
2018-05-09 16:50:40,329 [8] DEBUG  - Creacion de numero de batch SFNC2332018
2018-05-09 16:50:41,469 [8] DEBUG  - Se obtiene el cliente de GP 12-05-464952
2018-05-09 16:51:24,039 [8] DEBUG  - Cuenta por cobrar: 1302-06-201-0205-00-05-175-10051-00
2018-05-09 16:51:24,039 [8] DEBUG  - Cuenta de impuestos: 2901-00-000-0000-00-00-171-00001-00
2018-05-09 16:51:27,917 [8] DEBUG  - Cuenta de Producto: 4301-06-201-0205-00-05-175-10051-65
2018-05-09 16:51:28,938 [8] DEBUG  - Cuenta de Producto: 4301-06-201-0205-00-05-175-10051-24
2018-05-09 16:51:29,970 [8] DEBUG  - Cuenta de Producto: 4301-06-201-0205-00-05-175-10051-04
2018-05-09 16:51:31,001 [8] DEBUG  - Cuenta de Producto: 4301-06-201-0205-00-05-175-10051-02
2018-05-09 16:51:32,032 [8] DEBUG  - Cuenta de Producto: 4301-06-201-0205-00-05-175-10051-13
2018-05-09 16:51:33,172 [8] DEBUG  - Cuenta de Producto: 4301-06-201-0205-00-05-175-10051-06
2018-05-09 16:51:34,203 [8] DEBUG  - Cuenta de Producto: 4301-06-201-0205-00-05-175-10051-09
2018-05-09 16:51:35,234 [8] DEBUG  - Cuenta de Producto: 4301-06-201-0205-00-05-175-10051-12
2018-05-09 16:51:36,265 [8] DEBUG  - Cuenta de Producto: 4301-06-201-0205-00-05-175-10051-07
2018-05-09 16:51:37,296 [8] DEBUG  - Cuenta de Producto: 4301-06-201-0205-00-05-175-10051-05
2018-05-09 16:51:38,327 [8] DEBUG  - Cuenta de Producto: 4301-06-201-0205-00-05-175-10051-08
2018-05-09 16:51:44,806 [8] DEBUG  - Cuenta de comisiones GASTO 5302-06-201-0205-00-05-175-10051-65
2018-05-09 16:51:46,209 [8] DEBUG  - Cuenta de comisiones GASTO 5302-06-201-0205-00-05-175-10051-24
2018-05-09 16:51:47,615 [8] DEBUG  - Cuenta de comisiones GASTO 5302-06-201-0205-00-05-175-10051-04
2018-05-09 16:51:49,021 [8] DEBUG  - Cuenta de comisiones GASTO 5302-06-201-0205-00-05-175-10051-02
2018-05-09 16:51:50,412 [8] DEBUG  - Cuenta de comisiones GASTO 5302-06-201-0205-00-05-175-10051-13
2018-05-09 16:51:51,817 [8] DEBUG  - Cuenta de comisiones GASTO 5302-06-201-0205-00-05-175-10051-06
2018-05-09 16:51:53,223 [8] DEBUG  - Cuenta de comisiones GASTO 5302-06-201-0205-00-05-175-10051-09
2018-05-09 16:51:54,629 [8] DEBUG  - Cuenta de comisiones GASTO 5302-06-201-0205-00-05-175-10051-12
2018-05-09 16:51:56,035 [8] DEBUG  - Cuenta de comisiones GASTO 5302-06-201-0205-00-05-175-10051-07
2018-05-09 16:51:57,425 [8] DEBUG  - Cuenta de comisiones GASTO 5302-06-201-0205-00-05-175-10051-05
2018-05-09 16:51:58,831 [8] DEBUG  - Cuenta de comisiones GASTO 5302-06-201-0205-00-05-175-10051-08
2018-05-09 16:51:59,956 [8] DEBUG  - Cuenta de comisiones PAGO 2902-00-201-0205-00-05-175-10051-00
2018-05-09 16:52:03,330 [8] DEBUG  - Porcentaje Reserva Riesgos en curso: 40
2018-05-09 16:52:04,517 [8] DEBUG  - Cuenta para RRC GASTO: 5311-06-201-0205-00-05-175-10051-65
2018-05-09 16:52:05,798 [8] DEBUG  - Cuenta para RRC GASTO: 5311-06-201-0205-00-05-175-10051-24
2018-05-09 16:52:06,829 [8] DEBUG  - Cuenta para RRC GASTO: 5311-06-201-0205-00-05-175-10051-04
2018-05-09 16:52:07,861 [8] DEBUG  - Cuenta para RRC GASTO: 5311-06-201-0205-00-05-175-10051-02
2018-05-09 16:52:08,876 [8] DEBUG  - Cuenta para RRC GASTO: 5311-06-201-0205-00-05-175-10051-13
2018-05-09 16:52:09,923 [8] DEBUG  - Cuenta para RRC GASTO: 5311-06-201-0205-00-05-175-10051-06
2018-05-09 16:52:10,953 [8] DEBUG  - Cuenta para RRC GASTO: 5311-06-201-0205-00-05-175-10051-09
2018-05-09 16:52:11,985 [8] DEBUG  - Cuenta para RRC GASTO: 5311-06-201-0205-00-05-175-10051-12
2018-05-09 16:52:13,000 [8] DEBUG  - Cuenta para RRC GASTO: 5311-06-201-0205-00-05-175-10051-07
2018-05-09 16:52:14,031 [8] DEBUG  - Cuenta para RRC GASTO: 5311-06-201-0205-00-05-175-10051-05
2018-05-09 16:52:15,062 [8] DEBUG  - Cuenta para RRC GASTO: 5311-06-201-0205-00-05-175-10051-08
2018-05-09 16:52:15,992 [8] DEBUG  - Cuenta para RRC PASIVO: 2206-00-201-0205-00-05-175-10051-00
2018-05-09 16:52:24,118 [8] DEBUG  - Reaseguro Contractual: 5306-06-201-0205-00-05-175-10051-04
2018-05-09 16:52:25,165 [8] DEBUG  - Reaseguradores Comision por Reaseguro: 4302-06-201-0205-00-05-175-10051-04
2018-05-09 16:52:26,196 [8] DEBUG  - Reaseguro Contractual: 5306-06-201-0205-00-05-175-10051-06
2018-05-09 16:52:27,227 [8] DEBUG  - Reaseguradores Comision por Reaseguro: 4302-06-201-0205-00-05-175-10051-06
2018-05-09 16:52:28,273 [8] DEBUG  - Reaseguro Contractual: 5306-06-201-0205-00-05-175-10051-07
2018-05-09 16:52:29,305 [8] DEBUG  - Reaseguradores Comision por Reaseguro: 4302-06-201-0205-00-05-175-10051-07
2018-05-09 16:52:30,335 [8] DEBUG  - Reaseguro Contractual: 5306-06-201-0205-00-05-175-10051-05
2018-05-09 16:52:31,367 [8] DEBUG  - Reaseguradores Comision por Reaseguro: 4302-06-201-0205-00-05-175-10051-05
2018-05-09 16:52:32,304 [8] DEBUG  - Reaseguradores - cuenta corriente: 2402-00-201-0205-00-05-175-10051-00
2018-05-09 16:52:33,241 [8] DEBUG  - Reaseguradores Comision por Reaseguro: 2402-00-201-0205-00-05-175-10051-00
2018-05-09 16:52:34,272 [8] DEBUG  - RRC para reaseguro INGRESO: 4311-06-201-0205-00-05-175-10051-04
2018-05-09 16:52:35,303 [8] DEBUG  - RRC para reaseguro INGRESO: 4311-06-201-0205-00-05-175-10051-06
2018-05-09 16:52:36,334 [8] DEBUG  - RRC para reaseguro INGRESO: 4311-06-201-0205-00-05-175-10051-07
2018-05-09 16:52:37,365 [8] DEBUG  - RRC para reaseguro INGRESO: 4311-06-201-0205-00-05-175-10051-05
2018-05-09 16:52:38,302 [8] DEBUG  - RRC para reaseguro PASIVO: 2206-00-201-0205-00-05-175-10051-00
2018-05-09 16:53:22,600 [8] DEBUG  - Contruyendo encabezado
2018-05-09 16:53:22,600 [8] DEBUG  - Creacion de numero de batch SFNC2632018
2018-05-09 16:53:23,631 [8] DEBUG  - Se obtiene el cliente de GP 1-05-410143
2018-05-09 16:53:25,756 [8] DEBUG  - Cuenta por cobrar: 1302-06-201-0205-00-02-175-10117-00
2018-05-09 16:53:25,756 [8] DEBUG  - Cuenta de impuestos: 2901-00-000-0000-00-00-171-00001-00
2018-05-09 16:53:26,787 [8] DEBUG  - Cuenta de Producto: 4301-06-201-0205-00-02-175-10117-65
2018-05-09 16:53:27,802 [8] DEBUG  - Cuenta de Producto: 4301-06-201-0205-00-02-175-10117-24
2018-05-09 16:53:28,833 [8] DEBUG  - Cuenta de Producto: 4301-06-201-0205-00-02-175-10117-15
2018-05-09 16:53:29,864 [8] DEBUG  - Cuenta de Producto: 4301-06-201-0205-00-02-175-10117-04
2018-05-09 16:53:30,895 [8] DEBUG  - Cuenta de Producto: 4301-06-201-0205-00-02-175-10117-02
2018-05-09 16:53:31,926 [8] DEBUG  - Cuenta de Producto: 4301-06-201-0205-00-02-175-10117-13
2018-05-09 16:53:32,985 [8] DEBUG  - Cuenta de Producto: 4301-06-201-0205-00-02-175-10117-06
2018-05-09 16:53:34,016 [8] DEBUG  - Cuenta de Producto: 4301-06-201-0205-00-02-175-10117-09
2018-05-09 16:53:35,047 [8] DEBUG  - Cuenta de Producto: 4301-06-201-0205-00-02-175-10117-12
2018-05-09 16:53:36,078 [8] DEBUG  - Cuenta de Producto: 4301-06-201-0205-00-02-175-10117-07
2018-05-09 16:53:37,109 [8] DEBUG  - Cuenta de Producto: 4301-06-201-0205-00-02-175-10117-05
2018-05-09 16:53:38,140 [8] DEBUG  - Cuenta de Producto: 4301-06-201-0205-00-02-175-10117-48
2018-05-09 16:53:39,608 [8] DEBUG  - Cuenta de comisiones GASTO 5302-06-201-0205-00-02-175-10117-65
2018-05-09 16:53:41,077 [8] DEBUG  - Cuenta de comisiones GASTO 5302-06-201-0205-00-02-175-10117-24
2018-05-09 16:53:42,514 [8] DEBUG  - Cuenta de comisiones GASTO 5302-06-201-0205-00-02-175-10117-15
2018-05-09 16:53:43,967 [8] DEBUG  - Cuenta de comisiones GASTO 5302-06-201-0205-00-02-175-10117-04
2018-05-09 16:53:45,373 [8] DEBUG  - Cuenta de comisiones GASTO 5302-06-201-0205-00-02-175-10117-02
2018-05-09 16:53:46,779 [8] DEBUG  - Cuenta de comisiones GASTO 5302-06-201-0205-00-02-175-10117-13
2018-05-09 16:53:48,247 [8] DEBUG  - Cuenta de comisiones GASTO 5302-06-201-0205-00-02-175-10117-06
2018-05-09 16:53:49,684 [8] DEBUG  - Cuenta de comisiones GASTO 5302-06-201-0205-00-02-175-10117-09
2018-05-09 16:53:51,090 [8] DEBUG  - Cuenta de comisiones GASTO 5302-06-201-0205-00-02-175-10117-12
2018-05-09 16:53:52,512 [8] DEBUG  - Cuenta de comisiones GASTO 5302-06-201-0205-00-02-175-10117-07
2018-05-09 16:53:53,917 [8] DEBUG  - Cuenta de comisiones GASTO 5302-06-201-0205-00-02-175-10117-05
2018-05-09 16:53:55,323 [8] DEBUG  - Cuenta de comisiones GASTO 5302-06-201-0205-00-02-175-10117-48
2018-05-09 16:53:56,479 [8] DEBUG  - Cuenta de comisiones PAGO 2902-00-201-0205-00-02-175-10117-00
2018-05-09 16:53:56,479 [8] DEBUG  - Porcentaje Reserva Riesgos en curso: 40
2018-05-09 16:53:57,542 [8] DEBUG  - Cuenta para RRC GASTO: 5311-06-201-0205-00-02-175-10117-65
2018-05-09 16:53:58,588 [8] DEBUG  - Cuenta para RRC GASTO: 5311-06-201-0205-00-02-175-10117-24
2018-05-09 16:53:59,619 [8] DEBUG  - Cuenta para RRC GASTO: 5311-06-201-0205-00-02-175-10117-15
2018-05-09 16:54:00,947 [8] DEBUG  - Cuenta para RRC GASTO: 5311-06-201-0205-00-02-175-10117-04
2018-05-09 16:54:01,994 [8] DEBUG  - Cuenta para RRC GASTO: 5311-06-201-0205-00-02-175-10117-02
2018-05-09 16:54:03,025 [8] DEBUG  - Cuenta para RRC GASTO: 5311-06-201-0205-00-02-175-10117-13
2018-05-09 16:54:04,087 [8] DEBUG  - Cuenta para RRC GASTO: 5311-06-201-0205-00-02-175-10117-06
2018-05-09 16:54:05,149 [8] DEBUG  - Cuenta para RRC GASTO: 5311-06-201-0205-00-02-175-10117-09
2018-05-09 16:54:06,180 [8] DEBUG  - Cuenta para RRC GASTO: 5311-06-201-0205-00-02-175-10117-12
2018-05-09 16:54:07,211 [8] DEBUG  - Cuenta para RRC GASTO: 5311-06-201-0205-00-02-175-10117-07
2018-05-09 16:54:08,242 [8] DEBUG  - Cuenta para RRC GASTO: 5311-06-201-0205-00-02-175-10117-05
2018-05-09 16:54:09,273 [8] DEBUG  - Cuenta para RRC GASTO: 5311-06-201-0205-00-02-175-10117-48
2018-05-09 16:54:10,210 [8] DEBUG  - Cuenta para RRC PASIVO: 2206-00-201-0205-00-02-175-10117-00
2018-05-09 16:54:11,241 [8] DEBUG  - Reaseguro Contractual: 5306-06-201-0205-00-02-175-10117-04
2018-05-09 16:54:12,288 [8] DEBUG  - Reaseguradores Comision por Reaseguro: 4302-06-201-0205-00-02-175-10117-04
2018-05-09 16:54:13,319 [8] DEBUG  - Reaseguro Contractual: 5306-06-201-0205-00-02-175-10117-06
2018-05-09 16:54:14,350 [8] DEBUG  - Reaseguradores Comision por Reaseguro: 4302-06-201-0205-00-02-175-10117-06
2018-05-09 16:54:15,365 [8] DEBUG  - Reaseguro Contractual: 5306-06-201-0205-00-02-175-10117-07
2018-05-09 16:54:16,412 [8] DEBUG  - Reaseguradores Comision por Reaseguro: 4302-06-201-0205-00-02-175-10117-07
2018-05-09 16:54:17,443 [8] DEBUG  - Reaseguro Contractual: 5306-06-201-0205-00-02-175-10117-05
2018-05-09 16:54:18,474 [8] DEBUG  - Reaseguradores Comision por Reaseguro: 4302-06-201-0205-00-02-175-10117-05
2018-05-09 16:54:19,411 [8] DEBUG  - Reaseguradores - cuenta corriente: 2402-00-201-0205-00-02-175-10117-00
2018-05-09 16:54:20,348 [8] DEBUG  - Reaseguradores Comision por Reaseguro: 2402-00-201-0205-00-02-175-10117-00
2018-05-09 16:54:21,395 [8] DEBUG  - RRC para reaseguro INGRESO: 4311-06-201-0205-00-02-175-10117-04
2018-05-09 16:54:22,442 [8] DEBUG  - RRC para reaseguro INGRESO: 4311-06-201-0205-00-02-175-10117-06
2018-05-09 16:54:23,473 [8] DEBUG  - RRC para reaseguro INGRESO: 4311-06-201-0205-00-02-175-10117-07
2018-05-09 16:54:24,488 [8] DEBUG  - RRC para reaseguro INGRESO: 4311-06-201-0205-00-02-175-10117-05
2018-05-09 16:54:25,425 [8] DEBUG  - RRC para reaseguro PASIVO: 2206-00-201-0205-00-02-175-10117-00
2018-05-09 16:54:42,124 [8] DEBUG  - Contruyendo encabezado
2018-05-09 16:54:42,124 [8] DEBUG  - Creacion de numero de batch SFNC2632018
2018-05-09 16:54:42,867 [8] DEBUG  - Se obtiene el cliente de GP 14-05-463495
2018-05-09 16:54:44,843 [8] DEBUG  - Cuenta por cobrar: 1302-06-201-0304-00-03-176-10096-00
2018-05-09 16:54:44,843 [8] DEBUG  - Cuenta de impuestos: 2901-00-000-0000-00-00-171-00001-00
2018-05-09 16:54:45,883 [8] DEBUG  - Cuenta de Producto: 4301-06-201-0304-00-03-176-10096-65
2018-05-09 16:54:47,023 [8] DEBUG  - Cuenta de Producto: 4301-06-201-0304-00-03-176-10096-24
2018-05-09 16:54:48,257 [8] DEBUG  - Cuenta de Producto: 4301-06-201-0304-00-03-176-10096-15
2018-05-09 16:54:49,913 [8] DEBUG  - Cuenta de Producto: 4301-06-201-0304-00-03-176-10096-04
2018-05-09 16:54:51,460 [8] DEBUG  - Cuenta de Producto: 4301-06-201-0304-00-03-176-10096-02
2018-05-09 16:54:52,506 [8] DEBUG  - Cuenta de Producto: 4301-06-201-0304-00-03-176-10096-13
2018-05-09 16:54:53,569 [8] DEBUG  - Cuenta de Producto: 4301-06-201-0304-00-03-176-10096-06
2018-05-09 16:54:54,725 [8] DEBUG  - Cuenta de Producto: 4301-06-201-0304-00-03-176-10096-09
2018-05-09 16:54:55,755 [8] DEBUG  - Cuenta de Producto: 4301-06-201-0304-00-03-176-10096-12
2018-05-09 16:54:56,787 [8] DEBUG  - Cuenta de Producto: 4301-06-201-0304-00-03-176-10096-07
2018-05-09 16:54:57,815 [8] DEBUG  - Cuenta de Producto: 4301-06-201-0304-00-03-176-10096-05
2018-05-09 16:54:58,846 [8] DEBUG  - Cuenta de Producto: 4301-06-201-0304-00-03-176-10096-08
2018-05-09 16:55:00,281 [8] DEBUG  - Cuenta de comisiones GASTO 5302-06-201-0304-00-03-176-10096-65
2018-05-09 16:55:02,234 [8] DEBUG  - Cuenta de comisiones GASTO 5302-06-201-0304-00-03-176-10096-24
2018-05-09 16:55:05,092 [8] DEBUG  - Cuenta de comisiones GASTO 5302-06-201-0304-00-03-176-10096-15
2018-05-09 16:55:06,514 [8] DEBUG  - Cuenta de comisiones GASTO 5302-06-201-0304-00-03-176-10096-04
2018-05-09 16:55:08,466 [8] DEBUG  - Cuenta de comisiones GASTO 5302-06-201-0304-00-03-176-10096-02
2018-05-09 16:55:09,872 [8] DEBUG  - Cuenta de comisiones GASTO 5302-06-201-0304-00-03-176-10096-13
2018-05-09 16:55:11,341 [8] DEBUG  - Cuenta de comisiones GASTO 5302-06-201-0304-00-03-176-10096-06
2018-05-09 16:55:12,778 [8] DEBUG  - Cuenta de comisiones GASTO 5302-06-201-0304-00-03-176-10096-09
2018-05-09 16:55:14,246 [8] DEBUG  - Cuenta de comisiones GASTO 5302-06-201-0304-00-03-176-10096-12
2018-05-09 16:55:15,652 [8] DEBUG  - Cuenta de comisiones GASTO 5302-06-201-0304-00-03-176-10096-07
2018-05-09 16:55:17,055 [8] DEBUG  - Cuenta de comisiones GASTO 5302-06-201-0304-00-03-176-10096-05
2018-05-09 16:55:18,461 [8] DEBUG  - Cuenta de comisiones GASTO 5302-06-201-0304-00-03-176-10096-08
2018-05-09 16:55:19,633 [8] DEBUG  - Cuenta de comisiones PAGO 2902-00-201-0304-00-03-176-10096-00
2018-05-09 16:55:19,633 [8] DEBUG  - Porcentaje Reserva Riesgos en curso: 40
2018-05-09 16:55:20,742 [8] DEBUG  - Cuenta para RRC GASTO: 5311-06-201-0304-00-03-176-10096-65
2018-05-09 16:55:21,867 [8] DEBUG  - Cuenta para RRC GASTO: 5311-06-201-0304-00-03-176-10096-24
2018-05-09 16:55:22,898 [8] DEBUG  - Cuenta para RRC GASTO: 5311-06-201-0304-00-03-176-10096-15
2018-05-09 16:55:23,928 [8] DEBUG  - Cuenta para RRC GASTO: 5311-06-201-0304-00-03-176-10096-04
2018-05-09 16:55:24,959 [8] DEBUG  - Cuenta para RRC GASTO: 5311-06-201-0304-00-03-176-10096-02
2018-05-09 16:55:25,975 [8] DEBUG  - Cuenta para RRC GASTO: 5311-06-201-0304-00-03-176-10096-13
2018-05-09 16:55:27,053 [8] DEBUG  - Cuenta para RRC GASTO: 5311-06-201-0304-00-03-176-10096-06
2018-05-09 16:55:28,084 [8] DEBUG  - Cuenta para RRC GASTO: 5311-06-201-0304-00-03-176-10096-09
2018-05-09 16:55:29,115 [8] DEBUG  - Cuenta para RRC GASTO: 5311-06-201-0304-00-03-176-10096-12
2018-05-09 16:55:30,146 [8] DEBUG  - Cuenta para RRC GASTO: 5311-06-201-0304-00-03-176-10096-07
2018-05-09 16:55:31,193 [8] DEBUG  - Cuenta para RRC GASTO: 5311-06-201-0304-00-03-176-10096-05
2018-05-09 16:55:32,208 [8] DEBUG  - Cuenta para RRC GASTO: 5311-06-201-0304-00-03-176-10096-08
2018-05-09 16:55:33,192 [8] DEBUG  - Cuenta para RRC PASIVO: 2206-00-201-0304-00-03-176-10096-00
2018-05-09 16:55:34,239 [8] DEBUG  - Reaseguro Contractual: 5306-06-201-0304-00-03-176-10096-04
2018-05-09 16:55:35,301 [8] DEBUG  - Reaseguradores Comision por Reaseguro: 4302-06-201-0304-00-03-176-10096-04
2018-05-09 16:55:36,332 [8] DEBUG  - Reaseguro Contractual: 5306-06-201-0304-00-03-176-10096-06
2018-05-09 16:55:37,347 [8] DEBUG  - Reaseguradores Comision por Reaseguro: 4302-06-201-0304-00-03-176-10096-06
2018-05-09 16:55:39,035 [8] DEBUG  - Reaseguro Contractual: 5306-06-201-0304-00-03-176-10096-07
2018-05-09 16:55:40,175 [8] DEBUG  - Reaseguradores Comision por Reaseguro: 4302-06-201-0304-00-03-176-10096-07
2018-05-09 16:55:41,378 [8] DEBUG  - Reaseguro Contractual: 5306-06-201-0304-00-03-176-10096-05
2018-05-09 16:55:42,617 [8] DEBUG  - Reaseguradores Comision por Reaseguro: 4302-06-201-0304-00-03-176-10096-05
2018-05-09 16:55:43,567 [8] DEBUG  - Reaseguradores - cuenta corriente: 2402-00-201-0304-00-03-176-10096-00
2018-05-09 16:55:44,535 [8] DEBUG  - Reaseguradores Comision por Reaseguro: 2402-00-201-0304-00-03-176-10096-00
2018-05-09 16:55:45,613 [8] DEBUG  - RRC para reaseguro INGRESO: 4311-06-201-0304-00-03-176-10096-04
2018-05-09 16:55:46,651 [8] DEBUG  - RRC para reaseguro INGRESO: 4311-06-201-0304-00-03-176-10096-06
2018-05-09 16:55:47,682 [8] DEBUG  - RRC para reaseguro INGRESO: 4311-06-201-0304-00-03-176-10096-07
2018-05-09 16:55:49,025 [8] DEBUG  - RRC para reaseguro INGRESO: 4311-06-201-0304-00-03-176-10096-05
2018-05-09 16:55:50,134 [8] DEBUG  - RRC para reaseguro PASIVO: 2206-00-201-0304-00-03-176-10096-00
2018-05-09 16:56:07,568 [8] DEBUG  - Contruyendo encabezado
2018-05-09 16:56:07,568 [8] DEBUG  - Creacion de numero de batch SFNC2732018
2018-05-09 16:56:08,989 [8] DEBUG  - Se obtiene el cliente de GP 1-05-462826
2018-05-09 16:56:11,442 [8] DEBUG  - Cuenta por cobrar: 1302-06-201-0227-00-05-176-10011-00
2018-05-09 16:56:11,442 [8] DEBUG  - Cuenta de impuestos: 2901-00-000-0000-00-00-171-00001-00
2018-05-09 16:56:12,488 [8] DEBUG  - Cuenta de Producto: 4301-06-201-0227-00-05-176-10011-04
2018-05-09 16:56:13,629 [8] DEBUG  - Cuenta de Producto: 4301-06-201-0227-00-05-176-10011-06
2018-05-09 16:56:14,675 [8] DEBUG  - Cuenta de Producto: 4301-06-201-0227-00-05-176-10011-07
2018-05-09 16:56:15,706 [8] DEBUG  - Cuenta de Producto: 4301-06-201-0227-00-05-176-10011-05
2018-05-09 16:56:17,090 [8] DEBUG  - Cuenta de comisiones GASTO 5302-06-201-0227-00-05-176-10011-04
2018-05-09 16:56:19,355 [8] DEBUG  - Cuenta de comisiones GASTO 5302-06-201-0227-00-05-176-10011-06
2018-05-09 16:56:21,339 [8] DEBUG  - Cuenta de comisiones GASTO 5302-06-201-0227-00-05-176-10011-07
2018-05-09 16:56:22,761 [8] DEBUG  - Cuenta de comisiones GASTO 5302-06-201-0227-00-05-176-10011-05
2018-05-09 16:56:23,885 [8] DEBUG  - Cuenta de comisiones PAGO 2902-00-201-0227-00-05-176-10011-00
2018-05-09 16:56:23,885 [8] DEBUG  - Porcentaje Reserva Riesgos en curso: 40
2018-05-09 16:56:24,947 [8] DEBUG  - Cuenta para RRC GASTO: 5311-06-201-0227-00-05-176-10011-04
2018-05-09 16:56:25,979 [8] DEBUG  - Cuenta para RRC GASTO: 5311-06-201-0227-00-05-176-10011-06
2018-05-09 16:56:27,072 [8] DEBUG  - Cuenta para RRC GASTO: 5311-06-201-0227-00-05-176-10011-07
2018-05-09 16:56:28,103 [8] DEBUG  - Cuenta para RRC GASTO: 5311-06-201-0227-00-05-176-10011-05
2018-05-09 16:56:29,040 [8] DEBUG  - Cuenta para RRC PASIVO: 2206-00-201-0227-00-05-176-10011-00
2018-05-09 16:56:30,087 [8] DEBUG  - Reaseguro Contractual: 5306-06-201-0227-00-05-176-10011-04
2018-05-09 16:56:31,180 [8] DEBUG  - Reaseguradores Comision por Reaseguro: 4302-06-201-0227-00-05-176-10011-04
2018-05-09 16:56:32,227 [8] DEBUG  - Reaseguro Contractual: 5306-06-201-0227-00-05-176-10011-06
2018-05-09 16:56:33,258 [8] DEBUG  - Reaseguradores Comision por Reaseguro: 4302-06-201-0227-00-05-176-10011-06
2018-05-09 16:56:34,508 [8] DEBUG  - Reaseguro Contractual: 5306-06-201-0227-00-05-176-10011-07
2018-05-09 16:56:35,898 [8] DEBUG  - Reaseguradores Comision por Reaseguro: 4302-06-201-0227-00-05-176-10011-07
2018-05-09 16:56:37,132 [8] DEBUG  - Reaseguro Contractual: 5306-06-201-0227-00-05-176-10011-05
2018-05-09 16:56:38,163 [8] DEBUG  - Reaseguradores Comision por Reaseguro: 4302-06-201-0227-00-05-176-10011-05
2018-05-09 16:56:39,100 [8] DEBUG  - Reaseguradores - cuenta corriente: 2402-00-201-0227-00-05-176-10011-00
2018-05-09 16:56:40,038 [8] DEBUG  - Reaseguradores Comision por Reaseguro: 2402-00-201-0227-00-05-176-10011-00
2018-05-09 16:56:41,100 [8] DEBUG  - RRC para reaseguro INGRESO: 4311-06-201-0227-00-05-176-10011-04
2018-05-09 16:56:42,131 [8] DEBUG  - RRC para reaseguro INGRESO: 4311-06-201-0227-00-05-176-10011-06
2018-05-09 16:56:43,162 [8] DEBUG  - RRC para reaseguro INGRESO: 4311-06-201-0227-00-05-176-10011-07
2018-05-09 16:56:44,193 [8] DEBUG  - RRC para reaseguro INGRESO: 4311-06-201-0227-00-05-176-10011-05
2018-05-09 16:56:45,130 [8] DEBUG  - RRC para reaseguro PASIVO: 2206-00-201-0227-00-05-176-10011-00
2018-05-09 16:56:54,870 [8] DEBUG  - Contruyendo encabezado
2018-05-09 16:56:54,870 [8] DEBUG  - Creacion de numero de batch SFNC2832018
2018-05-09 16:56:55,198 [8] DEBUG  - Se obtiene el cliente de GP 05-332890-2014
2018-05-09 16:56:56,651 [8] DEBUG  - Cuenta por cobrar: 1302-06-201-0201-00-05-174-10011-00
2018-05-09 16:56:56,651 [8] DEBUG  - Cuenta de impuestos: 2901-00-000-0000-00-00-171-00001-00
2018-05-09 16:56:57,682 [8] DEBUG  - Cuenta de Producto: 4301-06-201-0201-00-05-174-10011-65
2018-05-09 16:56:58,713 [8] DEBUG  - Cuenta de Producto: 4301-06-201-0201-00-05-174-10011-02
2018-05-09 16:56:59,744 [8] DEBUG  - Cuenta de Producto: 4301-06-201-0201-00-05-174-10011-13
2018-05-09 16:57:00,778 [8] DEBUG  - Cuenta de Producto: 4301-06-201-0201-00-05-174-10011-09
2018-05-09 16:57:01,804 [8] DEBUG  - Cuenta de Producto: 4301-06-201-0201-00-05-174-10011-12
2018-05-09 16:57:03,101 [8] DEBUG  - Cuenta de comisiones GASTO 5302-06-201-0201-00-05-174-10011-65
2018-05-09 16:57:04,507 [8] DEBUG  - Cuenta de comisiones GASTO 5302-06-201-0201-00-05-174-10011-02
2018-05-09 16:57:05,912 [8] DEBUG  - Cuenta de comisiones GASTO 5302-06-201-0201-00-05-174-10011-13
2018-05-09 16:57:07,311 [8] DEBUG  - Cuenta de comisiones GASTO 5302-06-201-0201-00-05-174-10011-09
2018-05-09 16:57:08,732 [8] DEBUG  - Cuenta de comisiones GASTO 5302-06-201-0201-00-05-174-10011-12
2018-05-09 16:57:09,842 [8] DEBUG  - Cuenta de comisiones PAGO 2902-00-201-0201-00-05-174-10011-00
2018-05-09 16:57:09,857 [8] DEBUG  - Porcentaje Reserva Riesgos en curso: 40
2018-05-09 16:57:10,872 [8] DEBUG  - Cuenta para RRC GASTO: 5311-06-201-0201-00-05-174-10011-65
2018-05-09 16:57:11,935 [8] DEBUG  - Cuenta para RRC GASTO: 5311-06-201-0201-00-05-174-10011-02
2018-05-09 16:57:12,966 [8] DEBUG  - Cuenta para RRC GASTO: 5311-06-201-0201-00-05-174-10011-13
2018-05-09 16:57:14,012 [8] DEBUG  - Cuenta para RRC GASTO: 5311-06-201-0201-00-05-174-10011-09
2018-05-09 16:57:15,043 [8] DEBUG  - Cuenta para RRC GASTO: 5311-06-201-0201-00-05-174-10011-12
2018-05-09 16:57:15,982 [8] DEBUG  - Cuenta para RRC PASIVO: 2206-00-201-0201-00-05-174-10011-00
2018-05-09 16:57:21,933 [8] DEBUG  - Contruyendo encabezado
2018-05-09 16:57:21,933 [8] DEBUG  - Creacion de numero de batch SFNC2832018
2018-05-09 16:57:22,793 [8] DEBUG  - Se obtiene el cliente de GP 1-05-409349
2018-05-09 16:57:24,924 [8] DEBUG  - Cuenta por cobrar: 1302-06-201-0401-00-03-177-10096-00
2018-05-09 16:57:24,924 [8] DEBUG  - Cuenta de impuestos: 2901-00-000-0000-00-00-171-00001-00
2018-05-09 16:57:25,955 [8] DEBUG  - Cuenta de Producto: 4301-06-201-0401-00-03-177-10096-65
2018-05-09 16:57:27,002 [8] DEBUG  - Cuenta de Producto: 4301-06-201-0401-00-03-177-10096-02
2018-05-09 16:57:28,033 [8] DEBUG  - Cuenta de Producto: 4301-06-201-0401-00-03-177-10096-13
2018-05-09 16:57:29,064 [8] DEBUG  - Cuenta de Producto: 4301-06-201-0401-00-03-177-10096-09
2018-05-09 16:57:30,095 [8] DEBUG  - Cuenta de Producto: 4301-06-201-0401-00-03-177-10096-12
2018-05-09 16:57:31,407 [8] DEBUG  - Cuenta de comisiones GASTO 5302-06-201-0401-00-03-177-10096-65
2018-05-09 16:57:32,844 [8] DEBUG  - Cuenta de comisiones GASTO 5302-06-201-0401-00-03-177-10096-02
2018-05-09 16:57:34,235 [8] DEBUG  - Cuenta de comisiones GASTO 5302-06-201-0401-00-03-177-10096-13
2018-05-09 16:57:35,641 [8] DEBUG  - Cuenta de comisiones GASTO 5302-06-201-0401-00-03-177-10096-09
2018-05-09 16:57:37,047 [8] DEBUG  - Cuenta de comisiones GASTO 5302-06-201-0401-00-03-177-10096-12
2018-05-09 16:57:38,187 [8] DEBUG  - Cuenta de comisiones PAGO 2902-00-201-0401-00-03-177-10096-00
2018-05-09 16:57:38,187 [8] DEBUG  - Porcentaje Reserva Riesgos en curso: 40
2018-05-09 16:57:39,233 [8] DEBUG  - Cuenta para RRC GASTO: 5311-06-201-0401-00-03-177-10096-65
2018-05-09 16:57:40,249 [8] DEBUG  - Cuenta para RRC GASTO: 5311-06-201-0401-00-03-177-10096-02
2018-05-09 16:57:41,280 [8] DEBUG  - Cuenta para RRC GASTO: 5311-06-201-0401-00-03-177-10096-13
2018-05-09 16:57:42,326 [8] DEBUG  - Cuenta para RRC GASTO: 5311-06-201-0401-00-03-177-10096-09
2018-05-09 16:57:43,483 [8] DEBUG  - Cuenta para RRC GASTO: 5311-06-201-0401-00-03-177-10096-12
2018-05-09 16:57:44,467 [8] DEBUG  - Cuenta para RRC PASIVO: 2206-00-201-0401-00-03-177-10096-00
2018-05-09 16:57:50,403 [8] DEBUG  - Contruyendo encabezado
2018-05-09 16:57:50,403 [8] DEBUG  - Creacion de numero de batch SFNC2832018
2018-05-09 16:57:51,372 [8] DEBUG  - Se obtiene el cliente de GP 1-05-410037
2018-05-09 16:57:53,371 [8] DEBUG  - Cuenta por cobrar: 1302-06-201-0201-00-05-177-10011-00
2018-05-09 16:57:53,371 [8] DEBUG  - Cuenta de impuestos: 2901-00-000-0000-00-00-171-00001-00
2018-05-09 16:57:54,387 [8] DEBUG  - Cuenta de Producto: 4301-06-201-0201-00-05-177-10011-65
2018-05-09 16:57:55,418 [8] DEBUG  - Cuenta de Producto: 4301-06-201-0201-00-05-177-10011-02
2018-05-09 16:57:56,449 [8] DEBUG  - Cuenta de Producto: 4301-06-201-0201-00-05-177-10011-13
2018-05-09 16:57:57,495 [8] DEBUG  - Cuenta de Producto: 4301-06-201-0201-00-05-177-10011-09
2018-05-09 16:57:58,807 [8] DEBUG  - Cuenta de Producto: 4301-06-201-0201-00-05-177-10011-12
2018-05-09 16:58:00,744 [8] DEBUG  - Cuenta de comisiones GASTO 5302-06-201-0201-00-05-177-10011-65
2018-05-09 16:58:08,227 [8] DEBUG  - Cuenta de comisiones GASTO 5302-06-201-0201-00-05-177-10011-02
2018-05-09 16:58:09,742 [8] DEBUG  - Cuenta de comisiones GASTO 5302-06-201-0201-00-05-177-10011-13
2018-05-09 16:58:11,148 [8] DEBUG  - Cuenta de comisiones GASTO 5302-06-201-0201-00-05-177-10011-09
2018-05-09 16:58:12,538 [8] DEBUG  - Cuenta de comisiones GASTO 5302-06-201-0201-00-05-177-10011-12
2018-05-09 16:58:13,726 [8] DEBUG  - Cuenta de comisiones PAGO 2902-00-201-0201-00-05-177-10011-00
2018-05-09 16:58:13,726 [8] DEBUG  - Porcentaje Reserva Riesgos en curso: 40
2018-05-09 16:58:14,772 [8] DEBUG  - Cuenta para RRC GASTO: 5311-06-201-0201-00-05-177-10011-65
2018-05-09 16:58:15,803 [8] DEBUG  - Cuenta para RRC GASTO: 5311-06-201-0201-00-05-177-10011-02
2018-05-09 16:58:16,826 [8] DEBUG  - Cuenta para RRC GASTO: 5311-06-201-0201-00-05-177-10011-13
2018-05-09 16:58:17,873 [8] DEBUG  - Cuenta para RRC GASTO: 5311-06-201-0201-00-05-177-10011-09
2018-05-09 16:58:18,904 [8] DEBUG  - Cuenta para RRC GASTO: 5311-06-201-0201-00-05-177-10011-12
2018-05-09 16:58:19,827 [8] DEBUG  - Cuenta para RRC PASIVO: 2206-00-201-0201-00-05-177-10011-00
2018-05-09 16:58:25,622 [8] DEBUG  - Contruyendo encabezado
2018-05-09 16:58:25,622 [8] DEBUG  - Creacion de numero de batch SFNC2832018
2018-05-09 16:58:26,183 [8] DEBUG  - Se obtiene el cliente de GP 1-05-410690
2018-05-09 16:58:28,151 [8] DEBUG  - Cuenta por cobrar: 1302-06-201-0202-00-02-174-10117-00
2018-05-09 16:58:28,151 [8] DEBUG  - Cuenta de impuestos: 2901-00-000-0000-00-00-171-00001-00
2018-05-09 16:58:29,183 [8] DEBUG  - Cuenta de Producto: 4301-06-201-0202-00-02-174-10117-65
2018-05-09 16:58:30,214 [8] DEBUG  - Cuenta de Producto: 4301-06-201-0202-00-02-174-10117-02
2018-05-09 16:58:32,479 [8] DEBUG  - Cuenta de Producto: 4301-06-201-0202-00-02-174-10117-13
2018-05-09 16:58:33,541 [8] DEBUG  - Cuenta de Producto: 4301-06-201-0202-00-02-174-10117-09
2018-05-09 16:58:34,884 [8] DEBUG  - Cuenta de Producto: 4301-06-201-0202-00-02-174-10117-12
2018-05-09 16:58:36,196 [8] DEBUG  - Cuenta de comisiones GASTO 5302-06-201-0202-00-02-174-10117-65
2018-05-09 16:58:37,602 [8] DEBUG  - Cuenta de comisiones GASTO 5302-06-201-0202-00-02-174-10117-02
2018-05-09 16:58:39,040 [8] DEBUG  - Cuenta de comisiones GASTO 5302-06-201-0202-00-02-174-10117-13
2018-05-09 16:58:40,445 [8] DEBUG  - Cuenta de comisiones GASTO 5302-06-201-0202-00-02-174-10117-09
2018-05-09 16:58:41,836 [8] DEBUG  - Cuenta de comisiones GASTO 5302-06-201-0202-00-02-174-10117-12
2018-05-09 16:58:43,007 [8] DEBUG  - Cuenta de comisiones PAGO 2902-00-201-0202-00-02-174-10117-00
2018-05-09 16:58:43,007 [8] DEBUG  - Porcentaje Reserva Riesgos en curso: 40
2018-05-09 16:58:44,132 [8] DEBUG  - Cuenta para RRC GASTO: 5311-06-201-0202-00-02-174-10117-65
2018-05-09 16:58:45,210 [8] DEBUG  - Cuenta para RRC GASTO: 5311-06-201-0202-00-02-174-10117-02
2018-05-09 16:58:46,249 [8] DEBUG  - Cuenta para RRC GASTO: 5311-06-201-0202-00-02-174-10117-13
2018-05-09 16:58:47,280 [8] DEBUG  - Cuenta para RRC GASTO: 5311-06-201-0202-00-02-174-10117-09
2018-05-09 16:58:48,311 [8] DEBUG  - Cuenta para RRC GASTO: 5311-06-201-0202-00-02-174-10117-12
2018-05-09 16:58:49,248 [8] DEBUG  - Cuenta para RRC PASIVO: 2206-00-201-0202-00-02-174-10117-00
2018-05-09 16:58:55,405 [8] DEBUG  - Contruyendo encabezado
2018-05-09 16:58:55,405 [8] DEBUG  - Creacion de numero de batch SFNC2832018
2018-05-09 16:58:56,546 [8] DEBUG  - Se obtiene el cliente de GP 1-05-463375
2018-05-09 16:58:58,983 [8] DEBUG  - Cuenta por cobrar: 1302-06-201-0201-00-02-174-10117-00
2018-05-09 16:58:58,983 [8] DEBUG  - Cuenta de impuestos: 2901-00-000-0000-00-00-171-00001-00
2018-05-09 16:59:00,014 [8] DEBUG  - Cuenta de Producto: 4301-06-201-0201-00-02-174-10117-65
2018-05-09 16:59:01,045 [8] DEBUG  - Cuenta de Producto: 4301-06-201-0201-00-02-174-10117-02
2018-05-09 16:59:02,076 [8] DEBUG  - Cuenta de Producto: 4301-06-201-0201-00-02-174-10117-13
2018-05-09 16:59:03,122 [8] DEBUG  - Cuenta de Producto: 4301-06-201-0201-00-02-174-10117-09
2018-05-09 16:59:04,149 [8] DEBUG  - Cuenta de Producto: 4301-06-201-0201-00-02-174-10117-12
2018-05-09 16:59:05,940 [8] DEBUG  - Cuenta de comisiones GASTO 5302-06-201-0201-00-02-174-10117-65
2018-05-09 16:59:07,440 [8] DEBUG  - Cuenta de comisiones GASTO 5302-06-201-0201-00-02-174-10117-02
2018-05-09 16:59:08,924 [8] DEBUG  - Cuenta de comisiones GASTO 5302-06-201-0201-00-02-174-10117-13
2018-05-09 16:59:10,502 [8] DEBUG  - Cuenta de comisiones GASTO 5302-06-201-0201-00-02-174-10117-09
2018-05-09 16:59:12,157 [8] DEBUG  - Cuenta de comisiones GASTO 5302-06-201-0201-00-02-174-10117-12
2018-05-09 16:59:13,501 [8] DEBUG  - Cuenta de comisiones PAGO 2902-00-201-0201-00-02-174-10117-00
2018-05-09 16:59:13,501 [8] DEBUG  - Porcentaje Reserva Riesgos en curso: 40
2018-05-09 16:59:14,563 [8] DEBUG  - Cuenta para RRC GASTO: 5311-06-201-0201-00-02-174-10117-65
2018-05-09 16:59:15,594 [8] DEBUG  - Cuenta para RRC GASTO: 5311-06-201-0201-00-02-174-10117-02
2018-05-09 16:59:16,702 [8] DEBUG  - Cuenta para RRC GASTO: 5311-06-201-0201-00-02-174-10117-13
2018-05-09 16:59:17,733 [8] DEBUG  - Cuenta para RRC GASTO: 5311-06-201-0201-00-02-174-10117-09
2018-05-09 16:59:18,780 [8] DEBUG  - Cuenta para RRC GASTO: 5311-06-201-0201-00-02-174-10117-12
2018-05-09 16:59:19,717 [8] DEBUG  - Cuenta para RRC PASIVO: 2206-00-201-0201-00-02-174-10117-00
2018-05-09 16:59:25,903 [8] DEBUG  - Contruyendo encabezado
2018-05-09 16:59:25,903 [8] DEBUG  - Creacion de numero de batch SFNC2832018
2018-05-09 16:59:26,887 [8] DEBUG  - Se obtiene el cliente de GP 1-05-463589
2018-05-09 16:59:32,683 [8] DEBUG  - Cuenta por cobrar: 1302-06-201-0401-00-08-179-10099-00
2018-05-09 16:59:32,683 [8] DEBUG  - Cuenta de impuestos: 2901-00-000-0000-00-00-171-00001-00
2018-05-09 16:59:36,948 [8] DEBUG  - Cuenta de Producto: 4301-06-201-0401-00-08-179-10099-65
2018-05-09 16:59:38,650 [8] DEBUG  - Cuenta de Producto: 4301-06-201-0401-00-08-179-10099-15
2018-05-09 16:59:39,869 [8] DEBUG  - Cuenta de Producto: 4301-06-201-0401-00-08-179-10099-02
2018-05-09 16:59:41,072 [8] DEBUG  - Cuenta de Producto: 4301-06-201-0401-00-08-179-10099-13
2018-05-09 16:59:42,415 [8] DEBUG  - Cuenta de Producto: 4301-06-201-0401-00-08-179-10099-09
2018-05-09 16:59:43,446 [8] DEBUG  - Cuenta de Producto: 4301-06-201-0401-00-08-179-10099-12
2018-05-09 16:59:44,477 [8] DEBUG  - Cuenta de Producto: 4301-06-201-0401-00-08-179-10099-16
2018-05-09 16:59:44,571 [8] DEBUG  - Porcentaje Reserva Riesgos en curso: 40
2018-05-09 16:59:45,586 [8] DEBUG  - Cuenta para RRC GASTO: 5311-06-201-0401-00-08-179-10099-65
2018-05-09 16:59:46,671 [8] DEBUG  - Cuenta para RRC GASTO: 5311-06-201-0401-00-08-179-10099-15
2018-05-09 16:59:47,702 [8] DEBUG  - Cuenta para RRC GASTO: 5311-06-201-0401-00-08-179-10099-02
2018-05-09 16:59:48,733 [8] DEBUG  - Cuenta para RRC GASTO: 5311-06-201-0401-00-08-179-10099-13
2018-05-09 16:59:49,764 [8] DEBUG  - Cuenta para RRC GASTO: 5311-06-201-0401-00-08-179-10099-09
2018-05-09 16:59:50,811 [8] DEBUG  - Cuenta para RRC GASTO: 5311-06-201-0401-00-08-179-10099-12
2018-05-09 16:59:54,841 [8] DEBUG  - Cuenta para RRC GASTO: 5311-06-201-0401-00-08-179-10099-16
2018-05-09 16:59:56,716 [8] DEBUG  - Cuenta para RRC PASIVO: 2206-00-201-0401-00-08-179-10099-00
2018-05-09 17:00:01,902 [8] DEBUG  - Contruyendo encabezado
2018-05-09 17:00:01,902 [8] DEBUG  - Creacion de numero de batch SFNC2832018
2018-05-09 17:00:02,589 [8] DEBUG  - Se obtiene el cliente de GP 1-05-463660
2018-05-09 17:00:04,827 [8] DEBUG  - Cuenta por cobrar: 1302-06-201-0201-00-05-177-10011-00
2018-05-09 17:00:04,827 [8] DEBUG  - Cuenta de impuestos: 2901-00-000-0000-00-00-171-00001-00
2018-05-09 17:00:05,842 [8] DEBUG  - Cuenta de Producto: 4301-06-201-0201-00-05-177-10011-65
2018-05-09 17:00:06,873 [8] DEBUG  - Cuenta de Producto: 4301-06-201-0201-00-05-177-10011-02
2018-05-09 17:00:07,935 [8] DEBUG  - Cuenta de Producto: 4301-06-201-0201-00-05-177-10011-13
2018-05-09 17:00:10,872 [8] DEBUG  - Cuenta de Producto: 4301-06-201-0201-00-05-177-10011-09
2018-05-09 17:00:12,372 [8] DEBUG  - Cuenta de Producto: 4301-06-201-0201-00-05-177-10011-12
2018-05-09 17:00:13,668 [8] DEBUG  - Cuenta de comisiones GASTO 5302-06-201-0201-00-05-177-10011-65
2018-05-09 17:00:15,074 [8] DEBUG  - Cuenta de comisiones GASTO 5302-06-201-0201-00-05-177-10011-02
2018-05-09 17:00:16,469 [8] DEBUG  - Cuenta de comisiones GASTO 5302-06-201-0201-00-05-177-10011-13
2018-05-09 17:00:17,890 [8] DEBUG  - Cuenta de comisiones GASTO 5302-06-201-0201-00-05-177-10011-09
2018-05-09 17:00:19,327 [8] DEBUG  - Cuenta de comisiones GASTO 5302-06-201-0201-00-05-177-10011-12
2018-05-09 17:00:20,452 [8] DEBUG  - Cuenta de comisiones PAGO 2902-00-201-0201-00-05-177-10011-00
2018-05-09 17:00:20,452 [8] DEBUG  - Porcentaje Reserva Riesgos en curso: 40
2018-05-09 17:00:21,499 [8] DEBUG  - Cuenta para RRC GASTO: 5311-06-201-0201-00-05-177-10011-65
2018-05-09 17:00:22,561 [8] DEBUG  - Cuenta para RRC GASTO: 5311-06-201-0201-00-05-177-10011-02
2018-05-09 17:00:23,592 [8] DEBUG  - Cuenta para RRC GASTO: 5311-06-201-0201-00-05-177-10011-13
2018-05-09 17:00:24,638 [8] DEBUG  - Cuenta para RRC GASTO: 5311-06-201-0201-00-05-177-10011-09
2018-05-09 17:00:25,716 [8] DEBUG  - Cuenta para RRC GASTO: 5311-06-201-0201-00-05-177-10011-12
2018-05-09 17:00:26,638 [8] DEBUG  - Cuenta para RRC PASIVO: 2206-00-201-0201-00-05-177-10011-00
2018-05-09 17:00:34,860 [8] DEBUG  - Contruyendo encabezado
2018-05-09 17:00:34,860 [8] DEBUG  - Creacion de numero de batch SFNC2832018
2018-05-09 17:00:35,844 [8] DEBUG  - Se obtiene el cliente de GP 1-05-465143
2018-05-09 17:00:37,734 [8] DEBUG  - Cuenta por cobrar: 1302-06-201-0205-00-05-176-10011-00
2018-05-09 17:00:37,734 [8] DEBUG  - Cuenta de impuestos: 2901-00-000-0000-00-00-171-00001-00
2018-05-09 17:00:38,750 [8] DEBUG  - Cuenta de Producto: 4301-06-201-0205-00-05-176-10011-65
2018-05-09 17:00:39,781 [8] DEBUG  - Cuenta de Producto: 4301-06-201-0205-00-05-176-10011-24
2018-05-09 17:00:40,812 [8] DEBUG  - Cuenta de Producto: 4301-06-201-0205-00-05-176-10011-15
2018-05-09 17:00:41,846 [8] DEBUG  - Cuenta de Producto: 4301-06-201-0205-00-05-176-10011-04
2018-05-09 17:00:42,865 [8] DEBUG  - Cuenta de Producto: 4301-06-201-0205-00-05-176-10011-02
2018-05-09 17:00:43,912 [8] DEBUG  - Cuenta de Producto: 4301-06-201-0205-00-05-176-10011-13
2018-05-09 17:00:44,945 [8] DEBUG  - Cuenta de Producto: 4301-06-201-0205-00-05-176-10011-06
2018-05-09 17:00:45,969 [8] DEBUG  - Cuenta de Producto: 4301-06-201-0205-00-05-176-10011-09
2018-05-09 17:00:46,984 [8] DEBUG  - Cuenta de Producto: 4301-06-201-0205-00-05-176-10011-12
2018-05-09 17:00:48,015 [8] DEBUG  - Cuenta de Producto: 4301-06-201-0205-00-05-176-10011-07
2018-05-09 17:00:49,046 [8] DEBUG  - Cuenta de Producto: 4301-06-201-0205-00-05-176-10011-05
2018-05-09 17:00:50,062 [8] DEBUG  - Cuenta de Producto: 4301-06-201-0205-00-05-176-10011-48
2018-05-09 17:00:51,561 [8] DEBUG  - Cuenta de comisiones GASTO 5302-06-201-0205-00-05-176-10011-65
2018-05-09 17:00:53,139 [8] DEBUG  - Cuenta de comisiones GASTO 5302-06-201-0205-00-05-176-10011-24
2018-05-09 17:00:54,576 [8] DEBUG  - Cuenta de comisiones GASTO 5302-06-201-0205-00-05-176-10011-15
2018-05-09 17:00:55,966 [8] DEBUG  - Cuenta de comisiones GASTO 5302-06-201-0205-00-05-176-10011-04
2018-05-09 17:00:57,372 [8] DEBUG  - Cuenta de comisiones GASTO 5302-06-201-0205-00-05-176-10011-02
2018-05-09 17:00:58,794 [8] DEBUG  - Cuenta de comisiones GASTO 5302-06-201-0205-00-05-176-10011-13
2018-05-09 17:01:00,372 [8] DEBUG  - Cuenta de comisiones GASTO 5302-06-201-0205-00-05-176-10011-06
2018-05-09 17:01:01,981 [8] DEBUG  - Cuenta de comisiones GASTO 5302-06-201-0205-00-05-176-10011-09
2018-05-09 17:01:03,418 [8] DEBUG  - Cuenta de comisiones GASTO 5302-06-201-0205-00-05-176-10011-12
2018-05-09 17:01:04,839 [8] DEBUG  - Cuenta de comisiones GASTO 5302-06-201-0205-00-05-176-10011-07
2018-05-09 17:01:06,261 [8] DEBUG  - Cuenta de comisiones GASTO 5302-06-201-0205-00-05-176-10011-05
2018-05-09 17:01:07,917 [8] DEBUG  - Cuenta de comisiones GASTO 5302-06-201-0205-00-05-176-10011-48
2018-05-09 17:01:09,245 [8] DEBUG  - Cuenta de comisiones PAGO 2902-00-201-0205-00-05-176-10011-00
2018-05-09 17:01:09,245 [8] DEBUG  - Porcentaje Reserva Riesgos en curso: 40
2018-05-09 17:01:10,463 [8] DEBUG  - Cuenta para RRC GASTO: 5311-06-201-0205-00-05-176-10011-65
2018-05-09 17:01:11,728 [8] DEBUG  - Cuenta para RRC GASTO: 5311-06-201-0205-00-05-176-10011-24
2018-05-09 17:01:12,978 [8] DEBUG  - Cuenta para RRC GASTO: 5311-06-201-0205-00-05-176-10011-15
2018-05-09 17:01:14,165 [8] DEBUG  - Cuenta para RRC GASTO: 5311-06-201-0205-00-05-176-10011-04
2018-05-09 17:01:15,337 [8] DEBUG  - Cuenta para RRC GASTO: 5311-06-201-0205-00-05-176-10011-02
2018-05-09 17:01:16,579 [8] DEBUG  - Cuenta para RRC GASTO: 5311-06-201-0205-00-05-176-10011-13
2018-05-09 17:01:17,829 [8] DEBUG  - Cuenta para RRC GASTO: 5311-06-201-0205-00-05-176-10011-06
2018-05-09 17:01:19,203 [8] DEBUG  - Cuenta para RRC GASTO: 5311-06-201-0205-00-05-176-10011-09
2018-05-09 17:01:20,719 [8] DEBUG  - Cuenta para RRC GASTO: 5311-06-201-0205-00-05-176-10011-12
2018-05-09 17:01:22,062 [8] DEBUG  - Cuenta para RRC GASTO: 5311-06-201-0205-00-05-176-10011-07
2018-05-09 17:01:23,234 [8] DEBUG  - Cuenta para RRC GASTO: 5311-06-201-0205-00-05-176-10011-05
2018-05-09 17:01:24,530 [8] DEBUG  - Cuenta para RRC GASTO: 5311-06-201-0205-00-05-176-10011-48
2018-05-09 17:01:25,577 [8] DEBUG  - Cuenta para RRC PASIVO: 2206-00-201-0205-00-05-176-10011-00
2018-05-09 17:01:26,733 [8] DEBUG  - Reaseguro Contractual: 5306-06-201-0205-00-05-176-10011-04
2018-05-09 17:01:27,858 [8] DEBUG  - Reaseguradores Comision por Reaseguro: 4302-06-201-0205-00-05-176-10011-04
2018-05-09 17:01:28,904 [8] DEBUG  - Reaseguro Contractual: 5306-06-201-0205-00-05-176-10011-06
2018-05-09 17:01:29,935 [8] DEBUG  - Reaseguradores Comision por Reaseguro: 4302-06-201-0205-00-05-176-10011-06
2018-05-09 17:01:30,966 [8] DEBUG  - Reaseguro Contractual: 5306-06-201-0205-00-05-176-10011-07
2018-05-09 17:01:32,138 [8] DEBUG  - Reaseguradores Comision por Reaseguro: 4302-06-201-0205-00-05-176-10011-07
2018-05-09 17:01:33,341 [8] DEBUG  - Reaseguro Contractual: 5306-06-201-0205-00-05-176-10011-05
2018-05-09 17:01:34,575 [8] DEBUG  - Reaseguradores Comision por Reaseguro: 4302-06-201-0205-00-05-176-10011-05
2018-05-09 17:01:35,778 [8] DEBUG  - Reaseguradores - cuenta corriente: 2402-00-201-0205-00-05-176-10011-00
2018-05-09 17:01:36,871 [8] DEBUG  - Reaseguradores Comision por Reaseguro: 2402-00-201-0205-00-05-176-10011-00
2018-05-09 17:01:38,042 [8] DEBUG  - RRC para reaseguro INGRESO: 4311-06-201-0205-00-05-176-10011-04
2018-05-09 17:01:39,199 [8] DEBUG  - RRC para reaseguro INGRESO: 4311-06-201-0205-00-05-176-10011-06
2018-05-09 17:01:40,230 [8] DEBUG  - RRC para reaseguro INGRESO: 4311-06-201-0205-00-05-176-10011-07
2018-05-09 17:01:41,401 [8] DEBUG  - RRC para reaseguro INGRESO: 4311-06-201-0205-00-05-176-10011-05
2018-05-09 17:01:42,354 [8] DEBUG  - RRC para reaseguro PASIVO: 2206-00-201-0205-00-05-176-10011-00
2018-05-09 17:01:59,155 [8] DEBUG  - Contruyendo encabezado
2018-05-09 17:01:59,155 [8] DEBUG  - Creacion de numero de batch SFNC2832018
2018-05-09 17:01:59,764 [8] DEBUG  - Se obtiene el cliente de GP 1-05-465361
2018-05-09 17:02:01,529 [8] DEBUG  - Cuenta por cobrar: 1302-06-201-0201-00-08-179-10099-00
2018-05-09 17:02:01,529 [8] DEBUG  - Cuenta de impuestos: 2901-00-000-0000-00-00-171-00001-00
2018-05-09 17:02:02,951 [8] DEBUG  - Cuenta de Producto: 4301-06-201-0201-00-08-179-10099-65
2018-05-09 17:02:03,966 [8] DEBUG  - Cuenta de Producto: 4301-06-201-0201-00-08-179-10099-15
2018-05-09 17:02:04,997 [8] DEBUG  - Cuenta de Producto: 4301-06-201-0201-00-08-179-10099-02
2018-05-09 17:02:06,137 [8] DEBUG  - Cuenta de Producto: 4301-06-201-0201-00-08-179-10099-13
2018-05-09 17:02:07,169 [8] DEBUG  - Cuenta de Producto: 4301-06-201-0201-00-08-179-10099-09
2018-05-09 17:02:08,215 [8] DEBUG  - Cuenta de Producto: 4301-06-201-0201-00-08-179-10099-12
2018-05-09 17:02:09,262 [8] DEBUG  - Cuenta de Producto: 4301-06-201-0201-00-08-179-10099-16
2018-05-09 17:02:09,371 [8] DEBUG  - Porcentaje Reserva Riesgos en curso: 40
2018-05-09 17:02:10,402 [8] DEBUG  - Cuenta para RRC GASTO: 5311-06-201-0201-00-08-179-10099-65
2018-05-09 17:02:11,433 [8] DEBUG  - Cuenta para RRC GASTO: 5311-06-201-0201-00-08-179-10099-15
2018-05-09 17:02:12,464 [8] DEBUG  - Cuenta para RRC GASTO: 5311-06-201-0201-00-08-179-10099-02
2018-05-09 17:02:13,776 [8] DEBUG  - Cuenta para RRC GASTO: 5311-06-201-0201-00-08-179-10099-13
2018-05-09 17:02:15,182 [8] DEBUG  - Cuenta para RRC GASTO: 5311-06-201-0201-00-08-179-10099-09
2018-05-09 17:02:16,315 [8] DEBUG  - Cuenta para RRC GASTO: 5311-06-201-0201-00-08-179-10099-12
2018-05-09 17:02:19,298 [8] DEBUG  - Cuenta para RRC GASTO: 5311-06-201-0201-00-08-179-10099-16
2018-05-09 17:02:20,814 [8] DEBUG  - Cuenta para RRC PASIVO: 2206-00-201-0201-00-08-179-10099-00
2018-05-09 17:02:28,390 [8] DEBUG  - Contruyendo encabezado
2018-05-09 17:02:28,390 [8] DEBUG  - Creacion de numero de batch SFNC2832018
2018-05-09 17:02:29,140 [8] DEBUG  - Se obtiene el cliente de GP 1-05-466319
2018-05-09 17:02:32,108 [8] DEBUG  - Cuenta por cobrar: 1302-06-201-0201-00-01-174-10112-00
2018-05-09 17:02:32,108 [8] DEBUG  - Cuenta de impuestos: 2901-00-000-0000-00-00-171-00001-00
2018-05-09 17:02:34,451 [8] DEBUG  - Cuenta de Producto: 4301-06-201-0201-00-01-174-10112-65
2018-05-09 17:02:36,779 [8] DEBUG  - Cuenta de Producto: 4301-06-201-0201-00-01-174-10112-02
2018-05-09 17:02:38,497 [8] DEBUG  - Cuenta de Producto: 4301-06-201-0201-00-01-174-10112-13
2018-05-09 17:02:40,731 [8] DEBUG  - Cuenta de Producto: 4301-06-201-0201-00-01-174-10112-09
2018-05-09 17:02:42,809 [8] DEBUG  - Cuenta de Producto: 4301-06-201-0201-00-01-174-10112-12
2018-05-09 17:02:46,315 [8] DEBUG  - Cuenta de comisiones GASTO 5302-06-201-0201-00-01-174-10112-65
2018-05-09 17:02:50,517 [8] DEBUG  - Cuenta de comisiones GASTO 5302-06-201-0201-00-01-174-10112-02
2018-05-09 17:02:54,328 [8] DEBUG  - Cuenta de comisiones GASTO 5302-06-201-0201-00-01-174-10112-13
2018-05-09 17:02:58,937 [8] DEBUG  - Cuenta de comisiones GASTO 5302-06-201-0201-00-01-174-10112-09
2018-05-09 17:03:02,405 [8] DEBUG  - Cuenta de comisiones GASTO 5302-06-201-0201-00-01-174-10112-12
2018-05-09 17:03:04,717 [8] DEBUG  - Cuenta de comisiones PAGO 2902-00-201-0201-00-01-174-10112-00
2018-05-09 17:03:04,717 [8] DEBUG  - Porcentaje Reserva Riesgos en curso: 40
2018-05-09 17:03:06,560 [8] DEBUG  - Cuenta para RRC GASTO: 5311-06-201-0201-00-01-174-10112-65
2018-05-09 17:03:08,575 [8] DEBUG  - Cuenta para RRC GASTO: 5311-06-201-0201-00-01-174-10112-02
2018-05-09 17:03:10,528 [8] DEBUG  - Cuenta para RRC GASTO: 5311-06-201-0201-00-01-174-10112-13
2018-05-09 17:03:12,559 [8] DEBUG  - Cuenta para RRC GASTO: 5311-06-201-0201-00-01-174-10112-09
2018-05-09 17:03:14,386 [8] DEBUG  - Cuenta para RRC GASTO: 5311-06-201-0201-00-01-174-10112-12
2018-05-09 17:03:15,496 [8] DEBUG  - Cuenta para RRC PASIVO: 2206-00-201-0201-00-01-174-10112-00
2018-05-09 17:03:27,158 [8] DEBUG  - Contruyendo encabezado
2018-05-09 17:03:27,158 [8] DEBUG  - Creacion de numero de batch SFNC2832018
2018-05-09 17:03:28,220 [8] DEBUG  - Se obtiene el cliente de GP 12-05-463376
2018-05-09 17:03:30,235 [8] DEBUG  - Cuenta por cobrar: 1302-06-201-0201-00-08-179-10118-00
2018-05-09 17:03:30,235 [8] DEBUG  - Cuenta de impuestos: 2901-00-000-0000-00-00-171-00001-00
2018-05-09 17:03:31,969 [8] DEBUG  - Cuenta de Producto: 4301-06-201-0201-00-08-179-10118-65
2018-05-09 17:03:34,219 [8] DEBUG  - Cuenta de Producto: 4301-06-201-0201-00-08-179-10118-02
2018-05-09 17:03:35,531 [8] DEBUG  - Cuenta de Producto: 4301-06-201-0201-00-08-179-10118-13
2018-05-09 17:03:36,968 [8] DEBUG  - Cuenta de Producto: 4301-06-201-0201-00-08-179-10118-09
2018-05-09 17:03:39,358 [8] DEBUG  - Cuenta de Producto: 4301-06-201-0201-00-08-179-10118-12
2018-05-09 17:03:39,717 [8] DEBUG  - Porcentaje Reserva Riesgos en curso: 40
2018-05-09 17:03:41,170 [8] DEBUG  - Cuenta para RRC GASTO: 5311-06-201-0201-00-08-179-10118-65
2018-05-09 17:03:42,592 [8] DEBUG  - Cuenta para RRC GASTO: 5311-06-201-0201-00-08-179-10118-02
2018-05-09 17:03:44,076 [8] DEBUG  - Cuenta para RRC GASTO: 5311-06-201-0201-00-08-179-10118-13
2018-05-09 17:03:45,419 [8] DEBUG  - Cuenta para RRC GASTO: 5311-06-201-0201-00-08-179-10118-09
2018-05-09 17:03:46,630 [8] DEBUG  - Cuenta para RRC GASTO: 5311-06-201-0201-00-08-179-10118-12
2018-05-09 17:03:47,707 [8] DEBUG  - Cuenta para RRC PASIVO: 2206-00-201-0201-00-08-179-10118-00
2018-05-09 17:03:53,269 [8] DEBUG  - Contruyendo encabezado
2018-05-09 17:03:53,269 [8] DEBUG  - Creacion de numero de batch SFNC2832018
2018-05-09 17:03:54,143 [8] DEBUG  - Se obtiene el cliente de GP 12-05-464658
2018-05-09 17:03:57,018 [8] DEBUG  - Cuenta por cobrar: 1302-06-201-0201-00-05-174-10051-00
2018-05-09 17:03:57,018 [8] DEBUG  - Cuenta de impuestos: 2901-00-000-0000-00-00-171-00001-00
2018-05-09 17:03:58,549 [8] DEBUG  - Cuenta de Producto: 4301-06-201-0201-00-05-174-10051-65
2018-05-09 17:04:00,486 [8] DEBUG  - Cuenta de Producto: 4301-06-201-0201-00-05-174-10051-02
2018-05-09 17:04:02,360 [8] DEBUG  - Cuenta de Producto: 4301-06-201-0201-00-05-174-10051-13
2018-05-09 17:04:03,720 [8] DEBUG  - Cuenta de Producto: 4301-06-201-0201-00-05-174-10051-09
2018-05-09 17:04:04,844 [8] DEBUG  - Cuenta de Producto: 4301-06-201-0201-00-05-174-10051-12
2018-05-09 17:04:06,765 [8] DEBUG  - Cuenta de comisiones GASTO 5302-06-201-0201-00-05-174-10051-65
2018-05-09 17:04:09,640 [8] DEBUG  - Cuenta de comisiones GASTO 5302-06-201-0201-00-05-174-10051-02
2018-05-09 17:04:11,499 [8] DEBUG  - Cuenta de comisiones GASTO 5302-06-201-0201-00-05-174-10051-13
2018-05-09 17:04:13,904 [8] DEBUG  - Cuenta de comisiones GASTO 5302-06-201-0201-00-05-174-10051-09
2018-05-09 17:04:16,677 [8] DEBUG  - Cuenta de comisiones GASTO 5302-06-201-0201-00-05-174-10051-12
2018-05-09 17:04:19,067 [8] DEBUG  - Cuenta de comisiones PAGO 2902-00-201-0201-00-05-174-10051-00
2018-05-09 17:04:19,067 [8] DEBUG  - Porcentaje Reserva Riesgos en curso: 40
2018-05-09 17:04:21,582 [8] DEBUG  - Cuenta para RRC GASTO: 5311-06-201-0201-00-05-174-10051-65
2018-05-09 17:04:23,707 [8] DEBUG  - Cuenta para RRC GASTO: 5311-06-201-0201-00-05-174-10051-02
2018-05-09 17:04:25,644 [8] DEBUG  - Cuenta para RRC GASTO: 5311-06-201-0201-00-05-174-10051-13
2018-05-09 17:04:27,471 [8] DEBUG  - Cuenta para RRC GASTO: 5311-06-201-0201-00-05-174-10051-09
2018-05-09 17:04:28,877 [8] DEBUG  - Cuenta para RRC GASTO: 5311-06-201-0201-00-05-174-10051-12
2018-05-09 17:04:29,971 [8] DEBUG  - Cuenta para RRC PASIVO: 2206-00-201-0201-00-05-174-10051-00
2018-05-09 17:04:37,734 [8] DEBUG  - Contruyendo encabezado
2018-05-09 17:04:37,734 [8] DEBUG  - Creacion de numero de batch SFNC2832018
2018-05-09 17:04:38,500 [8] DEBUG  - Se obtiene el cliente de GP 12-05-465848
2018-05-09 17:04:40,437 [8] DEBUG  - Cuenta por cobrar: 1302-06-201-0201-00-05-174-10118-00
2018-05-09 17:04:40,437 [8] DEBUG  - Cuenta de impuestos: 2901-00-000-0000-00-00-171-00001-00
2018-05-09 17:04:41,468 [8] DEBUG  - Cuenta de Producto: 4301-06-201-0201-00-05-174-10118-65
2018-05-09 17:04:42,530 [8] DEBUG  - Cuenta de Producto: 4301-06-201-0201-00-05-174-10118-02
2018-05-09 17:04:43,671 [8] DEBUG  - Cuenta de Producto: 4301-06-201-0201-00-05-174-10118-13
2018-05-09 17:04:44,748 [8] DEBUG  - Cuenta de Producto: 4301-06-201-0201-00-05-174-10118-09
2018-05-09 17:04:45,795 [8] DEBUG  - Cuenta de Producto: 4301-06-201-0201-00-05-174-10118-12
2018-05-09 17:04:47,193 [8] DEBUG  - Cuenta de comisiones GASTO 5302-06-201-0201-00-05-174-10118-65
2018-05-09 17:04:48,834 [8] DEBUG  - Cuenta de comisiones GASTO 5302-06-201-0201-00-05-174-10118-02
2018-05-09 17:04:50,646 [8] DEBUG  - Cuenta de comisiones GASTO 5302-06-201-0201-00-05-174-10118-13
2018-05-09 17:04:52,989 [8] DEBUG  - Cuenta de comisiones GASTO 5302-06-201-0201-00-05-174-10118-09
2018-05-09 17:04:54,676 [8] DEBUG  - Cuenta de comisiones GASTO 5302-06-201-0201-00-05-174-10118-12
2018-05-09 17:04:55,816 [8] DEBUG  - Cuenta de comisiones PAGO 2902-00-201-0201-00-05-174-10118-00
2018-05-09 17:04:55,816 [8] DEBUG  - Porcentaje Reserva Riesgos en curso: 40
2018-05-09 17:04:56,863 [8] DEBUG  - Cuenta para RRC GASTO: 5311-06-201-0201-00-05-174-10118-65
2018-05-09 17:04:57,941 [8] DEBUG  - Cuenta para RRC GASTO: 5311-06-201-0201-00-05-174-10118-02
2018-05-09 17:04:59,081 [8] DEBUG  - Cuenta para RRC GASTO: 5311-06-201-0201-00-05-174-10118-13
2018-05-09 17:05:00,456 [8] DEBUG  - Cuenta para RRC GASTO: 5311-06-201-0201-00-05-174-10118-09
2018-05-09 17:05:01,518 [8] DEBUG  - Cuenta para RRC GASTO: 5311-06-201-0201-00-05-174-10118-12
2018-05-09 17:05:02,580 [8] DEBUG  - Cuenta para RRC PASIVO: 2206-00-201-0201-00-05-174-10118-00
2018-05-09 17:05:09,938 [8] DEBUG  - Contruyendo encabezado
2018-05-09 17:05:09,938 [8] DEBUG  - Creacion de numero de batch SFNC2832018
2018-05-09 17:05:10,672 [8] DEBUG  - Se obtiene el cliente de GP 16-05-463882
2018-05-09 17:05:12,453 [8] DEBUG  - Cuenta por cobrar: 1302-06-201-0600-00-05-175-10111-00
2018-05-09 17:05:12,453 [8] DEBUG  - Cuenta de impuestos: 2901-00-000-0000-00-00-171-00001-00
2018-05-09 17:05:13,484 [8] DEBUG  - Cuenta de Producto: 4301-06-201-0401-00-05-175-10111-65
2018-05-09 17:05:14,515 [8] DEBUG  - Cuenta de Producto: 4301-06-201-0401-00-05-175-10111-24
2018-05-09 17:05:15,546 [8] DEBUG  - Cuenta de Producto: 4301-06-201-0401-00-05-175-10111-15
2018-05-09 17:05:16,632 [8] DEBUG  - Cuenta de Producto: 4301-06-201-0401-00-05-175-10111-02
2018-05-09 17:05:17,663 [8] DEBUG  - Cuenta de Producto: 4301-06-201-0401-00-05-175-10111-13
2018-05-09 17:05:18,850 [8] DEBUG  - Cuenta de Producto: 4301-06-201-0401-00-05-175-10111-09
2018-05-09 17:05:19,913 [8] DEBUG  - Cuenta de Producto: 4301-06-201-0401-00-05-175-10111-12
2018-05-09 17:05:21,225 [8] DEBUG  - Cuenta de comisiones GASTO 5302-06-201-0401-00-05-175-10111-65
2018-05-09 17:05:22,958 [8] DEBUG  - Cuenta de comisiones GASTO 5302-06-201-0401-00-05-175-10111-24
2018-05-09 17:05:24,396 [8] DEBUG  - Cuenta de comisiones GASTO 5302-06-201-0401-00-05-175-10111-15
2018-05-09 17:05:25,802 [8] DEBUG  - Cuenta de comisiones GASTO 5302-06-201-0401-00-05-175-10111-02
2018-05-09 17:05:27,504 [8] DEBUG  - Cuenta de comisiones GASTO 5302-06-201-0401-00-05-175-10111-13
2018-05-09 17:05:28,973 [8] DEBUG  - Cuenta de comisiones GASTO 5302-06-201-0401-00-05-175-10111-09
2018-05-09 17:05:32,769 [8] DEBUG  - Cuenta de comisiones GASTO 5302-06-201-0401-00-05-175-10111-12
2018-05-09 17:05:36,081 [8] DEBUG  - Cuenta de comisiones PAGO 2902-00-201-0401-00-05-175-10111-00
2018-05-09 17:05:36,081 [8] DEBUG  - Porcentaje Reserva Riesgos en curso: 40
2018-05-09 17:05:37,127 [8] DEBUG  - Cuenta para RRC GASTO: 5311-06-201-0401-00-05-175-10111-65
2018-05-09 17:05:38,143 [8] DEBUG  - Cuenta para RRC GASTO: 5311-06-201-0401-00-05-175-10111-24
2018-05-09 17:05:39,173 [8] DEBUG  - Cuenta para RRC GASTO: 5311-06-201-0401-00-05-175-10111-15
2018-05-09 17:05:40,392 [8] DEBUG  - Cuenta para RRC GASTO: 5311-06-201-0401-00-05-175-10111-02
2018-05-09 17:05:41,423 [8] DEBUG  - Cuenta para RRC GASTO: 5311-06-201-0401-00-05-175-10111-13
2018-05-09 17:05:42,454 [8] DEBUG  - Cuenta para RRC GASTO: 5311-06-201-0401-00-05-175-10111-09
2018-05-09 17:05:43,485 [8] DEBUG  - Cuenta para RRC GASTO: 5311-06-201-0401-00-05-175-10111-12
2018-05-09 17:05:44,422 [8] DEBUG  - Cuenta para RRC PASIVO: 2206-00-201-0401-00-05-175-10111-00
2018-05-09 17:05:55,615 [8] DEBUG  - Contruyendo encabezado
2018-05-09 17:05:55,615 [8] DEBUG  - Creacion de numero de batch SFNC2832018
2018-05-09 17:05:57,411 [8] DEBUG  - Se obtiene el cliente de GP 16-05-464675
2018-05-09 17:05:59,348 [8] DEBUG  - Cuenta por cobrar: 1302-06-201-0405-00-05-177-10111-00
2018-05-09 17:05:59,348 [8] DEBUG  - Cuenta de impuestos: 2901-00-000-0000-00-00-171-00001-00
2018-05-09 17:06:00,411 [8] DEBUG  - Cuenta de Producto: 4301-06-201-0405-00-05-177-10111-65
2018-05-09 17:06:01,442 [8] DEBUG  - Cuenta de Producto: 4301-06-201-0405-00-05-177-10111-24
2018-05-09 17:06:02,473 [8] DEBUG  - Cuenta de Producto: 4301-06-201-0405-00-05-177-10111-15
2018-05-09 17:06:03,504 [8] DEBUG  - Cuenta de Producto: 4301-06-201-0405-00-05-177-10111-04
2018-05-09 17:06:04,535 [8] DEBUG  - Cuenta de Producto: 4301-06-201-0405-00-05-177-10111-02
2018-05-09 17:06:05,566 [8] DEBUG  - Cuenta de Producto: 4301-06-201-0405-00-05-177-10111-13
2018-05-09 17:06:06,581 [8] DEBUG  - Cuenta de Producto: 4301-06-201-0405-00-05-177-10111-06
2018-05-09 17:06:07,612 [8] DEBUG  - Cuenta de Producto: 4301-06-201-0405-00-05-177-10111-09
2018-05-09 17:06:08,674 [8] DEBUG  - Cuenta de Producto: 4301-06-201-0405-00-05-177-10111-12
2018-05-09 17:06:09,705 [8] DEBUG  - Cuenta de Producto: 4301-06-201-0405-00-05-177-10111-07
2018-05-09 17:06:12,658 [8] DEBUG  - Cuenta de Producto: 4301-06-201-0405-00-05-177-10111-05
2018-05-09 17:06:14,032 [8] DEBUG  - Cuenta de Producto: 4301-06-201-0405-00-05-177-10111-49
2018-05-09 17:06:15,344 [8] DEBUG  - Cuenta de comisiones GASTO 5302-06-201-0405-00-05-177-10111-65
2018-05-09 17:06:16,744 [8] DEBUG  - Cuenta de comisiones GASTO 5302-06-201-0405-00-05-177-10111-24
2018-05-09 17:06:18,150 [8] DEBUG  - Cuenta de comisiones GASTO 5302-06-201-0405-00-05-177-10111-15
2018-05-09 17:06:19,540 [8] DEBUG  - Cuenta de comisiones GASTO 5302-06-201-0405-00-05-177-10111-04
2018-05-09 17:06:20,946 [8] DEBUG  - Cuenta de comisiones GASTO 5302-06-201-0405-00-05-177-10111-02
2018-05-09 17:06:22,352 [8] DEBUG  - Cuenta de comisiones GASTO 5302-06-201-0405-00-05-177-10111-13
2018-05-09 17:06:23,742 [8] DEBUG  - Cuenta de comisiones GASTO 5302-06-201-0405-00-05-177-10111-06
2018-05-09 17:06:25,148 [8] DEBUG  - Cuenta de comisiones GASTO 5302-06-201-0405-00-05-177-10111-09
2018-05-09 17:06:26,538 [8] DEBUG  - Cuenta de comisiones GASTO 5302-06-201-0405-00-05-177-10111-12
2018-05-09 17:06:27,928 [8] DEBUG  - Cuenta de comisiones GASTO 5302-06-201-0405-00-05-177-10111-07
2018-05-09 17:06:29,366 [8] DEBUG  - Cuenta de comisiones GASTO 5302-06-201-0405-00-05-177-10111-05
2018-05-09 17:06:30,756 [8] DEBUG  - Cuenta de comisiones GASTO 5302-06-201-0405-00-05-177-10111-49
2018-05-09 17:06:31,881 [8] DEBUG  - Cuenta de comisiones PAGO 2902-00-201-0405-00-05-177-10111-00
2018-05-09 17:06:31,881 [8] DEBUG  - Porcentaje Reserva Riesgos en curso: 40
2018-05-09 17:06:32,912 [8] DEBUG  - Cuenta para RRC GASTO: 5311-06-201-0405-00-05-177-10111-65
2018-05-09 17:06:33,943 [8] DEBUG  - Cuenta para RRC GASTO: 5311-06-201-0405-00-05-177-10111-24
2018-05-09 17:06:34,974 [8] DEBUG  - Cuenta para RRC GASTO: 5311-06-201-0405-00-05-177-10111-15
2018-05-09 17:06:36,005 [8] DEBUG  - Cuenta para RRC GASTO: 5311-06-201-0405-00-05-177-10111-04
2018-05-09 17:06:37,020 [8] DEBUG  - Cuenta para RRC GASTO: 5311-06-201-0405-00-05-177-10111-02
2018-05-09 17:06:38,051 [8] DEBUG  - Cuenta para RRC GASTO: 5311-06-201-0405-00-05-177-10111-13
2018-05-09 17:06:39,082 [8] DEBUG  - Cuenta para RRC GASTO: 5311-06-201-0405-00-05-177-10111-06
2018-05-09 17:06:40,129 [8] DEBUG  - Cuenta para RRC GASTO: 5311-06-201-0405-00-05-177-10111-09
2018-05-09 17:06:41,144 [8] DEBUG  - Cuenta para RRC GASTO: 5311-06-201-0405-00-05-177-10111-12
2018-05-09 17:06:42,175 [8] DEBUG  - Cuenta para RRC GASTO: 5311-06-201-0405-00-05-177-10111-07
2018-05-09 17:06:43,206 [8] DEBUG  - Cuenta para RRC GASTO: 5311-06-201-0405-00-05-177-10111-05
2018-05-09 17:06:44,237 [8] DEBUG  - Cuenta para RRC GASTO: 5311-06-201-0405-00-05-177-10111-49
2018-05-09 17:06:45,159 [8] DEBUG  - Cuenta para RRC PASIVO: 2206-00-201-0405-00-05-177-10111-00
2018-05-09 17:06:47,979 [8] DEBUG  - Reaseguro Contractual: 5306-06-201-0405-00-05-177-10111-04
2018-05-09 17:06:49,025 [8] DEBUG  - Reaseguradores Comision por Reaseguro: 4302-06-201-0405-00-05-177-10111-04
2018-05-09 17:06:50,056 [8] DEBUG  - Reaseguro Contractual: 5306-06-201-0405-00-05-177-10111-06
2018-05-09 17:06:51,087 [8] DEBUG  - Reaseguradores Comision por Reaseguro: 4302-06-201-0405-00-05-177-10111-06
2018-05-09 17:06:52,196 [8] DEBUG  - Reaseguro Contractual: 5306-06-201-0405-00-05-177-10111-07
2018-05-09 17:06:53,259 [8] DEBUG  - Reaseguradores Comision por Reaseguro: 4302-06-201-0405-00-05-177-10111-07
2018-05-09 17:06:54,290 [8] DEBUG  - Reaseguro Contractual: 5306-06-201-0405-00-05-177-10111-05
2018-05-09 17:06:55,383 [8] DEBUG  - Reaseguradores Comision por Reaseguro: 4302-06-201-0405-00-05-177-10111-05
2018-05-09 17:06:56,321 [8] DEBUG  - Reaseguradores - cuenta corriente: 2402-00-201-0405-00-05-177-10111-00
2018-05-09 17:06:57,289 [8] DEBUG  - Reaseguradores Comision por Reaseguro: 2402-00-201-0405-00-05-177-10111-00
2018-05-09 17:06:58,305 [8] DEBUG  - RRC para reaseguro INGRESO: 4311-06-201-0405-00-05-177-10111-04
2018-05-09 17:06:59,476 [8] DEBUG  - RRC para reaseguro INGRESO: 4311-06-201-0405-00-05-177-10111-06
2018-05-09 17:07:00,523 [8] DEBUG  - RRC para reaseguro INGRESO: 4311-06-201-0405-00-05-177-10111-07
2018-05-09 17:07:01,554 [8] DEBUG  - RRC para reaseguro INGRESO: 4311-06-201-0405-00-05-177-10111-05
2018-05-09 17:07:02,475 [8] DEBUG  - RRC para reaseguro PASIVO: 2206-00-201-0405-00-05-177-10111-00
2018-05-09 17:07:59,025 [8] DEBUG  - Contruyendo encabezado
2018-05-09 17:07:59,025 [8] DEBUG  - Creacion de numero de batch SFNC2832018
2018-05-09 17:07:59,837 [8] DEBUG  - Se obtiene el cliente de GP 18-05-467626
2018-05-09 17:08:01,649 [8] DEBUG  - Cuenta por cobrar: 1302-06-201-0201-00-05-174-10002-00
2018-05-09 17:08:01,649 [8] DEBUG  - Cuenta de impuestos: 2901-00-000-0000-00-00-171-00001-00
2018-05-09 17:08:02,680 [8] DEBUG  - Cuenta de Producto: 4301-06-201-0201-00-05-174-10002-65
2018-05-09 17:08:03,727 [8] DEBUG  - Cuenta de Producto: 4301-06-201-0201-00-05-174-10002-24
2018-05-09 17:08:04,883 [8] DEBUG  - Cuenta de Producto: 4301-06-201-0201-00-05-174-10002-02
2018-05-09 17:08:06,117 [8] DEBUG  - Cuenta de Producto: 4301-06-201-0201-00-05-174-10002-13
2018-05-09 17:08:07,163 [8] DEBUG  - Cuenta de Producto: 4301-06-201-0201-00-05-174-10002-09
2018-05-09 17:08:08,210 [8] DEBUG  - Cuenta de Producto: 4301-06-201-0201-00-05-174-10002-12
2018-05-09 17:08:09,522 [8] DEBUG  - Cuenta de comisiones GASTO 5302-06-201-0201-00-05-174-10002-65
2018-05-09 17:08:10,928 [8] DEBUG  - Cuenta de comisiones GASTO 5302-06-201-0201-00-05-174-10002-24
2018-05-09 17:08:12,631 [8] DEBUG  - Cuenta de comisiones GASTO 5302-06-201-0201-00-05-174-10002-02
2018-05-09 17:08:14,052 [8] DEBUG  - Cuenta de comisiones GASTO 5302-06-201-0201-00-05-174-10002-13
2018-05-09 17:08:15,458 [8] DEBUG  - Cuenta de comisiones GASTO 5302-06-201-0201-00-05-174-10002-09
2018-05-09 17:08:17,778 [8] DEBUG  - Cuenta de comisiones GASTO 5302-06-201-0201-00-05-174-10002-12
2018-05-09 17:08:26,073 [8] DEBUG  - Cuenta de comisiones PAGO 2902-00-201-0201-00-05-174-10002-00
2018-05-09 17:08:26,073 [8] DEBUG  - Porcentaje Reserva Riesgos en curso: 40
2018-05-09 17:08:30,822 [8] DEBUG  - Cuenta para RRC GASTO: 5311-06-201-0201-00-05-174-10002-65
2018-05-09 17:08:33,852 [8] DEBUG  - Cuenta para RRC GASTO: 5311-06-201-0201-00-05-174-10002-24
2018-05-09 17:08:34,868 [8] DEBUG  - Cuenta para RRC GASTO: 5311-06-201-0201-00-05-174-10002-02
2018-05-09 17:08:35,898 [8] DEBUG  - Cuenta para RRC GASTO: 5311-06-201-0201-00-05-174-10002-13
2018-05-09 17:08:36,929 [8] DEBUG  - Cuenta para RRC GASTO: 5311-06-201-0201-00-05-174-10002-09
2018-05-09 17:08:37,961 [8] DEBUG  - Cuenta para RRC GASTO: 5311-06-201-0201-00-05-174-10002-12
2018-05-09 17:08:39,226 [8] DEBUG  - Cuenta para RRC PASIVO: 2206-00-201-0201-00-05-174-10002-00
2018-05-09 17:08:46,013 [8] DEBUG  - Contruyendo encabezado
2018-05-09 17:08:46,013 [8] DEBUG  - Creacion de numero de batch SFNC2832018
2018-05-09 17:08:47,201 [8] DEBUG  - Se obtiene el cliente de GP 2-05-462463
2018-05-09 17:08:49,622 [8] DEBUG  - Cuenta por cobrar: 1302-06-201-0402-00-03-174-10052-00
2018-05-09 17:08:49,622 [8] DEBUG  - Cuenta de impuestos: 2901-00-000-0000-00-00-171-00001-00
2018-05-09 17:08:50,731 [8] DEBUG  - Cuenta de Producto: 4301-06-201-0402-00-03-174-10052-65
2018-05-09 17:08:51,762 [8] DEBUG  - Cuenta de Producto: 4301-06-201-0402-00-03-174-10052-02
2018-05-09 17:08:52,808 [8] DEBUG  - Cuenta de Producto: 4301-06-201-0402-00-03-174-10052-13
2018-05-09 17:08:53,902 [8] DEBUG  - Cuenta de Producto: 4301-06-201-0402-00-03-174-10052-09
2018-05-09 17:08:54,933 [8] DEBUG  - Cuenta de Producto: 4301-06-201-0402-00-03-174-10052-12
2018-05-09 17:08:56,245 [8] DEBUG  - Cuenta de comisiones GASTO 5302-06-201-0402-00-03-174-10052-65
2018-05-09 17:08:57,635 [8] DEBUG  - Cuenta de comisiones GASTO 5302-06-201-0402-00-03-174-10052-02
2018-05-09 17:08:59,073 [8] DEBUG  - Cuenta de comisiones GASTO 5302-06-201-0402-00-03-174-10052-13
2018-05-09 17:09:00,494 [8] DEBUG  - Cuenta de comisiones GASTO 5302-06-201-0402-00-03-174-10052-09
2018-05-09 17:09:02,119 [8] DEBUG  - Cuenta de comisiones GASTO 5302-06-201-0402-00-03-174-10052-12
2018-05-09 17:09:03,259 [8] DEBUG  - Cuenta de comisiones PAGO 2902-00-201-0402-00-03-174-10052-00
2018-05-09 17:09:03,259 [8] DEBUG  - Porcentaje Reserva Riesgos en curso: 40
2018-05-09 17:09:04,525 [8] DEBUG  - Cuenta para RRC GASTO: 5311-06-201-0402-00-03-174-10052-65
2018-05-09 17:09:05,555 [8] DEBUG  - Cuenta para RRC GASTO: 5311-06-201-0402-00-03-174-10052-02
2018-05-09 17:09:06,602 [8] DEBUG  - Cuenta para RRC GASTO: 5311-06-201-0402-00-03-174-10052-13
2018-05-09 17:09:08,071 [8] DEBUG  - Cuenta para RRC GASTO: 5311-06-201-0402-00-03-174-10052-09
2018-05-09 17:09:09,086 [8] DEBUG  - Cuenta para RRC GASTO: 5311-06-201-0402-00-03-174-10052-12
2018-05-09 17:09:10,039 [8] DEBUG  - Cuenta para RRC PASIVO: 2206-00-201-0402-00-03-174-10052-00
2018-05-09 17:09:16,373 [8] DEBUG  - Contruyendo encabezado
2018-05-09 17:09:16,373 [8] DEBUG  - Creacion de numero de batch SFNC2832018
2018-05-09 17:09:17,076 [8] DEBUG  - Se obtiene el cliente de GP 4-05-464132
2018-05-09 17:09:19,013 [8] DEBUG  - Cuenta por cobrar: 1302-06-201-0205-00-05-177-10002-00
2018-05-09 17:09:19,013 [8] DEBUG  - Cuenta de impuestos: 2901-00-000-0000-00-00-171-00001-00
2018-05-09 17:09:20,044 [8] DEBUG  - Cuenta de Producto: 4301-06-201-0205-00-05-177-10002-65
2018-05-09 17:09:21,091 [8] DEBUG  - Cuenta de Producto: 4301-06-201-0205-00-05-177-10002-24
2018-05-09 17:09:22,122 [8] DEBUG  - Cuenta de Producto: 4301-06-201-0205-00-05-177-10002-15
2018-05-09 17:09:23,153 [8] DEBUG  - Cuenta de Producto: 4301-06-201-0205-00-05-177-10002-04
2018-05-09 17:09:24,246 [8] DEBUG  - Cuenta de Producto: 4301-06-201-0205-00-05-177-10002-02
2018-05-09 17:09:25,574 [8] DEBUG  - Cuenta de Producto: 4301-06-201-0205-00-05-177-10002-13
2018-05-09 17:09:27,574 [8] DEBUG  - Cuenta de Producto: 4301-06-201-0205-00-05-177-10002-06
2018-05-09 17:09:28,621 [8] DEBUG  - Cuenta de Producto: 4301-06-201-0205-00-05-177-10002-09
2018-05-09 17:09:29,651 [8] DEBUG  - Cuenta de Producto: 4301-06-201-0205-00-05-177-10002-12
2018-05-09 17:09:30,683 [8] DEBUG  - Cuenta de Producto: 4301-06-201-0205-00-05-177-10002-07
2018-05-09 17:09:31,729 [8] DEBUG  - Cuenta de Producto: 4301-06-201-0205-00-05-177-10002-05
2018-05-09 17:09:33,119 [8] DEBUG  - Cuenta de Producto: 4301-06-201-0205-00-05-177-10002-49
2018-05-09 17:09:34,729 [8] DEBUG  - Cuenta de comisiones GASTO 5302-06-201-0205-00-05-177-10002-65
2018-05-09 17:09:36,384 [8] DEBUG  - Cuenta de comisiones GASTO 5302-06-201-0205-00-05-177-10002-24
2018-05-09 17:09:37,884 [8] DEBUG  - Cuenta de comisiones GASTO 5302-06-201-0205-00-05-177-10002-15
2018-05-09 17:09:39,321 [8] DEBUG  - Cuenta de comisiones GASTO 5302-06-201-0205-00-05-177-10002-04
2018-05-09 17:09:40,743 [8] DEBUG  - Cuenta de comisiones GASTO 5302-06-201-0205-00-05-177-10002-02
2018-05-09 17:09:42,227 [8] DEBUG  - Cuenta de comisiones GASTO 5302-06-201-0205-00-05-177-10002-13
2018-05-09 17:09:43,695 [8] DEBUG  - Cuenta de comisiones GASTO 5302-06-201-0205-00-05-177-10002-06
2018-05-09 17:09:45,132 [8] DEBUG  - Cuenta de comisiones GASTO 5302-06-201-0205-00-05-177-10002-09
2018-05-09 17:09:46,562 [8] DEBUG  - Cuenta de comisiones GASTO 5302-06-201-0205-00-05-177-10002-12
2018-05-09 17:09:47,952 [8] DEBUG  - Cuenta de comisiones GASTO 5302-06-201-0205-00-05-177-10002-07
2018-05-09 17:09:49,523 [8] DEBUG  - Cuenta de comisiones GASTO 5302-06-201-0205-00-05-177-10002-05
2018-05-09 17:09:50,945 [8] DEBUG  - Cuenta de comisiones GASTO 5302-06-201-0205-00-05-177-10002-49
2018-05-09 17:09:52,054 [8] DEBUG  - Cuenta de comisiones PAGO 2902-00-201-0205-00-05-177-10002-00
2018-05-09 17:09:52,054 [8] DEBUG  - Porcentaje Reserva Riesgos en curso: 40
2018-05-09 17:09:53,101 [8] DEBUG  - Cuenta para RRC GASTO: 5311-06-201-0205-00-05-177-10002-65
2018-05-09 17:09:54,147 [8] DEBUG  - Cuenta para RRC GASTO: 5311-06-201-0205-00-05-177-10002-24
2018-05-09 17:09:55,647 [8] DEBUG  - Cuenta para RRC GASTO: 5311-06-201-0205-00-05-177-10002-15
2018-05-09 17:09:56,678 [8] DEBUG  - Cuenta para RRC GASTO: 5311-06-201-0205-00-05-177-10002-04
2018-05-09 17:09:57,724 [8] DEBUG  - Cuenta para RRC GASTO: 5311-06-201-0205-00-05-177-10002-02
2018-05-09 17:09:58,755 [8] DEBUG  - Cuenta para RRC GASTO: 5311-06-201-0205-00-05-177-10002-13
2018-05-09 17:10:00,068 [8] DEBUG  - Cuenta para RRC GASTO: 5311-06-201-0205-00-05-177-10002-06
2018-05-09 17:10:01,099 [8] DEBUG  - Cuenta para RRC GASTO: 5311-06-201-0205-00-05-177-10002-09
2018-05-09 17:10:02,130 [8] DEBUG  - Cuenta para RRC GASTO: 5311-06-201-0205-00-05-177-10002-12
2018-05-09 17:10:03,161 [8] DEBUG  - Cuenta para RRC GASTO: 5311-06-201-0205-00-05-177-10002-07
2018-05-09 17:10:04,192 [8] DEBUG  - Cuenta para RRC GASTO: 5311-06-201-0205-00-05-177-10002-05
2018-05-09 17:10:05,207 [8] DEBUG  - Cuenta para RRC GASTO: 5311-06-201-0205-00-05-177-10002-49
2018-05-09 17:10:06,144 [8] DEBUG  - Cuenta para RRC PASIVO: 2206-00-201-0205-00-05-177-10002-00
2018-05-09 17:10:07,581 [8] DEBUG  - Reaseguro Contractual: 5306-06-201-0205-00-05-177-10002-04
2018-05-09 17:10:08,659 [8] DEBUG  - Reaseguradores Comision por Reaseguro: 4302-06-201-0205-00-05-177-10002-04
2018-05-09 17:10:09,753 [8] DEBUG  - Reaseguro Contractual: 5306-06-201-0205-00-05-177-10002-06
2018-05-09 17:10:10,893 [8] DEBUG  - Reaseguradores Comision por Reaseguro: 4302-06-201-0205-00-05-177-10002-06
2018-05-09 17:10:13,002 [8] DEBUG  - Reaseguro Contractual: 5306-06-201-0205-00-05-177-10002-07
2018-05-09 17:10:14,142 [8] DEBUG  - Reaseguradores Comision por Reaseguro: 4302-06-201-0205-00-05-177-10002-07
2018-05-09 17:10:15,376 [8] DEBUG  - Reaseguro Contractual: 5306-06-201-0205-00-05-177-10002-05
2018-05-09 17:10:16,469 [8] DEBUG  - Reaseguradores Comision por Reaseguro: 4302-06-201-0205-00-05-177-10002-05
2018-05-09 17:10:17,407 [8] DEBUG  - Reaseguradores - cuenta corriente: 2402-00-201-0205-00-05-177-10002-00
2018-05-09 17:10:18,344 [8] DEBUG  - Reaseguradores Comision por Reaseguro: 2402-00-201-0205-00-05-177-10002-00
2018-05-09 17:10:19,375 [8] DEBUG  - RRC para reaseguro INGRESO: 4311-06-201-0205-00-05-177-10002-04
2018-05-09 17:10:20,406 [8] DEBUG  - RRC para reaseguro INGRESO: 4311-06-201-0205-00-05-177-10002-06
2018-05-09 17:10:21,484 [8] DEBUG  - RRC para reaseguro INGRESO: 4311-06-201-0205-00-05-177-10002-07
2018-05-09 17:10:22,733 [8] DEBUG  - RRC para reaseguro INGRESO: 4311-06-201-0205-00-05-177-10002-05
2018-05-09 17:10:23,671 [8] DEBUG  - RRC para reaseguro PASIVO: 2206-00-201-0205-00-05-177-10002-00
2018-05-09 17:10:40,963 [8] DEBUG  - Contruyendo encabezado
2018-05-09 17:10:40,963 [8] DEBUG  - Creacion de numero de batch SFNC2832018
2018-05-09 17:10:42,041 [8] DEBUG  - Se obtiene el cliente de GP 4-05-464638
2018-05-09 17:10:43,916 [8] DEBUG  - Cuenta por cobrar: 1302-06-201-0402-00-05-177-10002-00
2018-05-09 17:10:43,916 [8] DEBUG  - Cuenta de impuestos: 2901-00-000-0000-00-00-171-00001-00
2018-05-09 17:10:44,962 [8] DEBUG  - Cuenta de Producto: 4301-06-201-0402-00-05-177-10002-65
2018-05-09 17:10:45,985 [8] DEBUG  - Cuenta de Producto: 4301-06-201-0402-00-05-177-10002-24
2018-05-09 17:10:47,016 [8] DEBUG  - Cuenta de Producto: 4301-06-201-0402-00-05-177-10002-15
2018-05-09 17:10:48,063 [8] DEBUG  - Cuenta de Producto: 4301-06-201-0402-00-05-177-10002-02
2018-05-09 17:10:49,406 [8] DEBUG  - Cuenta de Producto: 4301-06-201-0402-00-05-177-10002-13
2018-05-09 17:10:51,093 [8] DEBUG  - Cuenta de Producto: 4301-06-201-0402-00-05-177-10002-09
2018-05-09 17:10:52,124 [8] DEBUG  - Cuenta de Producto: 4301-06-201-0402-00-05-177-10002-12
2018-05-09 17:10:53,484 [8] DEBUG  - Cuenta de comisiones GASTO 5302-06-201-0402-00-05-177-10002-65
2018-05-09 17:10:54,936 [8] DEBUG  - Cuenta de comisiones GASTO 5302-06-201-0402-00-05-177-10002-24
2018-05-09 17:10:56,327 [8] DEBUG  - Cuenta de comisiones GASTO 5302-06-201-0402-00-05-177-10002-15
2018-05-09 17:10:57,842 [8] DEBUG  - Cuenta de comisiones GASTO 5302-06-201-0402-00-05-177-10002-02
2018-05-09 17:10:59,232 [8] DEBUG  - Cuenta de comisiones GASTO 5302-06-201-0402-00-05-177-10002-13
2018-05-09 17:11:00,669 [8] DEBUG  - Cuenta de comisiones GASTO 5302-06-201-0402-00-05-177-10002-09
2018-05-09 17:11:02,060 [8] DEBUG  - Cuenta de comisiones GASTO 5302-06-201-0402-00-05-177-10002-12
2018-05-09 17:11:03,215 [8] DEBUG  - Cuenta de comisiones PAGO 2902-00-201-0402-00-05-177-10002-00
2018-05-09 17:11:03,215 [8] DEBUG  - Porcentaje Reserva Riesgos en curso: 40
2018-05-09 17:11:04,309 [8] DEBUG  - Cuenta para RRC GASTO: 5311-06-201-0402-00-05-177-10002-65
2018-05-09 17:11:05,371 [8] DEBUG  - Cuenta para RRC GASTO: 5311-06-201-0402-00-05-177-10002-24
2018-05-09 17:11:06,402 [8] DEBUG  - Cuenta para RRC GASTO: 5311-06-201-0402-00-05-177-10002-15
2018-05-09 17:11:07,433 [8] DEBUG  - Cuenta para RRC GASTO: 5311-06-201-0402-00-05-177-10002-02
2018-05-09 17:11:08,480 [8] DEBUG  - Cuenta para RRC GASTO: 5311-06-201-0402-00-05-177-10002-13
2018-05-09 17:11:09,527 [8] DEBUG  - Cuenta para RRC GASTO: 5311-06-201-0402-00-05-177-10002-09
2018-05-09 17:11:10,636 [8] DEBUG  - Cuenta para RRC GASTO: 5311-06-201-0402-00-05-177-10002-12
2018-05-09 17:11:11,589 [8] DEBUG  - Cuenta para RRC PASIVO: 2206-00-201-0402-00-05-177-10002-00
2018-05-09 17:11:20,939 [8] DEBUG  - Contruyendo encabezado
2018-05-09 17:11:20,939 [8] DEBUG  - Creacion de numero de batch SFNC2832018
2018-05-09 17:11:22,016 [8] DEBUG  - Se obtiene el cliente de GP 4-05-464864
2018-05-09 17:11:26,422 [8] DEBUG  - Cuenta por cobrar: 1302-06-201-0405-00-05-177-10002-00
2018-05-09 17:11:26,422 [8] DEBUG  - Cuenta de impuestos: 2901-00-000-0000-00-00-171-00001-00
2018-05-09 17:11:27,500 [8] DEBUG  - Cuenta de Producto: 4301-06-201-0405-00-05-177-10002-65
2018-05-09 17:11:28,867 [8] DEBUG  - Cuenta de Producto: 4301-06-201-0405-00-05-177-10002-24
2018-05-09 17:11:29,898 [8] DEBUG  - Cuenta de Producto: 4301-06-201-0405-00-05-177-10002-15
2018-05-09 17:11:30,929 [8] DEBUG  - Cuenta de Producto: 4301-06-201-0405-00-05-177-10002-04
2018-05-09 17:11:31,992 [8] DEBUG  - Cuenta de Producto: 4301-06-201-0405-00-05-177-10002-02
2018-05-09 17:11:33,070 [8] DEBUG  - Cuenta de Producto: 4301-06-201-0405-00-05-177-10002-13
2018-05-09 17:11:34,116 [8] DEBUG  - Cuenta de Producto: 4301-06-201-0405-00-05-177-10002-06
2018-05-09 17:11:35,709 [8] DEBUG  - Cuenta de Producto: 4301-06-201-0405-00-05-177-10002-09
2018-05-09 17:11:37,069 [8] DEBUG  - Cuenta de Producto: 4301-06-201-0405-00-05-177-10002-12
2018-05-09 17:11:38,100 [8] DEBUG  - Cuenta de Producto: 4301-06-201-0405-00-05-177-10002-07
2018-05-09 17:11:39,146 [8] DEBUG  - Cuenta de Producto: 4301-06-201-0405-00-05-177-10002-05
2018-05-09 17:11:40,161 [8] DEBUG  - Cuenta de Producto: 4301-06-201-0405-00-05-177-10002-49
2018-05-09 17:11:41,474 [8] DEBUG  - Cuenta de comisiones GASTO 5302-06-201-0405-00-05-177-10002-65
2018-05-09 17:11:42,958 [8] DEBUG  - Cuenta de comisiones GASTO 5302-06-201-0405-00-05-177-10002-24
2018-05-09 17:11:44,364 [8] DEBUG  - Cuenta de comisiones GASTO 5302-06-201-0405-00-05-177-10002-15
2018-05-09 17:11:45,785 [8] DEBUG  - Cuenta de comisiones GASTO 5302-06-201-0405-00-05-177-10002-04
2018-05-09 17:11:47,534 [8] DEBUG  - Cuenta de comisiones GASTO 5302-06-201-0405-00-05-177-10002-02
2018-05-09 17:11:48,924 [8] DEBUG  - Cuenta de comisiones GASTO 5302-06-201-0405-00-05-177-10002-13
2018-05-09 17:11:50,517 [8] DEBUG  - Cuenta de comisiones GASTO 5302-06-201-0405-00-05-177-10002-06
2018-05-09 17:11:52,533 [8] DEBUG  - Cuenta de comisiones GASTO 5302-06-201-0405-00-05-177-10002-09
2018-05-09 17:11:53,985 [8] DEBUG  - Cuenta de comisiones GASTO 5302-06-201-0405-00-05-177-10002-12
2018-05-09 17:11:55,407 [8] DEBUG  - Cuenta de comisiones GASTO 5302-06-201-0405-00-05-177-10002-07
2018-05-09 17:11:56,797 [8] DEBUG  - Cuenta de comisiones GASTO 5302-06-201-0405-00-05-177-10002-05
2018-05-09 17:11:58,219 [8] DEBUG  - Cuenta de comisiones GASTO 5302-06-201-0405-00-05-177-10002-49
2018-05-09 17:11:59,343 [8] DEBUG  - Cuenta de comisiones PAGO 2902-00-201-0405-00-05-177-10002-00
2018-05-09 17:11:59,343 [8] DEBUG  - Porcentaje Reserva Riesgos en curso: 40
2018-05-09 17:12:00,359 [8] DEBUG  - Cuenta para RRC GASTO: 5311-06-201-0405-00-05-177-10002-65
2018-05-09 17:12:01,390 [8] DEBUG  - Cuenta para RRC GASTO: 5311-06-201-0405-00-05-177-10002-24
2018-05-09 17:12:02,421 [8] DEBUG  - Cuenta para RRC GASTO: 5311-06-201-0405-00-05-177-10002-15
2018-05-09 17:12:03,467 [8] DEBUG  - Cuenta para RRC GASTO: 5311-06-201-0405-00-05-177-10002-04
2018-05-09 17:12:04,498 [8] DEBUG  - Cuenta para RRC GASTO: 5311-06-201-0405-00-05-177-10002-02
2018-05-09 17:12:05,529 [8] DEBUG  - Cuenta para RRC GASTO: 5311-06-201-0405-00-05-177-10002-13
2018-05-09 17:12:06,561 [8] DEBUG  - Cuenta para RRC GASTO: 5311-06-201-0405-00-05-177-10002-06
2018-05-09 17:12:07,607 [8] DEBUG  - Cuenta para RRC GASTO: 5311-06-201-0405-00-05-177-10002-09
2018-05-09 17:12:08,638 [8] DEBUG  - Cuenta para RRC GASTO: 5311-06-201-0405-00-05-177-10002-12
2018-05-09 17:12:09,669 [8] DEBUG  - Cuenta para RRC GASTO: 5311-06-201-0405-00-05-177-10002-07
2018-05-09 17:12:10,716 [8] DEBUG  - Cuenta para RRC GASTO: 5311-06-201-0405-00-05-177-10002-05
2018-05-09 17:12:11,731 [8] DEBUG  - Cuenta para RRC GASTO: 5311-06-201-0405-00-05-177-10002-49
2018-05-09 17:12:12,684 [8] DEBUG  - Cuenta para RRC PASIVO: 2206-00-201-0405-00-05-177-10002-00
2018-05-09 17:12:13,778 [8] DEBUG  - Reaseguro Contractual: 5306-06-201-0405-00-05-177-10002-04
2018-05-09 17:12:14,871 [8] DEBUG  - Reaseguradores Comision por Reaseguro: 4302-06-201-0405-00-05-177-10002-04
2018-05-09 17:12:15,972 [8] DEBUG  - Reaseguro Contractual: 5306-06-201-0405-00-05-177-10002-06
2018-05-09 17:12:17,128 [8] DEBUG  - Reaseguradores Comision por Reaseguro: 4302-06-201-0405-00-05-177-10002-06
2018-05-09 17:12:18,347 [8] DEBUG  - Reaseguro Contractual: 5306-06-201-0405-00-05-177-10002-07
2018-05-09 17:12:19,393 [8] DEBUG  - Reaseguradores Comision por Reaseguro: 4302-06-201-0405-00-05-177-10002-07
2018-05-09 17:12:20,424 [8] DEBUG  - Reaseguro Contractual: 5306-06-201-0405-00-05-177-10002-05
2018-05-09 17:12:21,627 [8] DEBUG  - Reaseguradores Comision por Reaseguro: 4302-06-201-0405-00-05-177-10002-05
2018-05-09 17:12:23,814 [8] DEBUG  - Reaseguradores - cuenta corriente: 2402-00-201-0405-00-05-177-10002-00
2018-05-09 17:12:25,517 [8] DEBUG  - Reaseguradores Comision por Reaseguro: 2402-00-201-0405-00-05-177-10002-00
2018-05-09 17:12:26,688 [8] DEBUG  - RRC para reaseguro INGRESO: 4311-06-201-0405-00-05-177-10002-04
2018-05-09 17:12:27,719 [8] DEBUG  - RRC para reaseguro INGRESO: 4311-06-201-0405-00-05-177-10002-06
2018-05-09 17:12:28,735 [8] DEBUG  - RRC para reaseguro INGRESO: 4311-06-201-0405-00-05-177-10002-07
2018-05-09 17:12:29,766 [8] DEBUG  - RRC para reaseguro INGRESO: 4311-06-201-0405-00-05-177-10002-05
2018-05-09 17:12:30,703 [8] DEBUG  - RRC para reaseguro PASIVO: 2206-00-201-0405-00-05-177-10002-00
