2018-04-10 10:17:30,677 [10] DEBUG  - Total de Transacciones: 2
2018-04-10 10:17:42,767 [10] DEBUG  - Contruyendo encabezado
2018-04-10 10:17:42,768 [10] DEBUG  - Creacion de numero de batch SFFA2022018
2018-04-10 10:17:43,582 [10] DEBUG  - Se obtiene el cliente de GP 12-05-462247
2018-04-10 10:18:03,315 [10] DEBUG  - Cuenta por cobrar: 6104-06-000-0000-00-00-000-00013-02
2018-04-10 10:18:04,365 [10] DEBUG  - Cuenta de producto: 6104-06-000-0000-00-00-000-00043-01
2018-04-10 10:18:04,365 [10] DEBUG  - Cuenta de impuestos: 6101-00-000-0000-00-00-000-00029-01
2018-04-10 10:18:05,688 [10] DEBUG  - Cuenta de comisiones GASTO 6104-06-000-0000-00-00-000-00053-02
2018-04-10 10:18:05,696 [10] DEBUG  - Cuenta de comisiones PAGO 6101-00-000-0000-00-00-000-00029-02
2018-04-10 10:18:05,696 [10] DEBUG  - Porcentaje Reserva Riesgos en curso: 40
2018-04-10 10:18:06,369 [10] DEBUG  - Cuenta para RRC GASTO: 6106-06-000-0000-00-00-000-00053-11
2018-04-10 10:18:07,038 [10] DEBUG  - Cuenta para RRC PASIVO: 6104-06-000-0000-00-00-000-00022-06
2018-04-10 10:19:00,040 [10] DEBUG  - Cuenta por cobrar: 1302-06-201-0401-00-05-175-10051-00
2018-04-10 10:19:00,041 [10] DEBUG  - Cuenta de producto: 4301-06-201-0401-00-05-175-10051-65
2018-04-10 10:19:00,041 [10] DEBUG  - Cuenta de producto: 4301-06-201-0401-00-05-175-10051-15
2018-04-10 10:19:00,041 [10] DEBUG  - Cuenta de producto: 4301-06-201-0401-00-05-175-10051-02
2018-04-10 10:19:00,041 [10] DEBUG  - Cuenta de producto: 4301-06-201-0401-00-05-175-10051-13
2018-04-10 10:19:00,041 [10] DEBUG  - Cuenta de producto: 4301-06-201-0401-00-05-175-10051-09
2018-04-10 10:19:00,041 [10] DEBUG  - Cuenta de producto: 4301-06-201-0401-00-05-175-10051-12
2018-04-10 10:19:00,041 [10] DEBUG  - Cuenta de producto: 4301-06-201-0401-00-05-175-10051-16
2018-04-10 10:19:00,041 [10] DEBUG  - Cuenta de impuestos: 2901-00-000-0000-00-00-171-00001-00
2018-04-10 10:19:01,319 [10] DEBUG  - Cuenta de comisiones GASTO 5302-06-201-0401-00-05-175-10051-65
2018-04-10 10:19:02,729 [10] DEBUG  - Cuenta de comisiones GASTO 5302-06-201-0401-00-05-175-10051-15
2018-04-10 10:19:04,129 [10] DEBUG  - Cuenta de comisiones GASTO 5302-06-201-0401-00-05-175-10051-02
2018-04-10 10:19:05,538 [10] DEBUG  - Cuenta de comisiones GASTO 5302-06-201-0401-00-05-175-10051-13
2018-04-10 10:19:06,939 [10] DEBUG  - Cuenta de comisiones GASTO 5302-06-201-0401-00-05-175-10051-09
2018-04-10 10:19:08,339 [10] DEBUG  - Cuenta de comisiones GASTO 5302-06-201-0401-00-05-175-10051-12
2018-04-10 10:19:09,750 [10] DEBUG  - Cuenta de comisiones GASTO 5302-06-201-0401-00-05-175-10051-16
2018-04-10 10:19:10,883 [10] DEBUG  - Cuenta de comisiones PAGO 2902-00-201-0401-00-05-175-10051-00
2018-04-10 10:19:10,883 [10] DEBUG  - Porcentaje Reserva Riesgos en curso: 40
2018-04-10 10:19:11,930 [10] DEBUG  - Cuenta para RRC GASTO: 5311-06-201-0401-00-05-175-10051-65
2018-04-10 10:19:13,104 [10] DEBUG  - Cuenta para RRC GASTO: 5311-06-201-0401-00-05-175-10051-15
2018-04-10 10:19:14,130 [10] DEBUG  - Cuenta para RRC GASTO: 5311-06-201-0401-00-05-175-10051-02
2018-04-10 10:19:15,157 [10] DEBUG  - Cuenta para RRC GASTO: 5311-06-201-0401-00-05-175-10051-13
2018-04-10 10:19:16,185 [10] DEBUG  - Cuenta para RRC GASTO: 5311-06-201-0401-00-05-175-10051-09
2018-04-10 10:19:17,268 [10] DEBUG  - Cuenta para RRC GASTO: 5311-06-201-0401-00-05-175-10051-12
2018-04-10 10:19:18,303 [10] DEBUG  - Cuenta para RRC GASTO: 5311-06-201-0401-00-05-175-10051-16
2018-04-10 10:19:19,248 [10] DEBUG  - Cuenta para RRC PASIVO: 2206-00-201-0401-00-05-175-10051-00
2018-04-10 10:19:57,215 [10] DEBUG  - Contruyendo encabezado
2018-04-10 10:19:57,215 [10] DEBUG  - Creacion de numero de batch SFFA2822018
2018-04-10 10:19:57,790 [10] DEBUG  - Se obtiene el cliente de GP 3-05-460817
2018-04-10 10:20:18,401 [10] DEBUG  - Cuenta por cobrar: 6104-06-000-0000-00-00-000-00013-02
2018-04-10 10:20:19,060 [10] DEBUG  - Cuenta de producto: 6104-06-000-0000-00-00-000-00043-01
2018-04-10 10:20:19,060 [10] DEBUG  - Cuenta de impuestos: 6101-00-000-0000-00-00-000-00029-01
2018-04-10 10:20:20,672 [10] DEBUG  - Cuenta de comisiones GASTO 6104-06-000-0000-00-00-000-00053-02
2018-04-10 10:20:20,672 [10] DEBUG  - Cuenta de comisiones PAGO 6101-00-000-0000-00-00-000-00029-02
2018-04-10 10:20:20,672 [10] DEBUG  - Porcentaje Reserva Riesgos en curso: 40
2018-04-10 10:20:21,369 [10] DEBUG  - Cuenta para RRC GASTO: 6106-06-000-0000-00-00-000-00053-11
2018-04-10 10:20:22,019 [10] DEBUG  - Cuenta para RRC PASIVO: 6104-06-000-0000-00-00-000-00022-06
2018-04-10 10:20:27,257 [10] DEBUG  - Reaseguradores Comision por Reaseguro: 6106-06-000-0000-00-00-000-00043-02
2018-04-10 10:20:27,257 [10] DEBUG  - Reaseguro Contractual: 6106-06-000-0000-00-00-000-00053-06
2018-04-10 10:20:28,572 [10] DEBUG  - Reaseguradores del exterior – cuenta corriente: 6106-06-000-0000-00-00-000-00043-02
2018-04-10 10:20:29,313 [10] DEBUG  - Reaseguradores Comision por Reaseguro Pasivo: 6103-00-000-0000-00-00-000-00024-02
2018-04-10 10:20:29,965 [10] DEBUG  - RRC para reaseguro INGRESO: 6106-06-000-0000-00-00-000-00043-11
2018-04-10 10:20:30,624 [10] DEBUG  - RRC para reaseguro PASIVO: 6104-06-000-0000-00-00-000-00022-06
2018-04-10 10:22:42,804 [10] DEBUG  - Cuenta por cobrar: 1302-06-201-0427-00-04-176-10039-00
2018-04-10 10:22:42,804 [10] DEBUG  - Cuenta de producto: 4301-06-201-0427-00-04-176-10039-65
2018-04-10 10:22:42,804 [10] DEBUG  - Cuenta de producto: 4301-06-201-0427-00-04-176-10039-24
2018-04-10 10:22:42,804 [10] DEBUG  - Cuenta de producto: 4301-06-201-0427-00-04-176-10039-15
2018-04-10 10:22:42,804 [10] DEBUG  - Cuenta de producto: 4301-06-201-0427-00-04-176-10039-04
2018-04-10 10:22:42,804 [10] DEBUG  - Cuenta de producto: 4301-06-201-0427-00-04-176-10039-02
2018-04-10 10:22:42,804 [10] DEBUG  - Cuenta de producto: 4301-06-201-0427-00-04-176-10039-13
2018-04-10 10:22:42,804 [10] DEBUG  - Cuenta de producto: 4301-06-201-0427-00-04-176-10039-06
2018-04-10 10:22:42,804 [10] DEBUG  - Cuenta de producto: 4301-06-201-0427-00-04-176-10039-09
2018-04-10 10:22:42,804 [10] DEBUG  - Cuenta de producto: 4301-06-201-0427-00-04-176-10039-12
2018-04-10 10:22:42,804 [10] DEBUG  - Cuenta de producto: 4301-06-201-0427-00-04-176-10039-07
2018-04-10 10:22:42,804 [10] DEBUG  - Cuenta de producto: 4301-06-201-0427-00-04-176-10039-05
2018-04-10 10:22:42,804 [10] DEBUG  - Cuenta de producto: 4301-06-201-0427-00-04-176-10039-49
2018-04-10 10:22:42,804 [10] DEBUG  - Cuenta de impuestos: 2901-00-000-0000-00-00-171-00001-00
2018-04-10 10:22:44,039 [10] DEBUG  - Cuenta de comisiones GASTO 5302-06-201-0427-00-04-176-10039-65
2018-04-10 10:22:45,576 [10] DEBUG  - Cuenta de comisiones GASTO 5302-06-201-0427-00-04-176-10039-24
2018-04-10 10:22:48,460 [10] DEBUG  - Cuenta de comisiones GASTO 5302-06-201-0427-00-04-176-10039-15
2018-04-10 10:22:50,761 [10] DEBUG  - Cuenta de comisiones GASTO 5302-06-201-0427-00-04-176-10039-04
2018-04-10 10:22:52,271 [10] DEBUG  - Cuenta de comisiones GASTO 5302-06-201-0427-00-04-176-10039-02
2018-04-10 10:22:53,681 [10] DEBUG  - Cuenta de comisiones GASTO 5302-06-201-0427-00-04-176-10039-13
2018-04-10 10:22:55,088 [10] DEBUG  - Cuenta de comisiones GASTO 5302-06-201-0427-00-04-176-10039-06
2018-04-10 10:22:56,487 [10] DEBUG  - Cuenta de comisiones GASTO 5302-06-201-0427-00-04-176-10039-09
2018-04-10 10:22:57,939 [10] DEBUG  - Cuenta de comisiones GASTO 5302-06-201-0427-00-04-176-10039-12
2018-04-10 10:22:59,361 [10] DEBUG  - Cuenta de comisiones GASTO 5302-06-201-0427-00-04-176-10039-07
2018-04-10 10:23:00,759 [10] DEBUG  - Cuenta de comisiones GASTO 5302-06-201-0427-00-04-176-10039-05
2018-04-10 10:23:02,159 [10] DEBUG  - Cuenta de comisiones GASTO 5302-06-201-0427-00-04-176-10039-49
2018-04-10 10:23:03,368 [10] DEBUG  - Cuenta de comisiones PAGO 2902-00-201-0427-00-04-176-10039-00
2018-04-10 10:23:03,369 [10] DEBUG  - Porcentaje Reserva Riesgos en curso: 40
2018-04-10 10:23:04,394 [10] DEBUG  - Cuenta para RRC GASTO: 5311-06-201-0427-00-04-176-10039-65
2018-04-10 10:23:05,424 [10] DEBUG  - Cuenta para RRC GASTO: 5311-06-201-0427-00-04-176-10039-24
2018-04-10 10:23:06,460 [10] DEBUG  - Cuenta para RRC GASTO: 5311-06-201-0427-00-04-176-10039-15
2018-04-10 10:23:07,502 [10] DEBUG  - Cuenta para RRC GASTO: 5311-06-201-0427-00-04-176-10039-04
2018-04-10 10:23:08,836 [10] DEBUG  - Cuenta para RRC GASTO: 5311-06-201-0427-00-04-176-10039-02
2018-04-10 10:23:09,927 [10] DEBUG  - Cuenta para RRC GASTO: 5311-06-201-0427-00-04-176-10039-13
2018-04-10 10:23:10,954 [10] DEBUG  - Cuenta para RRC GASTO: 5311-06-201-0427-00-04-176-10039-06
2018-04-10 10:23:11,984 [10] DEBUG  - Cuenta para RRC GASTO: 5311-06-201-0427-00-04-176-10039-09
2018-04-10 10:23:13,014 [10] DEBUG  - Cuenta para RRC GASTO: 5311-06-201-0427-00-04-176-10039-12
2018-04-10 10:23:14,041 [10] DEBUG  - Cuenta para RRC GASTO: 5311-06-201-0427-00-04-176-10039-07
2018-04-10 10:23:15,384 [10] DEBUG  - Cuenta para RRC GASTO: 5311-06-201-0427-00-04-176-10039-05
2018-04-10 10:23:16,411 [10] DEBUG  - Cuenta para RRC GASTO: 5311-06-201-0427-00-04-176-10039-49
2018-04-10 10:23:17,378 [10] DEBUG  - Cuenta para RRC PASIVO: 2206-00-201-0427-00-04-176-10039-00
2018-04-10 10:23:18,427 [10] DEBUG  - Reaseguro Contractual: 5306-06-201-0427-00-04-176-10039-04
2018-04-10 10:23:19,469 [10] DEBUG  - Reaseguradores Comision por Reaseguro: 4302-06-201-0427-00-04-176-10039-04
2018-04-10 10:23:20,492 [10] DEBUG  - Reaseguro Contractual: 5306-06-201-0427-00-04-176-10039-06
2018-04-10 10:23:21,835 [10] DEBUG  - Reaseguradores Comision por Reaseguro: 4302-06-201-0427-00-04-176-10039-06
2018-04-10 10:23:22,862 [10] DEBUG  - Reaseguro Contractual: 5306-06-201-0427-00-04-176-10039-07
2018-04-10 10:23:23,894 [10] DEBUG  - Reaseguradores Comision por Reaseguro: 4302-06-201-0427-00-04-176-10039-07
2018-04-10 10:23:24,924 [10] DEBUG  - Reaseguro Contractual: 5306-06-201-0427-00-04-176-10039-05
2018-04-10 10:23:25,948 [10] DEBUG  - Reaseguradores Comision por Reaseguro: 4302-06-201-0427-00-04-176-10039-05
2018-04-10 10:23:26,943 [10] DEBUG  - Reaseguradores - cuenta corriente: 2402-00-201-0427-00-04-176-10039-00
2018-04-10 10:23:27,890 [10] DEBUG  - Reaseguradores Comision por Reaseguro: 2402-00-201-0427-00-04-176-10039-00
2018-04-10 10:23:28,933 [10] DEBUG  - RRC para reaseguro INGRESO: 4311-06-201-0427-00-04-176-10039-04
2018-04-10 10:23:29,963 [10] DEBUG  - RRC para reaseguro INGRESO: 4311-06-201-0427-00-04-176-10039-06
2018-04-10 10:23:31,012 [10] DEBUG  - RRC para reaseguro INGRESO: 4311-06-201-0427-00-04-176-10039-07
2018-04-10 10:23:32,110 [10] DEBUG  - RRC para reaseguro INGRESO: 4311-06-201-0427-00-04-176-10039-05
2018-04-10 10:23:33,053 [10] DEBUG  - RRC para reaseguro PASIVO: 2206-00-201-0427-00-04-176-10039-00
