2017-07-13 12:09:27,798 [10] DEBUG  - Contruyendo encabezado
2017-07-13 12:09:28,156 [10] DEBUG  - Creacion de numero de batch SF12:09 1372017
2017-07-13 12:09:29,681 [10] DEBUG  - Se obtiene el cliente de GP 1-05-464533
2017-07-13 12:11:39,290 [10] WARN  - No se ha encontrado el ITEMNMBR adecuado
2017-07-13 12:12:09,933 [10] DEBUG  - Cuenta por cobrar: 1302-06-201-0205-00-05-177-10011-00
2017-07-13 12:12:09,933 [10] DEBUG  - Cuenta de producto: 4301-06-201-0205-00-05-177-10011-11
2017-07-13 12:12:09,933 [10] DEBUG  - Cuenta de producto: 4301-06-201-0205-00-05-177-10011-17
2017-07-13 12:12:09,940 [10] DEBUG  - Cuenta de producto: 4301-06-201-0205-00-05-177-10011-24
2017-07-13 12:12:09,940 [10] DEBUG  - Cuenta de producto: 4301-06-201-0205-00-05-177-10011-10
2017-07-13 12:12:09,940 [10] DEBUG  - Cuenta de producto: 4301-06-201-0205-00-05-177-10011-28
2017-07-13 12:12:09,940 [10] DEBUG  - Cuenta de producto: 4301-06-201-0205-00-05-177-10011-16
2017-07-13 12:12:09,940 [10] DEBUG  - Cuenta de producto: 4301-06-201-0205-00-05-177-10011-13
2017-07-13 12:12:09,940 [10] DEBUG  - Cuenta de producto: 4301-06-201-0205-00-05-177-10011-01
2017-07-13 12:12:09,940 [10] DEBUG  - Cuenta de producto: 4301-06-201-0205-00-05-177-10011-34
2017-07-13 12:12:09,940 [10] DEBUG  - Cuenta de producto: 4301-06-201-0205-00-05-177-10011-31
2017-07-13 12:12:09,940 [10] DEBUG  - Cuenta de producto: 4301-06-201-0205-00-05-177-10011-07
2017-07-13 12:12:09,941 [10] DEBUG  - Cuenta de producto: 4301-06-201-0205-00-05-177-10011-05
2017-07-13 12:12:15,206 [10] DEBUG  - Cuenta de comisiones GASTO 5302-06-201-0205-00-05-177-10011-00
2017-07-13 12:12:15,206 [10] DEBUG  - Cuenta de comisiones PAGO 2902-00-201-0205-00-05-177-10011-00
2017-07-13 12:12:17,728 [10] DEBUG  - Porcentaje Reserva Riesgos en curso: 40
2017-07-13 12:12:23,245 [10] DEBUG  - Cuenta para RRC GASTO: 5311-06-201-0205-00-05-177-10011-00
2017-07-13 12:12:25,204 [10] DEBUG  - Cuenta para RRC PASIVO: 2201-00-201-0205-00-05-177-10011-00
2017-07-13 12:12:35,080 [10] DEBUG  - Reaseguro Contractual: 5306-06-201-0205-00-05-177-10011-11
2017-07-13 12:12:35,675 [10] DEBUG  - Reaseguro Contractual: 5306-06-201-0205-00-05-177-10011-17
2017-07-13 12:12:36,272 [10] DEBUG  - Reaseguro Contractual: 5306-06-201-0205-00-05-177-10011-24
2017-07-13 12:12:36,863 [10] DEBUG  - Reaseguro Contractual: 5306-06-201-0205-00-05-177-10011-10
2017-07-13 12:12:37,452 [10] DEBUG  - Reaseguro Contractual: 5306-06-201-0205-00-05-177-10011-28
2017-07-13 12:12:38,040 [10] DEBUG  - Reaseguro Contractual: 5306-06-201-0205-00-05-177-10011-16
2017-07-13 12:12:38,631 [10] DEBUG  - Reaseguro Contractual: 5306-06-201-0205-00-05-177-10011-13
2017-07-13 12:12:39,218 [10] DEBUG  - Reaseguro Contractual: 5306-06-201-0205-00-05-177-10011-01
2017-07-13 12:12:39,814 [10] DEBUG  - Reaseguro Contractual: 5306-06-201-0205-00-05-177-10011-34
2017-07-13 12:12:40,413 [10] DEBUG  - Reaseguro Contractual: 5306-06-201-0205-00-05-177-10011-31
2017-07-13 12:12:41,001 [10] DEBUG  - Reaseguro Contractual: 5306-06-201-0205-00-05-177-10011-07
2017-07-13 12:12:41,592 [10] DEBUG  - Reaseguro Contractual: 5306-06-201-0205-00-05-177-10011-05
2017-07-13 12:12:41,592 [10] DEBUG  - Reaseguradores - cuenta corriente: 2402-00-201-0205-00-05-177-10011-00
2017-07-13 12:12:55,268 [10] DEBUG  - RRC para reaseguro INGRESO: 4311-06-201-0205-00-05-177-10011-00
2017-07-13 12:13:10,535 [10] DEBUG  - RRC para reaseguro PASIVO: 2201-00-201-0205-00-05-177-10011-00
2017-07-13 12:13:33,073 [10] ERROR  - Ocurrió un error: Sql procedure error codes returned: 
Error Number = 908  Stored Procedure= taSopLineIvcInsert  Error Description = Invalid Sales Account
Node Identifier Parameters: taSopLineIvcInsert
SOPNUMBE = INV2268667
SOPTYPE = 3
Related Error Code Parameters for Node : taSopLineIvcInsert
SLSINDX = 4301-06-201-0205-00-05-177-10011-11


Error Number = 929  Stored Procedure= taSopLineIvcInsert  Error Description = Invalid Inventory Account
Node Identifier Parameters: taSopLineIvcInsert
SOPNUMBE = INV2268667
SOPTYPE = 3
Related Error Code Parameters for Node : taSopLineIvcInsert
INVINDX = 4301-06-201-0205-00-05-177-10011-11


Error Number = 930  Stored Procedure= taSopLineIvcInsert  Error Description = Invalid Cost of Goods Account
Node Identifier Parameters: taSopLineIvcInsert
SOPNUMBE = INV2268667
SOPTYPE = 3
Related Error Code Parameters for Node : taSopLineIvcInsert
CSLSINDX = 4301-06-201-0205-00-05-177-10011-11


<taSopLineIvcInsert>
  <SOPTYPE>3</SOPTYPE>
  <CUSTNMBR>1-05-464533    </CUSTNMBR>
  <DOCDATE>6/27/2017</DOCDATE>
  <USERDATE>7/13/2017</USERDATE>
  <ITEMNMBR>AUTO - LEY                     </ITEMNMBR>
  <AutoAssignBin>0</AutoAssignBin>
  <UNITPRCE>1569.78</UNITPRCE>
  <XTNDPRCE>1569.78</XTNDPRCE>
  <QUANTITY>1</QUANTITY>
  <ITEMDESC>Daños a La Propiedad Ajena</ITEMDESC>
  <DOCID>INV</DOCID>
  <INVINDX>4301-06-201-0205-00-05-177-10011-11</INVINDX>
  <CSLSINDX>4301-06-201-0205-00-05-177-10011-11</CSLSINDX>
  <SLSINDX>4301-06-201-0205-00-05-177-10011-11</SLSINDX>
  <QtyShrtOpt>1</QtyShrtOpt>
  <SOPNUMBE>INV2268667</SOPNUMBE>
</taSopLineIvcInsert>

2017-07-13 12:13:38,775 [10] DEBUG  - Contruyendo encabezado
2017-07-13 12:13:39,130 [10] DEBUG  - Creacion de numero de batch SF12:13 1372017
2017-07-13 12:13:40,050 [10] DEBUG  - Se obtiene el cliente de GP 1-201-451
2017-07-13 12:14:13,008 [10] FATAL  - Ocurrió un error: 
System.Data.Entity.Infrastructure.DbUpdateException: An error occurred while updating the entries. See the inner exception for details. ---> System.Data.Entity.Core.UpdateException: An error occurred while updating the entries. See the inner exception for details. ---> System.Data.SqlClient.SqlException: Violation of PRIMARY KEY constraint 'PK_ST_GL_MAPPING_COVERAGE'. Cannot insert duplicate key in object 'dbo.ST_GL_MAPPING_COVERAGE'. The duplicate key value is (Huracan, Ciclon, Tornado y Manga de Viento                                                          ).
The statement has been terminated.
   at System.Data.SqlClient.SqlConnection.OnError(SqlException exception, Boolean breakConnection, Action`1 wrapCloseInAction)
   at System.Data.SqlClient.SqlInternalConnection.OnError(SqlException exception, Boolean breakConnection, Action`1 wrapCloseInAction)
   at System.Data.SqlClient.TdsParser.ThrowExceptionAndWarning(TdsParserStateObject stateObj, Boolean callerHasConnectionLock, Boolean asyncClose)
   at System.Data.SqlClient.TdsParser.TryRun(RunBehavior runBehavior, SqlCommand cmdHandler, SqlDataReader dataStream, BulkCopySimpleResultSet bulkCopyHandler, TdsParserStateObject stateObj, Boolean& dataReady)
   at System.Data.SqlClient.SqlCommand.FinishExecuteReader(SqlDataReader ds, RunBehavior runBehavior, String resetOptionsString, Boolean isInternal, Boolean forDescribeParameterEncryption)
   at System.Data.SqlClient.SqlCommand.RunExecuteReaderTds(CommandBehavior cmdBehavior, RunBehavior runBehavior, Boolean returnStream, Boolean async, Int32 timeout, Task& task, Boolean asyncWrite, Boolean inRetry, SqlDataReader ds, Boolean describeParameterEncryptionRequest)
   at System.Data.SqlClient.SqlCommand.RunExecuteReader(CommandBehavior cmdBehavior, RunBehavior runBehavior, Boolean returnStream, String method, TaskCompletionSource`1 completion, Int32 timeout, Task& task, Boolean& usedCache, Boolean asyncWrite, Boolean inRetry)
   at System.Data.SqlClient.SqlCommand.InternalExecuteNonQuery(TaskCompletionSource`1 completion, String methodName, Boolean sendToPipe, Int32 timeout, Boolean& usedCache, Boolean asyncWrite, Boolean inRetry)
   at System.Data.SqlClient.SqlCommand.ExecuteNonQuery()
   at System.Data.Entity.Infrastructure.Interception.DbCommandDispatcher.<NonQuery>b__0(DbCommand t, DbCommandInterceptionContext`1 c)
   at System.Data.Entity.Infrastructure.Interception.InternalDispatcher`1.Dispatch[TTarget,TInterceptionContext,TResult](TTarget target, Func`3 operation, TInterceptionContext interceptionContext, Action`3 executing, Action`3 executed)
   at System.Data.Entity.Infrastructure.Interception.DbCommandDispatcher.NonQuery(DbCommand command, DbCommandInterceptionContext interceptionContext)
   at System.Data.Entity.Internal.InterceptableDbCommand.ExecuteNonQuery()
   at System.Data.Entity.Core.Mapping.Update.Internal.DynamicUpdateCommand.Execute(Dictionary`2 identifierValues, List`1 generatedValues)
   at System.Data.Entity.Core.Mapping.Update.Internal.UpdateTranslator.Update()
   --- End of inner exception stack trace ---
   at System.Data.Entity.Core.Mapping.Update.Internal.UpdateTranslator.Update()
   at System.Data.Entity.Core.EntityClient.Internal.EntityAdapter.<Update>b__2(UpdateTranslator ut)
   at System.Data.Entity.Core.EntityClient.Internal.EntityAdapter.Update[T](T noChangesResult, Func`2 updateFunction)
   at System.Data.Entity.Core.EntityClient.Internal.EntityAdapter.Update()
   at System.Data.Entity.Core.Objects.ObjectContext.<SaveChangesToStore>b__35()
   at System.Data.Entity.Core.Objects.ObjectContext.ExecuteInTransaction[T](Func`1 func, IDbExecutionStrategy executionStrategy, Boolean startLocalTransaction, Boolean releaseConnectionOnSuccess)
   at System.Data.Entity.Core.Objects.ObjectContext.SaveChangesToStore(SaveOptions options, IDbExecutionStrategy executionStrategy, Boolean startLocalTransaction)
   at System.Data.Entity.Core.Objects.ObjectContext.<>c__DisplayClass2a.<SaveChangesInternal>b__27()
   at System.Data.Entity.SqlServer.DefaultSqlExecutionStrategy.Execute[TResult](Func`1 operation)
   at System.Data.Entity.Core.Objects.ObjectContext.SaveChangesInternal(SaveOptions options, Boolean executeInExistingTransaction)
   at System.Data.Entity.Core.Objects.ObjectContext.SaveChanges(SaveOptions options)
   at System.Data.Entity.Internal.InternalContext.SaveChanges()
   --- End of inner exception stack trace ---
   at System.Data.Entity.Internal.InternalContext.SaveChanges()
   at System.Data.Entity.Internal.LazyInternalContext.SaveChanges()
   at System.Data.Entity.DbContext.SaveChanges()
   at MODEL.AccountBuilder.AddCoverage(String coverage) in C:\VSProjects\SysflexIntegration\MODEL\AccountBuilder.cs:line 694
2017-07-13 12:14:13,035 [10] FATAL  - Ocurrió un error: 
System.Data.Entity.Infrastructure.DbUpdateException: An error occurred while updating the entries. See the inner exception for details. ---> System.Data.Entity.Core.UpdateException: An error occurred while updating the entries. See the inner exception for details. ---> System.Data.SqlClient.SqlException: Violation of PRIMARY KEY constraint 'PK_ST_GL_MAPPING_COVERAGE'. Cannot insert duplicate key in object 'dbo.ST_GL_MAPPING_COVERAGE'. The duplicate key value is (Huracan, Ciclon, Tornado y Manga de Viento                                                          ).
The statement has been terminated.
   at System.Data.SqlClient.SqlConnection.OnError(SqlException exception, Boolean breakConnection, Action`1 wrapCloseInAction)
   at System.Data.SqlClient.SqlInternalConnection.OnError(SqlException exception, Boolean breakConnection, Action`1 wrapCloseInAction)
   at System.Data.SqlClient.TdsParser.ThrowExceptionAndWarning(TdsParserStateObject stateObj, Boolean callerHasConnectionLock, Boolean asyncClose)
   at System.Data.SqlClient.TdsParser.TryRun(RunBehavior runBehavior, SqlCommand cmdHandler, SqlDataReader dataStream, BulkCopySimpleResultSet bulkCopyHandler, TdsParserStateObject stateObj, Boolean& dataReady)
   at System.Data.SqlClient.SqlCommand.FinishExecuteReader(SqlDataReader ds, RunBehavior runBehavior, String resetOptionsString, Boolean isInternal, Boolean forDescribeParameterEncryption)
   at System.Data.SqlClient.SqlCommand.RunExecuteReaderTds(CommandBehavior cmdBehavior, RunBehavior runBehavior, Boolean returnStream, Boolean async, Int32 timeout, Task& task, Boolean asyncWrite, Boolean inRetry, SqlDataReader ds, Boolean describeParameterEncryptionRequest)
   at System.Data.SqlClient.SqlCommand.RunExecuteReader(CommandBehavior cmdBehavior, RunBehavior runBehavior, Boolean returnStream, String method, TaskCompletionSource`1 completion, Int32 timeout, Task& task, Boolean& usedCache, Boolean asyncWrite, Boolean inRetry)
   at System.Data.SqlClient.SqlCommand.InternalExecuteNonQuery(TaskCompletionSource`1 completion, String methodName, Boolean sendToPipe, Int32 timeout, Boolean& usedCache, Boolean asyncWrite, Boolean inRetry)
   at System.Data.SqlClient.SqlCommand.ExecuteNonQuery()
   at System.Data.Entity.Infrastructure.Interception.DbCommandDispatcher.<NonQuery>b__0(DbCommand t, DbCommandInterceptionContext`1 c)
   at System.Data.Entity.Infrastructure.Interception.InternalDispatcher`1.Dispatch[TTarget,TInterceptionContext,TResult](TTarget target, Func`3 operation, TInterceptionContext interceptionContext, Action`3 executing, Action`3 executed)
   at System.Data.Entity.Infrastructure.Interception.DbCommandDispatcher.NonQuery(DbCommand command, DbCommandInterceptionContext interceptionContext)
   at System.Data.Entity.Internal.InterceptableDbCommand.ExecuteNonQuery()
   at System.Data.Entity.Core.Mapping.Update.Internal.DynamicUpdateCommand.Execute(Dictionary`2 identifierValues, List`1 generatedValues)
   at System.Data.Entity.Core.Mapping.Update.Internal.UpdateTranslator.Update()
   --- End of inner exception stack trace ---
   at System.Data.Entity.Core.Mapping.Update.Internal.UpdateTranslator.Update()
   at System.Data.Entity.Core.EntityClient.Internal.EntityAdapter.<Update>b__2(UpdateTranslator ut)
   at System.Data.Entity.Core.EntityClient.Internal.EntityAdapter.Update[T](T noChangesResult, Func`2 updateFunction)
   at System.Data.Entity.Core.EntityClient.Internal.EntityAdapter.Update()
   at System.Data.Entity.Core.Objects.ObjectContext.<SaveChangesToStore>b__35()
   at System.Data.Entity.Core.Objects.ObjectContext.ExecuteInTransaction[T](Func`1 func, IDbExecutionStrategy executionStrategy, Boolean startLocalTransaction, Boolean releaseConnectionOnSuccess)
   at System.Data.Entity.Core.Objects.ObjectContext.SaveChangesToStore(SaveOptions options, IDbExecutionStrategy executionStrategy, Boolean startLocalTransaction)
   at System.Data.Entity.Core.Objects.ObjectContext.<>c__DisplayClass2a.<SaveChangesInternal>b__27()
   at System.Data.Entity.SqlServer.DefaultSqlExecutionStrategy.Execute[TResult](Func`1 operation)
   at System.Data.Entity.Core.Objects.ObjectContext.SaveChangesInternal(SaveOptions options, Boolean executeInExistingTransaction)
   at System.Data.Entity.Core.Objects.ObjectContext.SaveChanges(SaveOptions options)
   at System.Data.Entity.Internal.InternalContext.SaveChanges()
   --- End of inner exception stack trace ---
   at System.Data.Entity.Internal.InternalContext.SaveChanges()
   at System.Data.Entity.Internal.LazyInternalContext.SaveChanges()
   at System.Data.Entity.DbContext.SaveChanges()
   at MODEL.AccountBuilder.AddCoverage(String coverage) in C:\VSProjects\SysflexIntegration\MODEL\AccountBuilder.cs:line 704
   at MODEL.AccountBuilder.GetCoverageMapping(String coverage) in C:\VSProjects\SysflexIntegration\MODEL\AccountBuilder.cs:line 657
2017-07-13 12:14:13,039 [10] ERROR  - Ocurrió un error: 
System.Data.Entity.Infrastructure.DbUpdateException: An error occurred while updating the entries. See the inner exception for details. ---> System.Data.Entity.Core.UpdateException: An error occurred while updating the entries. See the inner exception for details. ---> System.Data.SqlClient.SqlException: Violation of PRIMARY KEY constraint 'PK_ST_GL_MAPPING_COVERAGE'. Cannot insert duplicate key in object 'dbo.ST_GL_MAPPING_COVERAGE'. The duplicate key value is (Huracan, Ciclon, Tornado y Manga de Viento                                                          ).
The statement has been terminated.
   at System.Data.SqlClient.SqlConnection.OnError(SqlException exception, Boolean breakConnection, Action`1 wrapCloseInAction)
   at System.Data.SqlClient.SqlInternalConnection.OnError(SqlException exception, Boolean breakConnection, Action`1 wrapCloseInAction)
   at System.Data.SqlClient.TdsParser.ThrowExceptionAndWarning(TdsParserStateObject stateObj, Boolean callerHasConnectionLock, Boolean asyncClose)
   at System.Data.SqlClient.TdsParser.TryRun(RunBehavior runBehavior, SqlCommand cmdHandler, SqlDataReader dataStream, BulkCopySimpleResultSet bulkCopyHandler, TdsParserStateObject stateObj, Boolean& dataReady)
   at System.Data.SqlClient.SqlCommand.FinishExecuteReader(SqlDataReader ds, RunBehavior runBehavior, String resetOptionsString, Boolean isInternal, Boolean forDescribeParameterEncryption)
   at System.Data.SqlClient.SqlCommand.RunExecuteReaderTds(CommandBehavior cmdBehavior, RunBehavior runBehavior, Boolean returnStream, Boolean async, Int32 timeout, Task& task, Boolean asyncWrite, Boolean inRetry, SqlDataReader ds, Boolean describeParameterEncryptionRequest)
   at System.Data.SqlClient.SqlCommand.RunExecuteReader(CommandBehavior cmdBehavior, RunBehavior runBehavior, Boolean returnStream, String method, TaskCompletionSource`1 completion, Int32 timeout, Task& task, Boolean& usedCache, Boolean asyncWrite, Boolean inRetry)
   at System.Data.SqlClient.SqlCommand.InternalExecuteNonQuery(TaskCompletionSource`1 completion, String methodName, Boolean sendToPipe, Int32 timeout, Boolean& usedCache, Boolean asyncWrite, Boolean inRetry)
   at System.Data.SqlClient.SqlCommand.ExecuteNonQuery()
   at System.Data.Entity.Infrastructure.Interception.DbCommandDispatcher.<NonQuery>b__0(DbCommand t, DbCommandInterceptionContext`1 c)
   at System.Data.Entity.Infrastructure.Interception.InternalDispatcher`1.Dispatch[TTarget,TInterceptionContext,TResult](TTarget target, Func`3 operation, TInterceptionContext interceptionContext, Action`3 executing, Action`3 executed)
   at System.Data.Entity.Infrastructure.Interception.DbCommandDispatcher.NonQuery(DbCommand command, DbCommandInterceptionContext interceptionContext)
   at System.Data.Entity.Internal.InterceptableDbCommand.ExecuteNonQuery()
   at System.Data.Entity.Core.Mapping.Update.Internal.DynamicUpdateCommand.Execute(Dictionary`2 identifierValues, List`1 generatedValues)
   at System.Data.Entity.Core.Mapping.Update.Internal.UpdateTranslator.Update()
   --- End of inner exception stack trace ---
   at System.Data.Entity.Core.Mapping.Update.Internal.UpdateTranslator.Update()
   at System.Data.Entity.Core.EntityClient.Internal.EntityAdapter.<Update>b__2(UpdateTranslator ut)
   at System.Data.Entity.Core.EntityClient.Internal.EntityAdapter.Update[T](T noChangesResult, Func`2 updateFunction)
   at System.Data.Entity.Core.EntityClient.Internal.EntityAdapter.Update()
   at System.Data.Entity.Core.Objects.ObjectContext.<SaveChangesToStore>b__35()
   at System.Data.Entity.Core.Objects.ObjectContext.ExecuteInTransaction[T](Func`1 func, IDbExecutionStrategy executionStrategy, Boolean startLocalTransaction, Boolean releaseConnectionOnSuccess)
   at System.Data.Entity.Core.Objects.ObjectContext.SaveChangesToStore(SaveOptions options, IDbExecutionStrategy executionStrategy, Boolean startLocalTransaction)
   at System.Data.Entity.Core.Objects.ObjectContext.<>c__DisplayClass2a.<SaveChangesInternal>b__27()
   at System.Data.Entity.SqlServer.DefaultSqlExecutionStrategy.Execute[TResult](Func`1 operation)
   at System.Data.Entity.Core.Objects.ObjectContext.SaveChangesInternal(SaveOptions options, Boolean executeInExistingTransaction)
   at System.Data.Entity.Core.Objects.ObjectContext.SaveChanges(SaveOptions options)
   at System.Data.Entity.Internal.InternalContext.SaveChanges()
   --- End of inner exception stack trace ---
   at System.Data.Entity.Internal.InternalContext.SaveChanges()
   at System.Data.Entity.Internal.LazyInternalContext.SaveChanges()
   at System.Data.Entity.DbContext.SaveChanges()
   at MODEL.AccountBuilder.AddCoverage(String coverage) in C:\VSProjects\SysflexIntegration\MODEL\AccountBuilder.cs:line 704
   at MODEL.AccountBuilder.GetCoverageMapping(String coverage) in C:\VSProjects\SysflexIntegration\MODEL\AccountBuilder.cs:line 670
   at MODEL.AccountBuilder.BuildSalesAccount(Int32 typeAccount, String line_of_business, String policy_type, String vehicle_type, String zone, String country, String channel, String supervisor, String coverage, String GpProductID) in C:\VSProjects\SysflexIntegration\MODEL\AccountBuilder.cs:line 126
2017-07-13 12:14:13,043 [10] ERROR  - Ocurrió un error: 
System.Data.Entity.Infrastructure.DbUpdateException: An error occurred while updating the entries. See the inner exception for details. ---> System.Data.Entity.Core.UpdateException: An error occurred while updating the entries. See the inner exception for details. ---> System.Data.SqlClient.SqlException: Violation of PRIMARY KEY constraint 'PK_ST_GL_MAPPING_COVERAGE'. Cannot insert duplicate key in object 'dbo.ST_GL_MAPPING_COVERAGE'. The duplicate key value is (Huracan, Ciclon, Tornado y Manga de Viento                                                          ).
The statement has been terminated.
   at System.Data.SqlClient.SqlConnection.OnError(SqlException exception, Boolean breakConnection, Action`1 wrapCloseInAction)
   at System.Data.SqlClient.SqlInternalConnection.OnError(SqlException exception, Boolean breakConnection, Action`1 wrapCloseInAction)
   at System.Data.SqlClient.TdsParser.ThrowExceptionAndWarning(TdsParserStateObject stateObj, Boolean callerHasConnectionLock, Boolean asyncClose)
   at System.Data.SqlClient.TdsParser.TryRun(RunBehavior runBehavior, SqlCommand cmdHandler, SqlDataReader dataStream, BulkCopySimpleResultSet bulkCopyHandler, TdsParserStateObject stateObj, Boolean& dataReady)
   at System.Data.SqlClient.SqlCommand.FinishExecuteReader(SqlDataReader ds, RunBehavior runBehavior, String resetOptionsString, Boolean isInternal, Boolean forDescribeParameterEncryption)
   at System.Data.SqlClient.SqlCommand.RunExecuteReaderTds(CommandBehavior cmdBehavior, RunBehavior runBehavior, Boolean returnStream, Boolean async, Int32 timeout, Task& task, Boolean asyncWrite, Boolean inRetry, SqlDataReader ds, Boolean describeParameterEncryptionRequest)
   at System.Data.SqlClient.SqlCommand.RunExecuteReader(CommandBehavior cmdBehavior, RunBehavior runBehavior, Boolean returnStream, String method, TaskCompletionSource`1 completion, Int32 timeout, Task& task, Boolean& usedCache, Boolean asyncWrite, Boolean inRetry)
   at System.Data.SqlClient.SqlCommand.InternalExecuteNonQuery(TaskCompletionSource`1 completion, String methodName, Boolean sendToPipe, Int32 timeout, Boolean& usedCache, Boolean asyncWrite, Boolean inRetry)
   at System.Data.SqlClient.SqlCommand.ExecuteNonQuery()
   at System.Data.Entity.Infrastructure.Interception.DbCommandDispatcher.<NonQuery>b__0(DbCommand t, DbCommandInterceptionContext`1 c)
   at System.Data.Entity.Infrastructure.Interception.InternalDispatcher`1.Dispatch[TTarget,TInterceptionContext,TResult](TTarget target, Func`3 operation, TInterceptionContext interceptionContext, Action`3 executing, Action`3 executed)
   at System.Data.Entity.Infrastructure.Interception.DbCommandDispatcher.NonQuery(DbCommand command, DbCommandInterceptionContext interceptionContext)
   at System.Data.Entity.Internal.InterceptableDbCommand.ExecuteNonQuery()
   at System.Data.Entity.Core.Mapping.Update.Internal.DynamicUpdateCommand.Execute(Dictionary`2 identifierValues, List`1 generatedValues)
   at System.Data.Entity.Core.Mapping.Update.Internal.UpdateTranslator.Update()
   --- End of inner exception stack trace ---
   at System.Data.Entity.Core.Mapping.Update.Internal.UpdateTranslator.Update()
   at System.Data.Entity.Core.EntityClient.Internal.EntityAdapter.<Update>b__2(UpdateTranslator ut)
   at System.Data.Entity.Core.EntityClient.Internal.EntityAdapter.Update[T](T noChangesResult, Func`2 updateFunction)
   at System.Data.Entity.Core.EntityClient.Internal.EntityAdapter.Update()
   at System.Data.Entity.Core.Objects.ObjectContext.<SaveChangesToStore>b__35()
   at System.Data.Entity.Core.Objects.ObjectContext.ExecuteInTransaction[T](Func`1 func, IDbExecutionStrategy executionStrategy, Boolean startLocalTransaction, Boolean releaseConnectionOnSuccess)
   at System.Data.Entity.Core.Objects.ObjectContext.SaveChangesToStore(SaveOptions options, IDbExecutionStrategy executionStrategy, Boolean startLocalTransaction)
   at System.Data.Entity.Core.Objects.ObjectContext.<>c__DisplayClass2a.<SaveChangesInternal>b__27()
   at System.Data.Entity.SqlServer.DefaultSqlExecutionStrategy.Execute[TResult](Func`1 operation)
   at System.Data.Entity.Core.Objects.ObjectContext.SaveChangesInternal(SaveOptions options, Boolean executeInExistingTransaction)
   at System.Data.Entity.Core.Objects.ObjectContext.SaveChanges(SaveOptions options)
   at System.Data.Entity.Internal.InternalContext.SaveChanges()
   --- End of inner exception stack trace ---
   at System.Data.Entity.Internal.InternalContext.SaveChanges()
   at System.Data.Entity.Internal.LazyInternalContext.SaveChanges()
   at System.Data.Entity.DbContext.SaveChanges()
   at MODEL.AccountBuilder.AddCoverage(String coverage) in C:\VSProjects\SysflexIntegration\MODEL\AccountBuilder.cs:line 704
   at MODEL.AccountBuilder.GetCoverageMapping(String coverage) in C:\VSProjects\SysflexIntegration\MODEL\AccountBuilder.cs:line 670
   at MODEL.AccountBuilder.BuildSalesAccount(Int32 typeAccount, String line_of_business, String policy_type, String vehicle_type, String zone, String country, String channel, String supervisor, String coverage, String GpProductID) in C:\VSProjects\SysflexIntegration\MODEL\AccountBuilder.cs:line 149
   at InvoiceSync.BL.InvoiceBL.CreateDetail(SYSFLEX_POLICY policyInfo, TRANSACTION_INVOICE policyTransaction, List`1 transactionbyCoverage, SOPHeader header) in C:\VSProjects\SysflexIntegration\InvoiceSync\BL\InvoiceBL.cs:line 178
2017-07-13 12:14:13,048 [10] ERROR  - Ocurrió un error al generar el invoice para la poliza 1-201-451
System.Data.Entity.Infrastructure.DbUpdateException: An error occurred while updating the entries. See the inner exception for details. ---> System.Data.Entity.Core.UpdateException: An error occurred while updating the entries. See the inner exception for details. ---> System.Data.SqlClient.SqlException: Violation of PRIMARY KEY constraint 'PK_ST_GL_MAPPING_COVERAGE'. Cannot insert duplicate key in object 'dbo.ST_GL_MAPPING_COVERAGE'. The duplicate key value is (Huracan, Ciclon, Tornado y Manga de Viento                                                          ).
The statement has been terminated.
   at System.Data.SqlClient.SqlConnection.OnError(SqlException exception, Boolean breakConnection, Action`1 wrapCloseInAction)
   at System.Data.SqlClient.SqlInternalConnection.OnError(SqlException exception, Boolean breakConnection, Action`1 wrapCloseInAction)
   at System.Data.SqlClient.TdsParser.ThrowExceptionAndWarning(TdsParserStateObject stateObj, Boolean callerHasConnectionLock, Boolean asyncClose)
   at System.Data.SqlClient.TdsParser.TryRun(RunBehavior runBehavior, SqlCommand cmdHandler, SqlDataReader dataStream, BulkCopySimpleResultSet bulkCopyHandler, TdsParserStateObject stateObj, Boolean& dataReady)
   at System.Data.SqlClient.SqlCommand.FinishExecuteReader(SqlDataReader ds, RunBehavior runBehavior, String resetOptionsString, Boolean isInternal, Boolean forDescribeParameterEncryption)
   at System.Data.SqlClient.SqlCommand.RunExecuteReaderTds(CommandBehavior cmdBehavior, RunBehavior runBehavior, Boolean returnStream, Boolean async, Int32 timeout, Task& task, Boolean asyncWrite, Boolean inRetry, SqlDataReader ds, Boolean describeParameterEncryptionRequest)
   at System.Data.SqlClient.SqlCommand.RunExecuteReader(CommandBehavior cmdBehavior, RunBehavior runBehavior, Boolean returnStream, String method, TaskCompletionSource`1 completion, Int32 timeout, Task& task, Boolean& usedCache, Boolean asyncWrite, Boolean inRetry)
   at System.Data.SqlClient.SqlCommand.InternalExecuteNonQuery(TaskCompletionSource`1 completion, String methodName, Boolean sendToPipe, Int32 timeout, Boolean& usedCache, Boolean asyncWrite, Boolean inRetry)
   at System.Data.SqlClient.SqlCommand.ExecuteNonQuery()
   at System.Data.Entity.Infrastructure.Interception.DbCommandDispatcher.<NonQuery>b__0(DbCommand t, DbCommandInterceptionContext`1 c)
   at System.Data.Entity.Infrastructure.Interception.InternalDispatcher`1.Dispatch[TTarget,TInterceptionContext,TResult](TTarget target, Func`3 operation, TInterceptionContext interceptionContext, Action`3 executing, Action`3 executed)
   at System.Data.Entity.Infrastructure.Interception.DbCommandDispatcher.NonQuery(DbCommand command, DbCommandInterceptionContext interceptionContext)
   at System.Data.Entity.Internal.InterceptableDbCommand.ExecuteNonQuery()
   at System.Data.Entity.Core.Mapping.Update.Internal.DynamicUpdateCommand.Execute(Dictionary`2 identifierValues, List`1 generatedValues)
   at System.Data.Entity.Core.Mapping.Update.Internal.UpdateTranslator.Update()
   --- End of inner exception stack trace ---
   at System.Data.Entity.Core.Mapping.Update.Internal.UpdateTranslator.Update()
   at System.Data.Entity.Core.EntityClient.Internal.EntityAdapter.<Update>b__2(UpdateTranslator ut)
   at System.Data.Entity.Core.EntityClient.Internal.EntityAdapter.Update[T](T noChangesResult, Func`2 updateFunction)
   at System.Data.Entity.Core.EntityClient.Internal.EntityAdapter.Update()
   at System.Data.Entity.Core.Objects.ObjectContext.<SaveChangesToStore>b__35()
   at System.Data.Entity.Core.Objects.ObjectContext.ExecuteInTransaction[T](Func`1 func, IDbExecutionStrategy executionStrategy, Boolean startLocalTransaction, Boolean releaseConnectionOnSuccess)
   at System.Data.Entity.Core.Objects.ObjectContext.SaveChangesToStore(SaveOptions options, IDbExecutionStrategy executionStrategy, Boolean startLocalTransaction)
   at System.Data.Entity.Core.Objects.ObjectContext.<>c__DisplayClass2a.<SaveChangesInternal>b__27()
   at System.Data.Entity.SqlServer.DefaultSqlExecutionStrategy.Execute[TResult](Func`1 operation)
   at System.Data.Entity.Core.Objects.ObjectContext.SaveChangesInternal(SaveOptions options, Boolean executeInExistingTransaction)
   at System.Data.Entity.Core.Objects.ObjectContext.SaveChanges(SaveOptions options)
   at System.Data.Entity.Internal.InternalContext.SaveChanges()
   --- End of inner exception stack trace ---
   at System.Data.Entity.Internal.InternalContext.SaveChanges()
   at System.Data.Entity.Internal.LazyInternalContext.SaveChanges()
   at System.Data.Entity.DbContext.SaveChanges()
   at MODEL.AccountBuilder.AddCoverage(String coverage) in C:\VSProjects\SysflexIntegration\MODEL\AccountBuilder.cs:line 704
   at MODEL.AccountBuilder.GetCoverageMapping(String coverage) in C:\VSProjects\SysflexIntegration\MODEL\AccountBuilder.cs:line 670
   at MODEL.AccountBuilder.BuildSalesAccount(Int32 typeAccount, String line_of_business, String policy_type, String vehicle_type, String zone, String country, String channel, String supervisor, String coverage, String GpProductID) in C:\VSProjects\SysflexIntegration\MODEL\AccountBuilder.cs:line 149
   at InvoiceSync.BL.InvoiceBL.CreateDetail(SYSFLEX_POLICY policyInfo, TRANSACTION_INVOICE policyTransaction, List`1 transactionbyCoverage, SOPHeader header) in C:\VSProjects\SysflexIntegration\InvoiceSync\BL\InvoiceBL.cs:line 201
   at InvoiceSync.InvoiceSyncTask.Process() in C:\VSProjects\SysflexIntegration\InvoiceSync\InvoiceSyncTask.cs:line 76
2017-07-13 12:14:25,756 [10] DEBUG  - Contruyendo encabezado
2017-07-13 12:14:28,009 [10] DEBUG  - Creacion de numero de batch SF12:14 1372017
2017-07-13 12:14:28,513 [10] DEBUG  - Se obtiene el cliente de GP 13-201-477
2017-07-13 12:14:34,703 [10] FATAL  - Ocurrió un error: 
System.Data.Entity.Infrastructure.DbUpdateException: An error occurred while updating the entries. See the inner exception for details. ---> System.Data.Entity.Core.UpdateException: An error occurred while updating the entries. See the inner exception for details. ---> System.Data.SqlClient.SqlException: Violation of PRIMARY KEY constraint 'PK_ST_GL_MAPPING_COVERAGE'. Cannot insert duplicate key in object 'dbo.ST_GL_MAPPING_COVERAGE'. The duplicate key value is (Huracan, Ciclon, Tornado y Manga de Viento                                                          ).
The statement has been terminated.
   at System.Data.SqlClient.SqlConnection.OnError(SqlException exception, Boolean breakConnection, Action`1 wrapCloseInAction)
   at System.Data.SqlClient.SqlInternalConnection.OnError(SqlException exception, Boolean breakConnection, Action`1 wrapCloseInAction)
   at System.Data.SqlClient.TdsParser.ThrowExceptionAndWarning(TdsParserStateObject stateObj, Boolean callerHasConnectionLock, Boolean asyncClose)
   at System.Data.SqlClient.TdsParser.TryRun(RunBehavior runBehavior, SqlCommand cmdHandler, SqlDataReader dataStream, BulkCopySimpleResultSet bulkCopyHandler, TdsParserStateObject stateObj, Boolean& dataReady)
   at System.Data.SqlClient.SqlCommand.FinishExecuteReader(SqlDataReader ds, RunBehavior runBehavior, String resetOptionsString, Boolean isInternal, Boolean forDescribeParameterEncryption)
   at System.Data.SqlClient.SqlCommand.RunExecuteReaderTds(CommandBehavior cmdBehavior, RunBehavior runBehavior, Boolean returnStream, Boolean async, Int32 timeout, Task& task, Boolean asyncWrite, Boolean inRetry, SqlDataReader ds, Boolean describeParameterEncryptionRequest)
   at System.Data.SqlClient.SqlCommand.RunExecuteReader(CommandBehavior cmdBehavior, RunBehavior runBehavior, Boolean returnStream, String method, TaskCompletionSource`1 completion, Int32 timeout, Task& task, Boolean& usedCache, Boolean asyncWrite, Boolean inRetry)
   at System.Data.SqlClient.SqlCommand.InternalExecuteNonQuery(TaskCompletionSource`1 completion, String methodName, Boolean sendToPipe, Int32 timeout, Boolean& usedCache, Boolean asyncWrite, Boolean inRetry)
   at System.Data.SqlClient.SqlCommand.ExecuteNonQuery()
   at System.Data.Entity.Infrastructure.Interception.DbCommandDispatcher.<NonQuery>b__0(DbCommand t, DbCommandInterceptionContext`1 c)
   at System.Data.Entity.Infrastructure.Interception.InternalDispatcher`1.Dispatch[TTarget,TInterceptionContext,TResult](TTarget target, Func`3 operation, TInterceptionContext interceptionContext, Action`3 executing, Action`3 executed)
   at System.Data.Entity.Infrastructure.Interception.DbCommandDispatcher.NonQuery(DbCommand command, DbCommandInterceptionContext interceptionContext)
   at System.Data.Entity.Internal.InterceptableDbCommand.ExecuteNonQuery()
   at System.Data.Entity.Core.Mapping.Update.Internal.DynamicUpdateCommand.Execute(Dictionary`2 identifierValues, List`1 generatedValues)
   at System.Data.Entity.Core.Mapping.Update.Internal.UpdateTranslator.Update()
   --- End of inner exception stack trace ---
   at System.Data.Entity.Core.Mapping.Update.Internal.UpdateTranslator.Update()
   at System.Data.Entity.Core.EntityClient.Internal.EntityAdapter.<Update>b__2(UpdateTranslator ut)
   at System.Data.Entity.Core.EntityClient.Internal.EntityAdapter.Update[T](T noChangesResult, Func`2 updateFunction)
   at System.Data.Entity.Core.EntityClient.Internal.EntityAdapter.Update()
   at System.Data.Entity.Core.Objects.ObjectContext.<SaveChangesToStore>b__35()
   at System.Data.Entity.Core.Objects.ObjectContext.ExecuteInTransaction[T](Func`1 func, IDbExecutionStrategy executionStrategy, Boolean startLocalTransaction, Boolean releaseConnectionOnSuccess)
   at System.Data.Entity.Core.Objects.ObjectContext.SaveChangesToStore(SaveOptions options, IDbExecutionStrategy executionStrategy, Boolean startLocalTransaction)
   at System.Data.Entity.Core.Objects.ObjectContext.<>c__DisplayClass2a.<SaveChangesInternal>b__27()
   at System.Data.Entity.SqlServer.DefaultSqlExecutionStrategy.Execute[TResult](Func`1 operation)
   at System.Data.Entity.Core.Objects.ObjectContext.SaveChangesInternal(SaveOptions options, Boolean executeInExistingTransaction)
   at System.Data.Entity.Core.Objects.ObjectContext.SaveChanges(SaveOptions options)
   at System.Data.Entity.Internal.InternalContext.SaveChanges()
   --- End of inner exception stack trace ---
   at System.Data.Entity.Internal.InternalContext.SaveChanges()
   at System.Data.Entity.Internal.LazyInternalContext.SaveChanges()
   at System.Data.Entity.DbContext.SaveChanges()
   at MODEL.AccountBuilder.AddCoverage(String coverage) in C:\VSProjects\SysflexIntegration\MODEL\AccountBuilder.cs:line 694
2017-07-13 12:14:34,710 [10] FATAL  - Ocurrió un error: 
System.Data.Entity.Infrastructure.DbUpdateException: An error occurred while updating the entries. See the inner exception for details. ---> System.Data.Entity.Core.UpdateException: An error occurred while updating the entries. See the inner exception for details. ---> System.Data.SqlClient.SqlException: Violation of PRIMARY KEY constraint 'PK_ST_GL_MAPPING_COVERAGE'. Cannot insert duplicate key in object 'dbo.ST_GL_MAPPING_COVERAGE'. The duplicate key value is (Huracan, Ciclon, Tornado y Manga de Viento                                                          ).
The statement has been terminated.
   at System.Data.SqlClient.SqlConnection.OnError(SqlException exception, Boolean breakConnection, Action`1 wrapCloseInAction)
   at System.Data.SqlClient.SqlInternalConnection.OnError(SqlException exception, Boolean breakConnection, Action`1 wrapCloseInAction)
   at System.Data.SqlClient.TdsParser.ThrowExceptionAndWarning(TdsParserStateObject stateObj, Boolean callerHasConnectionLock, Boolean asyncClose)
   at System.Data.SqlClient.TdsParser.TryRun(RunBehavior runBehavior, SqlCommand cmdHandler, SqlDataReader dataStream, BulkCopySimpleResultSet bulkCopyHandler, TdsParserStateObject stateObj, Boolean& dataReady)
   at System.Data.SqlClient.SqlCommand.FinishExecuteReader(SqlDataReader ds, RunBehavior runBehavior, String resetOptionsString, Boolean isInternal, Boolean forDescribeParameterEncryption)
   at System.Data.SqlClient.SqlCommand.RunExecuteReaderTds(CommandBehavior cmdBehavior, RunBehavior runBehavior, Boolean returnStream, Boolean async, Int32 timeout, Task& task, Boolean asyncWrite, Boolean inRetry, SqlDataReader ds, Boolean describeParameterEncryptionRequest)
   at System.Data.SqlClient.SqlCommand.RunExecuteReader(CommandBehavior cmdBehavior, RunBehavior runBehavior, Boolean returnStream, String method, TaskCompletionSource`1 completion, Int32 timeout, Task& task, Boolean& usedCache, Boolean asyncWrite, Boolean inRetry)
   at System.Data.SqlClient.SqlCommand.InternalExecuteNonQuery(TaskCompletionSource`1 completion, String methodName, Boolean sendToPipe, Int32 timeout, Boolean& usedCache, Boolean asyncWrite, Boolean inRetry)
   at System.Data.SqlClient.SqlCommand.ExecuteNonQuery()
   at System.Data.Entity.Infrastructure.Interception.DbCommandDispatcher.<NonQuery>b__0(DbCommand t, DbCommandInterceptionContext`1 c)
   at System.Data.Entity.Infrastructure.Interception.InternalDispatcher`1.Dispatch[TTarget,TInterceptionContext,TResult](TTarget target, Func`3 operation, TInterceptionContext interceptionContext, Action`3 executing, Action`3 executed)
   at System.Data.Entity.Infrastructure.Interception.DbCommandDispatcher.NonQuery(DbCommand command, DbCommandInterceptionContext interceptionContext)
   at System.Data.Entity.Internal.InterceptableDbCommand.ExecuteNonQuery()
   at System.Data.Entity.Core.Mapping.Update.Internal.DynamicUpdateCommand.Execute(Dictionary`2 identifierValues, List`1 generatedValues)
   at System.Data.Entity.Core.Mapping.Update.Internal.UpdateTranslator.Update()
   --- End of inner exception stack trace ---
   at System.Data.Entity.Core.Mapping.Update.Internal.UpdateTranslator.Update()
   at System.Data.Entity.Core.EntityClient.Internal.EntityAdapter.<Update>b__2(UpdateTranslator ut)
   at System.Data.Entity.Core.EntityClient.Internal.EntityAdapter.Update[T](T noChangesResult, Func`2 updateFunction)
   at System.Data.Entity.Core.EntityClient.Internal.EntityAdapter.Update()
   at System.Data.Entity.Core.Objects.ObjectContext.<SaveChangesToStore>b__35()
   at System.Data.Entity.Core.Objects.ObjectContext.ExecuteInTransaction[T](Func`1 func, IDbExecutionStrategy executionStrategy, Boolean startLocalTransaction, Boolean releaseConnectionOnSuccess)
   at System.Data.Entity.Core.Objects.ObjectContext.SaveChangesToStore(SaveOptions options, IDbExecutionStrategy executionStrategy, Boolean startLocalTransaction)
   at System.Data.Entity.Core.Objects.ObjectContext.<>c__DisplayClass2a.<SaveChangesInternal>b__27()
   at System.Data.Entity.SqlServer.DefaultSqlExecutionStrategy.Execute[TResult](Func`1 operation)
   at System.Data.Entity.Core.Objects.ObjectContext.SaveChangesInternal(SaveOptions options, Boolean executeInExistingTransaction)
   at System.Data.Entity.Core.Objects.ObjectContext.SaveChanges(SaveOptions options)
   at System.Data.Entity.Internal.InternalContext.SaveChanges()
   --- End of inner exception stack trace ---
   at System.Data.Entity.Internal.InternalContext.SaveChanges()
   at System.Data.Entity.Internal.LazyInternalContext.SaveChanges()
   at System.Data.Entity.DbContext.SaveChanges()
   at MODEL.AccountBuilder.AddCoverage(String coverage) in C:\VSProjects\SysflexIntegration\MODEL\AccountBuilder.cs:line 704
   at MODEL.AccountBuilder.GetCoverageMapping(String coverage) in C:\VSProjects\SysflexIntegration\MODEL\AccountBuilder.cs:line 657
2017-07-13 12:14:34,716 [10] ERROR  - Ocurrió un error: 
System.Data.Entity.Infrastructure.DbUpdateException: An error occurred while updating the entries. See the inner exception for details. ---> System.Data.Entity.Core.UpdateException: An error occurred while updating the entries. See the inner exception for details. ---> System.Data.SqlClient.SqlException: Violation of PRIMARY KEY constraint 'PK_ST_GL_MAPPING_COVERAGE'. Cannot insert duplicate key in object 'dbo.ST_GL_MAPPING_COVERAGE'. The duplicate key value is (Huracan, Ciclon, Tornado y Manga de Viento                                                          ).
The statement has been terminated.
   at System.Data.SqlClient.SqlConnection.OnError(SqlException exception, Boolean breakConnection, Action`1 wrapCloseInAction)
   at System.Data.SqlClient.SqlInternalConnection.OnError(SqlException exception, Boolean breakConnection, Action`1 wrapCloseInAction)
   at System.Data.SqlClient.TdsParser.ThrowExceptionAndWarning(TdsParserStateObject stateObj, Boolean callerHasConnectionLock, Boolean asyncClose)
   at System.Data.SqlClient.TdsParser.TryRun(RunBehavior runBehavior, SqlCommand cmdHandler, SqlDataReader dataStream, BulkCopySimpleResultSet bulkCopyHandler, TdsParserStateObject stateObj, Boolean& dataReady)
   at System.Data.SqlClient.SqlCommand.FinishExecuteReader(SqlDataReader ds, RunBehavior runBehavior, String resetOptionsString, Boolean isInternal, Boolean forDescribeParameterEncryption)
   at System.Data.SqlClient.SqlCommand.RunExecuteReaderTds(CommandBehavior cmdBehavior, RunBehavior runBehavior, Boolean returnStream, Boolean async, Int32 timeout, Task& task, Boolean asyncWrite, Boolean inRetry, SqlDataReader ds, Boolean describeParameterEncryptionRequest)
   at System.Data.SqlClient.SqlCommand.RunExecuteReader(CommandBehavior cmdBehavior, RunBehavior runBehavior, Boolean returnStream, String method, TaskCompletionSource`1 completion, Int32 timeout, Task& task, Boolean& usedCache, Boolean asyncWrite, Boolean inRetry)
   at System.Data.SqlClient.SqlCommand.InternalExecuteNonQuery(TaskCompletionSource`1 completion, String methodName, Boolean sendToPipe, Int32 timeout, Boolean& usedCache, Boolean asyncWrite, Boolean inRetry)
   at System.Data.SqlClient.SqlCommand.ExecuteNonQuery()
   at System.Data.Entity.Infrastructure.Interception.DbCommandDispatcher.<NonQuery>b__0(DbCommand t, DbCommandInterceptionContext`1 c)
   at System.Data.Entity.Infrastructure.Interception.InternalDispatcher`1.Dispatch[TTarget,TInterceptionContext,TResult](TTarget target, Func`3 operation, TInterceptionContext interceptionContext, Action`3 executing, Action`3 executed)
   at System.Data.Entity.Infrastructure.Interception.DbCommandDispatcher.NonQuery(DbCommand command, DbCommandInterceptionContext interceptionContext)
   at System.Data.Entity.Internal.InterceptableDbCommand.ExecuteNonQuery()
   at System.Data.Entity.Core.Mapping.Update.Internal.DynamicUpdateCommand.Execute(Dictionary`2 identifierValues, List`1 generatedValues)
   at System.Data.Entity.Core.Mapping.Update.Internal.UpdateTranslator.Update()
   --- End of inner exception stack trace ---
   at System.Data.Entity.Core.Mapping.Update.Internal.UpdateTranslator.Update()
   at System.Data.Entity.Core.EntityClient.Internal.EntityAdapter.<Update>b__2(UpdateTranslator ut)
   at System.Data.Entity.Core.EntityClient.Internal.EntityAdapter.Update[T](T noChangesResult, Func`2 updateFunction)
   at System.Data.Entity.Core.EntityClient.Internal.EntityAdapter.Update()
   at System.Data.Entity.Core.Objects.ObjectContext.<SaveChangesToStore>b__35()
   at System.Data.Entity.Core.Objects.ObjectContext.ExecuteInTransaction[T](Func`1 func, IDbExecutionStrategy executionStrategy, Boolean startLocalTransaction, Boolean releaseConnectionOnSuccess)
   at System.Data.Entity.Core.Objects.ObjectContext.SaveChangesToStore(SaveOptions options, IDbExecutionStrategy executionStrategy, Boolean startLocalTransaction)
   at System.Data.Entity.Core.Objects.ObjectContext.<>c__DisplayClass2a.<SaveChangesInternal>b__27()
   at System.Data.Entity.SqlServer.DefaultSqlExecutionStrategy.Execute[TResult](Func`1 operation)
   at System.Data.Entity.Core.Objects.ObjectContext.SaveChangesInternal(SaveOptions options, Boolean executeInExistingTransaction)
   at System.Data.Entity.Core.Objects.ObjectContext.SaveChanges(SaveOptions options)
   at System.Data.Entity.Internal.InternalContext.SaveChanges()
   --- End of inner exception stack trace ---
   at System.Data.Entity.Internal.InternalContext.SaveChanges()
   at System.Data.Entity.Internal.LazyInternalContext.SaveChanges()
   at System.Data.Entity.DbContext.SaveChanges()
   at MODEL.AccountBuilder.AddCoverage(String coverage) in C:\VSProjects\SysflexIntegration\MODEL\AccountBuilder.cs:line 704
   at MODEL.AccountBuilder.GetCoverageMapping(String coverage) in C:\VSProjects\SysflexIntegration\MODEL\AccountBuilder.cs:line 670
   at MODEL.AccountBuilder.BuildSalesAccount(Int32 typeAccount, String line_of_business, String policy_type, String vehicle_type, String zone, String country, String channel, String supervisor, String coverage, String GpProductID) in C:\VSProjects\SysflexIntegration\MODEL\AccountBuilder.cs:line 126
2017-07-13 12:14:34,722 [10] ERROR  - Ocurrió un error: 
System.Data.Entity.Infrastructure.DbUpdateException: An error occurred while updating the entries. See the inner exception for details. ---> System.Data.Entity.Core.UpdateException: An error occurred while updating the entries. See the inner exception for details. ---> System.Data.SqlClient.SqlException: Violation of PRIMARY KEY constraint 'PK_ST_GL_MAPPING_COVERAGE'. Cannot insert duplicate key in object 'dbo.ST_GL_MAPPING_COVERAGE'. The duplicate key value is (Huracan, Ciclon, Tornado y Manga de Viento                                                          ).
The statement has been terminated.
   at System.Data.SqlClient.SqlConnection.OnError(SqlException exception, Boolean breakConnection, Action`1 wrapCloseInAction)
   at System.Data.SqlClient.SqlInternalConnection.OnError(SqlException exception, Boolean breakConnection, Action`1 wrapCloseInAction)
   at System.Data.SqlClient.TdsParser.ThrowExceptionAndWarning(TdsParserStateObject stateObj, Boolean callerHasConnectionLock, Boolean asyncClose)
   at System.Data.SqlClient.TdsParser.TryRun(RunBehavior runBehavior, SqlCommand cmdHandler, SqlDataReader dataStream, BulkCopySimpleResultSet bulkCopyHandler, TdsParserStateObject stateObj, Boolean& dataReady)
   at System.Data.SqlClient.SqlCommand.FinishExecuteReader(SqlDataReader ds, RunBehavior runBehavior, String resetOptionsString, Boolean isInternal, Boolean forDescribeParameterEncryption)
   at System.Data.SqlClient.SqlCommand.RunExecuteReaderTds(CommandBehavior cmdBehavior, RunBehavior runBehavior, Boolean returnStream, Boolean async, Int32 timeout, Task& task, Boolean asyncWrite, Boolean inRetry, SqlDataReader ds, Boolean describeParameterEncryptionRequest)
   at System.Data.SqlClient.SqlCommand.RunExecuteReader(CommandBehavior cmdBehavior, RunBehavior runBehavior, Boolean returnStream, String method, TaskCompletionSource`1 completion, Int32 timeout, Task& task, Boolean& usedCache, Boolean asyncWrite, Boolean inRetry)
   at System.Data.SqlClient.SqlCommand.InternalExecuteNonQuery(TaskCompletionSource`1 completion, String methodName, Boolean sendToPipe, Int32 timeout, Boolean& usedCache, Boolean asyncWrite, Boolean inRetry)
   at System.Data.SqlClient.SqlCommand.ExecuteNonQuery()
   at System.Data.Entity.Infrastructure.Interception.DbCommandDispatcher.<NonQuery>b__0(DbCommand t, DbCommandInterceptionContext`1 c)
   at System.Data.Entity.Infrastructure.Interception.InternalDispatcher`1.Dispatch[TTarget,TInterceptionContext,TResult](TTarget target, Func`3 operation, TInterceptionContext interceptionContext, Action`3 executing, Action`3 executed)
   at System.Data.Entity.Infrastructure.Interception.DbCommandDispatcher.NonQuery(DbCommand command, DbCommandInterceptionContext interceptionContext)
   at System.Data.Entity.Internal.InterceptableDbCommand.ExecuteNonQuery()
   at System.Data.Entity.Core.Mapping.Update.Internal.DynamicUpdateCommand.Execute(Dictionary`2 identifierValues, List`1 generatedValues)
   at System.Data.Entity.Core.Mapping.Update.Internal.UpdateTranslator.Update()
   --- End of inner exception stack trace ---
   at System.Data.Entity.Core.Mapping.Update.Internal.UpdateTranslator.Update()
   at System.Data.Entity.Core.EntityClient.Internal.EntityAdapter.<Update>b__2(UpdateTranslator ut)
   at System.Data.Entity.Core.EntityClient.Internal.EntityAdapter.Update[T](T noChangesResult, Func`2 updateFunction)
   at System.Data.Entity.Core.EntityClient.Internal.EntityAdapter.Update()
   at System.Data.Entity.Core.Objects.ObjectContext.<SaveChangesToStore>b__35()
   at System.Data.Entity.Core.Objects.ObjectContext.ExecuteInTransaction[T](Func`1 func, IDbExecutionStrategy executionStrategy, Boolean startLocalTransaction, Boolean releaseConnectionOnSuccess)
   at System.Data.Entity.Core.Objects.ObjectContext.SaveChangesToStore(SaveOptions options, IDbExecutionStrategy executionStrategy, Boolean startLocalTransaction)
   at System.Data.Entity.Core.Objects.ObjectContext.<>c__DisplayClass2a.<SaveChangesInternal>b__27()
   at System.Data.Entity.SqlServer.DefaultSqlExecutionStrategy.Execute[TResult](Func`1 operation)
   at System.Data.Entity.Core.Objects.ObjectContext.SaveChangesInternal(SaveOptions options, Boolean executeInExistingTransaction)
   at System.Data.Entity.Core.Objects.ObjectContext.SaveChanges(SaveOptions options)
   at System.Data.Entity.Internal.InternalContext.SaveChanges()
   --- End of inner exception stack trace ---
   at System.Data.Entity.Internal.InternalContext.SaveChanges()
   at System.Data.Entity.Internal.LazyInternalContext.SaveChanges()
   at System.Data.Entity.DbContext.SaveChanges()
   at MODEL.AccountBuilder.AddCoverage(String coverage) in C:\VSProjects\SysflexIntegration\MODEL\AccountBuilder.cs:line 704
   at MODEL.AccountBuilder.GetCoverageMapping(String coverage) in C:\VSProjects\SysflexIntegration\MODEL\AccountBuilder.cs:line 670
   at MODEL.AccountBuilder.BuildSalesAccount(Int32 typeAccount, String line_of_business, String policy_type, String vehicle_type, String zone, String country, String channel, String supervisor, String coverage, String GpProductID) in C:\VSProjects\SysflexIntegration\MODEL\AccountBuilder.cs:line 149
   at InvoiceSync.BL.InvoiceBL.CreateDetail(SYSFLEX_POLICY policyInfo, TRANSACTION_INVOICE policyTransaction, List`1 transactionbyCoverage, SOPHeader header) in C:\VSProjects\SysflexIntegration\InvoiceSync\BL\InvoiceBL.cs:line 178
2017-07-13 12:14:34,727 [10] ERROR  - Ocurrió un error al generar el invoice para la poliza 13-201-477
System.Data.Entity.Infrastructure.DbUpdateException: An error occurred while updating the entries. See the inner exception for details. ---> System.Data.Entity.Core.UpdateException: An error occurred while updating the entries. See the inner exception for details. ---> System.Data.SqlClient.SqlException: Violation of PRIMARY KEY constraint 'PK_ST_GL_MAPPING_COVERAGE'. Cannot insert duplicate key in object 'dbo.ST_GL_MAPPING_COVERAGE'. The duplicate key value is (Huracan, Ciclon, Tornado y Manga de Viento                                                          ).
The statement has been terminated.
   at System.Data.SqlClient.SqlConnection.OnError(SqlException exception, Boolean breakConnection, Action`1 wrapCloseInAction)
   at System.Data.SqlClient.SqlInternalConnection.OnError(SqlException exception, Boolean breakConnection, Action`1 wrapCloseInAction)
   at System.Data.SqlClient.TdsParser.ThrowExceptionAndWarning(TdsParserStateObject stateObj, Boolean callerHasConnectionLock, Boolean asyncClose)
   at System.Data.SqlClient.TdsParser.TryRun(RunBehavior runBehavior, SqlCommand cmdHandler, SqlDataReader dataStream, BulkCopySimpleResultSet bulkCopyHandler, TdsParserStateObject stateObj, Boolean& dataReady)
   at System.Data.SqlClient.SqlCommand.FinishExecuteReader(SqlDataReader ds, RunBehavior runBehavior, String resetOptionsString, Boolean isInternal, Boolean forDescribeParameterEncryption)
   at System.Data.SqlClient.SqlCommand.RunExecuteReaderTds(CommandBehavior cmdBehavior, RunBehavior runBehavior, Boolean returnStream, Boolean async, Int32 timeout, Task& task, Boolean asyncWrite, Boolean inRetry, SqlDataReader ds, Boolean describeParameterEncryptionRequest)
   at System.Data.SqlClient.SqlCommand.RunExecuteReader(CommandBehavior cmdBehavior, RunBehavior runBehavior, Boolean returnStream, String method, TaskCompletionSource`1 completion, Int32 timeout, Task& task, Boolean& usedCache, Boolean asyncWrite, Boolean inRetry)
   at System.Data.SqlClient.SqlCommand.InternalExecuteNonQuery(TaskCompletionSource`1 completion, String methodName, Boolean sendToPipe, Int32 timeout, Boolean& usedCache, Boolean asyncWrite, Boolean inRetry)
   at System.Data.SqlClient.SqlCommand.ExecuteNonQuery()
   at System.Data.Entity.Infrastructure.Interception.DbCommandDispatcher.<NonQuery>b__0(DbCommand t, DbCommandInterceptionContext`1 c)
   at System.Data.Entity.Infrastructure.Interception.InternalDispatcher`1.Dispatch[TTarget,TInterceptionContext,TResult](TTarget target, Func`3 operation, TInterceptionContext interceptionContext, Action`3 executing, Action`3 executed)
   at System.Data.Entity.Infrastructure.Interception.DbCommandDispatcher.NonQuery(DbCommand command, DbCommandInterceptionContext interceptionContext)
   at System.Data.Entity.Internal.InterceptableDbCommand.ExecuteNonQuery()
   at System.Data.Entity.Core.Mapping.Update.Internal.DynamicUpdateCommand.Execute(Dictionary`2 identifierValues, List`1 generatedValues)
   at System.Data.Entity.Core.Mapping.Update.Internal.UpdateTranslator.Update()
   --- End of inner exception stack trace ---
   at System.Data.Entity.Core.Mapping.Update.Internal.UpdateTranslator.Update()
   at System.Data.Entity.Core.EntityClient.Internal.EntityAdapter.<Update>b__2(UpdateTranslator ut)
   at System.Data.Entity.Core.EntityClient.Internal.EntityAdapter.Update[T](T noChangesResult, Func`2 updateFunction)
   at System.Data.Entity.Core.EntityClient.Internal.EntityAdapter.Update()
   at System.Data.Entity.Core.Objects.ObjectContext.<SaveChangesToStore>b__35()
   at System.Data.Entity.Core.Objects.ObjectContext.ExecuteInTransaction[T](Func`1 func, IDbExecutionStrategy executionStrategy, Boolean startLocalTransaction, Boolean releaseConnectionOnSuccess)
   at System.Data.Entity.Core.Objects.ObjectContext.SaveChangesToStore(SaveOptions options, IDbExecutionStrategy executionStrategy, Boolean startLocalTransaction)
   at System.Data.Entity.Core.Objects.ObjectContext.<>c__DisplayClass2a.<SaveChangesInternal>b__27()
   at System.Data.Entity.SqlServer.DefaultSqlExecutionStrategy.Execute[TResult](Func`1 operation)
   at System.Data.Entity.Core.Objects.ObjectContext.SaveChangesInternal(SaveOptions options, Boolean executeInExistingTransaction)
   at System.Data.Entity.Core.Objects.ObjectContext.SaveChanges(SaveOptions options)
   at System.Data.Entity.Internal.InternalContext.SaveChanges()
   --- End of inner exception stack trace ---
   at System.Data.Entity.Internal.InternalContext.SaveChanges()
   at System.Data.Entity.Internal.LazyInternalContext.SaveChanges()
   at System.Data.Entity.DbContext.SaveChanges()
   at MODEL.AccountBuilder.AddCoverage(String coverage) in C:\VSProjects\SysflexIntegration\MODEL\AccountBuilder.cs:line 704
   at MODEL.AccountBuilder.GetCoverageMapping(String coverage) in C:\VSProjects\SysflexIntegration\MODEL\AccountBuilder.cs:line 670
   at MODEL.AccountBuilder.BuildSalesAccount(Int32 typeAccount, String line_of_business, String policy_type, String vehicle_type, String zone, String country, String channel, String supervisor, String coverage, String GpProductID) in C:\VSProjects\SysflexIntegration\MODEL\AccountBuilder.cs:line 149
   at InvoiceSync.BL.InvoiceBL.CreateDetail(SYSFLEX_POLICY policyInfo, TRANSACTION_INVOICE policyTransaction, List`1 transactionbyCoverage, SOPHeader header) in C:\VSProjects\SysflexIntegration\InvoiceSync\BL\InvoiceBL.cs:line 201
   at InvoiceSync.InvoiceSyncTask.Process() in C:\VSProjects\SysflexIntegration\InvoiceSync\InvoiceSyncTask.cs:line 76
2017-07-13 12:14:35,034 [10] DEBUG  - Contruyendo encabezado
2017-07-13 12:14:39,567 [10] DEBUG  - Creacion de numero de batch SF12:14 1372017
2017-07-13 12:14:40,075 [10] DEBUG  - Se obtiene el cliente de GP 13-201-478
2017-07-13 12:14:44,058 [10] FATAL  - Ocurrió un error: 
System.Data.Entity.Infrastructure.DbUpdateException: An error occurred while updating the entries. See the inner exception for details. ---> System.Data.Entity.Core.UpdateException: An error occurred while updating the entries. See the inner exception for details. ---> System.Data.SqlClient.SqlException: Violation of PRIMARY KEY constraint 'PK_ST_GL_MAPPING_COVERAGE'. Cannot insert duplicate key in object 'dbo.ST_GL_MAPPING_COVERAGE'. The duplicate key value is (Huracan, Ciclon, Tornado y Manga de Viento                                                          ).
The statement has been terminated.
   at System.Data.SqlClient.SqlConnection.OnError(SqlException exception, Boolean breakConnection, Action`1 wrapCloseInAction)
   at System.Data.SqlClient.SqlInternalConnection.OnError(SqlException exception, Boolean breakConnection, Action`1 wrapCloseInAction)
   at System.Data.SqlClient.TdsParser.ThrowExceptionAndWarning(TdsParserStateObject stateObj, Boolean callerHasConnectionLock, Boolean asyncClose)
   at System.Data.SqlClient.TdsParser.TryRun(RunBehavior runBehavior, SqlCommand cmdHandler, SqlDataReader dataStream, BulkCopySimpleResultSet bulkCopyHandler, TdsParserStateObject stateObj, Boolean& dataReady)
   at System.Data.SqlClient.SqlCommand.FinishExecuteReader(SqlDataReader ds, RunBehavior runBehavior, String resetOptionsString, Boolean isInternal, Boolean forDescribeParameterEncryption)
   at System.Data.SqlClient.SqlCommand.RunExecuteReaderTds(CommandBehavior cmdBehavior, RunBehavior runBehavior, Boolean returnStream, Boolean async, Int32 timeout, Task& task, Boolean asyncWrite, Boolean inRetry, SqlDataReader ds, Boolean describeParameterEncryptionRequest)
   at System.Data.SqlClient.SqlCommand.RunExecuteReader(CommandBehavior cmdBehavior, RunBehavior runBehavior, Boolean returnStream, String method, TaskCompletionSource`1 completion, Int32 timeout, Task& task, Boolean& usedCache, Boolean asyncWrite, Boolean inRetry)
   at System.Data.SqlClient.SqlCommand.InternalExecuteNonQuery(TaskCompletionSource`1 completion, String methodName, Boolean sendToPipe, Int32 timeout, Boolean& usedCache, Boolean asyncWrite, Boolean inRetry)
   at System.Data.SqlClient.SqlCommand.ExecuteNonQuery()
   at System.Data.Entity.Infrastructure.Interception.DbCommandDispatcher.<NonQuery>b__0(DbCommand t, DbCommandInterceptionContext`1 c)
   at System.Data.Entity.Infrastructure.Interception.InternalDispatcher`1.Dispatch[TTarget,TInterceptionContext,TResult](TTarget target, Func`3 operation, TInterceptionContext interceptionContext, Action`3 executing, Action`3 executed)
   at System.Data.Entity.Infrastructure.Interception.DbCommandDispatcher.NonQuery(DbCommand command, DbCommandInterceptionContext interceptionContext)
   at System.Data.Entity.Internal.InterceptableDbCommand.ExecuteNonQuery()
   at System.Data.Entity.Core.Mapping.Update.Internal.DynamicUpdateCommand.Execute(Dictionary`2 identifierValues, List`1 generatedValues)
   at System.Data.Entity.Core.Mapping.Update.Internal.UpdateTranslator.Update()
   --- End of inner exception stack trace ---
   at System.Data.Entity.Core.Mapping.Update.Internal.UpdateTranslator.Update()
   at System.Data.Entity.Core.EntityClient.Internal.EntityAdapter.<Update>b__2(UpdateTranslator ut)
   at System.Data.Entity.Core.EntityClient.Internal.EntityAdapter.Update[T](T noChangesResult, Func`2 updateFunction)
   at System.Data.Entity.Core.EntityClient.Internal.EntityAdapter.Update()
   at System.Data.Entity.Core.Objects.ObjectContext.<SaveChangesToStore>b__35()
   at System.Data.Entity.Core.Objects.ObjectContext.ExecuteInTransaction[T](Func`1 func, IDbExecutionStrategy executionStrategy, Boolean startLocalTransaction, Boolean releaseConnectionOnSuccess)
   at System.Data.Entity.Core.Objects.ObjectContext.SaveChangesToStore(SaveOptions options, IDbExecutionStrategy executionStrategy, Boolean startLocalTransaction)
   at System.Data.Entity.Core.Objects.ObjectContext.<>c__DisplayClass2a.<SaveChangesInternal>b__27()
   at System.Data.Entity.SqlServer.DefaultSqlExecutionStrategy.Execute[TResult](Func`1 operation)
   at System.Data.Entity.Core.Objects.ObjectContext.SaveChangesInternal(SaveOptions options, Boolean executeInExistingTransaction)
   at System.Data.Entity.Core.Objects.ObjectContext.SaveChanges(SaveOptions options)
   at System.Data.Entity.Internal.InternalContext.SaveChanges()
   --- End of inner exception stack trace ---
   at System.Data.Entity.Internal.InternalContext.SaveChanges()
   at System.Data.Entity.Internal.LazyInternalContext.SaveChanges()
   at System.Data.Entity.DbContext.SaveChanges()
   at MODEL.AccountBuilder.AddCoverage(String coverage) in C:\VSProjects\SysflexIntegration\MODEL\AccountBuilder.cs:line 694
2017-07-13 12:14:44,067 [10] FATAL  - Ocurrió un error: 
System.Data.Entity.Infrastructure.DbUpdateException: An error occurred while updating the entries. See the inner exception for details. ---> System.Data.Entity.Core.UpdateException: An error occurred while updating the entries. See the inner exception for details. ---> System.Data.SqlClient.SqlException: Violation of PRIMARY KEY constraint 'PK_ST_GL_MAPPING_COVERAGE'. Cannot insert duplicate key in object 'dbo.ST_GL_MAPPING_COVERAGE'. The duplicate key value is (Huracan, Ciclon, Tornado y Manga de Viento                                                          ).
The statement has been terminated.
   at System.Data.SqlClient.SqlConnection.OnError(SqlException exception, Boolean breakConnection, Action`1 wrapCloseInAction)
   at System.Data.SqlClient.SqlInternalConnection.OnError(SqlException exception, Boolean breakConnection, Action`1 wrapCloseInAction)
   at System.Data.SqlClient.TdsParser.ThrowExceptionAndWarning(TdsParserStateObject stateObj, Boolean callerHasConnectionLock, Boolean asyncClose)
   at System.Data.SqlClient.TdsParser.TryRun(RunBehavior runBehavior, SqlCommand cmdHandler, SqlDataReader dataStream, BulkCopySimpleResultSet bulkCopyHandler, TdsParserStateObject stateObj, Boolean& dataReady)
   at System.Data.SqlClient.SqlCommand.FinishExecuteReader(SqlDataReader ds, RunBehavior runBehavior, String resetOptionsString, Boolean isInternal, Boolean forDescribeParameterEncryption)
   at System.Data.SqlClient.SqlCommand.RunExecuteReaderTds(CommandBehavior cmdBehavior, RunBehavior runBehavior, Boolean returnStream, Boolean async, Int32 timeout, Task& task, Boolean asyncWrite, Boolean inRetry, SqlDataReader ds, Boolean describeParameterEncryptionRequest)
   at System.Data.SqlClient.SqlCommand.RunExecuteReader(CommandBehavior cmdBehavior, RunBehavior runBehavior, Boolean returnStream, String method, TaskCompletionSource`1 completion, Int32 timeout, Task& task, Boolean& usedCache, Boolean asyncWrite, Boolean inRetry)
   at System.Data.SqlClient.SqlCommand.InternalExecuteNonQuery(TaskCompletionSource`1 completion, String methodName, Boolean sendToPipe, Int32 timeout, Boolean& usedCache, Boolean asyncWrite, Boolean inRetry)
   at System.Data.SqlClient.SqlCommand.ExecuteNonQuery()
   at System.Data.Entity.Infrastructure.Interception.DbCommandDispatcher.<NonQuery>b__0(DbCommand t, DbCommandInterceptionContext`1 c)
   at System.Data.Entity.Infrastructure.Interception.InternalDispatcher`1.Dispatch[TTarget,TInterceptionContext,TResult](TTarget target, Func`3 operation, TInterceptionContext interceptionContext, Action`3 executing, Action`3 executed)
   at System.Data.Entity.Infrastructure.Interception.DbCommandDispatcher.NonQuery(DbCommand command, DbCommandInterceptionContext interceptionContext)
   at System.Data.Entity.Internal.InterceptableDbCommand.ExecuteNonQuery()
   at System.Data.Entity.Core.Mapping.Update.Internal.DynamicUpdateCommand.Execute(Dictionary`2 identifierValues, List`1 generatedValues)
   at System.Data.Entity.Core.Mapping.Update.Internal.UpdateTranslator.Update()
   --- End of inner exception stack trace ---
   at System.Data.Entity.Core.Mapping.Update.Internal.UpdateTranslator.Update()
   at System.Data.Entity.Core.EntityClient.Internal.EntityAdapter.<Update>b__2(UpdateTranslator ut)
   at System.Data.Entity.Core.EntityClient.Internal.EntityAdapter.Update[T](T noChangesResult, Func`2 updateFunction)
   at System.Data.Entity.Core.EntityClient.Internal.EntityAdapter.Update()
   at System.Data.Entity.Core.Objects.ObjectContext.<SaveChangesToStore>b__35()
   at System.Data.Entity.Core.Objects.ObjectContext.ExecuteInTransaction[T](Func`1 func, IDbExecutionStrategy executionStrategy, Boolean startLocalTransaction, Boolean releaseConnectionOnSuccess)
   at System.Data.Entity.Core.Objects.ObjectContext.SaveChangesToStore(SaveOptions options, IDbExecutionStrategy executionStrategy, Boolean startLocalTransaction)
   at System.Data.Entity.Core.Objects.ObjectContext.<>c__DisplayClass2a.<SaveChangesInternal>b__27()
   at System.Data.Entity.SqlServer.DefaultSqlExecutionStrategy.Execute[TResult](Func`1 operation)
   at System.Data.Entity.Core.Objects.ObjectContext.SaveChangesInternal(SaveOptions options, Boolean executeInExistingTransaction)
   at System.Data.Entity.Core.Objects.ObjectContext.SaveChanges(SaveOptions options)
   at System.Data.Entity.Internal.InternalContext.SaveChanges()
   --- End of inner exception stack trace ---
   at System.Data.Entity.Internal.InternalContext.SaveChanges()
   at System.Data.Entity.Internal.LazyInternalContext.SaveChanges()
   at System.Data.Entity.DbContext.SaveChanges()
   at MODEL.AccountBuilder.AddCoverage(String coverage) in C:\VSProjects\SysflexIntegration\MODEL\AccountBuilder.cs:line 704
   at MODEL.AccountBuilder.GetCoverageMapping(String coverage) in C:\VSProjects\SysflexIntegration\MODEL\AccountBuilder.cs:line 657
2017-07-13 12:14:44,074 [10] ERROR  - Ocurrió un error: 
System.Data.Entity.Infrastructure.DbUpdateException: An error occurred while updating the entries. See the inner exception for details. ---> System.Data.Entity.Core.UpdateException: An error occurred while updating the entries. See the inner exception for details. ---> System.Data.SqlClient.SqlException: Violation of PRIMARY KEY constraint 'PK_ST_GL_MAPPING_COVERAGE'. Cannot insert duplicate key in object 'dbo.ST_GL_MAPPING_COVERAGE'. The duplicate key value is (Huracan, Ciclon, Tornado y Manga de Viento                                                          ).
The statement has been terminated.
   at System.Data.SqlClient.SqlConnection.OnError(SqlException exception, Boolean breakConnection, Action`1 wrapCloseInAction)
   at System.Data.SqlClient.SqlInternalConnection.OnError(SqlException exception, Boolean breakConnection, Action`1 wrapCloseInAction)
   at System.Data.SqlClient.TdsParser.ThrowExceptionAndWarning(TdsParserStateObject stateObj, Boolean callerHasConnectionLock, Boolean asyncClose)
   at System.Data.SqlClient.TdsParser.TryRun(RunBehavior runBehavior, SqlCommand cmdHandler, SqlDataReader dataStream, BulkCopySimpleResultSet bulkCopyHandler, TdsParserStateObject stateObj, Boolean& dataReady)
   at System.Data.SqlClient.SqlCommand.FinishExecuteReader(SqlDataReader ds, RunBehavior runBehavior, String resetOptionsString, Boolean isInternal, Boolean forDescribeParameterEncryption)
   at System.Data.SqlClient.SqlCommand.RunExecuteReaderTds(CommandBehavior cmdBehavior, RunBehavior runBehavior, Boolean returnStream, Boolean async, Int32 timeout, Task& task, Boolean asyncWrite, Boolean inRetry, SqlDataReader ds, Boolean describeParameterEncryptionRequest)
   at System.Data.SqlClient.SqlCommand.RunExecuteReader(CommandBehavior cmdBehavior, RunBehavior runBehavior, Boolean returnStream, String method, TaskCompletionSource`1 completion, Int32 timeout, Task& task, Boolean& usedCache, Boolean asyncWrite, Boolean inRetry)
   at System.Data.SqlClient.SqlCommand.InternalExecuteNonQuery(TaskCompletionSource`1 completion, String methodName, Boolean sendToPipe, Int32 timeout, Boolean& usedCache, Boolean asyncWrite, Boolean inRetry)
   at System.Data.SqlClient.SqlCommand.ExecuteNonQuery()
   at System.Data.Entity.Infrastructure.Interception.DbCommandDispatcher.<NonQuery>b__0(DbCommand t, DbCommandInterceptionContext`1 c)
   at System.Data.Entity.Infrastructure.Interception.InternalDispatcher`1.Dispatch[TTarget,TInterceptionContext,TResult](TTarget target, Func`3 operation, TInterceptionContext interceptionContext, Action`3 executing, Action`3 executed)
   at System.Data.Entity.Infrastructure.Interception.DbCommandDispatcher.NonQuery(DbCommand command, DbCommandInterceptionContext interceptionContext)
   at System.Data.Entity.Internal.InterceptableDbCommand.ExecuteNonQuery()
   at System.Data.Entity.Core.Mapping.Update.Internal.DynamicUpdateCommand.Execute(Dictionary`2 identifierValues, List`1 generatedValues)
   at System.Data.Entity.Core.Mapping.Update.Internal.UpdateTranslator.Update()
   --- End of inner exception stack trace ---
   at System.Data.Entity.Core.Mapping.Update.Internal.UpdateTranslator.Update()
   at System.Data.Entity.Core.EntityClient.Internal.EntityAdapter.<Update>b__2(UpdateTranslator ut)
   at System.Data.Entity.Core.EntityClient.Internal.EntityAdapter.Update[T](T noChangesResult, Func`2 updateFunction)
   at System.Data.Entity.Core.EntityClient.Internal.EntityAdapter.Update()
   at System.Data.Entity.Core.Objects.ObjectContext.<SaveChangesToStore>b__35()
   at System.Data.Entity.Core.Objects.ObjectContext.ExecuteInTransaction[T](Func`1 func, IDbExecutionStrategy executionStrategy, Boolean startLocalTransaction, Boolean releaseConnectionOnSuccess)
   at System.Data.Entity.Core.Objects.ObjectContext.SaveChangesToStore(SaveOptions options, IDbExecutionStrategy executionStrategy, Boolean startLocalTransaction)
   at System.Data.Entity.Core.Objects.ObjectContext.<>c__DisplayClass2a.<SaveChangesInternal>b__27()
   at System.Data.Entity.SqlServer.DefaultSqlExecutionStrategy.Execute[TResult](Func`1 operation)
   at System.Data.Entity.Core.Objects.ObjectContext.SaveChangesInternal(SaveOptions options, Boolean executeInExistingTransaction)
   at System.Data.Entity.Core.Objects.ObjectContext.SaveChanges(SaveOptions options)
   at System.Data.Entity.Internal.InternalContext.SaveChanges()
   --- End of inner exception stack trace ---
   at System.Data.Entity.Internal.InternalContext.SaveChanges()
   at System.Data.Entity.Internal.LazyInternalContext.SaveChanges()
   at System.Data.Entity.DbContext.SaveChanges()
   at MODEL.AccountBuilder.AddCoverage(String coverage) in C:\VSProjects\SysflexIntegration\MODEL\AccountBuilder.cs:line 704
   at MODEL.AccountBuilder.GetCoverageMapping(String coverage) in C:\VSProjects\SysflexIntegration\MODEL\AccountBuilder.cs:line 670
   at MODEL.AccountBuilder.BuildSalesAccount(Int32 typeAccount, String line_of_business, String policy_type, String vehicle_type, String zone, String country, String channel, String supervisor, String coverage, String GpProductID) in C:\VSProjects\SysflexIntegration\MODEL\AccountBuilder.cs:line 126
2017-07-13 12:14:44,082 [10] ERROR  - Ocurrió un error: 
System.Data.Entity.Infrastructure.DbUpdateException: An error occurred while updating the entries. See the inner exception for details. ---> System.Data.Entity.Core.UpdateException: An error occurred while updating the entries. See the inner exception for details. ---> System.Data.SqlClient.SqlException: Violation of PRIMARY KEY constraint 'PK_ST_GL_MAPPING_COVERAGE'. Cannot insert duplicate key in object 'dbo.ST_GL_MAPPING_COVERAGE'. The duplicate key value is (Huracan, Ciclon, Tornado y Manga de Viento                                                          ).
The statement has been terminated.
   at System.Data.SqlClient.SqlConnection.OnError(SqlException exception, Boolean breakConnection, Action`1 wrapCloseInAction)
   at System.Data.SqlClient.SqlInternalConnection.OnError(SqlException exception, Boolean breakConnection, Action`1 wrapCloseInAction)
   at System.Data.SqlClient.TdsParser.ThrowExceptionAndWarning(TdsParserStateObject stateObj, Boolean callerHasConnectionLock, Boolean asyncClose)
   at System.Data.SqlClient.TdsParser.TryRun(RunBehavior runBehavior, SqlCommand cmdHandler, SqlDataReader dataStream, BulkCopySimpleResultSet bulkCopyHandler, TdsParserStateObject stateObj, Boolean& dataReady)
   at System.Data.SqlClient.SqlCommand.FinishExecuteReader(SqlDataReader ds, RunBehavior runBehavior, String resetOptionsString, Boolean isInternal, Boolean forDescribeParameterEncryption)
   at System.Data.SqlClient.SqlCommand.RunExecuteReaderTds(CommandBehavior cmdBehavior, RunBehavior runBehavior, Boolean returnStream, Boolean async, Int32 timeout, Task& task, Boolean asyncWrite, Boolean inRetry, SqlDataReader ds, Boolean describeParameterEncryptionRequest)
   at System.Data.SqlClient.SqlCommand.RunExecuteReader(CommandBehavior cmdBehavior, RunBehavior runBehavior, Boolean returnStream, String method, TaskCompletionSource`1 completion, Int32 timeout, Task& task, Boolean& usedCache, Boolean asyncWrite, Boolean inRetry)
   at System.Data.SqlClient.SqlCommand.InternalExecuteNonQuery(TaskCompletionSource`1 completion, String methodName, Boolean sendToPipe, Int32 timeout, Boolean& usedCache, Boolean asyncWrite, Boolean inRetry)
   at System.Data.SqlClient.SqlCommand.ExecuteNonQuery()
   at System.Data.Entity.Infrastructure.Interception.DbCommandDispatcher.<NonQuery>b__0(DbCommand t, DbCommandInterceptionContext`1 c)
   at System.Data.Entity.Infrastructure.Interception.InternalDispatcher`1.Dispatch[TTarget,TInterceptionContext,TResult](TTarget target, Func`3 operation, TInterceptionContext interceptionContext, Action`3 executing, Action`3 executed)
   at System.Data.Entity.Infrastructure.Interception.DbCommandDispatcher.NonQuery(DbCommand command, DbCommandInterceptionContext interceptionContext)
   at System.Data.Entity.Internal.InterceptableDbCommand.ExecuteNonQuery()
   at System.Data.Entity.Core.Mapping.Update.Internal.DynamicUpdateCommand.Execute(Dictionary`2 identifierValues, List`1 generatedValues)
   at System.Data.Entity.Core.Mapping.Update.Internal.UpdateTranslator.Update()
   --- End of inner exception stack trace ---
   at System.Data.Entity.Core.Mapping.Update.Internal.UpdateTranslator.Update()
   at System.Data.Entity.Core.EntityClient.Internal.EntityAdapter.<Update>b__2(UpdateTranslator ut)
   at System.Data.Entity.Core.EntityClient.Internal.EntityAdapter.Update[T](T noChangesResult, Func`2 updateFunction)
   at System.Data.Entity.Core.EntityClient.Internal.EntityAdapter.Update()
   at System.Data.Entity.Core.Objects.ObjectContext.<SaveChangesToStore>b__35()
   at System.Data.Entity.Core.Objects.ObjectContext.ExecuteInTransaction[T](Func`1 func, IDbExecutionStrategy executionStrategy, Boolean startLocalTransaction, Boolean releaseConnectionOnSuccess)
   at System.Data.Entity.Core.Objects.ObjectContext.SaveChangesToStore(SaveOptions options, IDbExecutionStrategy executionStrategy, Boolean startLocalTransaction)
   at System.Data.Entity.Core.Objects.ObjectContext.<>c__DisplayClass2a.<SaveChangesInternal>b__27()
   at System.Data.Entity.SqlServer.DefaultSqlExecutionStrategy.Execute[TResult](Func`1 operation)
   at System.Data.Entity.Core.Objects.ObjectContext.SaveChangesInternal(SaveOptions options, Boolean executeInExistingTransaction)
   at System.Data.Entity.Core.Objects.ObjectContext.SaveChanges(SaveOptions options)
   at System.Data.Entity.Internal.InternalContext.SaveChanges()
   --- End of inner exception stack trace ---
   at System.Data.Entity.Internal.InternalContext.SaveChanges()
   at System.Data.Entity.Internal.LazyInternalContext.SaveChanges()
   at System.Data.Entity.DbContext.SaveChanges()
   at MODEL.AccountBuilder.AddCoverage(String coverage) in C:\VSProjects\SysflexIntegration\MODEL\AccountBuilder.cs:line 704
   at MODEL.AccountBuilder.GetCoverageMapping(String coverage) in C:\VSProjects\SysflexIntegration\MODEL\AccountBuilder.cs:line 670
   at MODEL.AccountBuilder.BuildSalesAccount(Int32 typeAccount, String line_of_business, String policy_type, String vehicle_type, String zone, String country, String channel, String supervisor, String coverage, String GpProductID) in C:\VSProjects\SysflexIntegration\MODEL\AccountBuilder.cs:line 149
   at InvoiceSync.BL.InvoiceBL.CreateDetail(SYSFLEX_POLICY policyInfo, TRANSACTION_INVOICE policyTransaction, List`1 transactionbyCoverage, SOPHeader header) in C:\VSProjects\SysflexIntegration\InvoiceSync\BL\InvoiceBL.cs:line 178
2017-07-13 12:14:44,089 [10] ERROR  - Ocurrió un error al generar el invoice para la poliza 13-201-478
System.Data.Entity.Infrastructure.DbUpdateException: An error occurred while updating the entries. See the inner exception for details. ---> System.Data.Entity.Core.UpdateException: An error occurred while updating the entries. See the inner exception for details. ---> System.Data.SqlClient.SqlException: Violation of PRIMARY KEY constraint 'PK_ST_GL_MAPPING_COVERAGE'. Cannot insert duplicate key in object 'dbo.ST_GL_MAPPING_COVERAGE'. The duplicate key value is (Huracan, Ciclon, Tornado y Manga de Viento                                                          ).
The statement has been terminated.
   at System.Data.SqlClient.SqlConnection.OnError(SqlException exception, Boolean breakConnection, Action`1 wrapCloseInAction)
   at System.Data.SqlClient.SqlInternalConnection.OnError(SqlException exception, Boolean breakConnection, Action`1 wrapCloseInAction)
   at System.Data.SqlClient.TdsParser.ThrowExceptionAndWarning(TdsParserStateObject stateObj, Boolean callerHasConnectionLock, Boolean asyncClose)
   at System.Data.SqlClient.TdsParser.TryRun(RunBehavior runBehavior, SqlCommand cmdHandler, SqlDataReader dataStream, BulkCopySimpleResultSet bulkCopyHandler, TdsParserStateObject stateObj, Boolean& dataReady)
   at System.Data.SqlClient.SqlCommand.FinishExecuteReader(SqlDataReader ds, RunBehavior runBehavior, String resetOptionsString, Boolean isInternal, Boolean forDescribeParameterEncryption)
   at System.Data.SqlClient.SqlCommand.RunExecuteReaderTds(CommandBehavior cmdBehavior, RunBehavior runBehavior, Boolean returnStream, Boolean async, Int32 timeout, Task& task, Boolean asyncWrite, Boolean inRetry, SqlDataReader ds, Boolean describeParameterEncryptionRequest)
   at System.Data.SqlClient.SqlCommand.RunExecuteReader(CommandBehavior cmdBehavior, RunBehavior runBehavior, Boolean returnStream, String method, TaskCompletionSource`1 completion, Int32 timeout, Task& task, Boolean& usedCache, Boolean asyncWrite, Boolean inRetry)
   at System.Data.SqlClient.SqlCommand.InternalExecuteNonQuery(TaskCompletionSource`1 completion, String methodName, Boolean sendToPipe, Int32 timeout, Boolean& usedCache, Boolean asyncWrite, Boolean inRetry)
   at System.Data.SqlClient.SqlCommand.ExecuteNonQuery()
   at System.Data.Entity.Infrastructure.Interception.DbCommandDispatcher.<NonQuery>b__0(DbCommand t, DbCommandInterceptionContext`1 c)
   at System.Data.Entity.Infrastructure.Interception.InternalDispatcher`1.Dispatch[TTarget,TInterceptionContext,TResult](TTarget target, Func`3 operation, TInterceptionContext interceptionContext, Action`3 executing, Action`3 executed)
   at System.Data.Entity.Infrastructure.Interception.DbCommandDispatcher.NonQuery(DbCommand command, DbCommandInterceptionContext interceptionContext)
   at System.Data.Entity.Internal.InterceptableDbCommand.ExecuteNonQuery()
   at System.Data.Entity.Core.Mapping.Update.Internal.DynamicUpdateCommand.Execute(Dictionary`2 identifierValues, List`1 generatedValues)
   at System.Data.Entity.Core.Mapping.Update.Internal.UpdateTranslator.Update()
   --- End of inner exception stack trace ---
   at System.Data.Entity.Core.Mapping.Update.Internal.UpdateTranslator.Update()
   at System.Data.Entity.Core.EntityClient.Internal.EntityAdapter.<Update>b__2(UpdateTranslator ut)
   at System.Data.Entity.Core.EntityClient.Internal.EntityAdapter.Update[T](T noChangesResult, Func`2 updateFunction)
   at System.Data.Entity.Core.EntityClient.Internal.EntityAdapter.Update()
   at System.Data.Entity.Core.Objects.ObjectContext.<SaveChangesToStore>b__35()
   at System.Data.Entity.Core.Objects.ObjectContext.ExecuteInTransaction[T](Func`1 func, IDbExecutionStrategy executionStrategy, Boolean startLocalTransaction, Boolean releaseConnectionOnSuccess)
   at System.Data.Entity.Core.Objects.ObjectContext.SaveChangesToStore(SaveOptions options, IDbExecutionStrategy executionStrategy, Boolean startLocalTransaction)
   at System.Data.Entity.Core.Objects.ObjectContext.<>c__DisplayClass2a.<SaveChangesInternal>b__27()
   at System.Data.Entity.SqlServer.DefaultSqlExecutionStrategy.Execute[TResult](Func`1 operation)
   at System.Data.Entity.Core.Objects.ObjectContext.SaveChangesInternal(SaveOptions options, Boolean executeInExistingTransaction)
   at System.Data.Entity.Core.Objects.ObjectContext.SaveChanges(SaveOptions options)
   at System.Data.Entity.Internal.InternalContext.SaveChanges()
   --- End of inner exception stack trace ---
   at System.Data.Entity.Internal.InternalContext.SaveChanges()
   at System.Data.Entity.Internal.LazyInternalContext.SaveChanges()
   at System.Data.Entity.DbContext.SaveChanges()
   at MODEL.AccountBuilder.AddCoverage(String coverage) in C:\VSProjects\SysflexIntegration\MODEL\AccountBuilder.cs:line 704
   at MODEL.AccountBuilder.GetCoverageMapping(String coverage) in C:\VSProjects\SysflexIntegration\MODEL\AccountBuilder.cs:line 670
   at MODEL.AccountBuilder.BuildSalesAccount(Int32 typeAccount, String line_of_business, String policy_type, String vehicle_type, String zone, String country, String channel, String supervisor, String coverage, String GpProductID) in C:\VSProjects\SysflexIntegration\MODEL\AccountBuilder.cs:line 149
   at InvoiceSync.BL.InvoiceBL.CreateDetail(SYSFLEX_POLICY policyInfo, TRANSACTION_INVOICE policyTransaction, List`1 transactionbyCoverage, SOPHeader header) in C:\VSProjects\SysflexIntegration\InvoiceSync\BL\InvoiceBL.cs:line 201
   at InvoiceSync.InvoiceSyncTask.Process() in C:\VSProjects\SysflexIntegration\InvoiceSync\InvoiceSyncTask.cs:line 76
2017-07-13 12:14:44,397 [10] DEBUG  - Contruyendo encabezado
2017-07-13 12:14:44,397 [10] DEBUG  - Creacion de numero de batch SF12:14 1372017
2017-07-13 12:14:44,882 [10] DEBUG  - Se obtiene el cliente de GP 16-05-464532
2017-07-13 12:14:47,709 [10] WARN  - No se ha encontrado el ITEMNMBR adecuado
2017-07-13 12:14:52,731 [10] DEBUG  - Cuenta por cobrar: 1302-06-201-0201-00-05-177-10111-00
2017-07-13 12:14:52,731 [10] DEBUG  - Cuenta de producto: 4301-06-201-0201-00-05-177-10111-13
2017-07-13 12:14:52,731 [10] DEBUG  - Cuenta de producto: 4301-06-201-0201-00-05-177-10111-01
2017-07-13 12:15:01,787 [10] DEBUG  - Cuenta de comisiones GASTO 5302-06-201-0201-00-05-177-10111-00
2017-07-13 12:15:01,787 [10] DEBUG  - Cuenta de comisiones PAGO 2902-00-201-0201-00-05-177-10111-00
2017-07-13 12:15:03,002 [10] DEBUG  - Porcentaje Reserva Riesgos en curso: 40
2017-07-13 12:15:04,321 [10] DEBUG  - Cuenta para RRC GASTO: 5311-06-201-0201-00-05-177-10111-00
2017-07-13 12:15:07,214 [10] DEBUG  - Cuenta para RRC PASIVO: 2201-00-201-0201-00-05-177-10111-00
2017-07-13 12:15:07,749 [10] DEBUG  - Reaseguradores - cuenta corriente: 2402-00-201-0201-00-05-177-10111-00
2017-07-13 12:15:22,284 [10] ERROR  - Ocurrió un error: Sql procedure error codes returned: 
Error Number = 908  Stored Procedure= taSopLineIvcInsert  Error Description = Invalid Sales Account
Node Identifier Parameters: taSopLineIvcInsert
SOPNUMBE = INV2268667
SOPTYPE = 3
Related Error Code Parameters for Node : taSopLineIvcInsert
SLSINDX = 4301-06-201-0201-00-05-177-10111-13


Error Number = 929  Stored Procedure= taSopLineIvcInsert  Error Description = Invalid Inventory Account
Node Identifier Parameters: taSopLineIvcInsert
SOPNUMBE = INV2268667
SOPTYPE = 3
Related Error Code Parameters for Node : taSopLineIvcInsert
INVINDX = 4301-06-201-0201-00-05-177-10111-13


Error Number = 930  Stored Procedure= taSopLineIvcInsert  Error Description = Invalid Cost of Goods Account
Node Identifier Parameters: taSopLineIvcInsert
SOPNUMBE = INV2268667
SOPTYPE = 3
Related Error Code Parameters for Node : taSopLineIvcInsert
CSLSINDX = 4301-06-201-0201-00-05-177-10111-13


<taSopLineIvcInsert>
  <SOPTYPE>3</SOPTYPE>
  <CUSTNMBR>16-05-464532   </CUSTNMBR>
  <DOCDATE>6/27/2017</DOCDATE>
  <USERDATE>7/13/2017</USERDATE>
  <ITEMNMBR>AUTO - LEY                     </ITEMNMBR>
  <AutoAssignBin>0</AutoAssignBin>
  <UNITPRCE>155.93</UNITPRCE>
  <XTNDPRCE>155.93</XTNDPRCE>
  <QUANTITY>1</QUANTITY>
  <ITEMDESC>Fianza Judicial Al Conductor</ITEMDESC>
  <DOCID>INV</DOCID>
  <INVINDX>4301-06-201-0201-00-05-177-10111-13</INVINDX>
  <CSLSINDX>4301-06-201-0201-00-05-177-10111-13</CSLSINDX>
  <SLSINDX>4301-06-201-0201-00-05-177-10111-13</SLSINDX>
  <QtyShrtOpt>1</QtyShrtOpt>
  <SOPNUMBE>INV2268667</SOPNUMBE>
</taSopLineIvcInsert>

2017-07-13 12:15:23,904 [10] DEBUG  - Contruyendo encabezado
2017-07-13 12:15:23,904 [10] DEBUG  - Creacion de numero de batch SF12:15 1372017
2017-07-13 12:15:24,349 [10] DEBUG  - Se obtiene el cliente de GP 4-05-464530
2017-07-13 12:15:36,666 [10] WARN  - No se ha encontrado el ITEMNMBR adecuado
2017-07-13 12:15:46,114 [10] DEBUG  - Cuenta por cobrar: 1302-06-201-0405-00-05-173-10002-00
2017-07-13 12:15:46,114 [10] DEBUG  - Cuenta de producto: 4301-06-201-0405-00-05-173-10002-11
2017-07-13 12:15:46,114 [10] DEBUG  - Cuenta de producto: 4301-06-201-0405-00-05-173-10002-17
2017-07-13 12:15:46,115 [10] DEBUG  - Cuenta de producto: 4301-06-201-0405-00-05-173-10002-24
2017-07-13 12:15:46,115 [10] DEBUG  - Cuenta de producto: 4301-06-201-0405-00-05-173-10002-10
2017-07-13 12:15:46,115 [10] DEBUG  - Cuenta de producto: 4301-06-201-0405-00-05-173-10002-28
2017-07-13 12:15:46,115 [10] DEBUG  - Cuenta de producto: 4301-06-201-0405-00-05-173-10002-16
2017-07-13 12:15:46,115 [10] DEBUG  - Cuenta de producto: 4301-06-201-0405-00-05-173-10002-13
2017-07-13 12:15:46,115 [10] DEBUG  - Cuenta de producto: 4301-06-201-0405-00-05-173-10002-01
2017-07-13 12:15:46,115 [10] DEBUG  - Cuenta de producto: 4301-06-201-0405-00-05-173-10002-34
2017-07-13 12:15:46,115 [10] DEBUG  - Cuenta de producto: 4301-06-201-0405-00-05-173-10002-31
2017-07-13 12:15:46,115 [10] DEBUG  - Cuenta de producto: 4301-06-201-0405-00-05-173-10002-07
2017-07-13 12:15:46,115 [10] DEBUG  - Cuenta de producto: 4301-06-201-0405-00-05-173-10002-05
2017-07-13 12:15:53,416 [10] DEBUG  - Cuenta de comisiones GASTO 5302-06-201-0405-00-05-173-10002-00
2017-07-13 12:15:53,416 [10] DEBUG  - Cuenta de comisiones PAGO 2902-00-201-0405-00-05-173-10002-00
2017-07-13 12:15:55,901 [10] DEBUG  - Porcentaje Reserva Riesgos en curso: 40
2017-07-13 12:15:56,445 [10] DEBUG  - Cuenta para RRC GASTO: 5311-06-201-0405-00-05-173-10002-00
2017-07-13 12:15:56,982 [10] DEBUG  - Cuenta para RRC PASIVO: 2201-00-201-0405-00-05-173-10002-00
2017-07-13 12:15:58,118 [10] DEBUG  - Reaseguro Contractual: 5306-06-201-0405-00-05-173-10002-11
2017-07-13 12:15:58,736 [10] DEBUG  - Reaseguro Contractual: 5306-06-201-0405-00-05-173-10002-17
2017-07-13 12:15:59,336 [10] DEBUG  - Reaseguro Contractual: 5306-06-201-0405-00-05-173-10002-24
2017-07-13 12:15:59,938 [10] DEBUG  - Reaseguro Contractual: 5306-06-201-0405-00-05-173-10002-10
2017-07-13 12:16:00,531 [10] DEBUG  - Reaseguro Contractual: 5306-06-201-0405-00-05-173-10002-28
2017-07-13 12:16:01,128 [10] DEBUG  - Reaseguro Contractual: 5306-06-201-0405-00-05-173-10002-16
2017-07-13 12:16:01,722 [10] DEBUG  - Reaseguro Contractual: 5306-06-201-0405-00-05-173-10002-13
2017-07-13 12:16:02,324 [10] DEBUG  - Reaseguro Contractual: 5306-06-201-0405-00-05-173-10002-01
2017-07-13 12:16:02,952 [10] DEBUG  - Reaseguro Contractual: 5306-06-201-0405-00-05-173-10002-34
2017-07-13 12:16:03,552 [10] DEBUG  - Reaseguro Contractual: 5306-06-201-0405-00-05-173-10002-31
2017-07-13 12:16:04,154 [10] DEBUG  - Reaseguro Contractual: 5306-06-201-0405-00-05-173-10002-07
2017-07-13 12:16:04,754 [10] DEBUG  - Reaseguro Contractual: 5306-06-201-0405-00-05-173-10002-05
2017-07-13 12:16:04,754 [10] DEBUG  - Reaseguradores - cuenta corriente: 2402-00-201-0405-00-05-173-10002-00
2017-07-13 12:16:08,816 [10] DEBUG  - RRC para reaseguro INGRESO: 4311-06-201-0405-00-05-173-10002-00
2017-07-13 12:16:09,349 [10] DEBUG  - RRC para reaseguro PASIVO: 2201-00-201-0405-00-05-173-10002-00
2017-07-13 15:02:57,301 [9] DEBUG  - Contruyendo encabezado
2017-07-13 15:02:57,309 [9] DEBUG  - Creacion de numero de batch SF15:02 1372017
2017-07-13 15:02:57,997 [9] DEBUG  - Se obtiene el cliente de GP 1-05-464533
2017-07-13 15:03:08,276 [9] WARN  - No se ha encontrado el ITEMNMBR adecuado
2017-07-13 15:06:25,039 [9] DEBUG  - Contruyendo encabezado
2017-07-13 15:06:25,039 [9] DEBUG  - Creacion de numero de batch SF15:06 1372017
2017-07-13 15:06:25,534 [9] DEBUG  - Se obtiene el cliente de GP 4-05-464530
2017-07-13 15:06:37,113 [9] WARN  - No se ha encontrado el ITEMNMBR adecuado
2017-07-13 15:07:58,517 [9] DEBUG  - Cuenta por cobrar: 1302-06-201-0405-00-05-173-10002-00
2017-07-13 15:07:58,518 [9] DEBUG  - Cuenta de producto: 4301-06-201-0405-00-05-173-10002-11
2017-07-13 15:07:58,518 [9] DEBUG  - Cuenta de producto: 4301-06-201-0405-00-05-173-10002-17
2017-07-13 15:07:58,518 [9] DEBUG  - Cuenta de producto: 4301-06-201-0405-00-05-173-10002-24
2017-07-13 15:07:58,518 [9] DEBUG  - Cuenta de producto: 4301-06-201-0405-00-05-173-10002-10
2017-07-13 15:07:58,518 [9] DEBUG  - Cuenta de producto: 4301-06-201-0405-00-05-173-10002-28
2017-07-13 15:07:58,518 [9] DEBUG  - Cuenta de producto: 4301-06-201-0405-00-05-173-10002-16
2017-07-13 15:07:58,518 [9] DEBUG  - Cuenta de producto: 4301-06-201-0405-00-05-173-10002-13
2017-07-13 15:07:58,518 [9] DEBUG  - Cuenta de producto: 4301-06-201-0405-00-05-173-10002-01
2017-07-13 15:07:58,518 [9] DEBUG  - Cuenta de producto: 4301-06-201-0405-00-05-173-10002-34
2017-07-13 15:07:58,518 [9] DEBUG  - Cuenta de producto: 4301-06-201-0405-00-05-173-10002-31
2017-07-13 15:07:58,518 [9] DEBUG  - Cuenta de producto: 4301-06-201-0405-00-05-173-10002-07
2017-07-13 15:07:58,518 [9] DEBUG  - Cuenta de producto: 4301-06-201-0405-00-05-173-10002-05
2017-07-13 15:07:58,518 [9] DEBUG  - Cuenta de impuestos: 2701-00-000-0000-00-00-171-00001-00
2017-07-13 15:07:59,587 [9] DEBUG  - Cuenta de comisiones GASTO 5302-06-201-0405-00-05-173-10002-00
2017-07-13 15:07:59,587 [9] DEBUG  - Cuenta de comisiones PAGO 2902-00-201-0405-00-05-173-10002-00
2017-07-13 15:07:59,587 [9] DEBUG  - Porcentaje Reserva Riesgos en curso: 40
2017-07-13 15:08:00,129 [9] DEBUG  - Cuenta para RRC GASTO: 5311-06-201-0405-00-05-173-10002-00
2017-07-13 15:08:00,666 [9] DEBUG  - Cuenta para RRC PASIVO: 2201-00-201-0405-00-05-173-10002-00
2017-07-13 15:08:01,819 [9] DEBUG  - Reaseguro Contractual: 5306-06-201-0405-00-05-173-10002-11
2017-07-13 15:08:02,439 [9] DEBUG  - Reaseguro Contractual: 5306-06-201-0405-00-05-173-10002-17
2017-07-13 15:08:03,044 [9] DEBUG  - Reaseguro Contractual: 5306-06-201-0405-00-05-173-10002-24
2017-07-13 15:08:03,650 [9] DEBUG  - Reaseguro Contractual: 5306-06-201-0405-00-05-173-10002-10
2017-07-13 15:08:04,242 [9] DEBUG  - Reaseguro Contractual: 5306-06-201-0405-00-05-173-10002-28
2017-07-13 15:08:04,839 [9] DEBUG  - Reaseguro Contractual: 5306-06-201-0405-00-05-173-10002-16
2017-07-13 15:08:05,433 [9] DEBUG  - Reaseguro Contractual: 5306-06-201-0405-00-05-173-10002-13
2017-07-13 15:08:06,024 [9] DEBUG  - Reaseguro Contractual: 5306-06-201-0405-00-05-173-10002-01
2017-07-13 15:08:06,626 [9] DEBUG  - Reaseguro Contractual: 5306-06-201-0405-00-05-173-10002-34
2017-07-13 15:08:07,223 [9] DEBUG  - Reaseguro Contractual: 5306-06-201-0405-00-05-173-10002-31
2017-07-13 15:08:07,874 [9] DEBUG  - Reaseguro Contractual: 5306-06-201-0405-00-05-173-10002-07
2017-07-13 15:08:08,503 [9] DEBUG  - Reaseguro Contractual: 5306-06-201-0405-00-05-173-10002-05
2017-07-13 15:08:08,503 [9] DEBUG  - Reaseguradores - cuenta corriente: 2402-00-201-0405-00-05-173-10002-00
2017-07-13 15:08:09,049 [9] DEBUG  - RRC para reaseguro INGRESO: 4311-06-201-0405-00-05-173-10002-00
2017-07-13 15:08:09,594 [9] DEBUG  - RRC para reaseguro PASIVO: 2201-00-201-0405-00-05-173-10002-00
2017-07-13 15:17:25,345 [9] ERROR  - Ocurrió un error: Sql procedure error codes returned: 
Error Number = 62  Stored Procedure= taSopHdrIvcInsert  Error Description = Tax table detail does not equal the tax amount
Node Identifier Parameters: taSopHdrIvcInsert
SOPNUMBE = INV2268671
SOPTYPE = 3
Related Error Code Parameters for Node : taSopHdrIvcInsert
TAXAMNT = 4868.13
FRTTXAMT = Note: This parameter was not passed in, no value for the parameter will be returned.
MSCTXAMT = Note: This parameter was not passed in, no value for the parameter will be returned.


Error Number = 868  Stored Procedure= taSopHdrIvcInsert  Error Description = SOP Line tax total does not equal the tax amount
Node Identifier Parameters: taSopHdrIvcInsert
SOPNUMBE = INV2268671
SOPTYPE = 3
Related Error Code Parameters for Node : taSopHdrIvcInsert
TAXAMNT = 4868.13


<taSopHdrIvcInsert>
  <SOPTYPE>3</SOPTYPE>
  <DOCID>INV</DOCID>
  <TAXSCHID>DR</TAXSCHID>
  <TAXAMNT>4868.13</TAXAMNT>
  <LOCNCODE>PRIMARY</LOCNCODE>
  <DOCDATE>6/27/2017</DOCDATE>
  <CUSTNMBR>4-05-464530    </CUSTNMBR>
  <CITY>SANTO DOMINGO DE GUZMAN            </CITY>
  <COUNTRY>REPUBLICA DOMINICANA                                         </COUNTRY>
  <Print_Phone_NumberGB>0</Print_Phone_NumberGB>
  <SUBTOTAL>30425.80</SUBTOTAL>
  <DOCAMNT>35293.93</DOCAMNT>
  <SLPRSNID>8400</SLPRSNID>
  <BACHNUMB>SF15:06 1372017</BACHNUMB>
  <DUEDATE>6/27/2017</DUEDATE>
  <COMMAMNT>3615.25</COMMAMNT>
  <CREATEDIST>0</CREATEDIST>
  <RATEEXPR>0</RATEEXPR>
  <DYSTINCR>0</DYSTINCR>
  <TRXDTDEF>0</TRXDTDEF>
  <RTCLCMTD>0</RTCLCMTD>
  <INTEGRATIONID>SYSFLEX</INTEGRATIONID>
  <SOPNUMBE>INV2268671</SOPNUMBE>
</taSopHdrIvcInsert>

