2018-04-16 15:35:48,701 [9] DEBUG  - Total de Transacciones: 2
2018-04-16 15:35:53,661 [9] DEBUG  - Contruyendo encabezado
2018-04-16 15:35:57,204 [9] DEBUG  - Creacion de numero de batch SFNC2322018
2018-04-16 15:36:00,194 [9] DEBUG  - Se obtiene el cliente de GP 4-05-457835
2018-04-16 15:36:41,965 [9] DEBUG  - Cuenta por cobrar: 1302-06-201-0301-00-05-176-10011-00
2018-04-16 15:36:41,965 [9] DEBUG  - Cuenta de impuestos: 2901-00-000-0000-00-00-171-00001-00
2018-04-16 15:36:45,133 [9] DEBUG  - Cuenta de Producto: 4301-06-201-0301-00-05-176-10011-65
2018-04-16 15:36:46,173 [9] DEBUG  - Cuenta de Producto: 4301-06-201-0301-00-05-176-10011-02
2018-04-16 15:36:47,208 [9] DEBUG  - Cuenta de Producto: 4301-06-201-0301-00-05-176-10011-13
2018-04-16 15:36:48,876 [9] DEBUG  - Cuenta de Producto: 4301-06-201-0301-00-05-176-10011-09
2018-04-16 15:36:49,915 [9] DEBUG  - Cuenta de Producto: 4301-06-201-0301-00-05-176-10011-12
2018-04-16 15:37:00,293 [9] DEBUG  - Cuenta de comisiones GASTO 5302-06-201-0301-00-05-176-10011-65
2018-04-16 15:37:01,702 [9] DEBUG  - Cuenta de comisiones GASTO 5302-06-201-0301-00-05-176-10011-02
2018-04-16 15:37:03,217 [9] DEBUG  - Cuenta de comisiones GASTO 5302-06-201-0301-00-05-176-10011-13
2018-04-16 15:37:04,623 [9] DEBUG  - Cuenta de comisiones GASTO 5302-06-201-0301-00-05-176-10011-09
2018-04-16 15:37:06,023 [9] DEBUG  - Cuenta de comisiones GASTO 5302-06-201-0301-00-05-176-10011-12
2018-04-16 15:37:07,141 [9] DEBUG  - Cuenta de comisiones PAGO 2902-00-201-0301-00-05-176-10011-00
2018-04-16 15:37:10,111 [9] DEBUG  - Porcentaje Reserva Riesgos en curso: 40
2018-04-16 15:37:11,402 [9] DEBUG  - Cuenta para RRC GASTO: 5311-06-201-0301-00-05-176-10011-65
2018-04-16 15:37:12,430 [9] DEBUG  - Cuenta para RRC GASTO: 5311-06-201-0301-00-05-176-10011-02
2018-04-16 15:37:13,495 [9] DEBUG  - Cuenta para RRC GASTO: 5311-06-201-0301-00-05-176-10011-13
2018-04-16 15:37:14,537 [9] DEBUG  - Cuenta para RRC GASTO: 5311-06-201-0301-00-05-176-10011-09
2018-04-16 15:37:15,561 [9] DEBUG  - Cuenta para RRC GASTO: 5311-06-201-0301-00-05-176-10011-12
2018-04-16 15:37:16,494 [9] DEBUG  - Cuenta para RRC PASIVO: 2206-00-201-0301-00-05-176-10011-00
2018-04-16 15:38:11,449 [9] DEBUG  - Contruyendo encabezado
2018-04-16 15:38:11,842 [9] DEBUG  - Creacion de numero de batch SFNC2822018
2018-04-16 15:38:13,372 [9] DEBUG  - Se obtiene el cliente de GP 4-05-459024
2018-04-16 15:40:02,244 [10] DEBUG  - Total de Transacciones: 2
2018-04-16 15:40:32,511 [10] DEBUG  - Contruyendo encabezado
2018-04-16 15:40:33,115 [10] DEBUG  - Creacion de numero de batch SFNC2822018
2018-04-16 15:40:35,115 [10] DEBUG  - Se obtiene el cliente de GP 4-05-459024
2018-04-16 15:41:07,554 [10] DEBUG  - Cuenta por cobrar: 1302-06-201-0205-00-05-178-10002-00
2018-04-16 15:41:07,554 [10] DEBUG  - Cuenta de impuestos: 2901-00-000-0000-00-00-171-00001-00
2018-04-16 15:41:10,497 [10] DEBUG  - Cuenta de Producto: 4301-06-201-0205-00-05-178-10002-65
2018-04-16 15:41:11,644 [10] DEBUG  - Cuenta de Producto: 4301-06-201-0205-00-05-178-10002-24
2018-04-16 15:41:12,698 [10] DEBUG  - Cuenta de Producto: 4301-06-201-0205-00-05-178-10002-15
2018-04-16 15:41:13,727 [10] DEBUG  - Cuenta de Producto: 4301-06-201-0205-00-05-178-10002-04
2018-04-16 15:41:14,753 [10] DEBUG  - Cuenta de Producto: 4301-06-201-0205-00-05-178-10002-02
2018-04-16 15:41:15,779 [10] DEBUG  - Cuenta de Producto: 4301-06-201-0205-00-05-178-10002-13
2018-04-16 15:41:16,825 [10] DEBUG  - Cuenta de Producto: 4301-06-201-0205-00-05-178-10002-06
2018-04-16 15:41:17,982 [10] DEBUG  - Cuenta de Producto: 4301-06-201-0205-00-05-178-10002-09
2018-04-16 15:41:19,012 [10] DEBUG  - Cuenta de Producto: 4301-06-201-0205-00-05-178-10002-12
2018-04-16 15:41:20,038 [10] DEBUG  - Cuenta de Producto: 4301-06-201-0205-00-05-178-10002-07
2018-04-16 15:41:21,063 [10] DEBUG  - Cuenta de Producto: 4301-06-201-0205-00-05-178-10002-05
2018-04-16 15:41:22,085 [10] DEBUG  - Cuenta de Producto: 4301-06-201-0205-00-05-178-10002-48
2018-04-16 15:43:06,757 [10] DEBUG  - Cuenta de comisiones GASTO 5302-06-201-0205-00-05-178-10002-65
2018-04-16 15:43:08,159 [10] DEBUG  - Cuenta de comisiones GASTO 5302-06-201-0205-00-05-178-10002-24
2018-04-16 15:43:09,560 [10] DEBUG  - Cuenta de comisiones GASTO 5302-06-201-0205-00-05-178-10002-15
2018-04-16 15:43:10,967 [10] DEBUG  - Cuenta de comisiones GASTO 5302-06-201-0205-00-05-178-10002-04
2018-04-16 15:43:12,367 [10] DEBUG  - Cuenta de comisiones GASTO 5302-06-201-0205-00-05-178-10002-02
2018-04-16 15:43:13,773 [10] DEBUG  - Cuenta de comisiones GASTO 5302-06-201-0205-00-05-178-10002-13
2018-04-16 15:43:15,171 [10] DEBUG  - Cuenta de comisiones GASTO 5302-06-201-0205-00-05-178-10002-06
2018-04-16 15:43:16,575 [10] DEBUG  - Cuenta de comisiones GASTO 5302-06-201-0205-00-05-178-10002-09
2018-04-16 15:43:17,977 [10] DEBUG  - Cuenta de comisiones GASTO 5302-06-201-0205-00-05-178-10002-12
2018-04-16 15:43:19,376 [10] DEBUG  - Cuenta de comisiones GASTO 5302-06-201-0205-00-05-178-10002-07
2018-04-16 15:43:20,783 [10] DEBUG  - Cuenta de comisiones GASTO 5302-06-201-0205-00-05-178-10002-05
2018-04-16 15:43:22,246 [10] DEBUG  - Cuenta de comisiones GASTO 5302-06-201-0205-00-05-178-10002-48
2018-04-16 15:43:23,374 [10] DEBUG  - Cuenta de comisiones PAGO 2902-00-201-0205-00-05-178-10002-00
2018-04-16 15:43:25,926 [10] DEBUG  - Porcentaje Reserva Riesgos en curso: 40
2018-04-16 15:43:26,953 [10] DEBUG  - Cuenta para RRC GASTO: 5311-06-201-0205-00-05-178-10002-65
2018-04-16 15:43:27,988 [10] DEBUG  - Cuenta para RRC GASTO: 5311-06-201-0205-00-05-178-10002-24
2018-04-16 15:43:29,013 [10] DEBUG  - Cuenta para RRC GASTO: 5311-06-201-0205-00-05-178-10002-15
2018-04-16 15:43:30,040 [10] DEBUG  - Cuenta para RRC GASTO: 5311-06-201-0205-00-05-178-10002-04
2018-04-16 15:43:31,073 [10] DEBUG  - Cuenta para RRC GASTO: 5311-06-201-0205-00-05-178-10002-02
2018-04-16 15:43:32,099 [10] DEBUG  - Cuenta para RRC GASTO: 5311-06-201-0205-00-05-178-10002-13
2018-04-16 15:43:33,121 [10] DEBUG  - Cuenta para RRC GASTO: 5311-06-201-0205-00-05-178-10002-06
2018-04-16 15:43:34,149 [10] DEBUG  - Cuenta para RRC GASTO: 5311-06-201-0205-00-05-178-10002-09
2018-04-16 15:43:35,260 [10] DEBUG  - Cuenta para RRC GASTO: 5311-06-201-0205-00-05-178-10002-12
2018-04-16 15:43:36,357 [10] DEBUG  - Cuenta para RRC GASTO: 5311-06-201-0205-00-05-178-10002-07
2018-04-16 15:43:37,387 [10] DEBUG  - Cuenta para RRC GASTO: 5311-06-201-0205-00-05-178-10002-05
2018-04-16 15:43:38,641 [10] DEBUG  - Cuenta para RRC GASTO: 5311-06-201-0205-00-05-178-10002-48
2018-04-16 15:43:39,591 [10] DEBUG  - Cuenta para RRC PASIVO: 2206-00-201-0205-00-05-178-10002-00
2018-04-16 15:43:44,462 [10] DEBUG  - Reaseguro Contractual: 5306-06-201-0205-00-05-178-10002-04
2018-04-16 15:43:45,511 [10] DEBUG  - Reaseguradores Comision por Reaseguro: 4302-06-201-0205-00-05-178-10002-04
2018-04-16 15:43:46,557 [10] DEBUG  - Reaseguro Contractual: 5306-06-201-0205-00-05-178-10002-06
2018-04-16 15:43:48,116 [10] DEBUG  - Reaseguradores Comision por Reaseguro: 4302-06-201-0205-00-05-178-10002-06
2018-04-16 15:43:49,191 [10] DEBUG  - Reaseguro Contractual: 5306-06-201-0205-00-05-178-10002-07
2018-04-16 15:43:50,218 [10] DEBUG  - Reaseguradores Comision por Reaseguro: 4302-06-201-0205-00-05-178-10002-07
2018-04-16 15:43:51,316 [10] DEBUG  - Reaseguro Contractual: 5306-06-201-0205-00-05-178-10002-05
2018-04-16 15:43:52,344 [10] DEBUG  - Reaseguradores Comision por Reaseguro: 4302-06-201-0205-00-05-178-10002-05
2018-04-16 15:43:53,277 [10] DEBUG  - Reaseguradores - cuenta corriente: 2402-00-201-0205-00-05-178-10002-00
2018-04-16 15:43:54,213 [10] DEBUG  - Reaseguradores Comision por Reaseguro: 2402-00-201-0205-00-05-178-10002-00
2018-04-16 15:43:55,584 [10] DEBUG  - RRC para reaseguro INGRESO: 4311-06-201-0205-00-05-178-10002-04
2018-04-16 15:43:57,022 [10] DEBUG  - RRC para reaseguro INGRESO: 4311-06-201-0205-00-05-178-10002-06
2018-04-16 15:43:58,054 [10] DEBUG  - RRC para reaseguro INGRESO: 4311-06-201-0205-00-05-178-10002-07
2018-04-16 15:43:59,078 [10] DEBUG  - RRC para reaseguro INGRESO: 4311-06-201-0205-00-05-178-10002-05
2018-04-16 15:44:00,012 [10] DEBUG  - RRC para reaseguro PASIVO: 2206-00-201-0205-00-05-178-10002-00
