2018-05-16 15:23:17,245 [9] DEBUG  - Total de Transacciones: 8
2018-05-16 15:24:00,192 [9] DEBUG  - Contruyendo encabezado
2018-05-16 15:24:00,192 [9] DEBUG  - Creacion de numero de batch SFFA752018
2018-05-16 15:24:01,133 [9] DEBUG  - Se obtiene el cliente de GP 19-05-469233
2018-05-16 15:24:08,716 [9] WARN  - Poliza no tiene supervisor Asignado
2018-05-16 15:24:08,810 [9] WARN  - Poliza no tiene supervisor Asignado
2018-05-16 15:24:08,919 [9] ERROR  - Ocurrió un error: 
System.NullReferenceException: Object reference not set to an instance of an object.
   at MODEL.AccountBuilder.BuildSalesAccount(Int32 typeAccount, String line_of_business, String policy_type, String vehicle_type, String country, String channel, String supervisor, Nullable`1 supervisor_code, String coverage, String GpProductID) in C:\VSProjects\SysflexIntegration\MODEL\AccountBuilder.cs:line 175
2018-05-16 15:24:08,950 [9] ERROR  - Ocurrió un error: 
System.NullReferenceException: Object reference not set to an instance of an object.
   at MODEL.AccountBuilder.BuildSalesAccount(Int32 typeAccount, String line_of_business, String policy_type, String vehicle_type, String country, String channel, String supervisor, Nullable`1 supervisor_code, String coverage, String GpProductID) in C:\VSProjects\SysflexIntegration\MODEL\AccountBuilder.cs:line 200
   at InvoiceSync.BL.InvoiceBL.CreateDetail(SYSFLEX_POLICY policyInfo, TRANSACTION_INVOICE policyTransaction, List`1 transactionbyCoverage, SOPHeader header) in C:\VSProjects\SysflexIntegration\InvoiceSync\BL\InvoiceBL.cs:line 316
2018-05-16 15:24:56,783 [9] DEBUG  - Total de Transacciones: 8
2018-05-16 15:25:13,964 [9] DEBUG  - Contruyendo encabezado
2018-05-16 15:25:13,964 [9] DEBUG  - Creacion de numero de batch SFFA752018
2018-05-16 15:25:14,745 [9] DEBUG  - Se obtiene el cliente de GP 19-05-469233
2018-05-16 15:27:17,582 [9] WARN  - Poliza no tiene supervisor Asignado
2018-05-16 15:27:17,676 [9] WARN  - Poliza no tiene supervisor Asignado
2018-05-16 15:27:17,785 [9] ERROR  - Ocurrió un error: 
System.NullReferenceException: Object reference not set to an instance of an object.
   at MODEL.AccountBuilder.BuildSalesAccount(Int32 typeAccount, String line_of_business, String policy_type, String vehicle_type, String country, String channel, String supervisor, Nullable`1 supervisor_code, String coverage, String GpProductID) in C:\VSProjects\SysflexIntegration\MODEL\AccountBuilder.cs:line 175
2018-05-16 15:28:18,016 [9] WARN  - Poliza no tiene supervisor Asignado
2018-05-16 15:28:32,487 [9] WARN  - Poliza no tiene supervisor Asignado
2018-05-16 15:37:21,223 [10] DEBUG  - Total de Transacciones: 9
2018-05-16 15:37:32,143 [10] DEBUG  - Contruyendo encabezado
2018-05-16 15:37:32,143 [10] DEBUG  - Creacion de numero de batch SFFA752018
2018-05-16 15:37:32,946 [10] DEBUG  - Se obtiene el cliente de GP 19-05-469233
2018-05-16 15:39:24,574 [10] DEBUG  - Cuenta por cobrar: 1302-06-201-0201-00-05-172-10002-00
2018-05-16 15:39:24,574 [10] DEBUG  - Cuenta de producto: 4301-06-201-0201-00-05-172-10002-65
2018-05-16 15:39:24,574 [10] DEBUG  - Cuenta de producto: 4301-06-201-0201-00-05-172-10002-02
2018-05-16 15:39:24,574 [10] DEBUG  - Cuenta de producto: 4301-06-201-0201-00-05-172-10002-13
2018-05-16 15:39:24,574 [10] DEBUG  - Cuenta de producto: 4301-06-201-0201-00-05-172-10002-09
2018-05-16 15:39:24,574 [10] DEBUG  - Cuenta de producto: 4301-06-201-0201-00-05-172-10002-12
2018-05-16 15:39:24,574 [10] DEBUG  - Cuenta de impuestos: 2901-00-000-0000-00-00-171-00001-00
2018-05-16 15:39:24,574 [10] DEBUG  - Porcentaje Reserva Riesgos en curso: 40
2018-05-16 15:39:25,605 [10] DEBUG  - Cuenta para RRC GASTO: 5311-06-201-0201-00-05-172-10002-65
2018-05-16 15:39:26,636 [10] DEBUG  - Cuenta para RRC GASTO: 5311-06-201-0201-00-05-172-10002-02
2018-05-16 15:39:27,652 [10] DEBUG  - Cuenta para RRC GASTO: 5311-06-201-0201-00-05-172-10002-13
2018-05-16 15:39:28,683 [10] DEBUG  - Cuenta para RRC GASTO: 5311-06-201-0201-00-05-172-10002-09
2018-05-16 15:39:29,714 [10] DEBUG  - Cuenta para RRC GASTO: 5311-06-201-0201-00-05-172-10002-12
2018-05-16 15:39:30,651 [10] DEBUG  - Cuenta para RRC PASIVO: 2206-00-201-0201-00-05-172-10002-00
2018-05-16 15:39:44,366 [10] DEBUG  - Invoice Creado:<eConnect xmlns:xsd="http://www.w3.org/2001/XMLSchema" xmlns:xsi="http://www.w3.org/2001/XMLSchema-instance">
  <SOPTransactionType>
    <taSopLineIvcInsert_Items>
      <taSopLineIvcInsert>
        <SOPTYPE>3</SOPTYPE>
        <SOPNUMBE>INV2456456          </SOPNUMBE>
        <CUSTNMBR>19-05-469233   </CUSTNMBR>
        <DOCDATE>2018-05-07</DOCDATE>
        <USERDATE>2018-05-16</USERDATE>
        <ITEMNMBR>AUTO - LEY                     </ITEMNMBR>
        <AutoAssignBin>0</AutoAssignBin>
        <UNITPRCE>81.86</UNITPRCE>
        <XTNDPRCE>81.86</XTNDPRCE>
        <QUANTITY>1</QUANTITY>
        <ITEMDESC>Accidentes Personales Para El Conductor</ITEMDESC>
        <DOCID>INV</DOCID>
        <Print_Phone_NumberGB>0</Print_Phone_NumberGB>
        <INVINDX>4301-06-201-0201-00-05-172-10002-65</INVINDX>
        <CSLSINDX>4301-06-201-0201-00-05-172-10002-65</CSLSINDX>
        <SLSINDX>4301-06-201-0201-00-05-172-10002-65</SLSINDX>
        <QtyShrtOpt>1</QtyShrtOpt>
      </taSopLineIvcInsert>
      <taSopLineIvcInsert>
        <SOPTYPE>3</SOPTYPE>
        <SOPNUMBE>INV2456456          </SOPNUMBE>
        <CUSTNMBR>19-05-469233   </CUSTNMBR>
        <DOCDATE>2018-05-07</DOCDATE>
        <USERDATE>2018-05-16</USERDATE>
        <ITEMNMBR>AUTO - LEY                     </ITEMNMBR>
        <AutoAssignBin>0</AutoAssignBin>
        <UNITPRCE>573.05</UNITPRCE>
        <XTNDPRCE>573.05</XTNDPRCE>
        <QUANTITY>1</QUANTITY>
        <ITEMDESC>Daños a La Propiedad Ajena</ITEMDESC>
        <DOCID>INV</DOCID>
        <Print_Phone_NumberGB>0</Print_Phone_NumberGB>
        <INVINDX>4301-06-201-0201-00-05-172-10002-02</INVINDX>
        <CSLSINDX>4301-06-201-0201-00-05-172-10002-02</CSLSINDX>
        <SLSINDX>4301-06-201-0201-00-05-172-10002-02</SLSINDX>
        <QtyShrtOpt>1</QtyShrtOpt>
      </taSopLineIvcInsert>
      <taSopLineIvcInsert>
        <SOPTYPE>3</SOPTYPE>
        <SOPNUMBE>INV2456456          </SOPNUMBE>
        <CUSTNMBR>19-05-469233   </CUSTNMBR>
        <DOCDATE>2018-05-07</DOCDATE>
        <USERDATE>2018-05-16</USERDATE>
        <ITEMNMBR>AUTO - LEY                     </ITEMNMBR>
        <AutoAssignBin>0</AutoAssignBin>
        <UNITPRCE>163.73</UNITPRCE>
        <XTNDPRCE>163.73</XTNDPRCE>
        <QUANTITY>1</QUANTITY>
        <ITEMDESC>Fianza Judicial Al Conductor</ITEMDESC>
        <DOCID>INV</DOCID>
        <Print_Phone_NumberGB>0</Print_Phone_NumberGB>
        <INVINDX>4301-06-201-0201-00-05-172-10002-13</INVINDX>
        <CSLSINDX>4301-06-201-0201-00-05-172-10002-13</CSLSINDX>
        <SLSINDX>4301-06-201-0201-00-05-172-10002-13</SLSINDX>
        <QtyShrtOpt>1</QtyShrtOpt>
      </taSopLineIvcInsert>
      <taSopLineIvcInsert>
        <SOPTYPE>3</SOPTYPE>
        <SOPNUMBE>INV2456456          </SOPNUMBE>
        <CUSTNMBR>19-05-469233   </CUSTNMBR>
        <DOCDATE>2018-05-07</DOCDATE>
        <USERDATE>2018-05-16</USERDATE>
        <ITEMNMBR>AUTO - LEY                     </ITEMNMBR>
        <AutoAssignBin>0</AutoAssignBin>
        <UNITPRCE>654.91</UNITPRCE>
        <XTNDPRCE>654.91</XTNDPRCE>
        <QUANTITY>1</QUANTITY>
        <ITEMDESC>Lesiones o Muerte a Más De Una Persona</ITEMDESC>
        <DOCID>INV</DOCID>
        <Print_Phone_NumberGB>0</Print_Phone_NumberGB>
        <INVINDX>4301-06-201-0201-00-05-172-10002-09</INVINDX>
        <CSLSINDX>4301-06-201-0201-00-05-172-10002-09</CSLSINDX>
        <SLSINDX>4301-06-201-0201-00-05-172-10002-09</SLSINDX>
        <QtyShrtOpt>1</QtyShrtOpt>
      </taSopLineIvcInsert>
      <taSopLineIvcInsert>
        <SOPTYPE>3</SOPTYPE>
        <SOPNUMBE>INV2456456          </SOPNUMBE>
        <CUSTNMBR>19-05-469233   </CUSTNMBR>
        <DOCDATE>2018-05-07</DOCDATE>
        <USERDATE>2018-05-16</USERDATE>
        <ITEMNMBR>AUTO - LEY                     </ITEMNMBR>
        <AutoAssignBin>0</AutoAssignBin>
        <UNITPRCE>163.73</UNITPRCE>
        <XTNDPRCE>163.73</XTNDPRCE>
        <QUANTITY>1</QUANTITY>
        <ITEMDESC>Responsabilidad Civil a Más De Un Pasajero (Incluye Pasajero)</ITEMDESC>
        <DOCID>INV</DOCID>
        <Print_Phone_NumberGB>0</Print_Phone_NumberGB>
        <INVINDX>4301-06-201-0201-00-05-172-10002-12</INVINDX>
        <CSLSINDX>4301-06-201-0201-00-05-172-10002-12</CSLSINDX>
        <SLSINDX>4301-06-201-0201-00-05-172-10002-12</SLSINDX>
        <QtyShrtOpt>1</QtyShrtOpt>
      </taSopLineIvcInsert>
    </taSopLineIvcInsert_Items>
    <taSopLineIvcTaxInsert_Items>
      <taSopLineIvcTaxInsert>
        <SOPTYPE>3</SOPTYPE>
        <SOPNUMBE>INV2456456          </SOPNUMBE>
        <CUSTNMBR>19-05-469233   </CUSTNMBR>
        <TAXDTLID>DR</TAXDTLID>
        <ACTNUMST>2901-00-000-0000-00-00-171-00001-00</ACTNUMST>
        <STAXAMNT>261.96</STAXAMNT>
      </taSopLineIvcTaxInsert>
    </taSopLineIvcTaxInsert_Items>
    <taSopDistribution_Items>
      <taSopDistribution>
        <SOPTYPE>3</SOPTYPE>
        <SOPNUMBE>INV2456456          </SOPNUMBE>
        <DISTTYPE>2</DISTTYPE>
        <DistRef>Primas por Cobrar</DistRef>
        <ACTNUMST>1302-06-201-0201-00-05-172-10002-00</ACTNUMST>
        <DEBITAMT>1899.24</DEBITAMT>
        <CUSTNMBR>19-05-469233   </CUSTNMBR>
      </taSopDistribution>
      <taSopDistribution>
        <SOPTYPE>3</SOPTYPE>
        <SOPNUMBE>INV2456456          </SOPNUMBE>
        <DISTTYPE>1</DISTTYPE>
        <DistRef>Accidentes Personales Para El Conductor</DistRef>
        <ACTNUMST>4301-06-201-0201-00-05-172-10002-65</ACTNUMST>
        <CRDTAMNT>81.86</CRDTAMNT>
        <CUSTNMBR>19-05-469233   </CUSTNMBR>
      </taSopDistribution>
      <taSopDistribution>
        <SOPTYPE>3</SOPTYPE>
        <SOPNUMBE>INV2456456          </SOPNUMBE>
        <DISTTYPE>1</DISTTYPE>
        <DistRef>Daños a La Propiedad Ajena</DistRef>
        <ACTNUMST>4301-06-201-0201-00-05-172-10002-02</ACTNUMST>
        <CRDTAMNT>573.05</CRDTAMNT>
        <CUSTNMBR>19-05-469233   </CUSTNMBR>
      </taSopDistribution>
      <taSopDistribution>
        <SOPTYPE>3</SOPTYPE>
        <SOPNUMBE>INV2456456          </SOPNUMBE>
        <DISTTYPE>1</DISTTYPE>
        <DistRef>Fianza Judicial Al Conductor</DistRef>
        <ACTNUMST>4301-06-201-0201-00-05-172-10002-13</ACTNUMST>
        <CRDTAMNT>163.73</CRDTAMNT>
        <CUSTNMBR>19-05-469233   </CUSTNMBR>
      </taSopDistribution>
      <taSopDistribution>
        <SOPTYPE>3</SOPTYPE>
        <SOPNUMBE>INV2456456          </SOPNUMBE>
        <DISTTYPE>1</DISTTYPE>
        <DistRef>Lesiones o Muerte a Más De Una Persona</DistRef>
        <ACTNUMST>4301-06-201-0201-00-05-172-10002-09</ACTNUMST>
        <CRDTAMNT>654.91</CRDTAMNT>
        <CUSTNMBR>19-05-469233   </CUSTNMBR>
      </taSopDistribution>
      <taSopDistribution>
        <SOPTYPE>3</SOPTYPE>
        <SOPNUMBE>INV2456456          </SOPNUMBE>
        <DISTTYPE>1</DISTTYPE>
        <DistRef>Responsabilidad Civil a Más De Un Pasajero (Incluye Pasajero)</DistRef>
        <ACTNUMST>4301-06-201-0201-00-05-172-10002-12</ACTNUMST>
        <CRDTAMNT>163.73</CRDTAMNT>
        <CUSTNMBR>19-05-469233   </CUSTNMBR>
      </taSopDistribution>
      <taSopDistribution>
        <SOPTYPE>3</SOPTYPE>
        <SOPNUMBE>INV2456456          </SOPNUMBE>
        <DISTTYPE>9</DISTTYPE>
        <DistRef>ISC sobre prima pendiente de cobro</DistRef>
        <ACTNUMST>2901-00-000-0000-00-00-171-00001-00</ACTNUMST>
        <CRDTAMNT>261.96</CRDTAMNT>
        <CUSTNMBR>19-05-469233   </CUSTNMBR>
      </taSopDistribution>
      <taSopDistribution>
        <SOPTYPE>3</SOPTYPE>
        <SOPNUMBE>INV2456456          </SOPNUMBE>
        <DISTTYPE>13</DISTTYPE>
        <DistRef>Reservas para RRC presente ejercicio</DistRef>
        <ACTNUMST>5311-06-201-0201-00-05-172-10002-65</ACTNUMST>
        <DEBITAMT>32.74</DEBITAMT>
        <CUSTNMBR>19-05-469233   </CUSTNMBR>
      </taSopDistribution>
      <taSopDistribution>
        <SOPTYPE>3</SOPTYPE>
        <SOPNUMBE>INV2456456          </SOPNUMBE>
        <DISTTYPE>13</DISTTYPE>
        <DistRef>Reservas para RRC presente ejercicio</DistRef>
        <ACTNUMST>5311-06-201-0201-00-05-172-10002-02</ACTNUMST>
        <DEBITAMT>229.22</DEBITAMT>
        <CUSTNMBR>19-05-469233   </CUSTNMBR>
      </taSopDistribution>
      <taSopDistribution>
        <SOPTYPE>3</SOPTYPE>
        <SOPNUMBE>INV2456456          </SOPNUMBE>
        <DISTTYPE>13</DISTTYPE>
        <DistRef>Reservas para RRC presente ejercicio</DistRef>
        <ACTNUMST>5311-06-201-0201-00-05-172-10002-13</ACTNUMST>
        <DEBITAMT>65.49</DEBITAMT>
        <CUSTNMBR>19-05-469233   </CUSTNMBR>
      </taSopDistribution>
      <taSopDistribution>
        <SOPTYPE>3</SOPTYPE>
        <SOPNUMBE>INV2456456          </SOPNUMBE>
        <DISTTYPE>13</DISTTYPE>
        <DistRef>Reservas para RRC presente ejercicio</DistRef>
        <ACTNUMST>5311-06-201-0201-00-05-172-10002-09</ACTNUMST>
        <DEBITAMT>261.96</DEBITAMT>
        <CUSTNMBR>19-05-469233   </CUSTNMBR>
      </taSopDistribution>
      <taSopDistribution>
        <SOPTYPE>3</SOPTYPE>
        <SOPNUMBE>INV2456456          </SOPNUMBE>
        <DISTTYPE>13</DISTTYPE>
        <DistRef>Reservas para RRC presente ejercicio</DistRef>
        <ACTNUMST>5311-06-201-0201-00-05-172-10002-12</ACTNUMST>
        <DEBITAMT>65.49</DEBITAMT>
        <CUSTNMBR>19-05-469233   </CUSTNMBR>
      </taSopDistribution>
      <taSopDistribution>
        <SOPTYPE>3</SOPTYPE>
        <SOPNUMBE>INV2456456          </SOPNUMBE>
        <DISTTYPE>13</DISTTYPE>
        <DistRef>Reservas para RRC </DistRef>
        <ACTNUMST>2206-00-201-0201-00-05-172-10002-00</ACTNUMST>
        <CRDTAMNT>654.90</CRDTAMNT>
        <CUSTNMBR>19-05-469233   </CUSTNMBR>
      </taSopDistribution>
    </taSopDistribution_Items>
    <taSopHdrIvcInsert>
      <SOPTYPE>3</SOPTYPE>
      <DOCID>INV</DOCID>
      <SOPNUMBE>INV2456456          </SOPNUMBE>
      <TAXSCHID>DR</TAXSCHID>
      <TAXAMNT>261.96</TAXAMNT>
      <LOCNCODE>PRIMARY</LOCNCODE>
      <DOCDATE>2018-05-07</DOCDATE>
      <CUSTNMBR>19-05-469233   </CUSTNMBR>
      <CITY>SANTO DOMINGO DE GUZMAN            </CITY>
      <COUNTRY>REPUBLICA DOMINICANA                                         </COUNTRY>
      <Print_Phone_NumberGB>0</Print_Phone_NumberGB>
      <SUBTOTAL>1637.28</SUBTOTAL>
      <DOCAMNT>1899.24</DOCAMNT>
      <SLPRSNID>13401</SLPRSNID>
      <BACHNUMB>SFFA752018</BACHNUMB>
      <DUEDATE>2018-05-07</DUEDATE>
      <USINGHEADERLEVELTAXES>1</USINGHEADERLEVELTAXES>
      <CREATEDIST>0</CREATEDIST>
      <RATEEXPR>0</RATEEXPR>
      <DYSTINCR>0</DYSTINCR>
      <TRXDTDEF>0</TRXDTDEF>
      <RTCLCMTD>0</RTCLCMTD>
      <INTEGRATIONID>SYSFLEX</INTEGRATIONID>
    </taSopHdrIvcInsert>
  </SOPTransactionType>
</eConnect>
2018-05-16 15:39:51,758 [10] DEBUG  - Contruyendo encabezado
2018-05-16 15:39:51,758 [10] DEBUG  - Creacion de numero de batch SFFA1152018
2018-05-16 15:39:52,648 [10] DEBUG  - Se obtiene el cliente de GP 1-05-476908
2018-05-16 15:40:46,929 [10] WARN  - Póliza no tiene Vehicle Type
2018-05-16 15:40:47,023 [10] WARN  - No existe una configuración para la linea de negocio 201 y producto: 05
2018-05-16 15:40:47,038 [10] FATAL  - Ocurrió un error: 
System.NullReferenceException: Object reference not set to an instance of an object.
   at MODEL.AccountBuilder.GetSegment1(String segment3, String segment4, Int32 type) in C:\VSProjects\SysflexIntegration\MODEL\AccountBuilder.cs:line 1204
2018-05-16 15:40:47,038 [10] ERROR  - Ocurrió un error: 
System.NullReferenceException: Object reference not set to an instance of an object.
   at MODEL.AccountBuilder.GetSegment1(String segment3, String segment4, Int32 type) in C:\VSProjects\SysflexIntegration\MODEL\AccountBuilder.cs:line 1214
   at MODEL.AccountBuilder.BuildUnitAccount(Int32 typeAccount, String line_of_business, String policy_type, String vehicle_type, String GpProductID) in C:\VSProjects\SysflexIntegration\MODEL\AccountBuilder.cs:line 250
2018-05-16 15:40:47,054 [10] ERROR  - Ocurrió un error: 
System.NullReferenceException: Object reference not set to an instance of an object.
   at MODEL.AccountBuilder.GetSegment1(String segment3, String segment4, Int32 type) in C:\VSProjects\SysflexIntegration\MODEL\AccountBuilder.cs:line 1214
   at MODEL.AccountBuilder.BuildUnitAccount(Int32 typeAccount, String line_of_business, String policy_type, String vehicle_type, String GpProductID) in C:\VSProjects\SysflexIntegration\MODEL\AccountBuilder.cs:line 271
   at InvoiceSync.BL.InvoiceBL.CreateUnitDetail(SYSFLEX_POLICY policyInfo, TRANSACTION_INVOICE policyTransaction, List`1 transactionbyCoverage, SOPHeader header) in C:\VSProjects\SysflexIntegration\InvoiceSync\BL\InvoiceBL.cs:line 442
2018-05-16 15:41:18,312 [10] DEBUG  - Total de Transacciones: 8
2018-05-16 15:41:23,919 [10] DEBUG  - Contruyendo encabezado
2018-05-16 15:41:23,919 [10] DEBUG  - Creacion de numero de batch SFFA1152018
2018-05-16 15:41:25,059 [10] DEBUG  - Se obtiene el cliente de GP 1-05-476908
2018-05-16 15:41:53,125 [10] WARN  - Póliza no tiene Vehicle Type
2018-05-16 15:41:53,234 [10] WARN  - No existe una configuración para la linea de negocio 201 y producto: 05
2018-05-16 15:41:53,249 [10] FATAL  - Ocurrió un error: 
System.NullReferenceException: Object reference not set to an instance of an object.
   at MODEL.AccountBuilder.GetSegment1(String segment3, String segment4, Int32 type) in C:\VSProjects\SysflexIntegration\MODEL\AccountBuilder.cs:line 1204
2018-05-16 15:41:53,265 [10] ERROR  - Ocurrió un error: 
System.NullReferenceException: Object reference not set to an instance of an object.
   at MODEL.AccountBuilder.GetSegment1(String segment3, String segment4, Int32 type) in C:\VSProjects\SysflexIntegration\MODEL\AccountBuilder.cs:line 1214
   at MODEL.AccountBuilder.BuildUnitAccount(Int32 typeAccount, String line_of_business, String policy_type, String vehicle_type, String GpProductID) in C:\VSProjects\SysflexIntegration\MODEL\AccountBuilder.cs:line 250
2018-05-16 15:41:53,265 [10] ERROR  - Ocurrió un error: 
System.NullReferenceException: Object reference not set to an instance of an object.
   at MODEL.AccountBuilder.GetSegment1(String segment3, String segment4, Int32 type) in C:\VSProjects\SysflexIntegration\MODEL\AccountBuilder.cs:line 1214
   at MODEL.AccountBuilder.BuildUnitAccount(Int32 typeAccount, String line_of_business, String policy_type, String vehicle_type, String GpProductID) in C:\VSProjects\SysflexIntegration\MODEL\AccountBuilder.cs:line 271
   at InvoiceSync.BL.InvoiceBL.CreateUnitDetail(SYSFLEX_POLICY policyInfo, TRANSACTION_INVOICE policyTransaction, List`1 transactionbyCoverage, SOPHeader header) in C:\VSProjects\SysflexIntegration\InvoiceSync\BL\InvoiceBL.cs:line 442
2018-05-16 15:42:26,428 [9] DEBUG  - Total de Transacciones: 8
2018-05-16 15:42:31,980 [9] DEBUG  - Contruyendo encabezado
2018-05-16 15:42:31,981 [9] DEBUG  - Creacion de numero de batch SFFA1152018
2018-05-16 15:42:32,945 [9] DEBUG  - Se obtiene el cliente de GP 1-05-476908
2018-05-16 15:42:35,731 [9] WARN  - Póliza no tiene Vehicle Type
2018-05-16 15:42:35,841 [9] WARN  - No existe una configuración para la linea de negocio 201 y producto: 05
2018-05-16 15:42:35,856 [9] FATAL  - Ocurrió un error: 
System.NullReferenceException: Object reference not set to an instance of an object.
   at MODEL.AccountBuilder.GetSegment1(String segment3, String segment4, Int32 type) in C:\VSProjects\SysflexIntegration\MODEL\AccountBuilder.cs:line 1204
2018-05-16 15:42:35,872 [9] ERROR  - Ocurrió un error: 
System.NullReferenceException: Object reference not set to an instance of an object.
   at MODEL.AccountBuilder.GetSegment1(String segment3, String segment4, Int32 type) in C:\VSProjects\SysflexIntegration\MODEL\AccountBuilder.cs:line 1214
   at MODEL.AccountBuilder.BuildUnitAccount(Int32 typeAccount, String line_of_business, String policy_type, String vehicle_type, String GpProductID) in C:\VSProjects\SysflexIntegration\MODEL\AccountBuilder.cs:line 250
2018-05-16 15:42:35,872 [9] ERROR  - Ocurrió un error: 
System.NullReferenceException: Object reference not set to an instance of an object.
   at MODEL.AccountBuilder.GetSegment1(String segment3, String segment4, Int32 type) in C:\VSProjects\SysflexIntegration\MODEL\AccountBuilder.cs:line 1214
   at MODEL.AccountBuilder.BuildUnitAccount(Int32 typeAccount, String line_of_business, String policy_type, String vehicle_type, String GpProductID) in C:\VSProjects\SysflexIntegration\MODEL\AccountBuilder.cs:line 271
   at InvoiceSync.BL.InvoiceBL.CreateUnitDetail(SYSFLEX_POLICY policyInfo, TRANSACTION_INVOICE policyTransaction, List`1 transactionbyCoverage, SOPHeader header) in C:\VSProjects\SysflexIntegration\InvoiceSync\BL\InvoiceBL.cs:line 442
2018-05-16 15:42:36,940 [9] ERROR  - Ocurrió un error al generar el invoice para la poliza 1-05-476908
System.NullReferenceException: Object reference not set to an instance of an object.
   at MODEL.AccountBuilder.GetSegment1(String segment3, String segment4, Int32 type) in C:\VSProjects\SysflexIntegration\MODEL\AccountBuilder.cs:line 1214
   at MODEL.AccountBuilder.BuildUnitAccount(Int32 typeAccount, String line_of_business, String policy_type, String vehicle_type, String GpProductID) in C:\VSProjects\SysflexIntegration\MODEL\AccountBuilder.cs:line 271
   at InvoiceSync.BL.InvoiceBL.CreateUnitDetail(SYSFLEX_POLICY policyInfo, TRANSACTION_INVOICE policyTransaction, List`1 transactionbyCoverage, SOPHeader header) in C:\VSProjects\SysflexIntegration\InvoiceSync\BL\InvoiceBL.cs:line 457
   at InvoiceSync.InvoiceSyncTask.Process() in C:\VSProjects\SysflexIntegration\InvoiceSync\InvoiceSyncTask.cs:line 84
2018-05-16 15:42:40,775 [9] DEBUG  - Contruyendo encabezado
2018-05-16 15:42:40,775 [9] DEBUG  - Creacion de numero de batch SFFA1152018
2018-05-16 15:42:41,666 [9] DEBUG  - Se obtiene el cliente de GP 12-05-469199
2018-05-16 15:43:07,079 [9] WARN  - Póliza no tiene Vehicle Type
2018-05-16 15:43:07,173 [9] WARN  - No existe una configuración para la linea de negocio 201 y producto: 01
2018-05-16 15:43:07,173 [9] FATAL  - Ocurrió un error: 
System.NullReferenceException: Object reference not set to an instance of an object.
   at MODEL.AccountBuilder.GetSegment1(String segment3, String segment4, Int32 type) in C:\VSProjects\SysflexIntegration\MODEL\AccountBuilder.cs:line 1204
2018-05-16 15:43:07,189 [9] ERROR  - Ocurrió un error: 
System.NullReferenceException: Object reference not set to an instance of an object.
   at MODEL.AccountBuilder.GetSegment1(String segment3, String segment4, Int32 type) in C:\VSProjects\SysflexIntegration\MODEL\AccountBuilder.cs:line 1214
   at MODEL.AccountBuilder.BuildSalesAccount(Int32 typeAccount, String line_of_business, String policy_type, String vehicle_type, String country, String channel, String supervisor, Nullable`1 supervisor_code, String coverage, String GpProductID) in C:\VSProjects\SysflexIntegration\MODEL\AccountBuilder.cs:line 156
2018-05-16 15:43:34,771 [9] WARN  - Póliza no tiene Vehicle Type
2018-05-16 15:43:37,920 [9] WARN  - No existe una configuración para la linea de negocio 201 y producto: 01
2018-05-16 15:43:37,920 [9] FATAL  - Ocurrió un error: 
System.NullReferenceException: Object reference not set to an instance of an object.
   at MODEL.AccountBuilder.GetSegment1(String segment3, String segment4, Int32 type) in C:\VSProjects\SysflexIntegration\MODEL\AccountBuilder.cs:line 1204
2018-05-16 16:29:29,781 [10] DEBUG  - Total de Transacciones: 10
2018-05-16 16:30:00,106 [10] DEBUG  - Contruyendo encabezado
2018-05-16 16:30:00,106 [10] DEBUG  - Creacion de numero de batch SFNC452018
2018-05-16 16:30:01,448 [10] DEBUG  - Se obtiene el cliente de GP 1-802-461176
2018-05-16 16:30:12,875 [10] DEBUG  - Cuenta por cobrar: 1302-08-201-2456-00-05-176-10011-00
2018-05-16 16:30:12,875 [10] DEBUG  - Cuenta de impuestos: 2901-00-000-0000-00-00-171-00001-00
2018-05-16 16:30:33,083 [10] DEBUG  - Cuenta de Producto: 4301-08-201-2456-00-05-176-10011-14
2018-05-16 16:30:59,537 [10] DEBUG  - Cuenta de Producto: 4301-08-201-2456-00-05-176-10011-14
2018-05-16 16:31:00,376 [10] DEBUG  - Cuenta de Producto: 4301-08-201-2456-00-05-176-10011-14
2018-05-16 16:31:01,213 [10] DEBUG  - Cuenta de Producto: 4301-08-201-2456-00-05-176-10011-14
2018-05-16 16:31:02,049 [10] DEBUG  - Cuenta de Producto: 4301-08-201-2456-00-05-176-10011-14
2018-05-16 16:31:02,891 [10] DEBUG  - Cuenta de Producto: 4301-08-201-2456-00-05-176-10011-14
2018-05-16 16:31:04,040 [10] DEBUG  - Cuenta de comisiones GASTO 5302-08-201-2456-00-05-176-10011-14
2018-05-16 16:31:05,248 [10] DEBUG  - Cuenta de comisiones GASTO 5302-08-201-2456-00-05-176-10011-14
2018-05-16 16:31:06,456 [10] DEBUG  - Cuenta de comisiones GASTO 5302-08-201-2456-00-05-176-10011-14
2018-05-16 16:31:07,665 [10] DEBUG  - Cuenta de comisiones GASTO 5302-08-201-2456-00-05-176-10011-14
2018-05-16 16:31:08,875 [10] DEBUG  - Cuenta de comisiones GASTO 5302-08-201-2456-00-05-176-10011-14
2018-05-16 16:31:10,094 [10] DEBUG  - Cuenta de comisiones GASTO 5302-08-201-2456-00-05-176-10011-14
2018-05-16 16:31:11,028 [10] DEBUG  - Cuenta de comisiones PAGO 2902-00-201-2456-00-05-176-10011-00
2018-05-16 16:31:11,774 [10] DEBUG  - Cuenta de comisiones PAGO 2902-00-201-2456-00-05-176-10011-00
2018-05-16 16:31:12,520 [10] DEBUG  - Cuenta de comisiones PAGO 2902-00-201-2456-00-05-176-10011-00
2018-05-16 16:31:13,265 [10] DEBUG  - Cuenta de comisiones PAGO 2902-00-201-2456-00-05-176-10011-00
2018-05-16 16:31:14,011 [10] DEBUG  - Cuenta de comisiones PAGO 2902-00-201-2456-00-05-176-10011-00
2018-05-16 16:31:15,137 [10] DEBUG  - Cuenta de comisiones PAGO 2902-00-201-2456-00-05-176-10011-00
2018-05-16 16:31:15,137 [10] DEBUG  - Porcentaje Reserva Riesgos en curso: 40
2018-05-16 16:31:19,616 [10] DEBUG  - Cuenta para RRC GASTO: 5311-08-201-2456-00-05-176-10011-14
2018-05-16 16:31:22,784 [10] DEBUG  - Cuenta para RRC GASTO: 5311-08-201-2456-00-05-176-10011-14
2018-05-16 16:31:24,090 [10] DEBUG  - Cuenta para RRC GASTO: 5311-08-201-2456-00-05-176-10011-14
2018-05-16 16:31:25,000 [10] DEBUG  - Cuenta para RRC GASTO: 5311-08-201-2456-00-05-176-10011-14
2018-05-16 16:31:25,837 [10] DEBUG  - Cuenta para RRC GASTO: 5311-08-201-2456-00-05-176-10011-14
2018-05-16 16:31:27,060 [10] DEBUG  - Cuenta para RRC GASTO: 5311-08-201-2456-00-05-176-10011-14
2018-05-16 16:31:28,889 [10] DEBUG  - Cuenta para RRC PASIVO: 2206-00-201-2456-00-05-176-10011-00
2018-05-16 16:31:30,980 [10] DEBUG  - Cuenta para RRC PASIVO: 2206-00-201-2456-00-05-176-10011-00
2018-05-16 16:31:34,087 [10] DEBUG  - Cuenta para RRC PASIVO: 2206-00-201-2456-00-05-176-10011-00
2018-05-16 16:31:36,283 [10] DEBUG  - Cuenta para RRC PASIVO: 2206-00-201-2456-00-05-176-10011-00
2018-05-16 16:31:39,331 [10] DEBUG  - Cuenta para RRC PASIVO: 2206-00-201-2456-00-05-176-10011-00
2018-05-16 16:31:42,032 [10] DEBUG  - Cuenta para RRC PASIVO: 2206-00-201-2456-00-05-176-10011-00
2018-05-16 16:31:58,659 [10] DEBUG  - Invoice Creado:<eConnect xmlns:xsd="http://www.w3.org/2001/XMLSchema" xmlns:xsi="http://www.w3.org/2001/XMLSchema-instance">
  <RMTransactionType>
    <taRMTransactionTaxInsert_Items>
      <taRMTransactionTaxInsert>
        <CUSTNMBR>1-802-461176   </CUSTNMBR>
        <DOCNUMBR>2571664407          </DOCNUMBR>
        <RMDTYPAL>7</RMDTYPAL>
        <BACHNUMB>SFNC452018</BACHNUMB>
        <TAXDTLID>DR</TAXDTLID>
        <TAXAMNT>6359.20</TAXAMNT>
        <STAXAMNT>0</STAXAMNT>
        <TAXDTSLS>39744.98000000</TAXDTSLS>
        <ACTNUMST>2901-00-000-0000-00-00-171-00001-00</ACTNUMST>
      </taRMTransactionTaxInsert>
    </taRMTransactionTaxInsert_Items>
    <taRMDistribution_Items>
      <taRMDistribution>
        <RMDTYPAL>7</RMDTYPAL>
        <DOCNUMBR>2571664407          </DOCNUMBR>
        <CUSTNMBR>1-802-461176   </CUSTNMBR>
        <DISTTYPE>3</DISTTYPE>
        <DistRef>Primas por Cobrar</DistRef>
        <ACTNUMST>1302-08-201-2456-00-05-176-10011-00</ACTNUMST>
        <CRDTAMNT>46104.18000000</CRDTAMNT>
      </taRMDistribution>
      <taRMDistribution>
        <RMDTYPAL>7</RMDTYPAL>
        <DOCNUMBR>2571664407          </DOCNUMBR>
        <CUSTNMBR>1-802-461176   </CUSTNMBR>
        <DISTTYPE>13</DISTTYPE>
        <DistRef>ISC sobre prima pendiente de cobro</DistRef>
        <ACTNUMST>2901-00-000-0000-00-00-171-00001-00</ACTNUMST>
        <DEBITAMT>6359.20</DEBITAMT>
      </taRMDistribution>
      <taRMDistribution>
        <RMDTYPAL>7</RMDTYPAL>
        <DOCNUMBR>2571664407          </DOCNUMBR>
        <CUSTNMBR>1-802-461176   </CUSTNMBR>
        <DISTTYPE>19</DISTTYPE>
        <DistRef>R.C. En Exceso De Póliza Básica</DistRef>
        <ACTNUMST>4301-08-201-2456-00-05-176-10011-14</ACTNUMST>
        <DEBITAMT>21114.53</DEBITAMT>
      </taRMDistribution>
      <taRMDistribution>
        <RMDTYPAL>7</RMDTYPAL>
        <DOCNUMBR>2571664407          </DOCNUMBR>
        <CUSTNMBR>1-802-461176   </CUSTNMBR>
        <DISTTYPE>19</DISTTYPE>
        <DistRef>R.C. En Exceso De Póliza Básica</DistRef>
        <ACTNUMST>4301-08-201-2456-00-05-176-10011-14</ACTNUMST>
        <DEBITAMT>1242.03</DEBITAMT>
      </taRMDistribution>
      <taRMDistribution>
        <RMDTYPAL>7</RMDTYPAL>
        <DOCNUMBR>2571664407          </DOCNUMBR>
        <CUSTNMBR>1-802-461176   </CUSTNMBR>
        <DISTTYPE>19</DISTTYPE>
        <DistRef>R.C. En Exceso De Póliza Básica</DistRef>
        <ACTNUMST>4301-08-201-2456-00-05-176-10011-14</ACTNUMST>
        <DEBITAMT>11178.27</DEBITAMT>
      </taRMDistribution>
      <taRMDistribution>
        <RMDTYPAL>7</RMDTYPAL>
        <DOCNUMBR>2571664407          </DOCNUMBR>
        <CUSTNMBR>1-802-461176   </CUSTNMBR>
        <DISTTYPE>19</DISTTYPE>
        <DistRef>R.C. En Exceso De Póliza Básica</DistRef>
        <ACTNUMST>4301-08-201-2456-00-05-176-10011-14</ACTNUMST>
        <DEBITAMT>1242.03</DEBITAMT>
      </taRMDistribution>
      <taRMDistribution>
        <RMDTYPAL>7</RMDTYPAL>
        <DOCNUMBR>2571664407          </DOCNUMBR>
        <CUSTNMBR>1-802-461176   </CUSTNMBR>
        <DISTTYPE>19</DISTTYPE>
        <DistRef>R.C. En Exceso De Póliza Básica</DistRef>
        <ACTNUMST>4301-08-201-2456-00-05-176-10011-14</ACTNUMST>
        <DEBITAMT>1242.03</DEBITAMT>
      </taRMDistribution>
      <taRMDistribution>
        <RMDTYPAL>7</RMDTYPAL>
        <DOCNUMBR>2571664407          </DOCNUMBR>
        <CUSTNMBR>1-802-461176   </CUSTNMBR>
        <DISTTYPE>19</DISTTYPE>
        <DistRef>R.C. En Exceso De Póliza Básica</DistRef>
        <ACTNUMST>4301-08-201-2456-00-05-176-10011-14</ACTNUMST>
        <DEBITAMT>3726.09</DEBITAMT>
      </taRMDistribution>
      <taRMDistribution>
        <RMDTYPAL>7</RMDTYPAL>
        <DOCNUMBR>2571664407          </DOCNUMBR>
        <CUSTNMBR>1-802-461176   </CUSTNMBR>
        <DISTTYPE>8</DISTTYPE>
        <DistRef>Comisiones intermediarios</DistRef>
        <ACTNUMST>5302-08-201-2456-00-05-176-10011-14</ACTNUMST>
        <CRDTAMNT>3695.04</CRDTAMNT>
      </taRMDistribution>
      <taRMDistribution>
        <RMDTYPAL>7</RMDTYPAL>
        <DOCNUMBR>2571664407          </DOCNUMBR>
        <CUSTNMBR>1-802-461176   </CUSTNMBR>
        <DISTTYPE>8</DISTTYPE>
        <DistRef>Comisiones intermediarios</DistRef>
        <ACTNUMST>5302-08-201-2456-00-05-176-10011-14</ACTNUMST>
        <CRDTAMNT>217.36</CRDTAMNT>
      </taRMDistribution>
      <taRMDistribution>
        <RMDTYPAL>7</RMDTYPAL>
        <DOCNUMBR>2571664407          </DOCNUMBR>
        <CUSTNMBR>1-802-461176   </CUSTNMBR>
        <DISTTYPE>8</DISTTYPE>
        <DistRef>Comisiones intermediarios</DistRef>
        <ACTNUMST>5302-08-201-2456-00-05-176-10011-14</ACTNUMST>
        <CRDTAMNT>1956.20</CRDTAMNT>
      </taRMDistribution>
      <taRMDistribution>
        <RMDTYPAL>7</RMDTYPAL>
        <DOCNUMBR>2571664407          </DOCNUMBR>
        <CUSTNMBR>1-802-461176   </CUSTNMBR>
        <DISTTYPE>8</DISTTYPE>
        <DistRef>Comisiones intermediarios</DistRef>
        <ACTNUMST>5302-08-201-2456-00-05-176-10011-14</ACTNUMST>
        <CRDTAMNT>217.36</CRDTAMNT>
      </taRMDistribution>
      <taRMDistribution>
        <RMDTYPAL>7</RMDTYPAL>
        <DOCNUMBR>2571664407          </DOCNUMBR>
        <CUSTNMBR>1-802-461176   </CUSTNMBR>
        <DISTTYPE>8</DISTTYPE>
        <DistRef>Comisiones intermediarios</DistRef>
        <ACTNUMST>5302-08-201-2456-00-05-176-10011-14</ACTNUMST>
        <CRDTAMNT>217.36</CRDTAMNT>
      </taRMDistribution>
      <taRMDistribution>
        <RMDTYPAL>7</RMDTYPAL>
        <DOCNUMBR>2571664407          </DOCNUMBR>
        <CUSTNMBR>1-802-461176   </CUSTNMBR>
        <DISTTYPE>8</DISTTYPE>
        <DistRef>Comisiones intermediarios</DistRef>
        <ACTNUMST>5302-08-201-2456-00-05-176-10011-14</ACTNUMST>
        <CRDTAMNT>652.07</CRDTAMNT>
      </taRMDistribution>
      <taRMDistribution>
        <RMDTYPAL>7</RMDTYPAL>
        <DOCNUMBR>2571664407          </DOCNUMBR>
        <CUSTNMBR>1-802-461176   </CUSTNMBR>
        <DISTTYPE>8</DISTTYPE>
        <DistRef>Comisiones a intermediarios pendientes de cobro</DistRef>
        <ACTNUMST>2902-00-201-2456-00-05-176-10011-00</ACTNUMST>
        <DEBITAMT>3695.04</DEBITAMT>
      </taRMDistribution>
      <taRMDistribution>
        <RMDTYPAL>7</RMDTYPAL>
        <DOCNUMBR>2571664407          </DOCNUMBR>
        <CUSTNMBR>1-802-461176   </CUSTNMBR>
        <DISTTYPE>8</DISTTYPE>
        <DistRef>Comisiones a intermediarios pendientes de cobro</DistRef>
        <ACTNUMST>2902-00-201-2456-00-05-176-10011-00</ACTNUMST>
        <DEBITAMT>217.36</DEBITAMT>
      </taRMDistribution>
      <taRMDistribution>
        <RMDTYPAL>7</RMDTYPAL>
        <DOCNUMBR>2571664407          </DOCNUMBR>
        <CUSTNMBR>1-802-461176   </CUSTNMBR>
        <DISTTYPE>8</DISTTYPE>
        <DistRef>Comisiones a intermediarios pendientes de cobro</DistRef>
        <ACTNUMST>2902-00-201-2456-00-05-176-10011-00</ACTNUMST>
        <DEBITAMT>1956.20</DEBITAMT>
      </taRMDistribution>
      <taRMDistribution>
        <RMDTYPAL>7</RMDTYPAL>
        <DOCNUMBR>2571664407          </DOCNUMBR>
        <CUSTNMBR>1-802-461176   </CUSTNMBR>
        <DISTTYPE>8</DISTTYPE>
        <DistRef>Comisiones a intermediarios pendientes de cobro</DistRef>
        <ACTNUMST>2902-00-201-2456-00-05-176-10011-00</ACTNUMST>
        <DEBITAMT>217.36</DEBITAMT>
      </taRMDistribution>
      <taRMDistribution>
        <RMDTYPAL>7</RMDTYPAL>
        <DOCNUMBR>2571664407          </DOCNUMBR>
        <CUSTNMBR>1-802-461176   </CUSTNMBR>
        <DISTTYPE>8</DISTTYPE>
        <DistRef>Comisiones a intermediarios pendientes de cobro</DistRef>
        <ACTNUMST>2902-00-201-2456-00-05-176-10011-00</ACTNUMST>
        <DEBITAMT>217.36</DEBITAMT>
      </taRMDistribution>
      <taRMDistribution>
        <RMDTYPAL>7</RMDTYPAL>
        <DOCNUMBR>2571664407          </DOCNUMBR>
        <CUSTNMBR>1-802-461176   </CUSTNMBR>
        <DISTTYPE>8</DISTTYPE>
        <DistRef>Comisiones a intermediarios pendientes de cobro</DistRef>
        <ACTNUMST>2902-00-201-2456-00-05-176-10011-00</ACTNUMST>
        <DEBITAMT>652.07</DEBITAMT>
      </taRMDistribution>
      <taRMDistribution>
        <RMDTYPAL>7</RMDTYPAL>
        <DOCNUMBR>2571664407          </DOCNUMBR>
        <CUSTNMBR>1-802-461176   </CUSTNMBR>
        <DISTTYPE>8</DISTTYPE>
        <DistRef>Reservas para RRC presente ejercicio</DistRef>
        <ACTNUMST>5311-08-201-2456-00-05-176-10011-14</ACTNUMST>
        <CRDTAMNT>8445.81</CRDTAMNT>
      </taRMDistribution>
      <taRMDistribution>
        <RMDTYPAL>7</RMDTYPAL>
        <DOCNUMBR>2571664407          </DOCNUMBR>
        <CUSTNMBR>1-802-461176   </CUSTNMBR>
        <DISTTYPE>8</DISTTYPE>
        <DistRef>Reservas para RRC presente ejercicio</DistRef>
        <ACTNUMST>5311-08-201-2456-00-05-176-10011-14</ACTNUMST>
        <CRDTAMNT>496.81</CRDTAMNT>
      </taRMDistribution>
      <taRMDistribution>
        <RMDTYPAL>7</RMDTYPAL>
        <DOCNUMBR>2571664407          </DOCNUMBR>
        <CUSTNMBR>1-802-461176   </CUSTNMBR>
        <DISTTYPE>8</DISTTYPE>
        <DistRef>Reservas para RRC presente ejercicio</DistRef>
        <ACTNUMST>5311-08-201-2456-00-05-176-10011-14</ACTNUMST>
        <CRDTAMNT>4471.31</CRDTAMNT>
      </taRMDistribution>
      <taRMDistribution>
        <RMDTYPAL>7</RMDTYPAL>
        <DOCNUMBR>2571664407          </DOCNUMBR>
        <CUSTNMBR>1-802-461176   </CUSTNMBR>
        <DISTTYPE>8</DISTTYPE>
        <DistRef>Reservas para RRC presente ejercicio</DistRef>
        <ACTNUMST>5311-08-201-2456-00-05-176-10011-14</ACTNUMST>
        <CRDTAMNT>496.81</CRDTAMNT>
      </taRMDistribution>
      <taRMDistribution>
        <RMDTYPAL>7</RMDTYPAL>
        <DOCNUMBR>2571664407          </DOCNUMBR>
        <CUSTNMBR>1-802-461176   </CUSTNMBR>
        <DISTTYPE>8</DISTTYPE>
        <DistRef>Reservas para RRC presente ejercicio</DistRef>
        <ACTNUMST>5311-08-201-2456-00-05-176-10011-14</ACTNUMST>
        <CRDTAMNT>496.81</CRDTAMNT>
      </taRMDistribution>
      <taRMDistribution>
        <RMDTYPAL>7</RMDTYPAL>
        <DOCNUMBR>2571664407          </DOCNUMBR>
        <CUSTNMBR>1-802-461176   </CUSTNMBR>
        <DISTTYPE>8</DISTTYPE>
        <DistRef>Reservas para RRC presente ejercicio</DistRef>
        <ACTNUMST>5311-08-201-2456-00-05-176-10011-14</ACTNUMST>
        <CRDTAMNT>1490.44</CRDTAMNT>
      </taRMDistribution>
      <taRMDistribution>
        <RMDTYPAL>7</RMDTYPAL>
        <DOCNUMBR>2571664407          </DOCNUMBR>
        <CUSTNMBR>1-802-461176   </CUSTNMBR>
        <DISTTYPE>8</DISTTYPE>
        <DistRef>Pasivo RRC </DistRef>
        <ACTNUMST>2206-00-201-2456-00-05-176-10011-00</ACTNUMST>
        <DEBITAMT>8445.81</DEBITAMT>
      </taRMDistribution>
      <taRMDistribution>
        <RMDTYPAL>7</RMDTYPAL>
        <DOCNUMBR>2571664407          </DOCNUMBR>
        <CUSTNMBR>1-802-461176   </CUSTNMBR>
        <DISTTYPE>8</DISTTYPE>
        <DistRef>Pasivo RRC </DistRef>
        <ACTNUMST>2206-00-201-2456-00-05-176-10011-00</ACTNUMST>
        <DEBITAMT>496.81</DEBITAMT>
      </taRMDistribution>
      <taRMDistribution>
        <RMDTYPAL>7</RMDTYPAL>
        <DOCNUMBR>2571664407          </DOCNUMBR>
        <CUSTNMBR>1-802-461176   </CUSTNMBR>
        <DISTTYPE>8</DISTTYPE>
        <DistRef>Pasivo RRC </DistRef>
        <ACTNUMST>2206-00-201-2456-00-05-176-10011-00</ACTNUMST>
        <DEBITAMT>4471.31</DEBITAMT>
      </taRMDistribution>
      <taRMDistribution>
        <RMDTYPAL>7</RMDTYPAL>
        <DOCNUMBR>2571664407          </DOCNUMBR>
        <CUSTNMBR>1-802-461176   </CUSTNMBR>
        <DISTTYPE>8</DISTTYPE>
        <DistRef>Pasivo RRC </DistRef>
        <ACTNUMST>2206-00-201-2456-00-05-176-10011-00</ACTNUMST>
        <DEBITAMT>496.81</DEBITAMT>
      </taRMDistribution>
      <taRMDistribution>
        <RMDTYPAL>7</RMDTYPAL>
        <DOCNUMBR>2571664407          </DOCNUMBR>
        <CUSTNMBR>1-802-461176   </CUSTNMBR>
        <DISTTYPE>8</DISTTYPE>
        <DistRef>Pasivo RRC </DistRef>
        <ACTNUMST>2206-00-201-2456-00-05-176-10011-00</ACTNUMST>
        <DEBITAMT>496.81</DEBITAMT>
      </taRMDistribution>
      <taRMDistribution>
        <RMDTYPAL>7</RMDTYPAL>
        <DOCNUMBR>2571664407          </DOCNUMBR>
        <CUSTNMBR>1-802-461176   </CUSTNMBR>
        <DISTTYPE>8</DISTTYPE>
        <DistRef>Pasivo RRC </DistRef>
        <ACTNUMST>2206-00-201-2456-00-05-176-10011-00</ACTNUMST>
        <DEBITAMT>1490.44</DEBITAMT>
      </taRMDistribution>
    </taRMDistribution_Items>
    <taRMTransaction>
      <RMDTYPAL>7</RMDTYPAL>
      <DOCNUMBR>2571664407          </DOCNUMBR>
      <DOCDATE>2018-05-04</DOCDATE>
      <BACHNUMB>SFNC452018</BACHNUMB>
      <CUSTNMBR>1-802-461176   </CUSTNMBR>
      <DOCAMNT>46104.18000000</DOCAMNT>
      <SLSAMNT>39744.98000000</SLSAMNT>
      <DOCDESCR>CANCELADA POR CAMBIO PRODUCTO                                              </DOCDESCR>
      <SLPRSNID>10343</SLPRSNID>
      <TAXSCHID>DR</TAXSCHID>
      <TAXAMNT>6359.20</TAXAMNT>
      <DUEDATE>2018-05-04</DUEDATE>
      <RATEEXPR>0</RATEEXPR>
      <DYSTINCR>0</DYSTINCR>
      <TRXDTDEF>0</TRXDTDEF>
      <RTCLCMTD>0</RTCLCMTD>
      <CREATEDIST>0</CREATEDIST>
    </taRMTransaction>
  </RMTransactionType>
</eConnect>
2018-05-16 16:32:03,662 [10] DEBUG  - Contruyendo encabezado
2018-05-16 16:32:03,662 [10] DEBUG  - Creacion de numero de batch SFNC852018
2018-05-16 16:32:04,572 [10] DEBUG  - Se obtiene el cliente de GP 1-802-461176
2018-05-16 16:32:13,643 [10] DEBUG  - Cuenta por cobrar: 1302-08-201-2456-00-05-176-10011-00
2018-05-16 16:32:13,643 [10] DEBUG  - Cuenta de impuestos: 2901-00-000-0000-00-00-171-00001-00
2018-05-16 16:32:14,509 [10] DEBUG  - Cuenta de Producto: 4301-08-201-2456-00-05-176-10011-14
2018-05-16 16:32:15,427 [10] DEBUG  - Cuenta de Producto: 4301-08-201-2456-00-05-176-10011-14
2018-05-16 16:32:16,269 [10] DEBUG  - Cuenta de Producto: 4301-08-201-2456-00-05-176-10011-14
2018-05-16 16:32:17,113 [10] DEBUG  - Cuenta de Producto: 4301-08-201-2456-00-05-176-10011-14
2018-05-16 16:32:17,981 [10] DEBUG  - Cuenta de Producto: 4301-08-201-2456-00-05-176-10011-14
2018-05-16 16:32:18,900 [10] DEBUG  - Cuenta de Producto: 4301-08-201-2456-00-05-176-10011-14
2018-05-16 16:32:20,190 [10] DEBUG  - Cuenta de comisiones GASTO 5302-08-201-2456-00-05-176-10011-14
2018-05-16 16:32:21,659 [10] DEBUG  - Cuenta de comisiones GASTO 5302-08-201-2456-00-05-176-10011-14
2018-05-16 16:32:23,381 [10] DEBUG  - Cuenta de comisiones GASTO 5302-08-201-2456-00-05-176-10011-14
2018-05-16 16:32:25,651 [10] DEBUG  - Cuenta de comisiones GASTO 5302-08-201-2456-00-05-176-10011-14
2018-05-16 16:32:27,778 [10] DEBUG  - Cuenta de comisiones GASTO 5302-08-201-2456-00-05-176-10011-14
2018-05-16 16:32:30,088 [10] DEBUG  - Cuenta de comisiones GASTO 5302-08-201-2456-00-05-176-10011-14
2018-05-16 16:32:31,976 [10] DEBUG  - Cuenta de comisiones PAGO 2902-00-201-2456-00-05-176-10011-00
2018-05-16 16:32:33,606 [10] DEBUG  - Cuenta de comisiones PAGO 2902-00-201-2456-00-05-176-10011-00
2018-05-16 16:32:35,353 [10] DEBUG  - Cuenta de comisiones PAGO 2902-00-201-2456-00-05-176-10011-00
2018-05-16 16:32:37,143 [10] DEBUG  - Cuenta de comisiones PAGO 2902-00-201-2456-00-05-176-10011-00
2018-05-16 16:32:39,024 [10] DEBUG  - Cuenta de comisiones PAGO 2902-00-201-2456-00-05-176-10011-00
2018-05-16 16:32:40,943 [10] DEBUG  - Cuenta de comisiones PAGO 2902-00-201-2456-00-05-176-10011-00
2018-05-16 16:32:40,944 [10] DEBUG  - Porcentaje Reserva Riesgos en curso: 40
2018-05-16 16:32:43,198 [10] DEBUG  - Cuenta para RRC GASTO: 5311-08-201-2456-00-05-176-10011-14
2018-05-16 16:32:45,488 [10] DEBUG  - Cuenta para RRC GASTO: 5311-08-201-2456-00-05-176-10011-14
2018-05-16 16:32:47,887 [10] DEBUG  - Cuenta para RRC GASTO: 5311-08-201-2456-00-05-176-10011-14
2018-05-16 16:32:50,402 [10] DEBUG  - Cuenta para RRC GASTO: 5311-08-201-2456-00-05-176-10011-14
2018-05-16 16:32:53,500 [10] DEBUG  - Cuenta para RRC GASTO: 5311-08-201-2456-00-05-176-10011-14
2018-05-16 16:32:56,273 [10] DEBUG  - Cuenta para RRC GASTO: 5311-08-201-2456-00-05-176-10011-14
2018-05-16 16:32:59,008 [10] DEBUG  - Cuenta para RRC PASIVO: 2206-00-201-2456-00-05-176-10011-00
2018-05-16 16:33:01,648 [10] DEBUG  - Cuenta para RRC PASIVO: 2206-00-201-2456-00-05-176-10011-00
2018-05-16 16:33:04,319 [10] DEBUG  - Cuenta para RRC PASIVO: 2206-00-201-2456-00-05-176-10011-00
2018-05-16 16:33:07,111 [10] DEBUG  - Cuenta para RRC PASIVO: 2206-00-201-2456-00-05-176-10011-00
2018-05-16 16:33:09,933 [10] DEBUG  - Cuenta para RRC PASIVO: 2206-00-201-2456-00-05-176-10011-00
2018-05-16 16:33:12,922 [10] DEBUG  - Cuenta para RRC PASIVO: 2206-00-201-2456-00-05-176-10011-00
2018-05-16 16:33:27,745 [10] DEBUG  - Invoice Creado:<eConnect xmlns:xsd="http://www.w3.org/2001/XMLSchema" xmlns:xsi="http://www.w3.org/2001/XMLSchema-instance">
  <RMTransactionType>
    <taRMTransactionTaxInsert_Items>
      <taRMTransactionTaxInsert>
        <CUSTNMBR>1-802-461176   </CUSTNMBR>
        <DOCNUMBR>2571664807          </DOCNUMBR>
        <RMDTYPAL>7</RMDTYPAL>
        <BACHNUMB>SFNC852018</BACHNUMB>
        <TAXDTLID>DR</TAXDTLID>
        <TAXAMNT>6867.18</TAXAMNT>
        <STAXAMNT>0</STAXAMNT>
        <TAXDTSLS>42919.95000000</TAXDTSLS>
        <ACTNUMST>2901-00-000-0000-00-00-171-00001-00</ACTNUMST>
      </taRMTransactionTaxInsert>
    </taRMTransactionTaxInsert_Items>
    <taRMDistribution_Items>
      <taRMDistribution>
        <RMDTYPAL>7</RMDTYPAL>
        <DOCNUMBR>2571664807          </DOCNUMBR>
        <CUSTNMBR>1-802-461176   </CUSTNMBR>
        <DISTTYPE>3</DISTTYPE>
        <DistRef>Primas por Cobrar</DistRef>
        <ACTNUMST>1302-08-201-2456-00-05-176-10011-00</ACTNUMST>
        <CRDTAMNT>49787.13000000</CRDTAMNT>
      </taRMDistribution>
      <taRMDistribution>
        <RMDTYPAL>7</RMDTYPAL>
        <DOCNUMBR>2571664807          </DOCNUMBR>
        <CUSTNMBR>1-802-461176   </CUSTNMBR>
        <DISTTYPE>13</DISTTYPE>
        <DistRef>ISC sobre prima pendiente de cobro</DistRef>
        <ACTNUMST>2901-00-000-0000-00-00-171-00001-00</ACTNUMST>
        <DEBITAMT>6867.18</DEBITAMT>
      </taRMDistribution>
      <taRMDistribution>
        <RMDTYPAL>7</RMDTYPAL>
        <DOCNUMBR>2571664807          </DOCNUMBR>
        <CUSTNMBR>1-802-461176   </CUSTNMBR>
        <DISTTYPE>19</DISTTYPE>
        <DistRef>R.C. En Exceso De Póliza Básica</DistRef>
        <ACTNUMST>4301-08-201-2456-00-05-176-10011-14</ACTNUMST>
        <DEBITAMT>22801.20</DEBITAMT>
      </taRMDistribution>
      <taRMDistribution>
        <RMDTYPAL>7</RMDTYPAL>
        <DOCNUMBR>2571664807          </DOCNUMBR>
        <CUSTNMBR>1-802-461176   </CUSTNMBR>
        <DISTTYPE>19</DISTTYPE>
        <DistRef>R.C. En Exceso De Póliza Básica</DistRef>
        <ACTNUMST>4301-08-201-2456-00-05-176-10011-14</ACTNUMST>
        <DEBITAMT>1341.25</DEBITAMT>
      </taRMDistribution>
      <taRMDistribution>
        <RMDTYPAL>7</RMDTYPAL>
        <DOCNUMBR>2571664807          </DOCNUMBR>
        <CUSTNMBR>1-802-461176   </CUSTNMBR>
        <DISTTYPE>19</DISTTYPE>
        <DistRef>R.C. En Exceso De Póliza Básica</DistRef>
        <ACTNUMST>4301-08-201-2456-00-05-176-10011-14</ACTNUMST>
        <DEBITAMT>12071.25</DEBITAMT>
      </taRMDistribution>
      <taRMDistribution>
        <RMDTYPAL>7</RMDTYPAL>
        <DOCNUMBR>2571664807          </DOCNUMBR>
        <CUSTNMBR>1-802-461176   </CUSTNMBR>
        <DISTTYPE>19</DISTTYPE>
        <DistRef>R.C. En Exceso De Póliza Básica</DistRef>
        <ACTNUMST>4301-08-201-2456-00-05-176-10011-14</ACTNUMST>
        <DEBITAMT>1341.25</DEBITAMT>
      </taRMDistribution>
      <taRMDistribution>
        <RMDTYPAL>7</RMDTYPAL>
        <DOCNUMBR>2571664807          </DOCNUMBR>
        <CUSTNMBR>1-802-461176   </CUSTNMBR>
        <DISTTYPE>19</DISTTYPE>
        <DistRef>R.C. En Exceso De Póliza Básica</DistRef>
        <ACTNUMST>4301-08-201-2456-00-05-176-10011-14</ACTNUMST>
        <DEBITAMT>1341.25</DEBITAMT>
      </taRMDistribution>
      <taRMDistribution>
        <RMDTYPAL>7</RMDTYPAL>
        <DOCNUMBR>2571664807          </DOCNUMBR>
        <CUSTNMBR>1-802-461176   </CUSTNMBR>
        <DISTTYPE>19</DISTTYPE>
        <DistRef>R.C. En Exceso De Póliza Básica</DistRef>
        <ACTNUMST>4301-08-201-2456-00-05-176-10011-14</ACTNUMST>
        <DEBITAMT>4023.75</DEBITAMT>
      </taRMDistribution>
      <taRMDistribution>
        <RMDTYPAL>7</RMDTYPAL>
        <DOCNUMBR>2571664807          </DOCNUMBR>
        <CUSTNMBR>1-802-461176   </CUSTNMBR>
        <DISTTYPE>8</DISTTYPE>
        <DistRef>Comisiones intermediarios</DistRef>
        <ACTNUMST>5302-08-201-2456-00-05-176-10011-14</ACTNUMST>
        <CRDTAMNT>3990.21</CRDTAMNT>
      </taRMDistribution>
      <taRMDistribution>
        <RMDTYPAL>7</RMDTYPAL>
        <DOCNUMBR>2571664807          </DOCNUMBR>
        <CUSTNMBR>1-802-461176   </CUSTNMBR>
        <DISTTYPE>8</DISTTYPE>
        <DistRef>Comisiones intermediarios</DistRef>
        <ACTNUMST>5302-08-201-2456-00-05-176-10011-14</ACTNUMST>
        <CRDTAMNT>234.72</CRDTAMNT>
      </taRMDistribution>
      <taRMDistribution>
        <RMDTYPAL>7</RMDTYPAL>
        <DOCNUMBR>2571664807          </DOCNUMBR>
        <CUSTNMBR>1-802-461176   </CUSTNMBR>
        <DISTTYPE>8</DISTTYPE>
        <DistRef>Comisiones intermediarios</DistRef>
        <ACTNUMST>5302-08-201-2456-00-05-176-10011-14</ACTNUMST>
        <CRDTAMNT>2112.47</CRDTAMNT>
      </taRMDistribution>
      <taRMDistribution>
        <RMDTYPAL>7</RMDTYPAL>
        <DOCNUMBR>2571664807          </DOCNUMBR>
        <CUSTNMBR>1-802-461176   </CUSTNMBR>
        <DISTTYPE>8</DISTTYPE>
        <DistRef>Comisiones intermediarios</DistRef>
        <ACTNUMST>5302-08-201-2456-00-05-176-10011-14</ACTNUMST>
        <CRDTAMNT>234.72</CRDTAMNT>
      </taRMDistribution>
      <taRMDistribution>
        <RMDTYPAL>7</RMDTYPAL>
        <DOCNUMBR>2571664807          </DOCNUMBR>
        <CUSTNMBR>1-802-461176   </CUSTNMBR>
        <DISTTYPE>8</DISTTYPE>
        <DistRef>Comisiones intermediarios</DistRef>
        <ACTNUMST>5302-08-201-2456-00-05-176-10011-14</ACTNUMST>
        <CRDTAMNT>234.72</CRDTAMNT>
      </taRMDistribution>
      <taRMDistribution>
        <RMDTYPAL>7</RMDTYPAL>
        <DOCNUMBR>2571664807          </DOCNUMBR>
        <CUSTNMBR>1-802-461176   </CUSTNMBR>
        <DISTTYPE>8</DISTTYPE>
        <DistRef>Comisiones intermediarios</DistRef>
        <ACTNUMST>5302-08-201-2456-00-05-176-10011-14</ACTNUMST>
        <CRDTAMNT>704.16</CRDTAMNT>
      </taRMDistribution>
      <taRMDistribution>
        <RMDTYPAL>7</RMDTYPAL>
        <DOCNUMBR>2571664807          </DOCNUMBR>
        <CUSTNMBR>1-802-461176   </CUSTNMBR>
        <DISTTYPE>8</DISTTYPE>
        <DistRef>Comisiones a intermediarios pendientes de cobro</DistRef>
        <ACTNUMST>2902-00-201-2456-00-05-176-10011-00</ACTNUMST>
        <DEBITAMT>3990.21</DEBITAMT>
      </taRMDistribution>
      <taRMDistribution>
        <RMDTYPAL>7</RMDTYPAL>
        <DOCNUMBR>2571664807          </DOCNUMBR>
        <CUSTNMBR>1-802-461176   </CUSTNMBR>
        <DISTTYPE>8</DISTTYPE>
        <DistRef>Comisiones a intermediarios pendientes de cobro</DistRef>
        <ACTNUMST>2902-00-201-2456-00-05-176-10011-00</ACTNUMST>
        <DEBITAMT>234.72</DEBITAMT>
      </taRMDistribution>
      <taRMDistribution>
        <RMDTYPAL>7</RMDTYPAL>
        <DOCNUMBR>2571664807          </DOCNUMBR>
        <CUSTNMBR>1-802-461176   </CUSTNMBR>
        <DISTTYPE>8</DISTTYPE>
        <DistRef>Comisiones a intermediarios pendientes de cobro</DistRef>
        <ACTNUMST>2902-00-201-2456-00-05-176-10011-00</ACTNUMST>
        <DEBITAMT>2112.47</DEBITAMT>
      </taRMDistribution>
      <taRMDistribution>
        <RMDTYPAL>7</RMDTYPAL>
        <DOCNUMBR>2571664807          </DOCNUMBR>
        <CUSTNMBR>1-802-461176   </CUSTNMBR>
        <DISTTYPE>8</DISTTYPE>
        <DistRef>Comisiones a intermediarios pendientes de cobro</DistRef>
        <ACTNUMST>2902-00-201-2456-00-05-176-10011-00</ACTNUMST>
        <DEBITAMT>234.72</DEBITAMT>
      </taRMDistribution>
      <taRMDistribution>
        <RMDTYPAL>7</RMDTYPAL>
        <DOCNUMBR>2571664807          </DOCNUMBR>
        <CUSTNMBR>1-802-461176   </CUSTNMBR>
        <DISTTYPE>8</DISTTYPE>
        <DistRef>Comisiones a intermediarios pendientes de cobro</DistRef>
        <ACTNUMST>2902-00-201-2456-00-05-176-10011-00</ACTNUMST>
        <DEBITAMT>234.72</DEBITAMT>
      </taRMDistribution>
      <taRMDistribution>
        <RMDTYPAL>7</RMDTYPAL>
        <DOCNUMBR>2571664807          </DOCNUMBR>
        <CUSTNMBR>1-802-461176   </CUSTNMBR>
        <DISTTYPE>8</DISTTYPE>
        <DistRef>Comisiones a intermediarios pendientes de cobro</DistRef>
        <ACTNUMST>2902-00-201-2456-00-05-176-10011-00</ACTNUMST>
        <DEBITAMT>704.16</DEBITAMT>
      </taRMDistribution>
      <taRMDistribution>
        <RMDTYPAL>7</RMDTYPAL>
        <DOCNUMBR>2571664807          </DOCNUMBR>
        <CUSTNMBR>1-802-461176   </CUSTNMBR>
        <DISTTYPE>8</DISTTYPE>
        <DistRef>Reservas para RRC presente ejercicio</DistRef>
        <ACTNUMST>5311-08-201-2456-00-05-176-10011-14</ACTNUMST>
        <CRDTAMNT>9120.48</CRDTAMNT>
      </taRMDistribution>
      <taRMDistribution>
        <RMDTYPAL>7</RMDTYPAL>
        <DOCNUMBR>2571664807          </DOCNUMBR>
        <CUSTNMBR>1-802-461176   </CUSTNMBR>
        <DISTTYPE>8</DISTTYPE>
        <DistRef>Reservas para RRC presente ejercicio</DistRef>
        <ACTNUMST>5311-08-201-2456-00-05-176-10011-14</ACTNUMST>
        <CRDTAMNT>536.50</CRDTAMNT>
      </taRMDistribution>
      <taRMDistribution>
        <RMDTYPAL>7</RMDTYPAL>
        <DOCNUMBR>2571664807          </DOCNUMBR>
        <CUSTNMBR>1-802-461176   </CUSTNMBR>
        <DISTTYPE>8</DISTTYPE>
        <DistRef>Reservas para RRC presente ejercicio</DistRef>
        <ACTNUMST>5311-08-201-2456-00-05-176-10011-14</ACTNUMST>
        <CRDTAMNT>4828.50</CRDTAMNT>
      </taRMDistribution>
      <taRMDistribution>
        <RMDTYPAL>7</RMDTYPAL>
        <DOCNUMBR>2571664807          </DOCNUMBR>
        <CUSTNMBR>1-802-461176   </CUSTNMBR>
        <DISTTYPE>8</DISTTYPE>
        <DistRef>Reservas para RRC presente ejercicio</DistRef>
        <ACTNUMST>5311-08-201-2456-00-05-176-10011-14</ACTNUMST>
        <CRDTAMNT>536.50</CRDTAMNT>
      </taRMDistribution>
      <taRMDistribution>
        <RMDTYPAL>7</RMDTYPAL>
        <DOCNUMBR>2571664807          </DOCNUMBR>
        <CUSTNMBR>1-802-461176   </CUSTNMBR>
        <DISTTYPE>8</DISTTYPE>
        <DistRef>Reservas para RRC presente ejercicio</DistRef>
        <ACTNUMST>5311-08-201-2456-00-05-176-10011-14</ACTNUMST>
        <CRDTAMNT>536.50</CRDTAMNT>
      </taRMDistribution>
      <taRMDistribution>
        <RMDTYPAL>7</RMDTYPAL>
        <DOCNUMBR>2571664807          </DOCNUMBR>
        <CUSTNMBR>1-802-461176   </CUSTNMBR>
        <DISTTYPE>8</DISTTYPE>
        <DistRef>Reservas para RRC presente ejercicio</DistRef>
        <ACTNUMST>5311-08-201-2456-00-05-176-10011-14</ACTNUMST>
        <CRDTAMNT>1609.50</CRDTAMNT>
      </taRMDistribution>
      <taRMDistribution>
        <RMDTYPAL>7</RMDTYPAL>
        <DOCNUMBR>2571664807          </DOCNUMBR>
        <CUSTNMBR>1-802-461176   </CUSTNMBR>
        <DISTTYPE>8</DISTTYPE>
        <DistRef>Pasivo RRC </DistRef>
        <ACTNUMST>2206-00-201-2456-00-05-176-10011-00</ACTNUMST>
        <DEBITAMT>9120.48</DEBITAMT>
      </taRMDistribution>
      <taRMDistribution>
        <RMDTYPAL>7</RMDTYPAL>
        <DOCNUMBR>2571664807          </DOCNUMBR>
        <CUSTNMBR>1-802-461176   </CUSTNMBR>
        <DISTTYPE>8</DISTTYPE>
        <DistRef>Pasivo RRC </DistRef>
        <ACTNUMST>2206-00-201-2456-00-05-176-10011-00</ACTNUMST>
        <DEBITAMT>536.50</DEBITAMT>
      </taRMDistribution>
      <taRMDistribution>
        <RMDTYPAL>7</RMDTYPAL>
        <DOCNUMBR>2571664807          </DOCNUMBR>
        <CUSTNMBR>1-802-461176   </CUSTNMBR>
        <DISTTYPE>8</DISTTYPE>
        <DistRef>Pasivo RRC </DistRef>
        <ACTNUMST>2206-00-201-2456-00-05-176-10011-00</ACTNUMST>
        <DEBITAMT>4828.50</DEBITAMT>
      </taRMDistribution>
      <taRMDistribution>
        <RMDTYPAL>7</RMDTYPAL>
        <DOCNUMBR>2571664807          </DOCNUMBR>
        <CUSTNMBR>1-802-461176   </CUSTNMBR>
        <DISTTYPE>8</DISTTYPE>
        <DistRef>Pasivo RRC </DistRef>
        <ACTNUMST>2206-00-201-2456-00-05-176-10011-00</ACTNUMST>
        <DEBITAMT>536.50</DEBITAMT>
      </taRMDistribution>
      <taRMDistribution>
        <RMDTYPAL>7</RMDTYPAL>
        <DOCNUMBR>2571664807          </DOCNUMBR>
        <CUSTNMBR>1-802-461176   </CUSTNMBR>
        <DISTTYPE>8</DISTTYPE>
        <DistRef>Pasivo RRC </DistRef>
        <ACTNUMST>2206-00-201-2456-00-05-176-10011-00</ACTNUMST>
        <DEBITAMT>536.50</DEBITAMT>
      </taRMDistribution>
      <taRMDistribution>
        <RMDTYPAL>7</RMDTYPAL>
        <DOCNUMBR>2571664807          </DOCNUMBR>
        <CUSTNMBR>1-802-461176   </CUSTNMBR>
        <DISTTYPE>8</DISTTYPE>
        <DistRef>Pasivo RRC </DistRef>
        <ACTNUMST>2206-00-201-2456-00-05-176-10011-00</ACTNUMST>
        <DEBITAMT>1609.50</DEBITAMT>
      </taRMDistribution>
    </taRMDistribution_Items>
    <taRMTransaction>
      <RMDTYPAL>7</RMDTYPAL>
      <DOCNUMBR>2571664807          </DOCNUMBR>
      <DOCDATE>2018-05-08</DOCDATE>
      <BACHNUMB>SFNC852018</BACHNUMB>
      <CUSTNMBR>1-802-461176   </CUSTNMBR>
      <DOCAMNT>49787.13000000</DOCAMNT>
      <SLSAMNT>42919.95000000</SLSAMNT>
      <DOCDESCR>CANCELADA POR CAMBIO PRODUCTO                                              </DOCDESCR>
      <SLPRSNID>10343</SLPRSNID>
      <TAXSCHID>DR</TAXSCHID>
      <TAXAMNT>6867.18</TAXAMNT>
      <DUEDATE>2018-05-08</DUEDATE>
      <RATEEXPR>0</RATEEXPR>
      <DYSTINCR>0</DYSTINCR>
      <TRXDTDEF>0</TRXDTDEF>
      <RTCLCMTD>0</RTCLCMTD>
      <CREATEDIST>0</CREATEDIST>
    </taRMTransaction>
  </RMTransactionType>
</eConnect>
