2017-07-19 09:56:15,800 [9] DEBUG  - Sincronización de Cliente 1312065
2017-07-19 09:57:19,225 [9] DEBUG  - Customer Actualizado 1312065
2017-07-19 09:57:21,558 [9] DEBUG  - EXITO
2017-07-19 09:57:25,480 [9] DEBUG  - Sincronización de Cliente 1324718
2017-07-19 09:57:42,444 [9] DEBUG  - Customer Actualizado 1324718
2017-07-19 09:57:42,616 [9] DEBUG  - EXITO
2017-07-19 09:57:45,027 [9] DEBUG  - Sincronización de Cliente 1324972
2017-07-19 09:58:08,296 [9] DEBUG  - Customer Actualizado 1324972
2017-07-19 09:58:08,437 [9] DEBUG  - EXITO
2017-07-19 09:58:10,297 [9] DEBUG  - Sincronización de Cliente 1324973
2017-07-19 10:01:24,044 [9] DEBUG  - Customer Actualizado 1324973
2017-07-19 10:01:24,443 [9] DEBUG  - EXITO
2017-07-19 10:01:27,090 [9] DEBUG  - Sincronización de Cliente 1324963
2017-07-19 10:01:40,313 [9] DEBUG  - Customer Actualizado 1324963
2017-07-19 10:01:40,691 [9] DEBUG  - EXITO
2017-07-19 10:01:42,577 [9] DEBUG  - Sincronización de Cliente 1324975
2017-07-19 10:02:01,033 [9] DEBUG  - Customer Actualizado 1324975
2017-07-19 10:02:01,174 [9] DEBUG  - EXITO
2017-07-19 10:02:15,874 [9] DEBUG  - Inicia sincronización de Poliza: 4-05-464530
2017-07-19 10:02:46,605 [9] ERROR  - Error al sincronizar la poliza: 4-05-464530
System.NullReferenceException: Object reference not set to an instance of an object.
   at PolicySync.PolicySyncTask.Process() in C:\VSProjects\SysflexIntegration\PolicySync\PolicySyncTask.cs:line 35
2017-07-19 10:02:48,719 [9] DEBUG  - Inicia sincronización de Poliza: 1-201-451
2017-07-19 10:02:52,584 [9] ERROR  - Error al sincronizar la poliza: 1-201-451
System.NullReferenceException: Object reference not set to an instance of an object.
   at PolicySync.PolicySyncTask.Process() in C:\VSProjects\SysflexIntegration\PolicySync\PolicySyncTask.cs:line 35
2017-07-19 10:02:53,785 [9] DEBUG  - Inicia sincronización de Poliza: 13-201-477
2017-07-19 10:02:57,613 [9] ERROR  - Error al sincronizar la poliza: 13-201-477
System.NullReferenceException: Object reference not set to an instance of an object.
   at PolicySync.PolicySyncTask.Process() in C:\VSProjects\SysflexIntegration\PolicySync\PolicySyncTask.cs:line 35
2017-07-19 10:02:58,816 [9] DEBUG  - Inicia sincronización de Poliza: 16-05-464532
