2017-10-19 16:16:51,495 [9] DEBUG  - Total de Transacciones: 2
2017-10-19 16:17:35,883 [9] DEBUG  - Contruyendo encabezado
2017-10-19 16:17:36,321 [9] DEBUG  - Creacion de numero de batch SFNC1910201716
2017-10-19 16:17:38,667 [9] DEBUG  - Se obtiene el cliente de GP 12-05-480735
2017-10-19 16:17:54,216 [9] DEBUG  - Cuenta por cobrar: 1302-06-201-0453-00-05-177-10051-00
2017-10-19 16:17:54,216 [9] DEBUG  - Cuenta de impuestos: 2901-00-000-0000-00-00-171-00001-00
2017-10-19 16:17:55,366 [9] DEBUG  - Cuenta de Producto: 4301-06-201-0453-00-05-177-10051-65
2017-10-19 16:17:56,538 [9] DEBUG  - Cuenta de Producto: 4301-06-201-0453-00-05-177-10051-24
2017-10-19 16:17:58,038 [9] DEBUG  - Cuenta de Producto: 4301-06-201-0453-00-05-177-10051-15
2017-10-19 16:17:59,132 [9] DEBUG  - Cuenta de Producto: 4301-06-201-0453-00-05-177-10051-04
2017-10-19 16:18:00,163 [9] DEBUG  - Cuenta de Producto: 4301-06-201-0453-00-05-177-10051-02
2017-10-19 16:18:01,945 [9] DEBUG  - Cuenta de Producto: 4301-06-201-0453-00-05-177-10051-13
2017-10-19 16:18:03,117 [9] DEBUG  - Cuenta de Producto: 4301-06-201-0453-00-05-177-10051-06
2017-10-19 16:18:04,570 [9] DEBUG  - Cuenta de Producto: 4301-06-201-0453-00-05-177-10051-09
2017-10-19 16:18:06,024 [9] DEBUG  - Cuenta de Producto: 4301-06-201-0453-00-05-177-10051-12
2017-10-19 16:18:07,492 [9] DEBUG  - Cuenta de Producto: 4301-06-201-0453-00-05-177-10051-07
2017-10-19 16:18:08,899 [9] DEBUG  - Cuenta de Producto: 4301-06-201-0453-00-05-177-10051-05
2017-10-19 16:18:10,024 [9] DEBUG  - Cuenta de Producto: 4301-06-201-0453-00-05-177-10051-08
2017-10-19 16:18:11,352 [9] DEBUG  - Cuenta de comisiones GASTO 5302-06-201-0453-00-05-177-10051-65
2017-10-19 16:18:12,899 [9] DEBUG  - Cuenta de comisiones GASTO 5302-06-201-0453-00-05-177-10051-24
2017-10-19 16:18:15,212 [9] DEBUG  - Cuenta de comisiones GASTO 5302-06-201-0453-00-05-177-10051-15
2017-10-19 16:18:16,993 [9] DEBUG  - Cuenta de comisiones GASTO 5302-06-201-0453-00-05-177-10051-04
2017-10-19 16:18:18,853 [9] DEBUG  - Cuenta de comisiones GASTO 5302-06-201-0453-00-05-177-10051-02
2017-10-19 16:18:20,337 [9] DEBUG  - Cuenta de comisiones GASTO 5302-06-201-0453-00-05-177-10051-13
2017-10-19 16:18:22,431 [9] DEBUG  - Cuenta de comisiones GASTO 5302-06-201-0453-00-05-177-10051-06
2017-10-19 16:18:23,947 [9] DEBUG  - Cuenta de comisiones GASTO 5302-06-201-0453-00-05-177-10051-09
2017-10-19 16:18:26,038 [9] DEBUG  - Cuenta de comisiones GASTO 5302-06-201-0453-00-05-177-10051-12
2017-10-19 16:18:27,788 [9] DEBUG  - Cuenta de comisiones GASTO 5302-06-201-0453-00-05-177-10051-07
2017-10-19 16:18:29,585 [9] DEBUG  - Cuenta de comisiones GASTO 5302-06-201-0453-00-05-177-10051-05
2017-10-19 16:18:31,085 [9] DEBUG  - Cuenta de comisiones GASTO 5302-06-201-0453-00-05-177-10051-08
2017-10-19 16:18:32,570 [9] DEBUG  - Cuenta de comisiones PAGO 2902-00-201-0453-00-05-177-10051-00
2017-10-19 16:18:32,570 [9] DEBUG  - Porcentaje Reserva Riesgos en curso: 40
2017-10-19 16:18:33,976 [9] DEBUG  - Cuenta para RRC GASTO: 5311-06-201-0453-00-05-177-10051-65
2017-10-19 16:18:35,023 [9] DEBUG  - Cuenta para RRC GASTO: 5311-06-201-0453-00-05-177-10051-24
2017-10-19 16:18:36,070 [9] DEBUG  - Cuenta para RRC GASTO: 5311-06-201-0453-00-05-177-10051-15
2017-10-19 16:18:37,445 [9] DEBUG  - Cuenta para RRC GASTO: 5311-06-201-0453-00-05-177-10051-04
2017-10-19 16:18:38,461 [9] DEBUG  - Cuenta para RRC GASTO: 5311-06-201-0453-00-05-177-10051-02
2017-10-19 16:18:39,883 [9] DEBUG  - Cuenta para RRC GASTO: 5311-06-201-0453-00-05-177-10051-13
2017-10-19 16:18:40,930 [9] DEBUG  - Cuenta para RRC GASTO: 5311-06-201-0453-00-05-177-10051-06
2017-10-19 16:18:42,024 [9] DEBUG  - Cuenta para RRC GASTO: 5311-06-201-0453-00-05-177-10051-09
2017-10-19 16:18:43,071 [9] DEBUG  - Cuenta para RRC GASTO: 5311-06-201-0453-00-05-177-10051-12
2017-10-19 16:18:44,118 [9] DEBUG  - Cuenta para RRC GASTO: 5311-06-201-0453-00-05-177-10051-07
2017-10-19 16:18:45,196 [9] DEBUG  - Cuenta para RRC GASTO: 5311-06-201-0453-00-05-177-10051-05
2017-10-19 16:18:46,321 [9] DEBUG  - Cuenta para RRC GASTO: 5311-06-201-0453-00-05-177-10051-08
2017-10-19 16:18:47,665 [9] DEBUG  - Cuenta para RRC PASIVO: 2206-00-201-0453-00-05-177-10051-00
