2017-09-21 16:11:18,585 [8] DEBUG  - Total de Transacciones: 2463
2017-09-21 16:12:01,883 [8] DEBUG  - Contruyendo encabezado
2017-09-21 16:12:02,302 [8] DEBUG  - Creacion de numero de batch SF219201716:12
2017-09-21 16:12:03,861 [8] DEBUG  - Se obtiene el cliente de GP 05-307624-2013
2017-09-21 16:12:21,330 [8] DEBUG  - Cuenta por cobrar: 1302-06-201-0201-00-03-174-10052-00
2017-09-21 16:12:21,330 [8] DEBUG  - Cuenta de impuestos: 2901-00-000-0000-00-00-171-00001-00
2017-09-21 16:12:28,296 [8] DEBUG  - Cuenta de Producto: 4301-06-201-0201-00-03-174-10052-65
2017-09-21 16:12:34,404 [8] DEBUG  - Cuenta de Producto: 4301-06-201-0201-00-03-174-10052-02
2017-09-21 16:12:40,919 [8] DEBUG  - Cuenta de Producto: 4301-06-201-0201-00-03-174-10052-13
2017-09-21 16:12:47,972 [8] DEBUG  - Cuenta de Producto: 4301-06-201-0201-00-03-174-10052-09
2017-09-21 16:12:54,746 [8] DEBUG  - Cuenta de Producto: 4301-06-201-0201-00-03-174-10052-12
2017-09-21 16:13:02,053 [8] DEBUG  - Cuenta de comisiones GASTO 5302-06-201-0201-00-03-174-10052-65
2017-09-21 16:13:09,546 [8] DEBUG  - Cuenta de comisiones GASTO 5302-06-201-0201-00-03-174-10052-02
2017-09-21 16:13:17,801 [8] DEBUG  - Cuenta de comisiones GASTO 5302-06-201-0201-00-03-174-10052-13
2017-09-21 16:13:25,254 [8] DEBUG  - Cuenta de comisiones GASTO 5302-06-201-0201-00-03-174-10052-09
2017-09-21 16:13:32,615 [8] DEBUG  - Cuenta de comisiones GASTO 5302-06-201-0201-00-03-174-10052-12
2017-09-21 16:13:39,376 [8] DEBUG  - Cuenta de comisiones PAGO 2902-00-201-0201-00-03-174-10052-00
2017-09-21 16:13:39,376 [8] DEBUG  - Porcentaje Reserva Riesgos en curso: 40
2017-09-21 16:13:46,548 [8] DEBUG  - Cuenta para RRC GASTO: 5311-06-201-0201-00-03-174-10052-65
2017-09-21 16:13:52,980 [8] DEBUG  - Cuenta para RRC GASTO: 5311-06-201-0201-00-03-174-10052-02
2017-09-21 16:13:59,787 [8] DEBUG  - Cuenta para RRC GASTO: 5311-06-201-0201-00-03-174-10052-13
2017-09-21 16:14:06,779 [8] DEBUG  - Cuenta para RRC GASTO: 5311-06-201-0201-00-03-174-10052-09
2017-09-21 16:14:13,480 [8] DEBUG  - Cuenta para RRC GASTO: 5311-06-201-0201-00-03-174-10052-12
2017-09-21 16:14:19,015 [8] DEBUG  - Cuenta para RRC PASIVO: 2206-00-201-0201-00-03-174-10052-00
