2017-07-25 09:57:36,866 [9] DEBUG  - Contruyendo encabezado
2017-07-25 09:57:36,866 [9] DEBUG  - Creacion de numero de batch SF09:57 2572017
2017-07-25 09:57:37,553 [9] DEBUG  - Se obtiene el cliente de GP 1-05-418625
2017-07-25 09:57:44,286 [9] WARN  - No se ha encontrado el ITEMNMBR adecuado
2017-07-25 09:58:36,530 [9] DEBUG  - Cuenta por cobrar: 1302-06-201-0600-00-05-179-10099-00
2017-07-25 09:58:36,530 [9] DEBUG  - Cuenta de producto: 4301-06-201-0600-00-05-179-10099-11
2017-07-25 09:58:36,530 [9] DEBUG  - Cuenta de producto: 4301-06-201-0600-00-05-179-10099-17
2017-07-25 09:58:36,530 [9] DEBUG  - Cuenta de producto: 4301-06-201-0600-00-05-179-10099-24
2017-07-25 09:58:36,530 [9] DEBUG  - Cuenta de producto: 4301-06-201-0600-00-05-179-10099-13
2017-07-25 09:58:36,530 [9] DEBUG  - Cuenta de producto: 4301-06-201-0600-00-05-179-10099-01
2017-07-25 09:58:36,530 [9] DEBUG  - Cuenta de impuestos: 2701-00-000-0000-00-00-171-00001-00
2017-07-25 09:58:37,764 [9] DEBUG  - Cuenta de comisiones GASTO 5302-06-201-0600-00-05-179-10099-00
2017-07-25 09:58:37,764 [9] DEBUG  - Cuenta de comisiones PAGO 2902-00-201-0600-00-05-179-10099-00
2017-07-25 09:58:37,764 [9] DEBUG  - Porcentaje Reserva Riesgos en curso: 40
2017-07-25 09:58:38,421 [9] DEBUG  - Cuenta para RRC GASTO: 5311-06-201-0600-00-05-179-10099-11
2017-07-25 09:58:39,093 [9] DEBUG  - Cuenta para RRC GASTO: 5311-06-201-0600-00-05-179-10099-17
2017-07-25 09:58:39,765 [9] DEBUG  - Cuenta para RRC GASTO: 5311-06-201-0600-00-05-179-10099-24
2017-07-25 09:58:40,436 [9] DEBUG  - Cuenta para RRC GASTO: 5311-06-201-0600-00-05-179-10099-13
2017-07-25 09:58:41,108 [9] DEBUG  - Cuenta para RRC GASTO: 5311-06-201-0600-00-05-179-10099-01
2017-07-25 09:58:41,718 [9] DEBUG  - Cuenta para RRC PASIVO: 2201-00-201-0600-00-05-179-10099-00
2017-07-25 09:58:42,327 [9] DEBUG  - Reaseguradores - cuenta corriente: 2402-00-201-0600-00-05-179-10099-00
