2017-10-28 14:34:59,863 [10] DEBUG  - Total de Transacciones: 65
2017-10-28 14:35:13,181 [10] DEBUG  - Contruyendo encabezado
2017-10-28 14:35:13,619 [10] DEBUG  - Creacion de numero de batch SFNC2810201714
2017-10-28 14:35:15,660 [10] DEBUG  - Se obtiene el cliente de GP 1-05-431689
2017-10-28 14:35:29,464 [10] DEBUG  - Cuenta por cobrar: 1302-06-201-0405-00-05-177-10002-00
2017-10-28 14:35:29,464 [10] DEBUG  - Cuenta de impuestos: 2901-00-000-0000-00-00-171-00001-00
2017-10-28 14:35:30,386 [10] DEBUG  - Cuenta de Producto: 4301-06-201-0405-00-05-177-10002-65
2017-10-28 14:35:31,293 [10] DEBUG  - Cuenta de Producto: 4301-06-201-0405-00-05-177-10002-24
2017-10-28 14:35:32,230 [10] DEBUG  - Cuenta de Producto: 4301-06-201-0405-00-05-177-10002-15
2017-10-28 14:35:33,137 [10] DEBUG  - Cuenta de Producto: 4301-06-201-0405-00-05-177-10002-04
2017-10-28 14:35:34,027 [10] DEBUG  - Cuenta de Producto: 4301-06-201-0405-00-05-177-10002-02
2017-10-28 14:35:34,934 [10] DEBUG  - Cuenta de Producto: 4301-06-201-0405-00-05-177-10002-13
2017-10-28 14:35:35,871 [10] DEBUG  - Cuenta de Producto: 4301-06-201-0405-00-05-177-10002-06
2017-10-28 14:35:36,793 [10] DEBUG  - Cuenta de Producto: 4301-06-201-0405-00-05-177-10002-09
2017-10-28 14:35:37,684 [10] DEBUG  - Cuenta de Producto: 4301-06-201-0405-00-05-177-10002-12
2017-10-28 14:35:38,590 [10] DEBUG  - Cuenta de Producto: 4301-06-201-0405-00-05-177-10002-07
2017-10-28 14:35:39,793 [10] DEBUG  - Cuenta de Producto: 4301-06-201-0405-00-05-177-10002-05
2017-10-28 14:35:40,716 [10] DEBUG  - Cuenta de Producto: 4301-06-201-0405-00-05-177-10002-49
2017-10-28 14:35:41,797 [10] DEBUG  - Cuenta de comisiones GASTO 5302-06-201-0405-00-05-177-10002-65
2017-10-28 14:35:43,031 [10] DEBUG  - Cuenta de comisiones GASTO 5302-06-201-0405-00-05-177-10002-24
2017-10-28 14:35:44,272 [10] DEBUG  - Cuenta de comisiones GASTO 5302-06-201-0405-00-05-177-10002-15
2017-10-28 14:35:45,537 [10] DEBUG  - Cuenta de comisiones GASTO 5302-06-201-0405-00-05-177-10002-04
2017-10-28 14:35:46,787 [10] DEBUG  - Cuenta de comisiones GASTO 5302-06-201-0405-00-05-177-10002-02
2017-10-28 14:35:48,023 [10] DEBUG  - Cuenta de comisiones GASTO 5302-06-201-0405-00-05-177-10002-13
2017-10-28 14:35:49,246 [10] DEBUG  - Cuenta de comisiones GASTO 5302-06-201-0405-00-05-177-10002-06
2017-10-28 14:35:50,465 [10] DEBUG  - Cuenta de comisiones GASTO 5302-06-201-0405-00-05-177-10002-09
2017-10-28 14:35:52,008 [10] DEBUG  - Cuenta de comisiones GASTO 5302-06-201-0405-00-05-177-10002-12
2017-10-28 14:35:53,225 [10] DEBUG  - Cuenta de comisiones GASTO 5302-06-201-0405-00-05-177-10002-07
2017-10-28 14:35:54,460 [10] DEBUG  - Cuenta de comisiones GASTO 5302-06-201-0405-00-05-177-10002-05
2017-10-28 14:35:55,694 [10] DEBUG  - Cuenta de comisiones GASTO 5302-06-201-0405-00-05-177-10002-49
2017-10-28 14:35:56,679 [10] DEBUG  - Cuenta de comisiones PAGO 2902-00-201-0405-00-05-177-10002-00
2017-10-28 14:35:56,679 [10] DEBUG  - Porcentaje Reserva Riesgos en curso: 40
2017-10-28 14:35:57,570 [10] DEBUG  - Cuenta para RRC GASTO: 5311-06-201-0405-00-05-177-10002-65
2017-10-28 14:35:58,476 [10] DEBUG  - Cuenta para RRC GASTO: 5311-06-201-0405-00-05-177-10002-24
2017-10-28 14:35:59,375 [10] DEBUG  - Cuenta para RRC GASTO: 5311-06-201-0405-00-05-177-10002-15
2017-10-28 14:36:00,316 [10] DEBUG  - Cuenta para RRC GASTO: 5311-06-201-0405-00-05-177-10002-04
2017-10-28 14:36:01,223 [10] DEBUG  - Cuenta para RRC GASTO: 5311-06-201-0405-00-05-177-10002-02
2017-10-28 14:36:02,160 [10] DEBUG  - Cuenta para RRC GASTO: 5311-06-201-0405-00-05-177-10002-13
2017-10-28 14:36:03,067 [10] DEBUG  - Cuenta para RRC GASTO: 5311-06-201-0405-00-05-177-10002-06
2017-10-28 14:36:03,957 [10] DEBUG  - Cuenta para RRC GASTO: 5311-06-201-0405-00-05-177-10002-09
2017-10-28 14:36:05,176 [10] DEBUG  - Cuenta para RRC GASTO: 5311-06-201-0405-00-05-177-10002-12
2017-10-28 14:36:06,082 [10] DEBUG  - Cuenta para RRC GASTO: 5311-06-201-0405-00-05-177-10002-07
2017-10-28 14:36:06,973 [10] DEBUG  - Cuenta para RRC GASTO: 5311-06-201-0405-00-05-177-10002-05
2017-10-28 14:36:08,208 [10] DEBUG  - Cuenta para RRC GASTO: 5311-06-201-0405-00-05-177-10002-49
2017-10-28 14:36:09,020 [10] DEBUG  - Cuenta para RRC PASIVO: 2206-00-201-0405-00-05-177-10002-00
2017-10-28 14:36:17,664 [10] DEBUG  - Reaseguro Contractual: 5306-06-201-0405-00-05-177-10002-04
2017-10-28 14:36:18,899 [10] DEBUG  - Reaseguradores Comision por Reaseguro: 4302-06-201-0405-00-05-177-10002-04
2017-10-28 14:36:19,789 [10] DEBUG  - Reaseguro Contractual: 5306-06-201-0405-00-05-177-10002-06
2017-10-28 14:36:20,696 [10] DEBUG  - Reaseguradores Comision por Reaseguro: 4302-06-201-0405-00-05-177-10002-06
2017-10-28 14:36:21,602 [10] DEBUG  - Reaseguro Contractual: 5306-06-201-0405-00-05-177-10002-07
2017-10-28 14:36:22,493 [10] DEBUG  - Reaseguradores Comision por Reaseguro: 4302-06-201-0405-00-05-177-10002-07
2017-10-28 14:36:23,399 [10] DEBUG  - Reaseguro Contractual: 5306-06-201-0405-00-05-177-10002-05
2017-10-28 14:36:24,306 [10] DEBUG  - Reaseguradores Comision por Reaseguro: 4302-06-201-0405-00-05-177-10002-05
2017-10-28 14:36:25,134 [10] DEBUG  - Reaseguradores - cuenta corriente: 2402-00-201-0405-00-05-177-10002-00
2017-10-28 14:39:44,635 [8] DEBUG  - Total de Transacciones: 1
2017-10-28 14:39:54,243 [8] DEBUG  - Contruyendo encabezado
2017-10-28 14:39:54,602 [8] DEBUG  - Creacion de numero de batch SFFA2810201714
2017-10-28 14:39:56,845 [8] DEBUG  - Se obtiene el cliente de GP 3-05-498614
2017-10-28 14:41:34,889 [8] DEBUG  - Cuenta por cobrar: 1302-06-201-0201-00-04-177-10039-00
2017-10-28 14:41:38,922 [8] DEBUG  - Cuenta de producto: 4301-06-201-0201-00-04-177-10039-65
2017-10-28 14:41:41,672 [8] DEBUG  - Cuenta de producto: 4301-06-201-0201-00-04-177-10039-02
2017-10-28 14:41:44,438 [8] DEBUG  - Cuenta de producto: 4301-06-201-0201-00-04-177-10039-13
2017-10-28 14:41:46,954 [8] DEBUG  - Cuenta de producto: 4301-06-201-0201-00-04-177-10039-09
2017-10-28 14:42:01,403 [8] DEBUG  - Cuenta de producto: 4301-06-201-0201-00-04-177-10039-12
2017-10-28 14:42:02,811 [8] DEBUG  - Cuenta de impuestos: 2901-00-000-0000-00-00-171-00001-00
2017-10-28 14:42:06,002 [8] DEBUG  - Cuenta de comisiones GASTO 5302-06-201-0201-00-04-177-10039-65
2017-10-28 14:42:07,643 [8] DEBUG  - Cuenta de comisiones GASTO 5302-06-201-0201-00-04-177-10039-02
2017-10-28 14:42:08,955 [8] DEBUG  - Cuenta de comisiones GASTO 5302-06-201-0201-00-04-177-10039-13
2017-10-28 14:42:10,205 [8] DEBUG  - Cuenta de comisiones GASTO 5302-06-201-0201-00-04-177-10039-09
2017-10-28 14:42:11,424 [8] DEBUG  - Cuenta de comisiones GASTO 5302-06-201-0201-00-04-177-10039-12
2017-10-28 14:42:16,966 [8] DEBUG  - Cuenta de comisiones PAGO 2902-00-201-0201-00-04-177-10039-00
2017-10-28 14:42:16,966 [8] DEBUG  - Porcentaje Reserva Riesgos en curso: 40
2017-10-28 14:42:17,857 [8] DEBUG  - Cuenta para RRC GASTO: 5311-06-201-0201-00-04-177-10039-65
2017-10-28 14:42:19,060 [8] DEBUG  - Cuenta para RRC GASTO: 5311-06-201-0201-00-04-177-10039-02
2017-10-28 14:42:19,951 [8] DEBUG  - Cuenta para RRC GASTO: 5311-06-201-0201-00-04-177-10039-13
2017-10-28 14:42:20,841 [8] DEBUG  - Cuenta para RRC GASTO: 5311-06-201-0201-00-04-177-10039-09
2017-10-28 14:42:21,747 [8] DEBUG  - Cuenta para RRC GASTO: 5311-06-201-0201-00-04-177-10039-12
2017-10-28 14:42:22,560 [8] DEBUG  - Cuenta para RRC PASIVO: 2206-00-201-0201-00-04-177-10039-00
2017-10-28 14:55:13,738 [10] DEBUG  - Total de Transacciones: 1
2017-10-28 14:55:25,208 [10] DEBUG  - Contruyendo encabezado
2017-10-28 14:55:25,208 [10] DEBUG  - Creacion de numero de batch SFFA2810201714
2017-10-28 14:55:26,412 [10] DEBUG  - Se obtiene el cliente de GP 3-05-498614
2017-10-28 14:55:38,710 [10] DEBUG  - Cuenta por cobrar: 1302-06-201-0201-00-04-177-10039-00
2017-10-28 14:55:38,710 [10] DEBUG  - Cuenta de producto: 4301-06-201-0201-00-04-177-10039-65
2017-10-28 14:55:38,710 [10] DEBUG  - Cuenta de producto: 4301-06-201-0201-00-04-177-10039-02
2017-10-28 14:55:38,710 [10] DEBUG  - Cuenta de producto: 4301-06-201-0201-00-04-177-10039-13
2017-10-28 14:55:38,710 [10] DEBUG  - Cuenta de producto: 4301-06-201-0201-00-04-177-10039-09
2017-10-28 14:55:38,710 [10] DEBUG  - Cuenta de producto: 4301-06-201-0201-00-04-177-10039-12
2017-10-28 14:55:39,152 [10] DEBUG  - Cuenta de impuestos: 2901-00-000-0000-00-00-171-00001-00
2017-10-28 14:55:41,473 [10] DEBUG  - Cuenta de comisiones GASTO 5302-06-201-0201-00-04-177-10039-65
2017-10-28 14:55:42,785 [10] DEBUG  - Cuenta de comisiones GASTO 5302-06-201-0201-00-04-177-10039-02
2017-10-28 14:55:44,098 [10] DEBUG  - Cuenta de comisiones GASTO 5302-06-201-0201-00-04-177-10039-13
2017-10-28 14:55:45,426 [10] DEBUG  - Cuenta de comisiones GASTO 5302-06-201-0201-00-04-177-10039-09
2017-10-28 14:55:46,754 [10] DEBUG  - Cuenta de comisiones GASTO 5302-06-201-0201-00-04-177-10039-12
2017-10-28 14:55:50,091 [10] DEBUG  - Cuenta de comisiones PAGO 2902-00-201-0201-00-04-177-10039-00
2017-10-28 14:55:50,091 [10] DEBUG  - Porcentaje Reserva Riesgos en curso: 40
2017-10-28 14:55:51,060 [10] DEBUG  - Cuenta para RRC GASTO: 5311-06-201-0201-00-04-177-10039-65
2017-10-28 14:55:52,029 [10] DEBUG  - Cuenta para RRC GASTO: 5311-06-201-0201-00-04-177-10039-02
2017-10-28 14:55:52,998 [10] DEBUG  - Cuenta para RRC GASTO: 5311-06-201-0201-00-04-177-10039-13
2017-10-28 14:55:53,951 [10] DEBUG  - Cuenta para RRC GASTO: 5311-06-201-0201-00-04-177-10039-09
2017-10-28 14:55:54,920 [10] DEBUG  - Cuenta para RRC GASTO: 5311-06-201-0201-00-04-177-10039-12
2017-10-28 14:55:56,092 [10] DEBUG  - Cuenta para RRC PASIVO: 2206-00-201-0201-00-04-177-10039-00
2017-10-28 14:57:20,296 [10] DEBUG  - Invoice Creado:<eConnect xmlns:xsd="http://www.w3.org/2001/XMLSchema" xmlns:xsi="http://www.w3.org/2001/XMLSchema-instance">
  <SOPTransactionType>
    <taSopLineIvcInsert_Items>
      <taSopLineIvcInsert>
        <SOPTYPE>3</SOPTYPE>
        <SOPNUMBE>INV2409034          </SOPNUMBE>
        <CUSTNMBR>3-05-498614    </CUSTNMBR>
        <DOCDATE>2017-10-28</DOCDATE>
        <USERDATE>2017-10-28</USERDATE>
        <ITEMNMBR>AUTO - LEY                     </ITEMNMBR>
        <AutoAssignBin>0</AutoAssignBin>
        <UNITPRCE>81.86</UNITPRCE>
        <XTNDPRCE>81.86</XTNDPRCE>
        <QUANTITY>1</QUANTITY>
        <ITEMDESC>Accidentes Personales Para El Conductor</ITEMDESC>
        <DOCID>INV</DOCID>
        <Print_Phone_NumberGB>0</Print_Phone_NumberGB>
        <INVINDX>4301-06-201-0201-00-04-177-10039-65</INVINDX>
        <CSLSINDX>4301-06-201-0201-00-04-177-10039-65</CSLSINDX>
        <SLSINDX>4301-06-201-0201-00-04-177-10039-65</SLSINDX>
        <QtyShrtOpt>1</QtyShrtOpt>
      </taSopLineIvcInsert>
      <taSopLineIvcInsert>
        <SOPTYPE>3</SOPTYPE>
        <SOPNUMBE>INV2409034          </SOPNUMBE>
        <CUSTNMBR>3-05-498614    </CUSTNMBR>
        <DOCDATE>2017-10-28</DOCDATE>
        <USERDATE>2017-10-28</USERDATE>
        <ITEMNMBR>AUTO - LEY                     </ITEMNMBR>
        <AutoAssignBin>0</AutoAssignBin>
        <UNITPRCE>573.05</UNITPRCE>
        <XTNDPRCE>573.05</XTNDPRCE>
        <QUANTITY>1</QUANTITY>
        <ITEMDESC>Daños a La Propiedad Ajena</ITEMDESC>
        <DOCID>INV</DOCID>
        <Print_Phone_NumberGB>0</Print_Phone_NumberGB>
        <INVINDX>4301-06-201-0201-00-04-177-10039-02</INVINDX>
        <CSLSINDX>4301-06-201-0201-00-04-177-10039-02</CSLSINDX>
        <SLSINDX>4301-06-201-0201-00-04-177-10039-02</SLSINDX>
        <QtyShrtOpt>1</QtyShrtOpt>
      </taSopLineIvcInsert>
      <taSopLineIvcInsert>
        <SOPTYPE>3</SOPTYPE>
        <SOPNUMBE>INV2409034          </SOPNUMBE>
        <CUSTNMBR>3-05-498614    </CUSTNMBR>
        <DOCDATE>2017-10-28</DOCDATE>
        <USERDATE>2017-10-28</USERDATE>
        <ITEMNMBR>AUTO - LEY                     </ITEMNMBR>
        <AutoAssignBin>0</AutoAssignBin>
        <UNITPRCE>163.73</UNITPRCE>
        <XTNDPRCE>163.73</XTNDPRCE>
        <QUANTITY>1</QUANTITY>
        <ITEMDESC>Fianza Judicial Al Conductor</ITEMDESC>
        <DOCID>INV</DOCID>
        <Print_Phone_NumberGB>0</Print_Phone_NumberGB>
        <INVINDX>4301-06-201-0201-00-04-177-10039-13</INVINDX>
        <CSLSINDX>4301-06-201-0201-00-04-177-10039-13</CSLSINDX>
        <SLSINDX>4301-06-201-0201-00-04-177-10039-13</SLSINDX>
        <QtyShrtOpt>1</QtyShrtOpt>
      </taSopLineIvcInsert>
      <taSopLineIvcInsert>
        <SOPTYPE>3</SOPTYPE>
        <SOPNUMBE>INV2409034          </SOPNUMBE>
        <CUSTNMBR>3-05-498614    </CUSTNMBR>
        <DOCDATE>2017-10-28</DOCDATE>
        <USERDATE>2017-10-28</USERDATE>
        <ITEMNMBR>AUTO - LEY                     </ITEMNMBR>
        <AutoAssignBin>0</AutoAssignBin>
        <UNITPRCE>654.91</UNITPRCE>
        <XTNDPRCE>654.91</XTNDPRCE>
        <QUANTITY>1</QUANTITY>
        <ITEMDESC>Lesiones o Muerte a Más De Una Persona</ITEMDESC>
        <DOCID>INV</DOCID>
        <Print_Phone_NumberGB>0</Print_Phone_NumberGB>
        <INVINDX>4301-06-201-0201-00-04-177-10039-09</INVINDX>
        <CSLSINDX>4301-06-201-0201-00-04-177-10039-09</CSLSINDX>
        <SLSINDX>4301-06-201-0201-00-04-177-10039-09</SLSINDX>
        <QtyShrtOpt>1</QtyShrtOpt>
      </taSopLineIvcInsert>
      <taSopLineIvcInsert>
        <SOPTYPE>3</SOPTYPE>
        <SOPNUMBE>INV2409034          </SOPNUMBE>
        <CUSTNMBR>3-05-498614    </CUSTNMBR>
        <DOCDATE>2017-10-28</DOCDATE>
        <USERDATE>2017-10-28</USERDATE>
        <ITEMNMBR>AUTO - LEY                     </ITEMNMBR>
        <AutoAssignBin>0</AutoAssignBin>
        <UNITPRCE>163.73</UNITPRCE>
        <XTNDPRCE>163.73</XTNDPRCE>
        <QUANTITY>1</QUANTITY>
        <ITEMDESC>Responsabilidad Civil a Más De Un Pasajero (Incluye Pasajero)</ITEMDESC>
        <DOCID>INV</DOCID>
        <Print_Phone_NumberGB>0</Print_Phone_NumberGB>
        <INVINDX>4301-06-201-0201-00-04-177-10039-12</INVINDX>
        <CSLSINDX>4301-06-201-0201-00-04-177-10039-12</CSLSINDX>
        <SLSINDX>4301-06-201-0201-00-04-177-10039-12</SLSINDX>
        <QtyShrtOpt>1</QtyShrtOpt>
      </taSopLineIvcInsert>
    </taSopLineIvcInsert_Items>
    <taSopCommissions_Items>
      <taSopCommissions>
        <SOPTYPE>3</SOPTYPE>
        <SOPNUMBE>INV2409034          </SOPNUMBE>
        <LNITMSEQ>16384</LNITMSEQ>
        <SLPRSNID>10726</SLPRSNID>
        <SALSTERR>04             </SALSTERR>
        <COMMAMNT>379.85</COMMAMNT>
        <PRCTOSAL>0</PRCTOSAL>
        <CUSTNMBR>3-05-498614    </CUSTNMBR>
      </taSopCommissions>
    </taSopCommissions_Items>
    <taSopLineIvcTaxInsert_Items>
      <taSopLineIvcTaxInsert>
        <SOPTYPE>3</SOPTYPE>
        <SOPNUMBE>INV2409034          </SOPNUMBE>
        <CUSTNMBR>3-05-498614    </CUSTNMBR>
        <TAXDTLID>DR</TAXDTLID>
        <ACTNUMST>2901-00-000-0000-00-00-171-00001-00</ACTNUMST>
        <STAXAMNT>261.96</STAXAMNT>
      </taSopLineIvcTaxInsert>
    </taSopLineIvcTaxInsert_Items>
    <taSopDistribution_Items>
      <taSopDistribution>
        <SOPTYPE>3</SOPTYPE>
        <SOPNUMBE>INV2409034          </SOPNUMBE>
        <DISTTYPE>2</DISTTYPE>
        <DistRef>Primas por Cobrar</DistRef>
        <ACTNUMST>1302-06-201-0201-00-04-177-10039-00</ACTNUMST>
        <DEBITAMT>1899.24</DEBITAMT>
        <CUSTNMBR>3-05-498614    </CUSTNMBR>
      </taSopDistribution>
      <taSopDistribution>
        <SOPTYPE>3</SOPTYPE>
        <SOPNUMBE>INV2409034          </SOPNUMBE>
        <DISTTYPE>1</DISTTYPE>
        <DistRef>Accidentes Personales Para El Conductor</DistRef>
        <ACTNUMST>4301-06-201-0201-00-04-177-10039-65</ACTNUMST>
        <CRDTAMNT>81.86</CRDTAMNT>
        <CUSTNMBR>3-05-498614    </CUSTNMBR>
      </taSopDistribution>
      <taSopDistribution>
        <SOPTYPE>3</SOPTYPE>
        <SOPNUMBE>INV2409034          </SOPNUMBE>
        <DISTTYPE>1</DISTTYPE>
        <DistRef>Daños a La Propiedad Ajena</DistRef>
        <ACTNUMST>4301-06-201-0201-00-04-177-10039-02</ACTNUMST>
        <CRDTAMNT>573.05</CRDTAMNT>
        <CUSTNMBR>3-05-498614    </CUSTNMBR>
      </taSopDistribution>
      <taSopDistribution>
        <SOPTYPE>3</SOPTYPE>
        <SOPNUMBE>INV2409034          </SOPNUMBE>
        <DISTTYPE>1</DISTTYPE>
        <DistRef>Fianza Judicial Al Conductor</DistRef>
        <ACTNUMST>4301-06-201-0201-00-04-177-10039-13</ACTNUMST>
        <CRDTAMNT>163.73</CRDTAMNT>
        <CUSTNMBR>3-05-498614    </CUSTNMBR>
      </taSopDistribution>
      <taSopDistribution>
        <SOPTYPE>3</SOPTYPE>
        <SOPNUMBE>INV2409034          </SOPNUMBE>
        <DISTTYPE>1</DISTTYPE>
        <DistRef>Lesiones o Muerte a Más De Una Persona</DistRef>
        <ACTNUMST>4301-06-201-0201-00-04-177-10039-09</ACTNUMST>
        <CRDTAMNT>654.91</CRDTAMNT>
        <CUSTNMBR>3-05-498614    </CUSTNMBR>
      </taSopDistribution>
      <taSopDistribution>
        <SOPTYPE>3</SOPTYPE>
        <SOPNUMBE>INV2409034          </SOPNUMBE>
        <DISTTYPE>1</DISTTYPE>
        <DistRef>Responsabilidad Civil a Más De Un Pasajero (Incluye Pasajero)</DistRef>
        <ACTNUMST>4301-06-201-0201-00-04-177-10039-12</ACTNUMST>
        <CRDTAMNT>163.73</CRDTAMNT>
        <CUSTNMBR>3-05-498614    </CUSTNMBR>
      </taSopDistribution>
      <taSopDistribution>
        <SOPTYPE>3</SOPTYPE>
        <SOPNUMBE>INV2409034          </SOPNUMBE>
        <DISTTYPE>9</DISTTYPE>
        <DistRef>ISC sobre prima pendiente de cobro</DistRef>
        <ACTNUMST>2901-00-000-0000-00-00-171-00001-00</ACTNUMST>
        <CRDTAMNT>261.96</CRDTAMNT>
        <CUSTNMBR>3-05-498614    </CUSTNMBR>
      </taSopDistribution>
      <taSopDistribution>
        <SOPTYPE>3</SOPTYPE>
        <SOPNUMBE>INV2409034          </SOPNUMBE>
        <DISTTYPE>11</DISTTYPE>
        <DistRef>Comisiones intermediarios</DistRef>
        <ACTNUMST>5302-06-201-0201-00-04-177-10039-65</ACTNUMST>
        <DEBITAMT>18.99</DEBITAMT>
        <CUSTNMBR>3-05-498614    </CUSTNMBR>
      </taSopDistribution>
      <taSopDistribution>
        <SOPTYPE>3</SOPTYPE>
        <SOPNUMBE>INV2409034          </SOPNUMBE>
        <DISTTYPE>11</DISTTYPE>
        <DistRef>Comisiones intermediarios</DistRef>
        <ACTNUMST>5302-06-201-0201-00-04-177-10039-02</ACTNUMST>
        <DEBITAMT>132.95</DEBITAMT>
        <CUSTNMBR>3-05-498614    </CUSTNMBR>
      </taSopDistribution>
      <taSopDistribution>
        <SOPTYPE>3</SOPTYPE>
        <SOPNUMBE>INV2409034          </SOPNUMBE>
        <DISTTYPE>11</DISTTYPE>
        <DistRef>Comisiones intermediarios</DistRef>
        <ACTNUMST>5302-06-201-0201-00-04-177-10039-13</ACTNUMST>
        <DEBITAMT>37.99</DEBITAMT>
        <CUSTNMBR>3-05-498614    </CUSTNMBR>
      </taSopDistribution>
      <taSopDistribution>
        <SOPTYPE>3</SOPTYPE>
        <SOPNUMBE>INV2409034          </SOPNUMBE>
        <DISTTYPE>11</DISTTYPE>
        <DistRef>Comisiones intermediarios</DistRef>
        <ACTNUMST>5302-06-201-0201-00-04-177-10039-09</ACTNUMST>
        <DEBITAMT>151.94</DEBITAMT>
        <CUSTNMBR>3-05-498614    </CUSTNMBR>
      </taSopDistribution>
      <taSopDistribution>
        <SOPTYPE>3</SOPTYPE>
        <SOPNUMBE>INV2409034          </SOPNUMBE>
        <DISTTYPE>11</DISTTYPE>
        <DistRef>Comisiones intermediarios</DistRef>
        <ACTNUMST>5302-06-201-0201-00-04-177-10039-12</ACTNUMST>
        <DEBITAMT>37.99</DEBITAMT>
        <CUSTNMBR>3-05-498614    </CUSTNMBR>
      </taSopDistribution>
      <taSopDistribution>
        <SOPTYPE>3</SOPTYPE>
        <SOPNUMBE>INV2409034          </SOPNUMBE>
        <DISTTYPE>12</DISTTYPE>
        <DistRef>Comisiones a intermediarios pendientes de cobro</DistRef>
        <ACTNUMST>2902-00-201-0201-00-04-177-10039-00</ACTNUMST>
        <CRDTAMNT>379.86</CRDTAMNT>
        <CUSTNMBR>3-05-498614    </CUSTNMBR>
      </taSopDistribution>
      <taSopDistribution>
        <SOPTYPE>3</SOPTYPE>
        <SOPNUMBE>INV2409034          </SOPNUMBE>
        <DISTTYPE>13</DISTTYPE>
        <DistRef>Reservas para RRC presente ejercicio</DistRef>
        <ACTNUMST>5311-06-201-0201-00-04-177-10039-65</ACTNUMST>
        <DEBITAMT>32.74</DEBITAMT>
        <CUSTNMBR>3-05-498614    </CUSTNMBR>
      </taSopDistribution>
      <taSopDistribution>
        <SOPTYPE>3</SOPTYPE>
        <SOPNUMBE>INV2409034          </SOPNUMBE>
        <DISTTYPE>13</DISTTYPE>
        <DistRef>Reservas para RRC presente ejercicio</DistRef>
        <ACTNUMST>5311-06-201-0201-00-04-177-10039-02</ACTNUMST>
        <DEBITAMT>229.22</DEBITAMT>
        <CUSTNMBR>3-05-498614    </CUSTNMBR>
      </taSopDistribution>
      <taSopDistribution>
        <SOPTYPE>3</SOPTYPE>
        <SOPNUMBE>INV2409034          </SOPNUMBE>
        <DISTTYPE>13</DISTTYPE>
        <DistRef>Reservas para RRC presente ejercicio</DistRef>
        <ACTNUMST>5311-06-201-0201-00-04-177-10039-13</ACTNUMST>
        <DEBITAMT>65.49</DEBITAMT>
        <CUSTNMBR>3-05-498614    </CUSTNMBR>
      </taSopDistribution>
      <taSopDistribution>
        <SOPTYPE>3</SOPTYPE>
        <SOPNUMBE>INV2409034          </SOPNUMBE>
        <DISTTYPE>13</DISTTYPE>
        <DistRef>Reservas para RRC presente ejercicio</DistRef>
        <ACTNUMST>5311-06-201-0201-00-04-177-10039-09</ACTNUMST>
        <DEBITAMT>261.96</DEBITAMT>
        <CUSTNMBR>3-05-498614    </CUSTNMBR>
      </taSopDistribution>
      <taSopDistribution>
        <SOPTYPE>3</SOPTYPE>
        <SOPNUMBE>INV2409034          </SOPNUMBE>
        <DISTTYPE>13</DISTTYPE>
        <DistRef>Reservas para RRC presente ejercicio</DistRef>
        <ACTNUMST>5311-06-201-0201-00-04-177-10039-12</ACTNUMST>
        <DEBITAMT>65.49</DEBITAMT>
        <CUSTNMBR>3-05-498614    </CUSTNMBR>
      </taSopDistribution>
      <taSopDistribution>
        <SOPTYPE>3</SOPTYPE>
        <SOPNUMBE>INV2409034          </SOPNUMBE>
        <DISTTYPE>13</DISTTYPE>
        <DistRef>Reservas para RRC </DistRef>
        <ACTNUMST>2206-00-201-0201-00-04-177-10039-00</ACTNUMST>
        <CRDTAMNT>654.90</CRDTAMNT>
        <CUSTNMBR>3-05-498614    </CUSTNMBR>
      </taSopDistribution>
    </taSopDistribution_Items>
    <taSopHdrIvcInsert>
      <SOPTYPE>3</SOPTYPE>
      <DOCID>INV</DOCID>
      <SOPNUMBE>INV2409034          </SOPNUMBE>
      <TAXSCHID>DR</TAXSCHID>
      <TAXAMNT>261.96</TAXAMNT>
      <LOCNCODE>PRIMARY</LOCNCODE>
      <DOCDATE>2017-10-28</DOCDATE>
      <CUSTNMBR>3-05-498614    </CUSTNMBR>
      <CITY>SANTO DOMINGO</CITY>
      <COUNTRY>Republica Dominicana</COUNTRY>
      <Print_Phone_NumberGB>0</Print_Phone_NumberGB>
      <SUBTOTAL>1637.28</SUBTOTAL>
      <DOCAMNT>1899.24</DOCAMNT>
      <SLPRSNID>10726</SLPRSNID>
      <BACHNUMB>SFFA2810201714</BACHNUMB>
      <DUEDATE>2017-10-28</DUEDATE>
      <USINGHEADERLEVELTAXES>1</USINGHEADERLEVELTAXES>
      <COMMAMNT>379.85</COMMAMNT>
      <CREATEDIST>0</CREATEDIST>
      <RATEEXPR>0</RATEEXPR>
      <DYSTINCR>0</DYSTINCR>
      <TRXDTDEF>0</TRXDTDEF>
      <RTCLCMTD>0</RTCLCMTD>
      <INTEGRATIONID>SYSFLEX</INTEGRATIONID>
    </taSopHdrIvcInsert>
  </SOPTransactionType>
</eConnect>
