2017-06-29 16:01:09,011 [10] DEBUG  - Inicia sincronización de Poliza: 4-05-464530
2017-06-29 16:01:38,231 [10] DEBUG  - Poliza sincronizada correctamente: 4-05-464530
2017-06-29 16:01:40,446 [10] DEBUG  - Finaliza la sincronización de Poliza: 4-05-464530
2017-06-29 16:01:47,890 [10] DEBUG  - Inicia sincronización de Poliza: 1-201-451
2017-06-29 16:02:15,408 [10] DEBUG  - Poliza sincronizada correctamente: 1-201-451
2017-06-29 16:02:16,229 [10] DEBUG  - Finaliza la sincronización de Poliza: 1-201-451
2017-06-29 16:02:18,852 [10] DEBUG  - Inicia sincronización de Poliza: 13-201-477
2017-06-29 16:09:19,207 [10] ERROR  - Ocurrio un error al crear la clase: C16081710094. Sql procedure error codes returned: 
Error Number = 3312  Stored Procedure= taCreateCustomerClass  Error Description = The Accounts Receivable Account (ACCTRECACCT) does not exist in GL00105 table - Account Index Master
Node Identifier Parameters: taCreateCustomerClass
CLASSID = C16081710094
Related Error Code Parameters for Node : taCreateCustomerClass
ACCTRECACCT = 1302-01-203-1623-00-05-179-10094-00


<taCreateCustomerClass>
  <CLASSID>C16081710094</CLASSID>
  <CLASDSCR>C16081710094</CLASDSCR>
  <CRLMTTYP>1</CRLMTTYP>
  <TAXSCHID>DR</TAXSCHID>
  <ACCTRECACCT>1302-01-203-1623-00-05-179-10094-00</ACCTRECACCT>
  <KPCALHST>0</KPCALHST>
  <KPDSTHST>0</KPDSTHST>
  <KPERHIST>0</KPERHIST>
  <KPTRXHST>0</KPTRXHST>
  <Revalue_Customer>0</Revalue_Customer>
</taCreateCustomerClass>

2017-06-29 16:10:34,425 [10] ERROR  - Ocurrió un error al sincronizar la póliza: 13-201-477. Sql procedure error codes returned: 
Error Number = 495  Stored Procedure= taUpdateCreateCustomerRcd  Error Description = The Customer Class ID does not exist in the RM Class Master Table
Node Identifier Parameters: taUpdateCreateCustomerRcd
CUSTNMBR = 13-201-477
Related Error Code Parameters for Node : taUpdateCreateCustomerRcd
CUSTCLAS = C16081710094


<taUpdateCreateCustomerRcd>
  <CUSTNMBR>13-201-477</CUSTNMBR>
  <CUSTNAME>Consultans La </CUSTNAME>
  <SHRTNAME>Consultans </SHRTNAME>
  <STMTNAME>Consultans </STMTNAME>
  <CUSTCLAS>C16081710094</CUSTCLAS>
  <ADRSCODE>PRIMARY        </ADRSCODE>
  <ADDRESS1>fdgdfgdg</ADDRESS1>
  <ADDRESS2>0</ADDRESS2>
  <ADDRESS3>0</ADDRESS3>
  <CITY>SANTO DOMINGO DE GUZMAN</CITY>
  <COUNTRY>REPUBLICA DOMINICANA</COUNTRY>
  <PHNUMBR1>4545454545</PHNUMBR1>
  <INTEGRATIONID>SYSFLEX</INTEGRATIONID>
  <UseCustomerClass>1</UseCustomerClass>
</taUpdateCreateCustomerRcd>

2017-06-29 16:10:34,871 [10] DEBUG  - Finaliza la sincronización de Poliza: 13-201-477
2017-06-29 16:10:36,491 [10] DEBUG  - Inicia sincronización de Poliza: 16-05-464532
2017-06-29 16:10:50,616 [10] WARN  - No existe una configuración para la linea de negocio 201 y producto: 0102
2017-06-29 16:10:51,965 [10] FATAL  - Ocurrió un error: 
System.NullReferenceException: Object reference not set to an instance of an object.
   at MODEL.AccountBuilder.GetSegment1(String segment3, String segment4, Int32 type) in C:\VSProjects\SysflexIntegration\MODEL\AccountBuilder.cs:line 545
2017-06-29 16:10:53,901 [10] ERROR  - Ocurrió un error: 
System.NullReferenceException: Object reference not set to an instance of an object.
   at MODEL.AccountBuilder.GetSegment1(String segment3, String segment4, Int32 type) in C:\VSProjects\SysflexIntegration\MODEL\AccountBuilder.cs:line 555
   at MODEL.AccountBuilder.BuildARAccount(Int32 typeAccount, String line_of_business, String policy_type, String vehicle_type, String zone, String country, String channel, String supervisor) in C:\VSProjects\SysflexIntegration\MODEL\AccountBuilder.cs:line 37
2017-06-29 16:10:55,487 [10] ERROR  - Ocurrió un error: 
System.NullReferenceException: Object reference not set to an instance of an object.
   at MODEL.AccountBuilder.GetSegment1(String segment3, String segment4, Int32 type) in C:\VSProjects\SysflexIntegration\MODEL\AccountBuilder.cs:line 555
   at MODEL.AccountBuilder.BuildARAccount(Int32 typeAccount, String line_of_business, String policy_type, String vehicle_type, String zone, String country, String channel, String supervisor) in C:\VSProjects\SysflexIntegration\MODEL\AccountBuilder.cs:line 63
   at PolicySync.BL.PolicyBL.CreateCustomerClass(String line_of_business, String policy_type, String vehicle_type, String zone, String country, String channel, String supervisor, String custclass) in C:\VSProjects\SysflexIntegration\PolicySync\BL\PolicyBL.cs:line 114
2017-06-29 16:11:16,204 [10] ERROR  - Ocurrió un error al sincronizar la póliza: 13-201-477. Sql procedure error codes returned: 
Error Number = 495  Stored Procedure= taUpdateCreateCustomerRcd  Error Description = The Customer Class ID does not exist in the RM Class Master Table
Node Identifier Parameters: taUpdateCreateCustomerRcd
CUSTNMBR = 13-201-477
Related Error Code Parameters for Node : taUpdateCreateCustomerRcd
CUSTCLAS = C16081710094


<taUpdateCreateCustomerRcd>
  <CUSTNMBR>13-201-477</CUSTNMBR>
  <CUSTNAME>Consultans La </CUSTNAME>
  <SHRTNAME>Consultans </SHRTNAME>
  <STMTNAME>Consultans </STMTNAME>
  <CUSTCLAS>C16081710094</CUSTCLAS>
  <ADRSCODE>PRIMARY        </ADRSCODE>
  <ADDRESS1>fdgdfgdg</ADDRESS1>
  <ADDRESS2>0</ADDRESS2>
  <ADDRESS3>0</ADDRESS3>
  <CITY>SANTO DOMINGO DE GUZMAN</CITY>
  <COUNTRY>REPUBLICA DOMINICANA</COUNTRY>
  <PHNUMBR1>4545454545</PHNUMBR1>
  <INTEGRATIONID>SYSFLEX</INTEGRATIONID>
  <UseCustomerClass>1</UseCustomerClass>
</taUpdateCreateCustomerRcd>

2017-06-29 16:11:47,235 [10] DEBUG  - Finaliza la sincronización de Poliza: 16-05-464532
2017-06-29 16:11:52,259 [10] DEBUG  - Inicia sincronización de Poliza: 1-05-464533
2017-06-29 16:12:11,893 [10] DEBUG  - Poliza sincronizada correctamente: 1-05-464533
2017-06-29 16:12:12,887 [10] DEBUG  - Finaliza la sincronización de Poliza: 1-05-464533
2017-06-29 16:12:15,726 [10] DEBUG  - Inicia sincronización de Poliza: 13-201-478
2017-06-29 16:12:31,034 [10] WARN  - Póliza no tiene Vehicle Type
2017-06-29 16:12:33,185 [10] ERROR  - Ocurrió un error: 
System.NullReferenceException: Object reference not set to an instance of an object.
   at MODEL.AccountBuilder.GetProductMapping(String policy_type, String vehicle_type) in C:\VSProjects\SysflexIntegration\MODEL\AccountBuilder.cs:line 349
2017-06-29 16:14:03,896 [10] ERROR  - Ocurrio un error al crear la clase: C16081710094. Sql procedure error codes returned: 
Error Number = 3312  Stored Procedure= taCreateCustomerClass  Error Description = The Accounts Receivable Account (ACCTRECACCT) does not exist in GL00105 table - Account Index Master
Node Identifier Parameters: taCreateCustomerClass
CLASSID = C16081710094
Related Error Code Parameters for Node : taCreateCustomerClass
ACCTRECACCT = 1302-01-203-1623-00-05-179-10094-00


<taCreateCustomerClass>
  <CLASSID>C16081710094</CLASSID>
  <CLASDSCR>C16081710094</CLASDSCR>
  <CRLMTTYP>1</CRLMTTYP>
  <TAXSCHID>DR</TAXSCHID>
  <ACCTRECACCT>1302-01-203-1623-00-05-179-10094-00</ACCTRECACCT>
  <KPCALHST>0</KPCALHST>
  <KPDSTHST>0</KPDSTHST>
  <KPERHIST>0</KPERHIST>
  <KPTRXHST>0</KPTRXHST>
  <Revalue_Customer>0</Revalue_Customer>
</taCreateCustomerClass>

2017-06-29 16:14:41,274 [10] ERROR  - Ocurrió un error al sincronizar la póliza: 13-201-478. Sql procedure error codes returned: 
Error Number = 495  Stored Procedure= taUpdateCreateCustomerRcd  Error Description = The Customer Class ID does not exist in the RM Class Master Table
Node Identifier Parameters: taUpdateCreateCustomerRcd
CUSTNMBR = 13-201-478
Related Error Code Parameters for Node : taUpdateCreateCustomerRcd
CUSTCLAS = C16081710094


<taUpdateCreateCustomerRcd>
  <CUSTNMBR>13-201-478</CUSTNMBR>
  <CUSTNAME>Dotelsoft  </CUSTNAME>
  <SHRTNAME>Dotelsoft </SHRTNAME>
  <STMTNAME>Dotelsoft </STMTNAME>
  <CUSTCLAS>C16081710094</CUSTCLAS>
  <ADRSCODE>PRIMARY        </ADRSCODE>
  <ADDRESS1>Calle Siempre Vivas #742</ADDRESS1>
  <ADDRESS2>0</ADDRESS2>
  <ADDRESS3>0</ADDRESS3>
  <CITY>SANTO DOMINGO DE GUZMAN</CITY>
  <COUNTRY>REPUBLICA DOMINICANA</COUNTRY>
  <PHNUMBR1>1111111111</PHNUMBR1>
  <INTEGRATIONID>SYSFLEX</INTEGRATIONID>
  <UseCustomerClass>1</UseCustomerClass>
</taUpdateCreateCustomerRcd>

2017-06-29 16:15:03,203 [10] DEBUG  - Finaliza la sincronización de Poliza: 13-201-478
