2017-09-30 12:50:57,569 [10] DEBUG  - Total de Transacciones: 1
2017-09-30 12:51:16,368 [10] DEBUG  - Contruyendo encabezado
2017-09-30 12:51:16,712 [10] DEBUG  - Creacion de numero de batch SF309201712
2017-09-30 12:51:19,119 [10] DEBUG  - Se obtiene el cliente de GP 5-05-459090
2017-09-30 13:01:44,100 [10] DEBUG  - Cuenta por cobrar: 1302-06-201-7000-00-04-176-10039-00
2017-09-30 13:01:48,420 [10] DEBUG  - Cuenta de producto: 4301-06-201-0570-00-04-176-10039-65
2017-09-30 13:01:51,658 [10] DEBUG  - Cuenta de producto: 4301-06-201-0570-00-04-176-10039-15
2017-09-30 13:01:55,208 [10] DEBUG  - Cuenta de producto: 4301-06-201-0570-00-04-176-10039-04
2017-09-30 13:01:55,208 [10] DEBUG  - Cuenta de producto: 4301-06-201-0570-00-04-176-10039-02
2017-09-30 13:01:55,208 [10] DEBUG  - Cuenta de producto: 4301-06-201-0570-00-04-176-10039-13
2017-09-30 13:01:55,208 [10] DEBUG  - Cuenta de producto: 4301-06-201-0570-00-04-176-10039-09
2017-09-30 13:01:55,208 [10] DEBUG  - Cuenta de producto: 4301-06-201-0570-00-04-176-10039-12
2017-09-30 13:01:55,208 [10] DEBUG  - Cuenta de producto: 4301-06-201-0570-00-04-176-10039-12
2017-09-30 13:01:55,208 [10] DEBUG  - Cuenta de producto: 4301-06-201-0570-00-04-176-10039-49
2017-09-30 13:01:55,208 [10] DEBUG  - Cuenta de producto: 4301-06-201-0270-00-04-176-10039-65
2017-09-30 13:01:55,208 [10] DEBUG  - Cuenta de producto: 4301-06-201-0270-00-04-176-10039-24
2017-09-30 13:01:55,208 [10] DEBUG  - Cuenta de producto: 4301-06-201-0270-00-04-176-10039-15
2017-09-30 13:01:55,208 [10] DEBUG  - Cuenta de producto: 4301-06-201-0270-00-04-176-10039-04
2017-09-30 13:01:55,208 [10] DEBUG  - Cuenta de producto: 4301-06-201-0270-00-04-176-10039-02
2017-09-30 13:01:55,208 [10] DEBUG  - Cuenta de producto: 4301-06-201-0270-00-04-176-10039-13
2017-09-30 13:01:55,208 [10] DEBUG  - Cuenta de producto: 4301-06-201-0270-00-04-176-10039-09
2017-09-30 13:01:55,208 [10] DEBUG  - Cuenta de producto: 4301-06-201-0270-00-04-176-10039-12
2017-09-30 13:01:55,208 [10] DEBUG  - Cuenta de producto: 4301-06-201-0270-00-04-176-10039-12
2017-09-30 13:01:55,208 [10] DEBUG  - Cuenta de producto: 4301-06-201-0270-00-04-176-10039-49
2017-09-30 13:01:55,208 [10] DEBUG  - Cuenta de producto: 4301-06-201-0370-00-04-176-10039-65
2017-09-30 13:01:55,208 [10] DEBUG  - Cuenta de producto: 4301-06-201-0370-00-04-176-10039-15
2017-09-30 13:01:55,208 [10] DEBUG  - Cuenta de producto: 4301-06-201-0370-00-04-176-10039-04
2017-09-30 13:01:55,208 [10] DEBUG  - Cuenta de producto: 4301-06-201-0370-00-04-176-10039-02
2017-09-30 13:01:55,208 [10] DEBUG  - Cuenta de producto: 4301-06-201-0370-00-04-176-10039-13
2017-09-30 13:01:55,208 [10] DEBUG  - Cuenta de producto: 4301-06-201-0370-00-04-176-10039-09
2017-09-30 13:01:55,208 [10] DEBUG  - Cuenta de producto: 4301-06-201-0370-00-04-176-10039-12
2017-09-30 13:01:55,208 [10] DEBUG  - Cuenta de producto: 4301-06-201-0370-00-04-176-10039-66
2017-09-30 13:01:55,208 [10] DEBUG  - Cuenta de producto: 4301-06-201-0370-00-04-176-10039-65
2017-09-30 13:01:55,208 [10] DEBUG  - Cuenta de producto: 4301-06-201-0370-00-04-176-10039-15
2017-09-30 13:01:55,208 [10] DEBUG  - Cuenta de producto: 4301-06-201-0370-00-04-176-10039-04
2017-09-30 13:01:55,208 [10] DEBUG  - Cuenta de producto: 4301-06-201-0370-00-04-176-10039-02
2017-09-30 13:01:55,208 [10] DEBUG  - Cuenta de producto: 4301-06-201-0370-00-04-176-10039-13
2017-09-30 13:01:55,208 [10] DEBUG  - Cuenta de producto: 4301-06-201-0370-00-04-176-10039-09
2017-09-30 13:01:55,208 [10] DEBUG  - Cuenta de producto: 4301-06-201-0370-00-04-176-10039-12
2017-09-30 13:01:55,208 [10] DEBUG  - Cuenta de producto: 4301-06-201-0370-00-04-176-10039-66
2017-09-30 13:01:55,208 [10] DEBUG  - Cuenta de producto: 4301-06-201-0370-00-04-176-10039-65
2017-09-30 13:01:55,208 [10] DEBUG  - Cuenta de producto: 4301-06-201-0370-00-04-176-10039-24
2017-09-30 13:01:55,208 [10] DEBUG  - Cuenta de producto: 4301-06-201-0370-00-04-176-10039-15
2017-09-30 13:01:55,208 [10] DEBUG  - Cuenta de producto: 4301-06-201-0370-00-04-176-10039-04
2017-09-30 13:01:55,208 [10] DEBUG  - Cuenta de producto: 4301-06-201-0370-00-04-176-10039-02
2017-09-30 13:01:55,208 [10] DEBUG  - Cuenta de producto: 4301-06-201-0370-00-04-176-10039-13
2017-09-30 13:01:55,208 [10] DEBUG  - Cuenta de producto: 4301-06-201-0370-00-04-176-10039-09
2017-09-30 13:01:55,208 [10] DEBUG  - Cuenta de producto: 4301-06-201-0370-00-04-176-10039-12
2017-09-30 13:01:55,208 [10] DEBUG  - Cuenta de producto: 4301-06-201-0370-00-04-176-10039-49
2017-09-30 13:01:55,208 [10] DEBUG  - Cuenta de producto: 4301-06-201-0470-00-04-176-10039-65
2017-09-30 13:01:55,208 [10] DEBUG  - Cuenta de producto: 4301-06-201-0470-00-04-176-10039-24
2017-09-30 13:01:55,208 [10] DEBUG  - Cuenta de producto: 4301-06-201-0470-00-04-176-10039-15
2017-09-30 13:01:55,208 [10] DEBUG  - Cuenta de producto: 4301-06-201-0470-00-04-176-10039-04
2017-09-30 13:01:55,208 [10] DEBUG  - Cuenta de producto: 4301-06-201-0470-00-04-176-10039-02
2017-09-30 13:01:55,208 [10] DEBUG  - Cuenta de producto: 4301-06-201-0470-00-04-176-10039-13
2017-09-30 13:01:55,208 [10] DEBUG  - Cuenta de producto: 4301-06-201-0470-00-04-176-10039-09
2017-09-30 13:01:55,208 [10] DEBUG  - Cuenta de producto: 4301-06-201-0470-00-04-176-10039-12
2017-09-30 13:01:55,208 [10] DEBUG  - Cuenta de producto: 4301-06-201-0470-00-04-176-10039-12
2017-09-30 13:01:55,208 [10] DEBUG  - Cuenta de producto: 4301-06-201-0470-00-04-176-10039-49
2017-09-30 13:01:55,208 [10] DEBUG  - Cuenta de producto: 4301-06-201-0570-00-04-176-10039-65
2017-09-30 13:01:55,208 [10] DEBUG  - Cuenta de producto: 4301-06-201-0570-00-04-176-10039-15
2017-09-30 13:01:55,208 [10] DEBUG  - Cuenta de producto: 4301-06-201-0570-00-04-176-10039-04
2017-09-30 13:01:55,208 [10] DEBUG  - Cuenta de producto: 4301-06-201-0570-00-04-176-10039-02
2017-09-30 13:01:55,208 [10] DEBUG  - Cuenta de producto: 4301-06-201-0570-00-04-176-10039-13
2017-09-30 13:01:55,208 [10] DEBUG  - Cuenta de producto: 4301-06-201-0570-00-04-176-10039-09
2017-09-30 13:01:55,208 [10] DEBUG  - Cuenta de producto: 4301-06-201-0570-00-04-176-10039-12
2017-09-30 13:01:55,208 [10] DEBUG  - Cuenta de producto: 4301-06-201-0570-00-04-176-10039-12
2017-09-30 13:01:55,208 [10] DEBUG  - Cuenta de producto: 4301-06-201-0570-00-04-176-10039-49
2017-09-30 13:01:55,208 [10] DEBUG  - Cuenta de producto: 4301-06-201-0570-00-04-176-10039-65
2017-09-30 13:01:55,208 [10] DEBUG  - Cuenta de producto: 4301-06-201-0570-00-04-176-10039-24
2017-09-30 13:01:55,208 [10] DEBUG  - Cuenta de producto: 4301-06-201-0570-00-04-176-10039-15
2017-09-30 13:01:55,208 [10] DEBUG  - Cuenta de producto: 4301-06-201-0570-00-04-176-10039-04
2017-09-30 13:01:55,208 [10] DEBUG  - Cuenta de producto: 4301-06-201-0570-00-04-176-10039-02
2017-09-30 13:01:55,208 [10] DEBUG  - Cuenta de producto: 4301-06-201-0570-00-04-176-10039-13
2017-09-30 13:01:55,208 [10] DEBUG  - Cuenta de producto: 4301-06-201-0570-00-04-176-10039-09
2017-09-30 13:01:55,208 [10] DEBUG  - Cuenta de producto: 4301-06-201-0570-00-04-176-10039-12
2017-09-30 13:01:55,208 [10] DEBUG  - Cuenta de producto: 4301-06-201-0570-00-04-176-10039-12
2017-09-30 13:01:55,208 [10] DEBUG  - Cuenta de producto: 4301-06-201-0570-00-04-176-10039-66
2017-09-30 13:01:55,208 [10] DEBUG  - Cuenta de producto: 4301-06-201-0570-00-04-176-10039-49
2017-09-30 13:02:04,054 [10] DEBUG  - Cuenta de impuestos: 2901-00-000-0000-00-00-171-00001-00
2017-09-30 13:02:35,251 [10] DEBUG  - Cuenta de comisiones GASTO 5302-06-201-0570-00-04-176-10039-65
2017-09-30 13:02:37,735 [10] DEBUG  - Cuenta de comisiones GASTO 5302-06-201-0570-00-04-176-10039-15
2017-09-30 13:02:40,720 [10] DEBUG  - Cuenta de comisiones GASTO 5302-06-201-0570-00-04-176-10039-04
2017-09-30 13:02:42,955 [10] DEBUG  - Cuenta de comisiones GASTO 5302-06-201-0570-00-04-176-10039-02
2017-09-30 13:02:45,392 [10] DEBUG  - Cuenta de comisiones GASTO 5302-06-201-0570-00-04-176-10039-13
2017-09-30 13:02:47,783 [10] DEBUG  - Cuenta de comisiones GASTO 5302-06-201-0570-00-04-176-10039-09
2017-09-30 13:02:50,111 [10] DEBUG  - Cuenta de comisiones GASTO 5302-06-201-0570-00-04-176-10039-12
2017-09-30 13:02:52,627 [10] DEBUG  - Cuenta de comisiones GASTO 5302-06-201-0570-00-04-176-10039-12
2017-09-30 13:02:55,143 [10] DEBUG  - Cuenta de comisiones GASTO 5302-06-201-0570-00-04-176-10039-49
2017-09-30 13:02:57,627 [10] DEBUG  - Cuenta de comisiones GASTO 5302-06-201-0270-00-04-176-10039-65
2017-09-30 13:02:59,924 [10] DEBUG  - Cuenta de comisiones GASTO 5302-06-201-0270-00-04-176-10039-24
2017-09-30 13:03:02,362 [10] DEBUG  - Cuenta de comisiones GASTO 5302-06-201-0270-00-04-176-10039-15
2017-09-30 13:03:04,112 [10] DEBUG  - Cuenta de comisiones GASTO 5302-06-201-0270-00-04-176-10039-04
2017-09-30 13:03:05,659 [10] DEBUG  - Cuenta de comisiones GASTO 5302-06-201-0270-00-04-176-10039-02
2017-09-30 13:03:07,191 [10] DEBUG  - Cuenta de comisiones GASTO 5302-06-201-0270-00-04-176-10039-13
2017-09-30 13:03:08,722 [10] DEBUG  - Cuenta de comisiones GASTO 5302-06-201-0270-00-04-176-10039-09
2017-09-30 13:03:10,285 [10] DEBUG  - Cuenta de comisiones GASTO 5302-06-201-0270-00-04-176-10039-12
2017-09-30 13:03:11,925 [10] DEBUG  - Cuenta de comisiones GASTO 5302-06-201-0270-00-04-176-10039-12
2017-09-30 13:03:13,456 [10] DEBUG  - Cuenta de comisiones GASTO 5302-06-201-0270-00-04-176-10039-49
2017-09-30 13:03:15,050 [10] DEBUG  - Cuenta de comisiones GASTO 5302-06-201-0370-00-04-176-10039-65
2017-09-30 13:03:16,675 [10] DEBUG  - Cuenta de comisiones GASTO 5302-06-201-0370-00-04-176-10039-15
2017-09-30 13:03:18,285 [10] DEBUG  - Cuenta de comisiones GASTO 5302-06-201-0370-00-04-176-10039-04
2017-09-30 13:03:19,848 [10] DEBUG  - Cuenta de comisiones GASTO 5302-06-201-0370-00-04-176-10039-02
2017-09-30 13:03:22,223 [10] DEBUG  - Cuenta de comisiones GASTO 5302-06-201-0370-00-04-176-10039-13
2017-09-30 13:03:24,738 [10] DEBUG  - Cuenta de comisiones GASTO 5302-06-201-0370-00-04-176-10039-09
2017-09-30 13:03:27,270 [10] DEBUG  - Cuenta de comisiones GASTO 5302-06-201-0370-00-04-176-10039-12
2017-09-30 13:03:30,505 [10] DEBUG  - Cuenta de comisiones GASTO 5302-06-201-0370-00-04-176-10039-66
2017-09-30 13:03:32,833 [10] DEBUG  - Cuenta de comisiones GASTO 5302-06-201-0370-00-04-176-10039-65
2017-09-30 13:03:34,411 [10] DEBUG  - Cuenta de comisiones GASTO 5302-06-201-0370-00-04-176-10039-15
2017-09-30 13:03:36,005 [10] DEBUG  - Cuenta de comisiones GASTO 5302-06-201-0370-00-04-176-10039-04
2017-09-30 13:03:37,552 [10] DEBUG  - Cuenta de comisiones GASTO 5302-06-201-0370-00-04-176-10039-02
2017-09-30 13:03:39,068 [10] DEBUG  - Cuenta de comisiones GASTO 5302-06-201-0370-00-04-176-10039-13
2017-09-30 13:03:40,661 [10] DEBUG  - Cuenta de comisiones GASTO 5302-06-201-0370-00-04-176-10039-09
2017-09-30 13:03:42,177 [10] DEBUG  - Cuenta de comisiones GASTO 5302-06-201-0370-00-04-176-10039-12
2017-09-30 13:03:44,599 [10] DEBUG  - Cuenta de comisiones GASTO 5302-06-201-0370-00-04-176-10039-66
2017-09-30 13:03:46,521 [10] DEBUG  - Cuenta de comisiones GASTO 5302-06-201-0370-00-04-176-10039-65
2017-09-30 13:03:48,771 [10] DEBUG  - Cuenta de comisiones GASTO 5302-06-201-0370-00-04-176-10039-24
2017-09-30 13:03:50,740 [10] DEBUG  - Cuenta de comisiones GASTO 5302-06-201-0370-00-04-176-10039-15
2017-09-30 13:03:52,944 [10] DEBUG  - Cuenta de comisiones GASTO 5302-06-201-0370-00-04-176-10039-04
2017-09-30 13:03:55,006 [10] DEBUG  - Cuenta de comisiones GASTO 5302-06-201-0370-00-04-176-10039-02
2017-09-30 13:03:57,366 [10] DEBUG  - Cuenta de comisiones GASTO 5302-06-201-0370-00-04-176-10039-13
2017-09-30 13:03:59,866 [10] DEBUG  - Cuenta de comisiones GASTO 5302-06-201-0370-00-04-176-10039-09
2017-09-30 13:04:02,022 [10] DEBUG  - Cuenta de comisiones GASTO 5302-06-201-0370-00-04-176-10039-12
2017-09-30 13:04:03,929 [10] DEBUG  - Cuenta de comisiones GASTO 5302-06-201-0370-00-04-176-10039-49
2017-09-30 13:04:05,507 [10] DEBUG  - Cuenta de comisiones GASTO 5302-06-201-0470-00-04-176-10039-65
2017-09-30 13:04:07,476 [10] DEBUG  - Cuenta de comisiones GASTO 5302-06-201-0470-00-04-176-10039-24
2017-09-30 13:04:09,117 [10] DEBUG  - Cuenta de comisiones GASTO 5302-06-201-0470-00-04-176-10039-15
2017-09-30 13:04:11,148 [10] DEBUG  - Cuenta de comisiones GASTO 5302-06-201-0470-00-04-176-10039-04
2017-09-30 13:04:13,132 [10] DEBUG  - Cuenta de comisiones GASTO 5302-06-201-0470-00-04-176-10039-02
2017-09-30 13:04:15,476 [10] DEBUG  - Cuenta de comisiones GASTO 5302-06-201-0470-00-04-176-10039-13
2017-09-30 13:04:17,742 [10] DEBUG  - Cuenta de comisiones GASTO 5302-06-201-0470-00-04-176-10039-09
2017-09-30 13:04:20,133 [10] DEBUG  - Cuenta de comisiones GASTO 5302-06-201-0470-00-04-176-10039-12
2017-09-30 13:04:22,071 [10] DEBUG  - Cuenta de comisiones GASTO 5302-06-201-0470-00-04-176-10039-12
2017-09-30 13:04:23,774 [10] DEBUG  - Cuenta de comisiones GASTO 5302-06-201-0470-00-04-176-10039-49
2017-09-30 13:04:26,180 [10] DEBUG  - Cuenta de comisiones GASTO 5302-06-201-0570-00-04-176-10039-65
2017-09-30 13:04:28,384 [10] DEBUG  - Cuenta de comisiones GASTO 5302-06-201-0570-00-04-176-10039-15
2017-09-30 13:04:30,446 [10] DEBUG  - Cuenta de comisiones GASTO 5302-06-201-0570-00-04-176-10039-04
2017-09-30 13:04:32,634 [10] DEBUG  - Cuenta de comisiones GASTO 5302-06-201-0570-00-04-176-10039-02
2017-09-30 13:04:34,806 [10] DEBUG  - Cuenta de comisiones GASTO 5302-06-201-0570-00-04-176-10039-13
2017-09-30 13:04:36,681 [10] DEBUG  - Cuenta de comisiones GASTO 5302-06-201-0570-00-04-176-10039-09
2017-09-30 13:04:38,650 [10] DEBUG  - Cuenta de comisiones GASTO 5302-06-201-0570-00-04-176-10039-12
2017-09-30 13:04:40,634 [10] DEBUG  - Cuenta de comisiones GASTO 5302-06-201-0570-00-04-176-10039-12
2017-09-30 13:04:42,619 [10] DEBUG  - Cuenta de comisiones GASTO 5302-06-201-0570-00-04-176-10039-49
2017-09-30 13:04:44,556 [10] DEBUG  - Cuenta de comisiones GASTO 5302-06-201-0570-00-04-176-10039-65
2017-09-30 13:04:46,619 [10] DEBUG  - Cuenta de comisiones GASTO 5302-06-201-0570-00-04-176-10039-24
2017-09-30 13:04:49,166 [10] DEBUG  - Cuenta de comisiones GASTO 5302-06-201-0570-00-04-176-10039-15
2017-09-30 13:04:51,354 [10] DEBUG  - Cuenta de comisiones GASTO 5302-06-201-0570-00-04-176-10039-04
2017-09-30 13:04:53,588 [10] DEBUG  - Cuenta de comisiones GASTO 5302-06-201-0570-00-04-176-10039-02
2017-09-30 13:04:55,292 [10] DEBUG  - Cuenta de comisiones GASTO 5302-06-201-0570-00-04-176-10039-13
2017-09-30 13:04:56,964 [10] DEBUG  - Cuenta de comisiones GASTO 5302-06-201-0570-00-04-176-10039-09
2017-09-30 13:04:58,964 [10] DEBUG  - Cuenta de comisiones GASTO 5302-06-201-0570-00-04-176-10039-12
2017-09-30 13:05:00,480 [10] DEBUG  - Cuenta de comisiones GASTO 5302-06-201-0570-00-04-176-10039-12
2017-09-30 13:05:02,698 [10] DEBUG  - Cuenta de comisiones GASTO 5302-06-201-0570-00-04-176-10039-66
2017-09-30 13:05:04,542 [10] DEBUG  - Cuenta de comisiones GASTO 5302-06-201-0570-00-04-176-10039-49
2017-09-30 13:06:18,395 [10] DEBUG  - Cuenta de comisiones PAGO 2902-00-201-0570-00-04-176-10039-00
2017-09-30 14:12:29,918 [9] DEBUG  - Total de Transacciones: 1
2017-09-30 14:12:42,953 [9] DEBUG  - Contruyendo encabezado
2017-09-30 14:12:43,266 [9] DEBUG  - Creacion de numero de batch SF309201714
2017-09-30 14:12:46,703 [9] DEBUG  - Se obtiene el cliente de GP 5-05-459090
2017-09-30 14:16:53,905 [9] DEBUG  - Cuenta por cobrar: 1302-06-201-7000-00-04-176-10039-00
2017-09-30 14:16:57,371 [9] DEBUG  - Cuenta de producto: 4301-06-201-0570-00-04-176-10039-65
2017-09-30 14:16:57,371 [9] DEBUG  - Cuenta de producto: 4301-06-201-0570-00-04-176-10039-15
2017-09-30 14:16:57,371 [9] DEBUG  - Cuenta de producto: 4301-06-201-0570-00-04-176-10039-04
2017-09-30 14:16:57,371 [9] DEBUG  - Cuenta de producto: 4301-06-201-0570-00-04-176-10039-02
2017-09-30 14:16:57,371 [9] DEBUG  - Cuenta de producto: 4301-06-201-0570-00-04-176-10039-13
2017-09-30 14:16:57,371 [9] DEBUG  - Cuenta de producto: 4301-06-201-0570-00-04-176-10039-09
2017-09-30 14:16:57,371 [9] DEBUG  - Cuenta de producto: 4301-06-201-0570-00-04-176-10039-12
2017-09-30 14:16:57,371 [9] DEBUG  - Cuenta de producto: 4301-06-201-0570-00-04-176-10039-12
2017-09-30 14:16:57,371 [9] DEBUG  - Cuenta de producto: 4301-06-201-0570-00-04-176-10039-49
2017-09-30 14:16:57,371 [9] DEBUG  - Cuenta de producto: 4301-06-201-0270-00-04-176-10039-65
2017-09-30 14:16:57,371 [9] DEBUG  - Cuenta de producto: 4301-06-201-0270-00-04-176-10039-24
2017-09-30 14:16:57,371 [9] DEBUG  - Cuenta de producto: 4301-06-201-0270-00-04-176-10039-15
2017-09-30 14:16:57,371 [9] DEBUG  - Cuenta de producto: 4301-06-201-0270-00-04-176-10039-04
2017-09-30 14:16:57,371 [9] DEBUG  - Cuenta de producto: 4301-06-201-0270-00-04-176-10039-02
2017-09-30 14:16:57,371 [9] DEBUG  - Cuenta de producto: 4301-06-201-0270-00-04-176-10039-13
2017-09-30 14:16:57,371 [9] DEBUG  - Cuenta de producto: 4301-06-201-0270-00-04-176-10039-09
2017-09-30 14:16:57,371 [9] DEBUG  - Cuenta de producto: 4301-06-201-0270-00-04-176-10039-12
2017-09-30 14:16:57,371 [9] DEBUG  - Cuenta de producto: 4301-06-201-0270-00-04-176-10039-12
2017-09-30 14:16:57,371 [9] DEBUG  - Cuenta de producto: 4301-06-201-0270-00-04-176-10039-49
2017-09-30 14:16:57,371 [9] DEBUG  - Cuenta de producto: 4301-06-201-0370-00-04-176-10039-65
2017-09-30 14:16:57,371 [9] DEBUG  - Cuenta de producto: 4301-06-201-0370-00-04-176-10039-15
2017-09-30 14:16:57,371 [9] DEBUG  - Cuenta de producto: 4301-06-201-0370-00-04-176-10039-04
2017-09-30 14:16:57,371 [9] DEBUG  - Cuenta de producto: 4301-06-201-0370-00-04-176-10039-02
2017-09-30 14:16:57,371 [9] DEBUG  - Cuenta de producto: 4301-06-201-0370-00-04-176-10039-13
2017-09-30 14:16:57,371 [9] DEBUG  - Cuenta de producto: 4301-06-201-0370-00-04-176-10039-09
2017-09-30 14:16:57,371 [9] DEBUG  - Cuenta de producto: 4301-06-201-0370-00-04-176-10039-12
2017-09-30 14:16:57,371 [9] DEBUG  - Cuenta de producto: 4301-06-201-0370-00-04-176-10039-66
2017-09-30 14:16:57,371 [9] DEBUG  - Cuenta de producto: 4301-06-201-0370-00-04-176-10039-65
2017-09-30 14:16:57,371 [9] DEBUG  - Cuenta de producto: 4301-06-201-0370-00-04-176-10039-15
2017-09-30 14:16:57,371 [9] DEBUG  - Cuenta de producto: 4301-06-201-0370-00-04-176-10039-04
2017-09-30 14:16:57,371 [9] DEBUG  - Cuenta de producto: 4301-06-201-0370-00-04-176-10039-02
2017-09-30 14:16:57,371 [9] DEBUG  - Cuenta de producto: 4301-06-201-0370-00-04-176-10039-13
2017-09-30 14:16:57,371 [9] DEBUG  - Cuenta de producto: 4301-06-201-0370-00-04-176-10039-09
2017-09-30 14:16:57,371 [9] DEBUG  - Cuenta de producto: 4301-06-201-0370-00-04-176-10039-12
2017-09-30 14:16:57,371 [9] DEBUG  - Cuenta de producto: 4301-06-201-0370-00-04-176-10039-66
2017-09-30 14:16:57,371 [9] DEBUG  - Cuenta de producto: 4301-06-201-0370-00-04-176-10039-65
2017-09-30 14:16:57,371 [9] DEBUG  - Cuenta de producto: 4301-06-201-0370-00-04-176-10039-24
2017-09-30 14:16:57,371 [9] DEBUG  - Cuenta de producto: 4301-06-201-0370-00-04-176-10039-15
2017-09-30 14:16:57,371 [9] DEBUG  - Cuenta de producto: 4301-06-201-0370-00-04-176-10039-04
2017-09-30 14:16:57,371 [9] DEBUG  - Cuenta de producto: 4301-06-201-0370-00-04-176-10039-02
2017-09-30 14:16:57,371 [9] DEBUG  - Cuenta de producto: 4301-06-201-0370-00-04-176-10039-13
2017-09-30 14:16:57,371 [9] DEBUG  - Cuenta de producto: 4301-06-201-0370-00-04-176-10039-09
2017-09-30 14:16:57,371 [9] DEBUG  - Cuenta de producto: 4301-06-201-0370-00-04-176-10039-12
2017-09-30 14:16:57,371 [9] DEBUG  - Cuenta de producto: 4301-06-201-0370-00-04-176-10039-49
2017-09-30 14:16:57,371 [9] DEBUG  - Cuenta de producto: 4301-06-201-0470-00-04-176-10039-65
2017-09-30 14:16:57,371 [9] DEBUG  - Cuenta de producto: 4301-06-201-0470-00-04-176-10039-24
2017-09-30 14:16:57,371 [9] DEBUG  - Cuenta de producto: 4301-06-201-0470-00-04-176-10039-15
2017-09-30 14:16:57,371 [9] DEBUG  - Cuenta de producto: 4301-06-201-0470-00-04-176-10039-04
2017-09-30 14:16:57,371 [9] DEBUG  - Cuenta de producto: 4301-06-201-0470-00-04-176-10039-02
2017-09-30 14:16:57,371 [9] DEBUG  - Cuenta de producto: 4301-06-201-0470-00-04-176-10039-13
2017-09-30 14:16:57,371 [9] DEBUG  - Cuenta de producto: 4301-06-201-0470-00-04-176-10039-09
2017-09-30 14:16:57,371 [9] DEBUG  - Cuenta de producto: 4301-06-201-0470-00-04-176-10039-12
2017-09-30 14:16:57,371 [9] DEBUG  - Cuenta de producto: 4301-06-201-0470-00-04-176-10039-12
2017-09-30 14:16:57,371 [9] DEBUG  - Cuenta de producto: 4301-06-201-0470-00-04-176-10039-49
2017-09-30 14:16:57,371 [9] DEBUG  - Cuenta de producto: 4301-06-201-0570-00-04-176-10039-65
2017-09-30 14:16:57,371 [9] DEBUG  - Cuenta de producto: 4301-06-201-0570-00-04-176-10039-15
2017-09-30 14:16:57,371 [9] DEBUG  - Cuenta de producto: 4301-06-201-0570-00-04-176-10039-04
2017-09-30 14:16:57,371 [9] DEBUG  - Cuenta de producto: 4301-06-201-0570-00-04-176-10039-02
2017-09-30 14:16:57,371 [9] DEBUG  - Cuenta de producto: 4301-06-201-0570-00-04-176-10039-13
2017-09-30 14:16:57,371 [9] DEBUG  - Cuenta de producto: 4301-06-201-0570-00-04-176-10039-09
2017-09-30 14:16:57,371 [9] DEBUG  - Cuenta de producto: 4301-06-201-0570-00-04-176-10039-12
2017-09-30 14:16:57,371 [9] DEBUG  - Cuenta de producto: 4301-06-201-0570-00-04-176-10039-12
2017-09-30 14:16:57,371 [9] DEBUG  - Cuenta de producto: 4301-06-201-0570-00-04-176-10039-49
2017-09-30 14:16:57,371 [9] DEBUG  - Cuenta de producto: 4301-06-201-0570-00-04-176-10039-65
2017-09-30 14:16:57,371 [9] DEBUG  - Cuenta de producto: 4301-06-201-0570-00-04-176-10039-24
2017-09-30 14:16:57,371 [9] DEBUG  - Cuenta de producto: 4301-06-201-0570-00-04-176-10039-15
2017-09-30 14:16:57,371 [9] DEBUG  - Cuenta de producto: 4301-06-201-0570-00-04-176-10039-04
2017-09-30 14:16:57,371 [9] DEBUG  - Cuenta de producto: 4301-06-201-0570-00-04-176-10039-02
2017-09-30 14:16:57,371 [9] DEBUG  - Cuenta de producto: 4301-06-201-0570-00-04-176-10039-13
2017-09-30 14:16:57,371 [9] DEBUG  - Cuenta de producto: 4301-06-201-0570-00-04-176-10039-09
2017-09-30 14:16:57,371 [9] DEBUG  - Cuenta de producto: 4301-06-201-0570-00-04-176-10039-12
2017-09-30 14:16:57,371 [9] DEBUG  - Cuenta de producto: 4301-06-201-0570-00-04-176-10039-12
2017-09-30 14:16:57,371 [9] DEBUG  - Cuenta de producto: 4301-06-201-0570-00-04-176-10039-66
2017-09-30 14:16:57,371 [9] DEBUG  - Cuenta de producto: 4301-06-201-0570-00-04-176-10039-49
2017-09-30 14:17:01,371 [9] DEBUG  - Cuenta de impuestos: 2901-00-000-0000-00-00-171-00001-00
2017-09-30 14:17:15,668 [9] DEBUG  - Cuenta de comisiones GASTO 5302-06-201-0570-00-04-176-10039-65
2017-09-30 14:19:35,721 [9] DEBUG  - Total de Transacciones: 1
2017-09-30 14:19:50,951 [9] DEBUG  - Contruyendo encabezado
2017-09-30 14:19:51,490 [9] DEBUG  - Creacion de numero de batch SF309201714
2017-09-30 14:19:53,787 [9] DEBUG  - Se obtiene el cliente de GP 5-05-459090
2017-09-30 14:23:40,180 [9] DEBUG  - Cuenta por cobrar: 1302-06-201-7000-00-04-176-10039-00
2017-09-30 14:23:43,165 [9] DEBUG  - Cuenta de producto: 4301-06-201-0570-00-04-176-10039-65
2017-09-30 14:23:46,279 [9] DEBUG  - Cuenta de producto: 4301-06-201-0570-00-04-176-10039-15
2017-09-30 14:23:51,096 [9] DEBUG  - Cuenta de producto: 4301-06-201-0570-00-04-176-10039-04
2017-09-30 14:23:51,096 [9] DEBUG  - Cuenta de producto: 4301-06-201-0570-00-04-176-10039-02
2017-09-30 14:23:51,096 [9] DEBUG  - Cuenta de producto: 4301-06-201-0570-00-04-176-10039-13
2017-09-30 14:23:51,096 [9] DEBUG  - Cuenta de producto: 4301-06-201-0570-00-04-176-10039-09
2017-09-30 14:23:51,096 [9] DEBUG  - Cuenta de producto: 4301-06-201-0570-00-04-176-10039-12
2017-09-30 14:23:51,096 [9] DEBUG  - Cuenta de producto: 4301-06-201-0570-00-04-176-10039-12
2017-09-30 14:23:51,096 [9] DEBUG  - Cuenta de producto: 4301-06-201-0570-00-04-176-10039-49
2017-09-30 14:23:51,096 [9] DEBUG  - Cuenta de producto: 4301-06-201-0270-00-04-176-10039-65
2017-09-30 14:23:51,096 [9] DEBUG  - Cuenta de producto: 4301-06-201-0270-00-04-176-10039-24
2017-09-30 14:23:51,096 [9] DEBUG  - Cuenta de producto: 4301-06-201-0270-00-04-176-10039-15
2017-09-30 14:23:51,096 [9] DEBUG  - Cuenta de producto: 4301-06-201-0270-00-04-176-10039-04
2017-09-30 14:23:51,096 [9] DEBUG  - Cuenta de producto: 4301-06-201-0270-00-04-176-10039-02
2017-09-30 14:23:51,096 [9] DEBUG  - Cuenta de producto: 4301-06-201-0270-00-04-176-10039-13
2017-09-30 14:23:51,096 [9] DEBUG  - Cuenta de producto: 4301-06-201-0270-00-04-176-10039-09
2017-09-30 14:23:51,096 [9] DEBUG  - Cuenta de producto: 4301-06-201-0270-00-04-176-10039-12
2017-09-30 14:23:51,096 [9] DEBUG  - Cuenta de producto: 4301-06-201-0270-00-04-176-10039-12
2017-09-30 14:23:51,096 [9] DEBUG  - Cuenta de producto: 4301-06-201-0270-00-04-176-10039-49
2017-09-30 14:23:51,096 [9] DEBUG  - Cuenta de producto: 4301-06-201-0370-00-04-176-10039-65
2017-09-30 14:23:51,096 [9] DEBUG  - Cuenta de producto: 4301-06-201-0370-00-04-176-10039-15
2017-09-30 14:23:51,096 [9] DEBUG  - Cuenta de producto: 4301-06-201-0370-00-04-176-10039-04
2017-09-30 14:23:51,096 [9] DEBUG  - Cuenta de producto: 4301-06-201-0370-00-04-176-10039-02
2017-09-30 14:23:51,096 [9] DEBUG  - Cuenta de producto: 4301-06-201-0370-00-04-176-10039-13
2017-09-30 14:23:51,096 [9] DEBUG  - Cuenta de producto: 4301-06-201-0370-00-04-176-10039-09
2017-09-30 14:23:51,096 [9] DEBUG  - Cuenta de producto: 4301-06-201-0370-00-04-176-10039-12
2017-09-30 14:23:51,096 [9] DEBUG  - Cuenta de producto: 4301-06-201-0370-00-04-176-10039-66
2017-09-30 14:23:51,096 [9] DEBUG  - Cuenta de producto: 4301-06-201-0370-00-04-176-10039-65
2017-09-30 14:23:51,096 [9] DEBUG  - Cuenta de producto: 4301-06-201-0370-00-04-176-10039-15
2017-09-30 14:23:51,096 [9] DEBUG  - Cuenta de producto: 4301-06-201-0370-00-04-176-10039-04
2017-09-30 14:23:51,096 [9] DEBUG  - Cuenta de producto: 4301-06-201-0370-00-04-176-10039-02
2017-09-30 14:23:51,096 [9] DEBUG  - Cuenta de producto: 4301-06-201-0370-00-04-176-10039-13
2017-09-30 14:23:51,096 [9] DEBUG  - Cuenta de producto: 4301-06-201-0370-00-04-176-10039-09
2017-09-30 14:23:51,096 [9] DEBUG  - Cuenta de producto: 4301-06-201-0370-00-04-176-10039-12
2017-09-30 14:23:51,096 [9] DEBUG  - Cuenta de producto: 4301-06-201-0370-00-04-176-10039-66
2017-09-30 14:23:51,096 [9] DEBUG  - Cuenta de producto: 4301-06-201-0370-00-04-176-10039-65
2017-09-30 14:23:51,096 [9] DEBUG  - Cuenta de producto: 4301-06-201-0370-00-04-176-10039-24
2017-09-30 14:23:51,096 [9] DEBUG  - Cuenta de producto: 4301-06-201-0370-00-04-176-10039-15
2017-09-30 14:23:51,096 [9] DEBUG  - Cuenta de producto: 4301-06-201-0370-00-04-176-10039-04
2017-09-30 14:23:51,096 [9] DEBUG  - Cuenta de producto: 4301-06-201-0370-00-04-176-10039-02
2017-09-30 14:23:51,096 [9] DEBUG  - Cuenta de producto: 4301-06-201-0370-00-04-176-10039-13
2017-09-30 14:23:51,096 [9] DEBUG  - Cuenta de producto: 4301-06-201-0370-00-04-176-10039-09
2017-09-30 14:23:51,096 [9] DEBUG  - Cuenta de producto: 4301-06-201-0370-00-04-176-10039-12
2017-09-30 14:23:51,096 [9] DEBUG  - Cuenta de producto: 4301-06-201-0370-00-04-176-10039-49
2017-09-30 14:23:51,096 [9] DEBUG  - Cuenta de producto: 4301-06-201-0470-00-04-176-10039-65
2017-09-30 14:23:51,096 [9] DEBUG  - Cuenta de producto: 4301-06-201-0470-00-04-176-10039-24
2017-09-30 14:23:51,096 [9] DEBUG  - Cuenta de producto: 4301-06-201-0470-00-04-176-10039-15
2017-09-30 14:23:51,096 [9] DEBUG  - Cuenta de producto: 4301-06-201-0470-00-04-176-10039-04
2017-09-30 14:23:51,096 [9] DEBUG  - Cuenta de producto: 4301-06-201-0470-00-04-176-10039-02
2017-09-30 14:23:51,096 [9] DEBUG  - Cuenta de producto: 4301-06-201-0470-00-04-176-10039-13
2017-09-30 14:23:51,096 [9] DEBUG  - Cuenta de producto: 4301-06-201-0470-00-04-176-10039-09
2017-09-30 14:23:51,096 [9] DEBUG  - Cuenta de producto: 4301-06-201-0470-00-04-176-10039-12
2017-09-30 14:23:51,096 [9] DEBUG  - Cuenta de producto: 4301-06-201-0470-00-04-176-10039-12
2017-09-30 14:23:51,096 [9] DEBUG  - Cuenta de producto: 4301-06-201-0470-00-04-176-10039-49
2017-09-30 14:23:51,096 [9] DEBUG  - Cuenta de producto: 4301-06-201-0570-00-04-176-10039-65
2017-09-30 14:23:51,096 [9] DEBUG  - Cuenta de producto: 4301-06-201-0570-00-04-176-10039-15
2017-09-30 14:23:51,096 [9] DEBUG  - Cuenta de producto: 4301-06-201-0570-00-04-176-10039-04
2017-09-30 14:23:51,096 [9] DEBUG  - Cuenta de producto: 4301-06-201-0570-00-04-176-10039-02
2017-09-30 14:23:51,096 [9] DEBUG  - Cuenta de producto: 4301-06-201-0570-00-04-176-10039-13
2017-09-30 14:23:51,096 [9] DEBUG  - Cuenta de producto: 4301-06-201-0570-00-04-176-10039-09
2017-09-30 14:23:51,096 [9] DEBUG  - Cuenta de producto: 4301-06-201-0570-00-04-176-10039-12
2017-09-30 14:23:51,096 [9] DEBUG  - Cuenta de producto: 4301-06-201-0570-00-04-176-10039-12
2017-09-30 14:23:51,096 [9] DEBUG  - Cuenta de producto: 4301-06-201-0570-00-04-176-10039-49
2017-09-30 14:23:51,096 [9] DEBUG  - Cuenta de producto: 4301-06-201-0570-00-04-176-10039-65
2017-09-30 14:23:51,096 [9] DEBUG  - Cuenta de producto: 4301-06-201-0570-00-04-176-10039-24
2017-09-30 14:23:51,096 [9] DEBUG  - Cuenta de producto: 4301-06-201-0570-00-04-176-10039-15
2017-09-30 14:23:51,096 [9] DEBUG  - Cuenta de producto: 4301-06-201-0570-00-04-176-10039-04
2017-09-30 14:23:51,096 [9] DEBUG  - Cuenta de producto: 4301-06-201-0570-00-04-176-10039-02
2017-09-30 14:23:51,096 [9] DEBUG  - Cuenta de producto: 4301-06-201-0570-00-04-176-10039-13
2017-09-30 14:23:51,096 [9] DEBUG  - Cuenta de producto: 4301-06-201-0570-00-04-176-10039-09
2017-09-30 14:23:51,096 [9] DEBUG  - Cuenta de producto: 4301-06-201-0570-00-04-176-10039-12
2017-09-30 14:23:51,096 [9] DEBUG  - Cuenta de producto: 4301-06-201-0570-00-04-176-10039-12
2017-09-30 14:23:51,096 [9] DEBUG  - Cuenta de producto: 4301-06-201-0570-00-04-176-10039-66
2017-09-30 14:23:51,096 [9] DEBUG  - Cuenta de producto: 4301-06-201-0570-00-04-176-10039-49
2017-09-30 14:23:55,346 [9] DEBUG  - Cuenta de impuestos: 2901-00-000-0000-00-00-171-00001-00
2017-09-30 14:24:10,960 [9] DEBUG  - Cuenta de comisiones GASTO 5302-06-201-0570-00-04-176-10039-65
2017-09-30 14:24:31,640 [9] DEBUG  - Cuenta de comisiones GASTO 5302-06-201-0570-00-04-176-10039-15
2017-09-30 14:24:44,147 [9] DEBUG  - Cuenta de comisiones GASTO 5302-06-201-0570-00-04-176-10039-04
2017-09-30 14:25:06,571 [9] DEBUG  - Cuenta de comisiones GASTO 5302-06-201-0570-00-04-176-10039-02
2017-09-30 14:25:26,758 [9] DEBUG  - Cuenta de comisiones GASTO 5302-06-201-0570-00-04-176-10039-13
2017-09-30 14:25:28,336 [9] DEBUG  - Cuenta de comisiones GASTO 5302-06-201-0570-00-04-176-10039-09
2017-09-30 14:25:29,899 [9] DEBUG  - Cuenta de comisiones GASTO 5302-06-201-0570-00-04-176-10039-12
2017-09-30 14:25:31,477 [9] DEBUG  - Cuenta de comisiones GASTO 5302-06-201-0570-00-04-176-10039-12
2017-09-30 14:25:33,040 [9] DEBUG  - Cuenta de comisiones GASTO 5302-06-201-0570-00-04-176-10039-49
2017-09-30 14:25:34,618 [9] DEBUG  - Cuenta de comisiones GASTO 5302-06-201-0270-00-04-176-10039-65
2017-09-30 14:25:36,181 [9] DEBUG  - Cuenta de comisiones GASTO 5302-06-201-0270-00-04-176-10039-24
2017-09-30 14:25:37,774 [9] DEBUG  - Cuenta de comisiones GASTO 5302-06-201-0270-00-04-176-10039-15
2017-09-30 14:25:39,353 [9] DEBUG  - Cuenta de comisiones GASTO 5302-06-201-0270-00-04-176-10039-04
2017-09-30 14:25:40,931 [9] DEBUG  - Cuenta de comisiones GASTO 5302-06-201-0270-00-04-176-10039-02
2017-09-30 14:25:42,494 [9] DEBUG  - Cuenta de comisiones GASTO 5302-06-201-0270-00-04-176-10039-13
2017-09-30 14:25:44,056 [9] DEBUG  - Cuenta de comisiones GASTO 5302-06-201-0270-00-04-176-10039-09
2017-09-30 14:25:45,635 [9] DEBUG  - Cuenta de comisiones GASTO 5302-06-201-0270-00-04-176-10039-12
2017-09-30 14:25:47,197 [9] DEBUG  - Cuenta de comisiones GASTO 5302-06-201-0270-00-04-176-10039-12
2017-09-30 14:25:48,776 [9] DEBUG  - Cuenta de comisiones GASTO 5302-06-201-0270-00-04-176-10039-49
2017-09-30 14:25:50,338 [9] DEBUG  - Cuenta de comisiones GASTO 5302-06-201-0370-00-04-176-10039-65
2017-09-30 14:25:51,916 [9] DEBUG  - Cuenta de comisiones GASTO 5302-06-201-0370-00-04-176-10039-15
2017-09-30 14:25:53,479 [9] DEBUG  - Cuenta de comisiones GASTO 5302-06-201-0370-00-04-176-10039-04
2017-09-30 14:25:55,042 [9] DEBUG  - Cuenta de comisiones GASTO 5302-06-201-0370-00-04-176-10039-02
2017-09-30 14:25:56,620 [9] DEBUG  - Cuenta de comisiones GASTO 5302-06-201-0370-00-04-176-10039-13
2017-09-30 14:25:58,198 [9] DEBUG  - Cuenta de comisiones GASTO 5302-06-201-0370-00-04-176-10039-09
2017-09-30 14:26:00,089 [9] DEBUG  - Cuenta de comisiones GASTO 5302-06-201-0370-00-04-176-10039-12
2017-09-30 14:26:01,652 [9] DEBUG  - Cuenta de comisiones GASTO 5302-06-201-0370-00-04-176-10039-66
2017-09-30 14:26:03,230 [9] DEBUG  - Cuenta de comisiones GASTO 5302-06-201-0370-00-04-176-10039-65
2017-09-30 14:26:04,793 [9] DEBUG  - Cuenta de comisiones GASTO 5302-06-201-0370-00-04-176-10039-15
2017-09-30 14:26:06,371 [9] DEBUG  - Cuenta de comisiones GASTO 5302-06-201-0370-00-04-176-10039-04
2017-09-30 14:26:07,933 [9] DEBUG  - Cuenta de comisiones GASTO 5302-06-201-0370-00-04-176-10039-02
2017-09-30 14:26:09,512 [9] DEBUG  - Cuenta de comisiones GASTO 5302-06-201-0370-00-04-176-10039-13
2017-09-30 14:26:11,074 [9] DEBUG  - Cuenta de comisiones GASTO 5302-06-201-0370-00-04-176-10039-09
2017-09-30 14:26:12,637 [9] DEBUG  - Cuenta de comisiones GASTO 5302-06-201-0370-00-04-176-10039-12
2017-09-30 14:26:14,215 [9] DEBUG  - Cuenta de comisiones GASTO 5302-06-201-0370-00-04-176-10039-66
2017-09-30 14:26:15,778 [9] DEBUG  - Cuenta de comisiones GASTO 5302-06-201-0370-00-04-176-10039-65
2017-09-30 14:26:17,340 [9] DEBUG  - Cuenta de comisiones GASTO 5302-06-201-0370-00-04-176-10039-24
2017-09-30 14:26:18,919 [9] DEBUG  - Cuenta de comisiones GASTO 5302-06-201-0370-00-04-176-10039-15
2017-09-30 14:26:20,481 [9] DEBUG  - Cuenta de comisiones GASTO 5302-06-201-0370-00-04-176-10039-04
2017-09-30 14:26:22,372 [9] DEBUG  - Cuenta de comisiones GASTO 5302-06-201-0370-00-04-176-10039-02
2017-09-30 14:26:23,935 [9] DEBUG  - Cuenta de comisiones GASTO 5302-06-201-0370-00-04-176-10039-13
2017-09-30 14:26:25,498 [9] DEBUG  - Cuenta de comisiones GASTO 5302-06-201-0370-00-04-176-10039-09
2017-09-30 14:26:27,076 [9] DEBUG  - Cuenta de comisiones GASTO 5302-06-201-0370-00-04-176-10039-12
2017-09-30 14:26:28,638 [9] DEBUG  - Cuenta de comisiones GASTO 5302-06-201-0370-00-04-176-10039-49
2017-09-30 14:26:30,217 [9] DEBUG  - Cuenta de comisiones GASTO 5302-06-201-0470-00-04-176-10039-65
2017-09-30 14:26:31,779 [9] DEBUG  - Cuenta de comisiones GASTO 5302-06-201-0470-00-04-176-10039-24
2017-09-30 14:26:33,358 [9] DEBUG  - Cuenta de comisiones GASTO 5302-06-201-0470-00-04-176-10039-15
2017-09-30 14:26:34,920 [9] DEBUG  - Cuenta de comisiones GASTO 5302-06-201-0470-00-04-176-10039-04
2017-09-30 14:26:36,498 [9] DEBUG  - Cuenta de comisiones GASTO 5302-06-201-0470-00-04-176-10039-02
2017-09-30 14:26:38,077 [9] DEBUG  - Cuenta de comisiones GASTO 5302-06-201-0470-00-04-176-10039-13
2017-09-30 14:26:39,639 [9] DEBUG  - Cuenta de comisiones GASTO 5302-06-201-0470-00-04-176-10039-09
2017-09-30 14:26:41,218 [9] DEBUG  - Cuenta de comisiones GASTO 5302-06-201-0470-00-04-176-10039-12
2017-09-30 14:26:42,811 [9] DEBUG  - Cuenta de comisiones GASTO 5302-06-201-0470-00-04-176-10039-12
2017-09-30 14:26:44,390 [9] DEBUG  - Cuenta de comisiones GASTO 5302-06-201-0470-00-04-176-10039-49
2017-09-30 14:26:45,984 [9] DEBUG  - Cuenta de comisiones GASTO 5302-06-201-0570-00-04-176-10039-65
2017-09-30 14:26:47,562 [9] DEBUG  - Cuenta de comisiones GASTO 5302-06-201-0570-00-04-176-10039-15
2017-09-30 14:26:49,125 [9] DEBUG  - Cuenta de comisiones GASTO 5302-06-201-0570-00-04-176-10039-04
2017-09-30 14:26:50,687 [9] DEBUG  - Cuenta de comisiones GASTO 5302-06-201-0570-00-04-176-10039-02
2017-09-30 14:26:52,265 [9] DEBUG  - Cuenta de comisiones GASTO 5302-06-201-0570-00-04-176-10039-13
2017-09-30 14:26:53,844 [9] DEBUG  - Cuenta de comisiones GASTO 5302-06-201-0570-00-04-176-10039-09
2017-09-30 14:26:55,406 [9] DEBUG  - Cuenta de comisiones GASTO 5302-06-201-0570-00-04-176-10039-12
2017-09-30 14:26:56,969 [9] DEBUG  - Cuenta de comisiones GASTO 5302-06-201-0570-00-04-176-10039-12
2017-09-30 14:26:58,547 [9] DEBUG  - Cuenta de comisiones GASTO 5302-06-201-0570-00-04-176-10039-49
2017-09-30 14:27:00,110 [9] DEBUG  - Cuenta de comisiones GASTO 5302-06-201-0570-00-04-176-10039-65
2017-09-30 14:27:01,688 [9] DEBUG  - Cuenta de comisiones GASTO 5302-06-201-0570-00-04-176-10039-24
2017-09-30 14:27:03,829 [9] DEBUG  - Cuenta de comisiones GASTO 5302-06-201-0570-00-04-176-10039-15
2017-09-30 14:27:05,392 [9] DEBUG  - Cuenta de comisiones GASTO 5302-06-201-0570-00-04-176-10039-04
2017-09-30 14:27:06,970 [9] DEBUG  - Cuenta de comisiones GASTO 5302-06-201-0570-00-04-176-10039-02
2017-09-30 14:27:08,532 [9] DEBUG  - Cuenta de comisiones GASTO 5302-06-201-0570-00-04-176-10039-13
2017-09-30 14:27:10,111 [9] DEBUG  - Cuenta de comisiones GASTO 5302-06-201-0570-00-04-176-10039-09
2017-09-30 14:27:11,673 [9] DEBUG  - Cuenta de comisiones GASTO 5302-06-201-0570-00-04-176-10039-12
2017-09-30 14:27:13,252 [9] DEBUG  - Cuenta de comisiones GASTO 5302-06-201-0570-00-04-176-10039-12
2017-09-30 14:27:14,814 [9] DEBUG  - Cuenta de comisiones GASTO 5302-06-201-0570-00-04-176-10039-66
2017-09-30 14:27:16,393 [9] DEBUG  - Cuenta de comisiones GASTO 5302-06-201-0570-00-04-176-10039-49
2017-09-30 15:02:23,223 [9] DEBUG  - Total de Transacciones: 1
2017-09-30 15:02:37,372 [9] DEBUG  - Contruyendo encabezado
2017-09-30 15:02:37,700 [9] DEBUG  - Creacion de numero de batch SF309201715
2017-09-30 15:02:40,054 [9] DEBUG  - Se obtiene el cliente de GP 1-05-433659
2017-09-30 15:02:49,675 [9] WARN  - No se ha encontrado el ITEMNMBR adecuado
2017-09-30 15:02:50,269 [9] WARN  - No se ha encontrado el ITEMNMBR adecuado
2017-09-30 15:02:51,112 [9] WARN  - No se ha encontrado el ITEMNMBR adecuado
2017-09-30 15:02:51,831 [9] WARN  - No se ha encontrado el ITEMNMBR adecuado
2017-09-30 15:02:52,441 [9] WARN  - No se ha encontrado el ITEMNMBR adecuado
2017-09-30 15:02:53,160 [9] WARN  - No se ha encontrado el ITEMNMBR adecuado
2017-09-30 15:02:53,878 [9] WARN  - No se ha encontrado el ITEMNMBR adecuado
2017-09-30 15:02:54,363 [9] WARN  - No se ha encontrado el ITEMNMBR adecuado
2017-09-30 15:02:55,081 [9] WARN  - No se ha encontrado el ITEMNMBR adecuado
2017-09-30 15:02:55,910 [9] WARN  - No se ha encontrado el ITEMNMBR adecuado
2017-09-30 15:02:56,524 [9] WARN  - No se ha encontrado el ITEMNMBR adecuado
2017-09-30 15:02:57,118 [9] WARN  - No se ha encontrado el ITEMNMBR adecuado
